0 0
1 8.15323e-005
2 0.000262814
3 0.000531834
4 0.000876833
5 0.00130619
6 0.00181817
7 0.00240111
8 0.00305354
9 0.00377404
10 0.00456119
11 0.00541363
12 0.00632999
13 0.00729902
14 0.00831963
15 0.00939075
16 0.0105113
17 0.0116804
18 0.0128968
19 0.0141498
20 0.0154485
21 0.0167821
22 0.0181596
23 0.0195704
24 0.0210137
25 0.0224888
26 0.0239951
27 0.0255319
28 0.0270986
29 0.0286847
30 0.0302996
31 0.0319428
32 0.0336038
33 0.0352822
34 0.0369876
35 0.0387094
36 0.0404573
37 0.0422208
38 0.0439996
39 0.0457934
40 0.0476017
41 0.0494245
42 0.0512613
43 0.0531118
44 0.0549758
45 0.0568531
46 0.0587432
47 0.060646
48 0.0625612
49 0.0644885
50 0.0664178
51 0.068359
52 0.0703117
53 0.0722658
54 0.0742313
55 0.0762079
56 0.0781954
57 0.0801836
58 0.0821824
59 0.0841816
60 0.0861913
61 0.0882112
62 0.090231
63 0.092251
64 0.0942809
65 0.0963205
66 0.0983598
67 0.100409
68 0.102457
69 0.104515
70 0.106572
71 0.108628
72 0.110693
73 0.112758
74 0.114831
75 0.116904
76 0.118985
77 0.121065
78 0.123154
79 0.125242
80 0.127328
81 0.129413
82 0.131506
83 0.133598
84 0.135689
85 0.137788
86 0.139885
87 0.141981
88 0.144085
89 0.146188
90 0.148299
91 0.150407
92 0.152515
93 0.15463
94 0.156743
95 0.158855
96 0.160974
97 0.163092
98 0.165208
99 0.167321
100 0.169443
101 0.171562
102 0.17368
103 0.175805
104 0.177929
105 0.18005
106 0.182169
107 0.184296
108 0.186421
109 0.188544
110 0.190675
111 0.192803
112 0.194929
113 0.197053
114 0.199185
115 0.201315
116 0.203452
117 0.205587
118 0.20772
119 0.20985
120 0.211988
121 0.214123
122 0.216267
123 0.218407
124 0.220545
125 0.222681
126 0.224814
127 0.226955
128 0.229094
129 0.23123
130 0.233364
131 0.235505
132 0.237644
133 0.239781
134 0.241925
135 0.244066
136 0.246205
137 0.248342
138 0.250486
139 0.252628
140 0.254767
141 0.256914
142 0.259058
143 0.261199
144 0.263338
145 0.265475
146 0.267619
147 0.269761
148 0.2719
149 0.274047
150 0.276191
151 0.278332
152 0.280471
153 0.282618
154 0.284762
155 0.286904
156 0.289053
157 0.291199
158 0.293353
159 0.295504
160 0.297652
161 0.299798
162 0.301941
163 0.304091
164 0.306239
165 0.308384
166 0.310527
167 0.312677
168 0.314825
169 0.316969
170 0.319112
171 0.321262
172 0.323409
173 0.325553
174 0.327705
175 0.329854
176 0.332001
177 0.334145
178 0.336296
179 0.338445
180 0.340591
181 0.342745
182 0.344896
183 0.347044
184 0.349199
185 0.351352
186 0.353502
187 0.355649
188 0.357803
189 0.359955
190 0.362105
191 0.364251
192 0.366395
193 0.368546
194 0.370695
195 0.372841
196 0.374995
197 0.377145
198 0.379293
199 0.381449
200 0.383601
201 0.385751
202 0.387898
203 0.390053
204 0.392205
205 0.394354
206 0.39651
207 0.398664
208 0.400815
209 0.402963
210 0.405119
211 0.407272
212 0.409422
213 0.411569
214 0.413724
215 0.415876
216 0.418025
217 0.420172
218 0.422326
219 0.424477
220 0.426636
221 0.428792
222 0.430945
223 0.433095
224 0.435243
225 0.437397
226 0.43955
227 0.441699
228 0.443856
229 0.44601
230 0.448161
231 0.45032
232 0.452475
233 0.454628
234 0.456778
235 0.458936
236 0.461091
237 0.463242
238 0.465402
239 0.467558
240 0.469711
241 0.471862
242 0.47402
243 0.476176
244 0.478328
245 0.480488
246 0.482645
247 0.484799
248 0.48695
249 0.489109
250 0.491264
251 0.493417
252 0.495568
253 0.497725
254 0.49988
255 0.502032
256 0.504191
257 0.506348
258 0.508501
259 0.510652
260 0.51281
261 0.514966
262 0.517118
263 0.519278
264 0.521435
265 0.523589
266 0.52574
267 0.527899
268 0.530055
269 0.532208
270 0.534358
271 0.536506
272 0.538661
273 0.540813
274 0.542963
275 0.54512
276 0.547274
277 0.549425
278 0.551584
279 0.553739
280 0.555892
281 0.558052
282 0.56021
283 0.562364
284 0.564526
285 0.566685
286 0.568841
287 0.570994
288 0.573154
289 0.575312
290 0.577467
291 0.579619
292 0.581778
293 0.583934
294 0.586088
295 0.588249
296 0.590407
297 0.592562
298 0.594714
299 0.596874
300 0.599031
301 0.601185
302 0.603336
303 0.605494
304 0.60765
305 0.609803
306 0.611953
307 0.61411
308 0.616265
309 0.618417
310 0.620576
311 0.622732
312 0.624886
313 0.627047
314 0.629205
315 0.63136
316 0.633512
317 0.635671
318 0.637828
319 0.639982
320 0.642143
321 0.644301
322 0.646457
323 0.648619
324 0.650779
325 0.652936
326 0.6551
327 0.657261
328 0.659419
329 0.661574
330 0.663726
331 0.665886
332 0.668043
333 0.670197
334 0.672359
335 0.674517
336 0.676673
337 0.678825
338 0.680985
339 0.683143
340 0.685297
341 0.687449
342 0.689608
343 0.691764
344 0.693917
345 0.696077
346 0.698235
347 0.70039
348 0.702552
349 0.704711
350 0.706867
351 0.709031
352 0.711191
353 0.713349
354 0.715504
355 0.717656
356 0.719805
357 0.721962
358 0.724115
359 0.726267
360 0.728425
361 0.730581
362 0.732743
363 0.734903
364 0.73706
365 0.739214
366 0.741376
367 0.743534
368 0.74569
369 0.747853
370 0.750012
371 0.75217
372 0.754324
373 0.756475
374 0.758634
375 0.76079
376 0.762953
377 0.765113
378 0.767271
379 0.769425
380 0.771587
381 0.773745
382 0.775901
383 0.778055
384 0.780215
385 0.782373
386 0.784527
387 0.786689
388 0.788848
389 0.791004
390 0.793158
391 0.795318
392 0.797476
393 0.799631
394 0.801783
395 0.803943
396 0.806099
397 0.808263
398 0.810424
399 0.812581
400 0.814737
401 0.816899
402 0.819058
403 0.821215
404 0.823368
405 0.825529
406 0.827687
407 0.829843
408 0.832005
409 0.834165
410 0.836321
411 0.838475
412 0.840636
413 0.842794
414 0.84495
415 0.847102
416 0.849262
417 0.851419
418 0.853573
419 0.855735
420 0.857893
421 0.860049
422 0.862202
423 0.864362
424 0.866519
425 0.868673
426 0.870835
427 0.872994
428 0.87515
429 0.877303
430 0.879463
431 0.881621
432 0.883775
433 0.885937
434 0.888096
435 0.890252
436 0.892416
437 0.894576
438 0.896733
439 0.898888
440 0.90105
441 0.903209
442 0.905365
443 0.907528
444 0.909689
445 0.911846
446 0.914001
447 0.916163
448 0.918322
449 0.920478
450 0.922631
451 0.924792
452 0.92695
453 0.929104
454 0.931267
455 0.933426
456 0.935582
457 0.937746
458 0.939906
459 0.942064
460 0.944219
461 0.946381
462 0.94854
463 0.950696
464 0.95286
465 0.95502
466 0.957178
467 0.959333
468 0.961495
469 0.963654
470 0.96581
471 0.967974
472 0.970134
473 0.972292
474 0.974447
475 0.976609
476 0.978768
477 0.980924
478 0.983077
479 0.985238
480 0.987396
481 0.989551
482 0.991713
483 0.993873
484 0.996029
485 0.998183
486 1.00034
487 1.0025
488 1.00466
489 1.00682
490 1.00898
491 1.01114
492 1.01329
493 1.01545
494 1.01761
495 1.01976
496 1.02193
497 1.02409
498 1.02624
499 1.0284
500 1.03055
501 1.03271
502 1.03486
503 1.03702
504 1.03918
505 1.04134
506 1.0435
507 1.04566
508 1.04782
509 1.04998
510 1.05214
511 1.0543
512 1.05646
513 1.05861
514 1.06078
515 1.06293
516 1.06509
517 1.06724
518 1.0694
519 1.07156
520 1.07371
521 1.07588
522 1.07803
523 1.08019
524 1.08235
525 1.08451
526 1.08667
527 1.08882
528 1.09099
529 1.09315
530 1.0953
531 1.09746
532 1.09962
533 1.10178
534 1.10394
535 1.10609
536 1.10825
537 1.1104
538 1.11256
539 1.11472
540 1.11687
541 1.11903
542 1.12119
543 1.12335
544 1.12551
545 1.12766
546 1.12982
547 1.13198
548 1.13413
549 1.13629
550 1.13845
551 1.1406
552 1.14276
553 1.14492
554 1.14708
555 1.14924
556 1.1514
557 1.15356
558 1.15572
559 1.15788
560 1.16004
561 1.1622
562 1.16436
563 1.16652
564 1.16868
565 1.17084
566 1.17299
567 1.17515
568 1.17731
569 1.17946
570 1.18162
571 1.18378
572 1.18593
573 1.18809
574 1.19025
575 1.19241
576 1.19456
577 1.19672
578 1.19888
579 1.20104
580 1.20321
581 1.20537
582 1.20753
583 1.20968
584 1.21184
585 1.214
586 1.21616
587 1.21831
588 1.22048
589 1.22263
590 1.22479
591 1.22695
592 1.22911
593 1.23127
594 1.23343
595 1.23559
596 1.23775
597 1.23992
598 1.24208
599 1.24424
600 1.2464
601 1.24855
602 1.25071
603 1.25287
604 1.25502
605 1.25719
606 1.25935
607 1.2615
608 1.26366
609 1.26582
610 1.26798
611 1.27013
612 1.27229
613 1.27445
614 1.2766
615 1.27876
616 1.28092
617 1.28308
618 1.28524
619 1.28741
620 1.28956
621 1.29172
622 1.29388
623 1.29603
624 1.29819
625 1.30034
626 1.30249
627 1.30466
628 1.30681
629 1.30897
630 1.31113
631 1.31329
632 1.31544
633 1.3176
634 1.31976
635 1.32192
636 1.32407
637 1.32623
638 1.32839
639 1.33055
640 1.33271
641 1.33487
642 1.33703
643 1.33918
644 1.34135
645 1.34351
646 1.34566
647 1.34782
648 1.34999
649 1.35214
650 1.3543
651 1.35646
652 1.35862
653 1.36077
654 1.36294
655 1.3651
656 1.36726
657 1.36941
658 1.37157
659 1.37373
660 1.37589
661 1.37804
662 1.3802
663 1.38236
664 1.38452
665 1.38668
666 1.38884
667 1.39099
668 1.39316
669 1.39532
670 1.39748
671 1.39963
672 1.40179
673 1.40395
674 1.40611
675 1.40827
676 1.41043
677 1.41259
678 1.41474
679 1.41691
680 1.41907
681 1.42122
682 1.42338
683 1.42554
684 1.42769
685 1.42985
686 1.43201
687 1.43417
688 1.43633
689 1.43848
690 1.44064
691 1.4428
692 1.44496
693 1.44712
694 1.44928
695 1.45143
696 1.4536
697 1.45576
698 1.45792
699 1.46008
700 1.46224
701 1.4644
702 1.46656
703 1.46871
704 1.47087
705 1.47303
706 1.47519
707 1.47734
708 1.4795
709 1.48166
710 1.48381
711 1.48597
712 1.48813
713 1.49028
714 1.49245
715 1.49461
716 1.49676
717 1.49893
718 1.50109
719 1.50325
720 1.5054
721 1.50756
722 1.50971
723 1.51187
724 1.51403
725 1.51619
726 1.51835
727 1.5205
728 1.52266
729 1.52482
730 1.52698
731 1.52914
732 1.5313
733 1.53346
734 1.53561
735 1.53776
736 1.53992
737 1.54208
738 1.54424
739 1.5464
740 1.54856
741 1.55071
742 1.55287
743 1.55503
744 1.55718
745 1.55934
746 1.5615
747 1.56366
748 1.56582
749 1.56798
750 1.57014
751 1.5723
752 1.57445
753 1.57661
754 1.57877
755 1.58093
756 1.58309
757 1.58525
758 1.58741
759 1.58957
760 1.59174
761 1.5939
762 1.59605
763 1.59821
764 1.60037
765 1.60253
766 1.6047
767 1.60686
768 1.60902
769 1.61117
770 1.61334
771 1.6155
772 1.61765
773 1.61981
774 1.62197
775 1.62413
776 1.62628
777 1.62845
778 1.63061
779 1.63276
780 1.63493
781 1.63709
782 1.63925
783 1.6414
784 1.64356
785 1.64571
786 1.64786
787 1.65002
788 1.65218
789 1.65434
790 1.6565
791 1.65865
792 1.6608
793 1.66296
794 1.66511
795 1.66727
796 1.66942
797 1.67158
798 1.67375
799 1.67591
800 1.67806
801 1.68022
802 1.68238
803 1.68454
804 1.6867
805 1.68885
806 1.69101
807 1.69317
808 1.69533
809 1.69748
810 1.69964
811 1.7018
812 1.70396
813 1.70612
814 1.70828
815 1.71045
816 1.71261
817 1.71477
818 1.71692
819 1.71909
820 1.72125
821 1.72341
822 1.72556
823 1.72772
824 1.72988
825 1.73204
826 1.73419
827 1.73635
828 1.73851
829 1.74067
830 1.74282
831 1.74498
832 1.74714
833 1.74929
834 1.75145
835 1.75361
836 1.75577
837 1.75792
838 1.76008
839 1.76224
840 1.76439
841 1.76655
842 1.76871
843 1.77087
844 1.77303
845 1.77519
846 1.77735
847 1.7795
848 1.78166
849 1.78382
850 1.78598
851 1.78814
852 1.7903
853 1.79246
854 1.79461
855 1.79678
856 1.79893
857 1.80109
858 1.80325
859 1.80541
860 1.80757
861 1.80973
862 1.81189
863 1.81405
864 1.81621
865 1.81837
866 1.82053
867 1.82269
868 1.82485
869 1.82701
870 1.82917
871 1.83132
872 1.83349
873 1.83565
874 1.8378
875 1.83996
876 1.84212
877 1.84428
878 1.84644
879 1.84861
880 1.85077
881 1.85292
882 1.85508
883 1.85724
884 1.8594
885 1.86155
886 1.86371
887 1.86587
888 1.86802
889 1.87018
890 1.87233
891 1.87449
892 1.87665
893 1.8788
894 1.88096
895 1.88312
896 1.88527
897 1.88743
898 1.88959
899 1.89175
900 1.89391
901 1.89607
902 1.89823
903 1.90039
904 1.90255
905 1.90471
906 1.90686
907 1.90903
908 1.91119
909 1.91335
910 1.9155
911 1.91766
912 1.91982
913 1.92198
914 1.92413
915 1.92629
916 1.92845
917 1.93062
918 1.93278
919 1.93494
920 1.93709
921 1.93926
922 1.94142
923 1.94357
924 1.94573
925 1.94789
926 1.95005
927 1.95221
928 1.95437
929 1.95653
930 1.95869
931 1.96085
932 1.96301
933 1.96517
934 1.96733
935 1.96948
936 1.97164
937 1.9738
938 1.97597
939 1.97813
940 1.98029
941 1.98244
942 1.98461
943 1.98677
944 1.98892
945 1.99108
946 1.99323
947 1.99539
948 1.99755
949 1.9997
950 2.00186
951 2.00402
952 2.00617
953 2.00832
954 2.01048
955 2.01264
956 2.01479
957 2.01696
958 2.01911
959 2.02127
960 2.02342
961 2.02558
962 2.02774
963 2.0299
964 2.03206
965 2.03422
966 2.03639
967 2.03855
968 2.04071
969 2.04287
970 2.04502
971 2.04718
972 2.04934
973 2.05149
974 2.05365
975 2.05581
976 2.05796
977 2.06012
978 2.06228
979 2.06444
980 2.06659
981 2.06875
982 2.07091
983 2.07306
984 2.07522
985 2.07738
986 2.07954
987 2.0817
988 2.08385
989 2.08601
990 2.08817
991 2.09032
992 2.09248
993 2.09464
994 2.0968
995 2.09896
996 2.10112
997 2.10329
998 2.10545
999 2.10761
1000 2.10977
