0 0 0 0 0 0 0 0 0 0 0 0 0
1 0 0 0 0.000208045 4.93512e-007 -8.65645e-007 0 0 0 0.000161644 -4.63396e-005 -6.18016e-007
2 0 0 0 0.000556031 1.43775e-006 -2.17834e-006 0 0 0 0.000463753 -9.20784e-005 -1.68588e-006
3 0 0 0 0.00102711 2.77844e-006 -3.88426e-006 0 0 0 0.000889416 -0.000137289 -3.14944e-006
4 0 0 0 0.00160478 4.46245e-006 -5.93069e-006 0 0 0 0.00142207 -0.000182042 -4.95565e-006
5 0 0 0 0.0023008 6.52765e-006 -8.3552e-006 0 0 0 0.00207352 -0.000226287 -7.1423e-006
6 0 0 0 0.00311273 8.96615e-006 -1.115e-005 0 0 0 0.00284131 -0.000270034 -9.70154e-006
7 0 0 0 0.00402421 1.17253e-005 -1.42628e-005 0 0 0 0.00370903 -0.000313354 -1.25808e-005
8 0 0 0 0.00503319 1.47985e-005 -1.76871e-005 0 0 0 0.00467461 -0.000356256 -1.57735e-005
9 0 0 0 0.00613765 1.81792e-005 -2.14164e-005 0 0 0 0.00573604 -0.000398747 -1.92731e-005
10 0 0 0 0.00733563 2.18611e-005 -2.54445e-005 0 0 0 0.00689134 -0.000440838 -2.30734e-005
11 0 0 0 0.0086252 2.5838e-005 -2.97651e-005 0 0 0 0.00813856 -0.000482535 -2.7168e-005
12 0 0 0 0.0100045 3.01038e-005 -3.43723e-005 0 0 0 0.00947581 -0.000523847 -3.1551e-005
13 0 0 0 0.0114576 3.46076e-005 -3.92154e-005 0 0 0 0.0108872 -0.000564842 -3.61715e-005
14 0 0 0 0.0129831 3.93444e-005 -4.42898e-005 0 0 0 0.0123713 -0.000605526 -4.10246e-005
15 0 0 0 0.0145795 4.43094e-005 -4.95905e-005 0 0 0 0.0139264 -0.000645906 -4.61055e-005
16 0 0 0 0.0162452 4.9498e-005 -5.51129e-005 0 0 0 0.0155513 -0.000685989 -5.14094e-005
17 0 0 0 0.0179789 5.49054e-005 -6.08524e-005 0 0 0 0.0172443 -0.000725779 -5.69319e-005
18 0 0 0 0.0197792 6.05273e-005 -6.68046e-005 0 0 0 0.0190042 -0.000765284 -6.26683e-005
19 0 0 0 0.0216308 6.63142e-005 -7.29204e-005 0 0 0 0.0208155 -0.000804569 -6.85694e-005
20 0 0 0 0.0235464 7.23076e-005 -7.92411e-005 0 0 0 0.0226911 -0.000843578 -7.46767e-005
21 0 0 0 0.0255109 7.84583e-005 -8.57179e-005 0 0 0 0.0246158 -0.000882378 -8.0941e-005
22 0 0 0 0.0275372 8.48081e-005 -9.23921e-005 0 0 0 0.0266025 -0.000920913 -8.74039e-005
23 0 0 0 0.0296101 9.13079e-005 -9.9215e-005 0 0 0 0.028636 -0.000959248 -9.40166e-005
24 0 0 0 0.0317286 9.79546e-005 -0.000106184 0 0 0 0.0307152 -0.000997387 -0.000100776
25 0 0 0 0.0338917 0.000104745 -0.000113295 0 0 0 0.0328393 -0.00103533 -0.000107679
26 0 0 0 0.0360986 0.000111676 -0.000120546 0 0 0 0.0350073 -0.00107309 -0.000114722
27 0 0 0 0.0383483 0.000118746 -0.000127934 0 0 0 0.0372182 -0.00111067 -0.000121903
28 0 0 0 0.0406399 0.00012595 -0.000135456 0 0 0 0.0394713 -0.00114806 -0.000129219
29 0 0 0 0.0429587 0.000133242 -0.000143064 0 0 0 0.0417516 -0.00118534 -0.000136622
30 0 0 0 0.045318 0.000140664 -0.000150802 0 0 0 0.0440726 -0.00122245 -0.000144156
31 0 0 0 0.047717 0.000148215 -0.000158667 0 0 0 0.0464334 -0.00125938 -0.000151817
32 0 0 0 0.0501409 0.000155845 -0.000166611 0 0 0 0.0488192 -0.00129621 -0.000159558
33 0 0 0 0.0525892 0.000163554 -0.000174634 0 0 0 0.0512295 -0.00133294 -0.000167377
34 0 0 0 0.0550754 0.000171385 -0.000182777 0 0 0 0.0536778 -0.0013695 -0.000175319
35 0 0 0 0.0575847 0.00017929 -0.000190994 0 0 0 0.0561493 -0.00140596 -0.000183334
36 0 0 0 0.0601305 0.000187314 -0.000199328 0 0 0 0.0586576 -0.00144226 -0.000191467
37 0 0 0 0.0626983 0.000195407 -0.000207732 0 0 0 0.0611878 -0.00147847 -0.000199671
38 0 0 0 0.0652874 0.00020357 -0.000216204 0 0 0 0.0637394 -0.00151459 -0.000207943
39 0 0 0 0.0678976 0.0002118 -0.000224743 0 0 0 0.0663122 -0.00155062 -0.000216283
40 0 0 0 0.0705283 0.000220097 -0.000233348 0 0 0 0.0689056 -0.00158656 -0.000224689
41 0 0 0 0.0731791 0.000228458 -0.000242018 0 0 0 0.0715192 -0.00162241 -0.000233159
42 0 0 0 0.0758496 0.000236883 -0.00025075 0 0 0 0.0741526 -0.00165818 -0.000241693
43 0 0 0 0.0785395 0.00024537 -0.000259544 0 0 0 0.0768053 -0.00169387 -0.000250289
44 0 0 0 0.0812482 0.000253918 -0.000268398 0 0 0 0.079477 -0.00172947 -0.000258946
45 0 0 0 0.0839755 0.000262525 -0.000277311 0 0 0 0.0821674 -0.001765 -0.000267662
46 0 0 0 0.0867209 0.000271191 -0.000286283 0 0 0 0.0848759 -0.00180045 -0.000276437
47 0 0 0 0.0894841 0.000279914 -0.000295311 0 0 0 0.0876022 -0.00183582 -0.000285268
48 0 0 0 0.0922646 0.000288693 -0.000304395 0 0 0 0.090346 -0.00187112 -0.000294156
49 0 0 0 0.0950622 0.000297527 -0.000313533 0 0 0 0.0931069 -0.00190634 -0.000303098
50 0 0 0 0.0978625 0.00030637 -0.000322679 0 0 0 0.0958705 -0.00194155 -0.000312049
51 0 0 0 0.100679 0.000315266 -0.000331879 0 0 0 0.0986509 -0.00197669 -0.000321054
52 0 0 0 0.103513 0.000324215 -0.000341131 0 0 0 0.101448 -0.00201176 -0.00033011
53 0 0 0 0.106348 0.00033317 -0.000350389 0 0 0 0.104246 -0.00204683 -0.000339174
54 0 0 0 0.109199 0.000342176 -0.000359699 0 0 0 0.107061 -0.00208182 -0.000348288
55 0 0 0 0.112066 0.000351233 -0.000369057 0 0 0 0.109891 -0.00211675 -0.000357452
56 0 0 0 0.114948 0.000360338 -0.000378465 0 0 0 0.112737 -0.00215161 -0.000366666
57 0 0 0 0.11783 0.000369447 -0.000387876 0 0 0 0.115583 -0.00218647 -0.000375882
58 0 0 0 0.120728 0.000378604 -0.000397334 0 0 0 0.118445 -0.00222126 -0.000385147
59 0 0 0 0.123627 0.000387763 -0.000406794 0 0 0 0.121307 -0.00225605 -0.000394414
60 0 0 0 0.12654 0.000396969 -0.000416301 0 0 0 0.124184 -0.00229078 -0.000403727
61 0 0 0 0.129467 0.000406221 -0.000425854 0 0 0 0.127075 -0.00232545 -0.000413087
62 0 0 0 0.132395 0.000415473 -0.000435407 0 0 0 0.129966 -0.00236011 -0.000422446
63 0 0 0 0.135322 0.000424725 -0.00044496 0 0 0 0.132857 -0.00239478 -0.000431806
64 0 0 0 0.138264 0.000434023 -0.000454558 0 0 0 0.135763 -0.00242939 -0.000441211
65 0 0 0 0.141219 0.000443364 -0.000464199 0 0 0 0.138682 -0.00246393 -0.00045066
66 0 0 0 0.144173 0.000452704 -0.000473839 0 0 0 0.1416 -0.00249848 -0.000460107
67 0 0 0 0.147141 0.000462087 -0.000483522 0 0 0 0.144532 -0.00253298 -0.000469598
68 0 0 0 0.150109 0.000471468 -0.000493202 0 0 0 0.147464 -0.00256747 -0.000479085
69 0 0 0 0.153089 0.000480891 -0.000502924 0 0 0 0.150408 -0.00260191 -0.000488616
70 0 0 0 0.156069 0.00049031 -0.000512643 0 0 0 0.153351 -0.00263635 -0.000498142
71 0 0 0 0.159047 0.000499726 -0.000522359 0 0 0 0.156294 -0.0026708 -0.000507666
72 0 0 0 0.162038 0.000509184 -0.000532116 0 0 0 0.159249 -0.00270519 -0.000517231
73 0 0 0 0.165028 0.000518638 -0.000541869 0 0 0 0.162203 -0.00273959 -0.000526792
74 0 0 0 0.168031 0.000528133 -0.000551662 0 0 0 0.16517 -0.00277393 -0.000536394
75 0 0 0 0.171032 0.000537623 -0.000561451 0 0 0 0.168135 -0.00280828 -0.000545991
76 0 0 0 0.174046 0.000547153 -0.00057128 0 0 0 0.171113 -0.00284258 -0.000555628
77 0 0 0 0.177058 0.000556678 -0.000581103 0 0 0 0.174089 -0.00287688 -0.000565259
78 0 0 0 0.180082 0.000566242 -0.000590965 0 0 0 0.177078 -0.00291114 -0.00057493
79 0 0 0 0.183105 0.000575799 -0.000600821 0 0 0 0.180064 -0.00294539 -0.000584595
80 0 0 0 0.186125 0.000585351 -0.00061067 0 0 0 0.183049 -0.00297966 -0.000594253
81 0 0 0 0.189143 0.000594896 -0.000620514 0 0 0 0.186031 -0.00301394 -0.000603906
82 0 0 0 0.192174 0.000604481 -0.000630396 0 0 0 0.189026 -0.00304816 -0.000613597
83 0 0 0 0.195203 0.000614058 -0.000640272 0 0 0 0.192019 -0.00308239 -0.000623282
84 0 0 0 0.198229 0.000623629 -0.000650142 0 0 0 0.195009 -0.00311664 -0.00063296
85 0 0 0 0.201267 0.000633239 -0.000660049 0 0 0 0.198012 -0.00315083 -0.000642676
86 0 0 0 0.204304 0.000642842 -0.000669949 0 0 0 0.201012 -0.00318503 -0.000652385
87 0 0 0 0.207338 0.000652437 -0.000679843 0 0 0 0.204011 -0.00321923 -0.000662088
88 0 0 0 0.210383 0.00066207 -0.000689773 0 0 0 0.207021 -0.00325339 -0.000671828
89 0 0 0 0.213427 0.000671696 -0.000699697 0 0 0 0.210028 -0.00328756 -0.00068156
90 0 0 0 0.216482 0.000681359 -0.000709657 0 0 0 0.213047 -0.00332168 -0.00069133
91 0 0 0 0.219534 0.000691013 -0.000719609 0 0 0 0.216064 -0.00335581 -0.000701091
92 0 0 0 0.222584 0.00070066 -0.000729553 0 0 0 0.219078 -0.00338995 -0.000710844
93 0 0 0 0.225645 0.000710343 -0.000739534 0 0 0 0.222104 -0.00342404 -0.000720634
94 0 0 0 0.228704 0.000720018 -0.000749506 0 0 0 0.225127 -0.00345815 -0.000730416
95 0 0 0 0.23176 0.000729684 -0.000759469 0 0 0 0.228147 -0.00349226 -0.000740189
96 0 0 0 0.234827 0.000739386 -0.000769469 0 0 0 0.231179 -0.00352633 -0.000749998
97 0 0 0 0.237891 0.00074908 -0.000779459 0 0 0 0.234207 -0.00356041 -0.000759798
98 0 0 0 0.240953 0.000758764 -0.000789441 0 0 0 0.237233 -0.0035945 -0.000769589
99 0 0 0 0.244012 0.00076844 -0.000799414 0 0 0 0.240256 -0.0036286 -0.000779371
100 0 0 0 0.247082 0.000778152 -0.000809423 0 0 0 0.243291 -0.00366265 -0.00078919
101 0 0 0 0.250149 0.000787855 -0.000819422 0 0 0 0.246323 -0.00369672 -0.000798999
102 0 0 0 0.253214 0.000797548 -0.000829413 0 0 0 0.249351 -0.0037308 -0.0008088
103 0 0 0 0.25629 0.000807278 -0.000839439 0 0 0 0.252391 -0.00376483 -0.000818636
104 0 0 0 0.259362 0.000816997 -0.000849456 0 0 0 0.255428 -0.00379887 -0.000828462
105 0 0 0 0.262432 0.000826707 -0.000859463 0 0 0 0.258462 -0.00383293 -0.000838279
106 0 0 0 0.265499 0.000836408 -0.000869461 0 0 0 0.261493 -0.003867 -0.000848086
107 0 0 0 0.268576 0.000846145 -0.000879494 0 0 0 0.264536 -0.00390102 -0.00085793
108 0 0 0 0.271651 0.000855872 -0.000889518 0 0 0 0.267575 -0.00393505 -0.000867763
109 0 0 0 0.274723 0.000865589 -0.000899532 0 0 0 0.270611 -0.0039691 -0.000877587
110 0 0 0 0.277806 0.000875342 -0.000909582 0 0 0 0.273658 -0.0040031 -0.000887446
111 0 0 0 0.280885 0.000885084 -0.000919621 0 0 0 0.276702 -0.00403711 -0.000897295
112 0 0 0 0.283962 0.000894817 -0.00092965 0 0 0 0.279743 -0.00407114 -0.000907134
113 0 0 0 0.287036 0.000904539 -0.00093967 0 0 0 0.282781 -0.00410518 -0.000916964
114 0 0 0 0.29012 0.000914298 -0.000949724 0 0 0 0.28583 -0.00413917 -0.000926828
115 0 0 0 0.293201 0.000924045 -0.000959769 0 0 0 0.288875 -0.00417318 -0.000936683
116 0 0 0 0.296293 0.000933828 -0.000969848 0 0 0 0.291932 -0.00420713 -0.000946572
117 0 0 0 0.299382 0.0009436 -0.000979916 0 0 0 0.294985 -0.00424111 -0.00095645
118 0 0 0 0.302468 0.000953361 -0.000989974 0 0 0 0.298035 -0.0042751 -0.000966318
119 0 0 0 0.30555 0.000963112 -0.00100002 0 0 0 0.301082 -0.0043091 -0.000976175
120 0 0 0 0.308643 0.000972897 -0.0010101 0 0 0 0.304139 -0.00434305 -0.000986067
121 0 0 0 0.311733 0.000982672 -0.00102017 0 0 0 0.307193 -0.00437702 -0.000995949
122 0 0 0 0.314833 0.000992481 -0.00103028 0 0 0 0.310258 -0.00441095 -0.00100586
123 0 0 0 0.31793 0.00100228 -0.00104037 0 0 0 0.313319 -0.00444489 -0.00101577
124 0 0 0 0.321023 0.00101207 -0.00105046 0 0 0 0.316377 -0.00447884 -0.00102566
125 0 0 0 0.324113 0.00102184 -0.00106053 0 0 0 0.319431 -0.00451281 -0.00103554
126 0 0 0 0.3272 0.00103161 -0.00107059 0 0 0 0.322482 -0.00454679 -0.00104542
127 0 0 0 0.330297 0.00104141 -0.00108069 0 0 0 0.325544 -0.00458073 -0.00105532
128 0 0 0 0.333391 0.00105119 -0.00109077 0 0 0 0.328603 -0.00461468 -0.00106522
129 0 0 0 0.336482 0.00106097 -0.00110084 0 0 0 0.331657 -0.00464865 -0.0010751
130 0 0 0 0.339569 0.00107074 -0.00111091 0 0 0 0.334709 -0.00468263 -0.00108497
131 0 0 0 0.342667 0.00108054 -0.00112101 0 0 0 0.337771 -0.00471657 -0.00109488
132 0 0 0 0.345761 0.00109033 -0.00113109 0 0 0 0.34083 -0.00475052 -0.00110478
133 0 0 0 0.348852 0.00110011 -0.00114117 0 0 0 0.343886 -0.00478448 -0.00111466
134 0 0 0 0.351954 0.00110992 -0.00115128 0 0 0 0.346952 -0.0048184 -0.00112458
135 0 0 0 0.355052 0.00111972 -0.00116137 0 0 0 0.350014 -0.00485233 -0.00113449
136 0 0 0 0.358146 0.00112951 -0.00117146 0 0 0 0.353073 -0.00488628 -0.00114439
137 0 0 0 0.361237 0.00113929 -0.00118154 0 0 0 0.356129 -0.00492025 -0.00115427
138 0 0 0 0.364339 0.00114911 -0.00119165 0 0 0 0.359195 -0.00495416 -0.00116419
139 0 0 0 0.367437 0.00115891 -0.00120175 0 0 0 0.362258 -0.0049881 -0.0011741
140 0 0 0 0.370532 0.0011687 -0.00121183 0 0 0 0.365317 -0.00502205 -0.001184
141 0 0 0 0.373638 0.00117853 -0.00122195 0 0 0 0.368387 -0.00505595 -0.00119393
142 0 0 0 0.376739 0.00118834 -0.00123206 0 0 0 0.371453 -0.00508987 -0.00120385
143 0 0 0 0.379837 0.00119814 -0.00124216 0 0 0 0.374515 -0.0051238 -0.00121376
144 0 0 0 0.382932 0.00120793 -0.00125225 0 0 0 0.377574 -0.00515775 -0.00122366
145 0 0 0 0.386023 0.00121771 -0.00126232 0 0 0 0.38063 -0.00519171 -0.00123354
146 0 0 0 0.389125 0.00122752 -0.00127243 0 0 0 0.383696 -0.00522563 -0.00124346
147 0 0 0 0.392223 0.00123733 -0.00128253 0 0 0 0.386759 -0.00525957 -0.00125337
148 0 0 0 0.395318 0.00124712 -0.00129262 0 0 0 0.389818 -0.00529351 -0.00126327
149 0 0 0 0.398423 0.00125694 -0.00130274 0 0 0 0.392888 -0.00532742 -0.0012732
150 0 0 0 0.401525 0.00126676 -0.00131285 0 0 0 0.395954 -0.00536133 -0.00128312
151 0 0 0 0.404623 0.00127656 -0.00132295 0 0 0 0.399017 -0.00539527 -0.00129303
152 0 0 0 0.407718 0.00128635 -0.00133304 0 0 0 0.402076 -0.00542922 -0.00130293
153 0 0 0 0.410823 0.00129617 -0.00134316 0 0 0 0.405145 -0.00546312 -0.00131286
154 0 0 0 0.413925 0.00130599 -0.00135327 0 0 0 0.408211 -0.00549704 -0.00132278
155 0 0 0 0.417023 0.00131579 -0.00136336 0 0 0 0.411274 -0.00553097 -0.00133269
156 0 0 0 0.420131 0.00132562 -0.0013735 0 0 0 0.414347 -0.00556486 -0.00134263
157 0 0 0 0.423236 0.00133545 -0.00138362 0 0 0 0.417416 -0.00559877 -0.00135256
158 0 0 0 0.426351 0.0013453 -0.00139377 0 0 0 0.420496 -0.00563263 -0.00136252
159 0 0 0 0.429462 0.00135515 -0.00140391 0 0 0 0.423572 -0.00566651 -0.00137247
160 0 0 0 0.43257 0.00136498 -0.00141404 0 0 0 0.426644 -0.0057004 -0.00138241
161 0 0 0 0.435674 0.0013748 -0.00142415 0 0 0 0.429712 -0.00573431 -0.00139234
162 0 0 0 0.438774 0.00138461 -0.00143426 0 0 0 0.432777 -0.00576823 -0.00140225
163 0 0 0 0.441885 0.00139445 -0.0014444 0 0 0 0.435852 -0.00580211 -0.0014122
164 0 0 0 0.444992 0.00140428 -0.00145452 0 0 0 0.438923 -0.00583601 -0.00142214
165 0 0 0 0.448095 0.0014141 -0.00146464 0 0 0 0.441991 -0.00586992 -0.00143206
166 0 0 0 0.451195 0.00142391 -0.00147474 0 0 0 0.445055 -0.00590385 -0.00144198
167 0 0 0 0.454305 0.00143375 -0.00148488 0 0 0 0.44813 -0.00593773 -0.00145192
168 0 0 0 0.457411 0.00144358 -0.001495 0 0 0 0.451201 -0.00597163 -0.00146186
169 0 0 0 0.460514 0.0014534 -0.00150512 0 0 0 0.454268 -0.00600554 -0.00147178
170 0 0 0 0.463613 0.0014632 -0.00151522 0 0 0 0.457332 -0.00603947 -0.00148169
171 0 0 0 0.466723 0.00147304 -0.00152535 0 0 0 0.460406 -0.00607336 -0.00149164
172 0 0 0 0.469829 0.00148287 -0.00153548 0 0 0 0.463476 -0.00610726 -0.00150157
173 0 0 0 0.472931 0.00149268 -0.00154559 0 0 0 0.466543 -0.00614117 -0.00151149
174 0 0 0 0.476044 0.00150253 -0.00155573 0 0 0 0.46962 -0.00617504 -0.00152145
175 0 0 0 0.479153 0.00151237 -0.00156586 0 0 0 0.472693 -0.00620893 -0.00153139
176 0 0 0 0.482258 0.00152219 -0.00157598 0 0 0 0.475763 -0.00624283 -0.00154132
177 0 0 0 0.485359 0.00153201 -0.00158609 0 0 0 0.478829 -0.00627675 -0.00155124
178 0 0 0 0.488471 0.00154185 -0.00159624 0 0 0 0.481906 -0.00631063 -0.0015612
179 0 0 0 0.49158 0.00155169 -0.00160637 0 0 0 0.484978 -0.00634452 -0.00157114
180 0 0 0 0.494684 0.00156151 -0.00161648 0 0 0 0.488047 -0.00637843 -0.00158107
181 0 0 0 0.497799 0.00157136 -0.00162664 0 0 0 0.491127 -0.00641229 -0.00159103
182 0 0 0 0.50091 0.00158121 -0.00163678 0 0 0 0.494202 -0.00644617 -0.00160098
183 0 0 0 0.504017 0.00159104 -0.0016469 0 0 0 0.497274 -0.00648006 -0.00161092
184 0 0 0 0.507135 0.0016009 -0.00165706 0 0 0 0.500356 -0.00651391 -0.00162089
185 0 0 0 0.510248 0.00161076 -0.00166721 0 0 0 0.503434 -0.00654778 -0.00163085
186 0 0 0 0.513358 0.0016206 -0.00167735 0 0 0 0.506508 -0.00658166 -0.00164079
187 0 0 0 0.516464 0.00163042 -0.00168747 0 0 0 0.509579 -0.00661556 -0.00165073
188 0 0 0 0.519581 0.00164028 -0.00169763 0 0 0 0.51266 -0.00664942 -0.00166069
189 0 0 0 0.522693 0.00165013 -0.00170777 0 0 0 0.515737 -0.00668329 -0.00167065
190 0 0 0 0.525802 0.00165997 -0.0017179 0 0 0 0.51881 -0.00671718 -0.00168059
191 0 0 0 0.528907 0.00166979 -0.00172802 0 0 0 0.52188 -0.00675108 -0.00169052
192 0 0 0 0.532009 0.00167961 -0.00173813 0 0 0 0.524946 -0.006785 -0.00170044
193 0 0 0 0.535121 0.00168945 -0.00174828 0 0 0 0.528022 -0.00681887 -0.00171039
194 0 0 0 0.538229 0.00169929 -0.00175841 0 0 0 0.531095 -0.00685276 -0.00172033
195 0 0 0 0.541333 0.00170911 -0.00176852 0 0 0 0.534164 -0.00688667 -0.00173026
196 0 0 0 0.544448 0.00171897 -0.00177868 0 0 0 0.537243 -0.00692053 -0.00174022
197 0 0 0 0.547559 0.00172881 -0.00178881 0 0 0 0.540318 -0.00695441 -0.00175017
198 0 0 0 0.550666 0.00173864 -0.00179894 0 0 0 0.54339 -0.00698831 -0.00176011
199 0 0 0 0.553784 0.0017485 -0.0018091 0 0 0 0.546472 -0.00702216 -0.00177008
200 0 0 0 0.556897 0.00175836 -0.00181925 0 0 0 0.54955 -0.00705603 -0.00178004
201 0 0 0 0.560007 0.0017682 -0.00182939 0 0 0 0.552625 -0.00708991 -0.00178999
202 0 0 0 0.563113 0.00177802 -0.00183951 0 0 0 0.555695 -0.00712381 -0.00179992
203 0 0 0 0.56623 0.00178788 -0.00184967 0 0 0 0.558776 -0.00715766 -0.00180989
204 0 0 0 0.569342 0.00179773 -0.00185981 0 0 0 0.561853 -0.00719154 -0.00181984
205 0 0 0 0.572451 0.00180757 -0.00186994 0 0 0 0.564926 -0.00722542 -0.00182978
206 0 0 0 0.57557 0.00181744 -0.00188011 0 0 0 0.56801 -0.00725927 -0.00183976
207 0 0 0 0.578685 0.00182729 -0.00189026 0 0 0 0.571089 -0.00729313 -0.00184972
208 0 0 0 0.581796 0.00183714 -0.0019004 0 0 0 0.574165 -0.00732701 -0.00185967
209 0 0 0 0.584904 0.00184697 -0.00191053 0 0 0 0.577237 -0.0073609 -0.00186961
210 0 0 0 0.588022 0.00185684 -0.00192069 0 0 0 0.580319 -0.00739475 -0.00187958
211 0 0 0 0.591135 0.00186669 -0.00193084 0 0 0 0.583398 -0.00742862 -0.00188954
212 0 0 0 0.594246 0.00187653 -0.00194097 0 0 0 0.586472 -0.0074625 -0.00189949
213 0 0 0 0.597352 0.00188636 -0.0019511 0 0 0 0.589543 -0.0074964 -0.00190943
214 0 0 0 0.600469 0.00189622 -0.00196126 0 0 0 0.592624 -0.00753025 -0.00191939
215 0 0 0 0.603581 0.00190607 -0.0019714 0 0 0 0.595702 -0.00756412 -0.00192935
216 0 0 0 0.60669 0.00191591 -0.00198153 0 0 0 0.598775 -0.00759801 -0.00193929
217 0 0 0 0.609796 0.00192573 -0.00199165 0 0 0 0.601845 -0.00763191 -0.00194922
218 0 0 0 0.612911 0.00193559 -0.00200181 0 0 0 0.604925 -0.00766577 -0.00195919
219 0 0 0 0.616023 0.00194544 -0.00201195 0 0 0 0.608001 -0.00769965 -0.00196914
220 0 0 0 0.619145 0.00195531 -0.00202212 0 0 0 0.611088 -0.00773348 -0.00197913
221 0 0 0 0.622263 0.00196518 -0.00203229 0 0 0 0.61417 -0.00776733 -0.0019891
222 0 0 0 0.625377 0.00197503 -0.00204244 0 0 0 0.617249 -0.00780119 -0.00199906
223 0 0 0 0.628488 0.00198487 -0.00205257 0 0 0 0.620324 -0.00783507 -0.00200901
224 0 0 0 0.631594 0.0019947 -0.0020627 0 0 0 0.623395 -0.00786897 -0.00201894
225 0 0 0 0.634711 0.00200457 -0.00207286 0 0 0 0.626476 -0.00790282 -0.00202891
226 0 0 0 0.637824 0.00201442 -0.002083 0 0 0 0.629554 -0.00793669 -0.00203887
227 0 0 0 0.640933 0.00202425 -0.00209314 0 0 0 0.632627 -0.00797058 -0.00204881
228 0 0 0 0.644053 0.00203412 -0.0021033 0 0 0 0.635711 -0.00800442 -0.00205879
229 0 0 0 0.647168 0.00204398 -0.00211346 0 0 0 0.638791 -0.00803828 -0.00206875
230 0 0 0 0.65028 0.00205383 -0.0021236 0 0 0 0.641868 -0.00807216 -0.0020787
231 0 0 0 0.653402 0.00206371 -0.00213377 0 0 0 0.644954 -0.00810599 -0.00208869
232 0 0 0 0.65652 0.00207357 -0.00214393 0 0 0 0.648037 -0.00813984 -0.00209866
233 0 0 0 0.659634 0.00208343 -0.00215408 0 0 0 0.651115 -0.0081737 -0.00210862
234 0 0 0 0.662744 0.00209327 -0.00216422 0 0 0 0.65419 -0.00820758 -0.00211857
235 0 0 0 0.665864 0.00210314 -0.00217439 0 0 0 0.657275 -0.00824142 -0.00212855
236 0 0 0 0.668981 0.002113 -0.00218454 0 0 0 0.660356 -0.00827528 -0.00213852
237 0 0 0 0.672094 0.00212285 -0.00219469 0 0 0 0.663433 -0.00830915 -0.00214847
238 0 0 0 0.675216 0.00213273 -0.00220487 0 0 0 0.66652 -0.00834298 -0.00215846
239 0 0 0 0.678335 0.0021426 -0.00221503 0 0 0 0.669604 -0.00837682 -0.00216843
240 0 0 0 0.68145 0.00215246 -0.00222518 0 0 0 0.672683 -0.00841068 -0.0021784
241 0 0 0 0.684561 0.0021623 -0.00223532 0 0 0 0.675759 -0.00844456 -0.00218835
242 0 0 0 0.687682 0.00217218 -0.00224549 0 0 0 0.678844 -0.0084784 -0.00219833
243 0 0 0 0.6908 0.00218204 -0.00225565 0 0 0 0.681926 -0.00851225 -0.0022083
244 0 0 0 0.693913 0.00219189 -0.0022658 0 0 0 0.685004 -0.00854612 -0.00221826
245 0 0 0 0.697037 0.00220178 -0.00227598 0 0 0 0.688092 -0.00857994 -0.00222825
246 0 0 0 0.700156 0.00221165 -0.00228615 0 0 0 0.691176 -0.00861378 -0.00223822
247 0 0 0 0.703272 0.0022215 -0.0022963 0 0 0 0.694257 -0.00864764 -0.00224819
248 0 0 0 0.706384 0.00223135 -0.00230644 0 0 0 0.697333 -0.00868152 -0.00225814
249 0 0 0 0.709506 0.00224123 -0.00231662 0 0 0 0.700419 -0.00871535 -0.00226813
250 0 0 0 0.712624 0.0022511 -0.00232678 0 0 0 0.703502 -0.0087492 -0.0022781
251 0 0 0 0.715738 0.00226095 -0.00233693 0 0 0 0.706581 -0.00878306 -0.00228806
252 0 0 0 0.718848 0.00227079 -0.00234707 0 0 0 0.709655 -0.00881694 -0.00229801
253 0 0 0 0.721969 0.00228067 -0.00235724 0 0 0 0.712741 -0.00885078 -0.00230799
254 0 0 0 0.725086 0.00229053 -0.00236739 0 0 0 0.715822 -0.00888463 -0.00231795
255 0 0 0 0.728198 0.00230038 -0.00237754 0 0 0 0.718899 -0.0089185 -0.00232791
256 0 0 0 0.731321 0.00231026 -0.00238772 0 0 0 0.721986 -0.00895233 -0.0023379
257 0 0 0 0.73444 0.00232013 -0.00239788 0 0 0 0.72507 -0.00898618 -0.00234787
258 0 0 0 0.737555 0.00232998 -0.00240803 0 0 0 0.728149 -0.00902004 -0.00235784
259 0 0 0 0.740666 0.00233983 -0.00241817 0 0 0 0.731225 -0.00905392 -0.00236779
260 0 0 0 0.743788 0.0023497 -0.00242834 0 0 0 0.734311 -0.00908775 -0.00237777
261 0 0 0 0.746905 0.00235957 -0.0024385 0 0 0 0.737393 -0.0091216 -0.00238774
262 0 0 0 0.750019 0.00236942 -0.00244865 0 0 0 0.740471 -0.00915547 -0.0023977
263 0 0 0 0.753143 0.0023793 -0.00245883 0 0 0 0.743559 -0.00918929 -0.00240769
264 0 0 0 0.756262 0.00238918 -0.002469 0 0 0 0.746643 -0.00922313 -0.00241767
265 0 0 0 0.759378 0.00239903 -0.00247915 0 0 0 0.749724 -0.00925699 -0.00242763
266 0 0 0 0.76249 0.00240888 -0.0024893 0 0 0 0.7528 -0.00929087 -0.00243758
267 0 0 0 0.765612 0.00241876 -0.00249947 0 0 0 0.755887 -0.0093247 -0.00244757
268 0 0 0 0.76873 0.00242863 -0.00250963 0 0 0 0.758969 -0.00935855 -0.00245754
269 0 0 0 0.771844 0.00243848 -0.00251978 0 0 0 0.762048 -0.00939241 -0.0024675
270 0 0 0 0.774955 0.00244832 -0.00252992 0 0 0 0.765123 -0.00942629 -0.00247745
271 0 0 0 0.778062 0.00245815 -0.00254005 0 0 0 0.768194 -0.00946019 -0.00248739
272 0 0 0 0.781178 0.00246801 -0.0025502 0 0 0 0.771276 -0.00949404 -0.00249736
273 0 0 0 0.784292 0.00247786 -0.00256035 0 0 0 0.774353 -0.00952791 -0.00250731
274 0 0 0 0.787401 0.0024877 -0.00257048 0 0 0 0.777427 -0.0095618 -0.00251726
275 0 0 0 0.79052 0.00249757 -0.00258065 0 0 0 0.780511 -0.00959564 -0.00252723
276 0 0 0 0.793636 0.00250743 -0.0025908 0 0 0 0.783591 -0.0096295 -0.0025372
277 0 0 0 0.796748 0.00251728 -0.00260095 0 0 0 0.786668 -0.00966337 -0.00254715
278 0 0 0 0.79987 0.00252716 -0.00261112 0 0 0 0.789754 -0.0096972 -0.00255714
279 0 0 0 0.802988 0.00253702 -0.00262128 0 0 0 0.792837 -0.00973105 -0.00256711
280 0 0 0 0.806102 0.00254688 -0.00263143 0 0 0 0.795915 -0.00976492 -0.00257707
281 0 0 0 0.809226 0.00255676 -0.00264161 0 0 0 0.799004 -0.00979874 -0.00258706
282 0 0 0 0.812347 0.00256663 -0.00265178 0 0 0 0.802089 -0.00983258 -0.00259704
283 0 0 0 0.815463 0.0025765 -0.00266194 0 0 0 0.80517 -0.00986643 -0.00260701
284 0 0 0 0.818589 0.00258639 -0.00267213 0 0 0 0.808261 -0.00990025 -0.00261701
285 0 0 0 0.821712 0.00259627 -0.0026823 0 0 0 0.811347 -0.00993408 -0.00262699
286 0 0 0 0.82483 0.00260614 -0.00269247 0 0 0 0.81443 -0.00996792 -0.00263697
287 0 0 0 0.827944 0.00261599 -0.00270262 0 0 0 0.817509 -0.0100018 -0.00264693
288 0 0 0 0.831069 0.00262588 -0.0027128 0 0 0 0.820598 -0.0100356 -0.00265692
289 0 0 0 0.83419 0.00263575 -0.00272297 0 0 0 0.823684 -0.0100694 -0.0026669
290 0 0 0 0.837306 0.00264561 -0.00273313 0 0 0 0.826765 -0.0101033 -0.00267687
291 0 0 0 0.840419 0.00265546 -0.00274327 0 0 0 0.829842 -0.0101372 -0.00268683
292 0 0 0 0.843542 0.00266534 -0.00275345 0 0 0 0.832929 -0.010171 -0.00269681
293 0 0 0 0.846661 0.00267521 -0.00276361 0 0 0 0.836013 -0.0102048 -0.00270679
294 0 0 0 0.849776 0.00268507 -0.00277377 0 0 0 0.839092 -0.0102387 -0.00271675
295 0 0 0 0.852901 0.00269496 -0.00278395 0 0 0 0.842182 -0.0102725 -0.00272675
296 0 0 0 0.856022 0.00270483 -0.00279412 0 0 0 0.845268 -0.0103064 -0.00273673
297 0 0 0 0.859139 0.0027147 -0.00280428 0 0 0 0.848349 -0.0103402 -0.0027467
298 0 0 0 0.862252 0.00272455 -0.00281443 0 0 0 0.851427 -0.0103741 -0.00275666
299 0 0 0 0.865376 0.00273443 -0.00282461 0 0 0 0.854515 -0.0104079 -0.00276665
300 0 0 0 0.868495 0.0027443 -0.00283477 0 0 0 0.857599 -0.0104417 -0.00277662
301 0 0 0 0.871611 0.00275416 -0.00284493 0 0 0 0.860679 -0.0104756 -0.00278659
302 0 0 0 0.874723 0.00276401 -0.00285507 0 0 0 0.863755 -0.0105095 -0.00279654
303 0 0 0 0.877844 0.00277388 -0.00286524 0 0 0 0.866842 -0.0105433 -0.00280652
304 0 0 0 0.880962 0.00278375 -0.0028754 0 0 0 0.869924 -0.0105772 -0.0028165
305 0 0 0 0.884076 0.0027936 -0.00288555 0 0 0 0.873003 -0.010611 -0.00282645
306 0 0 0 0.887186 0.00280344 -0.00289569 0 0 0 0.876077 -0.0106449 -0.0028364
307 0 0 0 0.890307 0.00281332 -0.00290586 0 0 0 0.879162 -0.0106787 -0.00284638
308 0 0 0 0.893423 0.00282318 -0.00291601 0 0 0 0.882243 -0.0107126 -0.00285635
309 0 0 0 0.896536 0.00283303 -0.00292616 0 0 0 0.88532 -0.0107465 -0.0028663
310 0 0 0 0.899659 0.00284291 -0.00293634 0 0 0 0.888408 -0.0107803 -0.00287629
311 0 0 0 0.902778 0.00285278 -0.0029465 0 0 0 0.891491 -0.0108141 -0.00288627
312 0 0 0 0.905892 0.00286263 -0.00295665 0 0 0 0.89457 -0.010848 -0.00289623
313 0 0 0 0.909017 0.00287252 -0.00296684 0 0 0 0.89766 -0.0108818 -0.00290622
314 0 0 0 0.912138 0.0028824 -0.00297701 0 0 0 0.900745 -0.0109157 -0.00291621
315 0 0 0 0.915255 0.00289226 -0.00298717 0 0 0 0.903827 -0.0109495 -0.00292618
316 0 0 0 0.918369 0.00290211 -0.00299731 0 0 0 0.906905 -0.0109834 -0.00293613
317 0 0 0 0.921492 0.00291199 -0.00300749 0 0 0 0.909992 -0.0110172 -0.00294612
318 0 0 0 0.924611 0.00292186 -0.00301766 0 0 0 0.913076 -0.0110511 -0.0029561
319 0 0 0 0.927727 0.00293172 -0.00302781 0 0 0 0.916156 -0.0110849 -0.00296606
320 0 0 0 0.930852 0.00294161 -0.003038 0 0 0 0.919246 -0.0111187 -0.00297606
321 0 0 0 0.933974 0.00295149 -0.00304817 0 0 0 0.922332 -0.0111526 -0.00298604
322 0 0 0 0.937091 0.00296135 -0.00305833 0 0 0 0.925414 -0.0111864 -0.00299601
323 0 0 0 0.940219 0.00297125 -0.00306852 0 0 0 0.928506 -0.0112202 -0.00300602
324 0 0 0 0.943342 0.00298113 -0.0030787 0 0 0 0.931594 -0.011254 -0.00301601
325 0 0 0 0.946462 0.002991 -0.00308887 0 0 0 0.934678 -0.0112879 -0.00302598
326 0 0 0 0.949591 0.00300091 -0.00309906 0 0 0 0.937772 -0.0113217 -0.00303599
327 0 0 0 0.952717 0.0030108 -0.00310925 0 0 0 0.940862 -0.0113555 -0.00304599
328 0 0 0 0.955838 0.00302067 -0.00311942 0 0 0 0.943948 -0.0113893 -0.00305597
329 0 0 0 0.958955 0.00303054 -0.00312958 0 0 0 0.94703 -0.0114232 -0.00306594
330 0 0 0 0.962069 0.00304039 -0.00313973 0 0 0 0.950108 -0.0114571 -0.0030759
331 0 0 0 0.965192 0.00305027 -0.00314991 0 0 0 0.953196 -0.0114909 -0.00308589
332 0 0 0 0.968312 0.00306014 -0.00316008 0 0 0 0.95628 -0.0115247 -0.00309587
333 0 0 0 0.971428 0.00307 -0.00317023 0 0 0 0.959361 -0.0115586 -0.00310583
334 0 0 0 0.974554 0.00307989 -0.00318042 0 0 0 0.962451 -0.0115924 -0.00311583
335 0 0 0 0.977675 0.00308977 -0.00319059 0 0 0 0.965537 -0.0116262 -0.00312581
336 0 0 0 0.980793 0.00309964 -0.00320075 0 0 0 0.96862 -0.0116601 -0.00313579
337 0 0 0 0.983907 0.00310949 -0.0032109 0 0 0 0.971698 -0.0116939 -0.00314574
338 0 0 0 0.987031 0.00311938 -0.00322108 0 0 0 0.974787 -0.0117278 -0.00315574
339 0 0 0 0.990151 0.00312925 -0.00323125 0 0 0 0.977871 -0.0117616 -0.00316572
340 0 0 0 0.993267 0.00313911 -0.00324141 0 0 0 0.980952 -0.0117955 -0.00317568
341 0 0 0 0.99638 0.00314896 -0.00325155 0 0 0 0.984029 -0.0118293 -0.00318564
342 0 0 0 0.999502 0.00315884 -0.00326172 0 0 0 0.987116 -0.0118632 -0.00319562
343 0 0 0 1.00262 0.0031687 -0.00327189 0 0 0 0.990199 -0.011897 -0.0032056
344 0 0 0 1.00574 0.00317856 -0.00328204 0 0 0 0.993278 -0.0119309 -0.00321556
345 0 0 0 1.00886 0.00318845 -0.00329222 0 0 0 0.996367 -0.0119647 -0.00322555
346 0 0 0 1.01198 0.00319832 -0.00330239 0 0 0 0.999452 -0.0119985 -0.00323553
347 0 0 0 1.0151 0.00320818 -0.00331255 0 0 0 1.00253 -0.0120324 -0.0032455
348 0 0 0 1.01822 0.00321808 -0.00332274 0 0 0 1.00562 -0.0120662 -0.0032555
349 0 0 0 1.02135 0.00322796 -0.00333292 0 0 0 1.00871 -0.0121 -0.00326549
350 0 0 0 1.02447 0.00323783 -0.00334308 0 0 0 1.0118 -0.0121339 -0.00327546
351 0 0 0 1.02759 0.00324773 -0.00335328 0 0 0 1.01489 -0.0121677 -0.00328547
352 0 0 0 1.03072 0.00325761 -0.00336346 0 0 0 1.01798 -0.0122015 -0.00329546
353 0 0 0 1.03384 0.00326749 -0.00337363 0 0 0 1.02106 -0.0122353 -0.00330544
354 0 0 0 1.03696 0.00327735 -0.00338379 0 0 0 1.02414 -0.0122692 -0.00331541
355 0 0 0 1.04007 0.0032872 -0.00339393 0 0 0 1.02722 -0.0123031 -0.00332537
356 0 0 0 1.04318 0.00329704 -0.00340406 0 0 0 1.03029 -0.0123369 -0.00333531
357 0 0 0 1.0463 0.00330691 -0.00341423 0 0 0 1.03338 -0.0123708 -0.00334529
358 0 0 0 1.04941 0.00331676 -0.00342438 0 0 0 1.03646 -0.0124046 -0.00335525
359 0 0 0 1.05252 0.00332661 -0.00343452 0 0 0 1.03953 -0.0124385 -0.0033652
360 0 0 0 1.05565 0.00333649 -0.0034447 0 0 0 1.04262 -0.0124724 -0.00337519
361 0 0 0 1.05876 0.00334635 -0.00345486 0 0 0 1.0457 -0.0125062 -0.00338516
362 0 0 0 1.06189 0.00335625 -0.00346505 0 0 0 1.0488 -0.01254 -0.00339516
363 0 0 0 1.06502 0.00336613 -0.00347523 0 0 0 1.05188 -0.0125738 -0.00340515
364 0 0 0 1.06814 0.00337601 -0.0034854 0 0 0 1.05497 -0.0126077 -0.00341513
365 0 0 0 1.07125 0.00338587 -0.00349555 0 0 0 1.05805 -0.0126415 -0.0034251
366 0 0 0 1.07438 0.00339576 -0.00350574 0 0 0 1.06114 -0.0126753 -0.00343509
367 0 0 0 1.0775 0.00340564 -0.00351592 0 0 0 1.06423 -0.0127092 -0.00344508
368 0 0 0 1.08062 0.0034155 -0.00352608 0 0 0 1.06731 -0.012743 -0.00345505
369 0 0 0 1.08374 0.0034254 -0.00353627 0 0 0 1.0704 -0.0127768 -0.00346506
370 0 0 0 1.08687 0.00343528 -0.00354645 0 0 0 1.07349 -0.0128107 -0.00347505
371 0 0 0 1.08999 0.00344516 -0.00355662 0 0 0 1.07657 -0.0128445 -0.00348503
372 0 0 0 1.0931 0.00345501 -0.00356677 0 0 0 1.07965 -0.0128784 -0.00349499
373 0 0 0 1.09622 0.00346486 -0.00357692 0 0 0 1.08273 -0.0129122 -0.00350494
374 0 0 0 1.09934 0.00347474 -0.00358709 0 0 0 1.08582 -0.0129461 -0.00351493
375 0 0 0 1.10246 0.00348461 -0.00359725 0 0 0 1.0889 -0.0129799 -0.0035249
376 0 0 0 1.10558 0.00349451 -0.00360745 0 0 0 1.09199 -0.0130137 -0.00353491
377 0 0 0 1.10871 0.00350439 -0.00361763 0 0 0 1.09508 -0.0130475 -0.0035449
378 0 0 0 1.11183 0.00351427 -0.0036278 0 0 0 1.09817 -0.0130814 -0.00355488
379 0 0 0 1.11495 0.00352413 -0.00363795 0 0 0 1.10125 -0.0131152 -0.00356485
380 0 0 0 1.11807 0.00353402 -0.00364814 0 0 0 1.10434 -0.013149 -0.00357485
381 0 0 0 1.12119 0.0035439 -0.00365832 0 0 0 1.10742 -0.0131829 -0.00358483
382 0 0 0 1.12431 0.00355377 -0.00366848 0 0 0 1.11051 -0.0132167 -0.00359481
383 0 0 0 1.12743 0.00356362 -0.00367863 0 0 0 1.11359 -0.0132506 -0.00360477
384 0 0 0 1.13055 0.00357351 -0.00368881 0 0 0 1.11668 -0.0132844 -0.00361476
385 0 0 0 1.13367 0.00358338 -0.00369898 0 0 0 1.11976 -0.0133182 -0.00362474
386 0 0 0 1.13679 0.00359324 -0.00370914 0 0 0 1.12284 -0.0133521 -0.00363471
387 0 0 0 1.13992 0.00360314 -0.00371933 0 0 0 1.12593 -0.0133859 -0.00364471
388 0 0 0 1.14304 0.00361302 -0.00372951 0 0 0 1.12902 -0.0134197 -0.00365469
389 0 0 0 1.14616 0.00362289 -0.00373967 0 0 0 1.1321 -0.0134536 -0.00366467
390 0 0 0 1.14927 0.00363274 -0.00374982 0 0 0 1.13518 -0.0134874 -0.00367463
391 0 0 0 1.1524 0.00364263 -0.00376 0 0 0 1.13827 -0.0135213 -0.00368463
392 0 0 0 1.15552 0.0036525 -0.00377018 0 0 0 1.14136 -0.0135551 -0.00369461
393 0 0 0 1.15863 0.00366237 -0.00378033 0 0 0 1.14444 -0.013589 -0.00370458
394 0 0 0 1.16175 0.00367222 -0.00379048 0 0 0 1.14752 -0.0136228 -0.00371453
395 0 0 0 1.16487 0.0036821 -0.00380066 0 0 0 1.1506 -0.0136566 -0.00372452
396 0 0 0 1.16799 0.00369197 -0.00381082 0 0 0 1.15369 -0.0136905 -0.0037345
397 0 0 0 1.17112 0.00370187 -0.00382102 0 0 0 1.15678 -0.0137243 -0.0037445
398 0 0 0 1.17424 0.00371176 -0.0038312 0 0 0 1.15987 -0.0137581 -0.0037545
399 0 0 0 1.17736 0.00372163 -0.00384138 0 0 0 1.16296 -0.0137919 -0.00376448
400 0 0 0 1.18048 0.0037315 -0.00385153 0 0 0 1.16604 -0.0138258 -0.00377445
401 0 0 0 1.18361 0.00374139 -0.00386172 0 0 0 1.16913 -0.0138596 -0.00378445
402 0 0 0 1.18673 0.00375128 -0.0038719 0 0 0 1.17222 -0.0138934 -0.00379444
403 0 0 0 1.18985 0.00376115 -0.00388207 0 0 0 1.1753 -0.0139273 -0.00380442
404 0 0 0 1.19297 0.003771 -0.00389222 0 0 0 1.17838 -0.0139611 -0.00381438
405 0 0 0 1.19609 0.00378089 -0.00390241 0 0 0 1.18147 -0.013995 -0.00382438
406 0 0 0 1.19921 0.00379077 -0.00391258 0 0 0 1.18456 -0.0140288 -0.00383436
407 0 0 0 1.20233 0.00380063 -0.00392274 0 0 0 1.18764 -0.0140626 -0.00384433
408 0 0 0 1.20546 0.00381053 -0.00393293 0 0 0 1.19073 -0.0140964 -0.00385433
409 0 0 0 1.20858 0.00382041 -0.00394311 0 0 0 1.19382 -0.0141303 -0.00386432
410 0 0 0 1.2117 0.00383028 -0.00395327 0 0 0 1.1969 -0.0141641 -0.0038743
411 0 0 0 1.21481 0.00384014 -0.00396343 0 0 0 1.19998 -0.014198 -0.00388426
412 0 0 0 1.21794 0.00385003 -0.00397361 0 0 0 1.20307 -0.0142318 -0.00389426
413 0 0 0 1.22106 0.00385991 -0.00398378 0 0 0 1.20616 -0.0142656 -0.00390424
414 0 0 0 1.22418 0.00386977 -0.00399394 0 0 0 1.20924 -0.0142995 -0.00391421
415 0 0 0 1.22729 0.00387962 -0.00400409 0 0 0 1.21232 -0.0143333 -0.00392417
416 0 0 0 1.23042 0.00388951 -0.00401427 0 0 0 1.21541 -0.0143672 -0.00393416
417 0 0 0 1.23354 0.00389938 -0.00402444 0 0 0 1.21849 -0.014401 -0.00394414
418 0 0 0 1.23665 0.00390924 -0.00403459 0 0 0 1.22157 -0.0144349 -0.0039541
419 0 0 0 1.23978 0.00391913 -0.00404478 0 0 0 1.22466 -0.0144687 -0.0039641
420 0 0 0 1.2429 0.00392901 -0.00405495 0 0 0 1.22775 -0.0145025 -0.00397409
421 0 0 0 1.24602 0.00393887 -0.00406512 0 0 0 1.23083 -0.0145364 -0.00398406
422 0 0 0 1.24913 0.00394872 -0.00407526 0 0 0 1.23391 -0.0145702 -0.00399402
423 0 0 0 1.25226 0.00395861 -0.00408545 0 0 0 1.237 -0.0146041 -0.00400401
424 0 0 0 1.25538 0.00396848 -0.00409561 0 0 0 1.24008 -0.0146379 -0.00401399
425 0 0 0 1.25849 0.00397834 -0.00410577 0 0 0 1.24316 -0.0146717 -0.00402395
426 0 0 0 1.26162 0.00398824 -0.00411596 0 0 0 1.24625 -0.0147056 -0.00403395
427 0 0 0 1.26474 0.00399812 -0.00412613 0 0 0 1.24934 -0.0147394 -0.00404394
428 0 0 0 1.26786 0.00400798 -0.0041363 0 0 0 1.25242 -0.0147732 -0.00405391
429 0 0 0 1.27097 0.00401784 -0.00414645 0 0 0 1.2555 -0.0148071 -0.00406387
430 0 0 0 1.2741 0.00402772 -0.00415663 0 0 0 1.25859 -0.0148409 -0.00407387
431 0 0 0 1.27722 0.0040376 -0.0041668 0 0 0 1.26167 -0.0148748 -0.00408385
432 0 0 0 1.28033 0.00404746 -0.00417696 0 0 0 1.26476 -0.0149086 -0.00409381
433 0 0 0 1.28346 0.00405735 -0.00418714 0 0 0 1.26785 -0.0149424 -0.00410381
434 0 0 0 1.28658 0.00406723 -0.00419732 0 0 0 1.27093 -0.0149763 -0.0041138
435 0 0 0 1.2897 0.0040771 -0.00420748 0 0 0 1.27402 -0.0150101 -0.00412377
436 0 0 0 1.29283 0.004087 -0.00421768 0 0 0 1.27711 -0.0150439 -0.00413378
437 0 0 0 1.29596 0.00409689 -0.00422786 0 0 0 1.2802 -0.0150777 -0.00414377
438 0 0 0 1.29908 0.00410676 -0.00423803 0 0 0 1.28328 -0.0151116 -0.00415375
439 0 0 0 1.30219 0.00411662 -0.00424819 0 0 0 1.28637 -0.0151454 -0.00416372
440 0 0 0 1.30532 0.00412652 -0.00425838 0 0 0 1.28946 -0.0151792 -0.00417372
441 0 0 0 1.30844 0.0041364 -0.00426855 0 0 0 1.29254 -0.0152131 -0.00418371
442 0 0 0 1.31156 0.00414626 -0.00427872 0 0 0 1.29563 -0.0152469 -0.00419368
443 0 0 0 1.31469 0.00415616 -0.00428891 0 0 0 1.29872 -0.0152807 -0.00420369
444 0 0 0 1.31781 0.00416605 -0.0042991 0 0 0 1.30181 -0.0153145 -0.00421368
445 0 0 0 1.32093 0.00417593 -0.00430927 0 0 0 1.30489 -0.0153484 -0.00422366
446 0 0 0 1.32405 0.00418579 -0.00431942 0 0 0 1.30797 -0.0153822 -0.00423363
447 0 0 0 1.32718 0.00419568 -0.00432961 0 0 0 1.31107 -0.015416 -0.00424363
448 0 0 0 1.3303 0.00420556 -0.00433979 0 0 0 1.31415 -0.0154499 -0.00425362
449 0 0 0 1.33342 0.00421543 -0.00434995 0 0 0 1.31724 -0.0154837 -0.00426359
450 0 0 0 1.33653 0.00422528 -0.0043601 0 0 0 1.32032 -0.0155176 -0.00427355
451 0 0 0 1.33966 0.00423517 -0.00437029 0 0 0 1.3234 -0.0155514 -0.00428355
452 0 0 0 1.34278 0.00424505 -0.00438046 0 0 0 1.32649 -0.0155852 -0.00429353
453 0 0 0 1.3459 0.00425491 -0.00439061 0 0 0 1.32957 -0.0156191 -0.0043035
454 0 0 0 1.34902 0.0042648 -0.0044008 0 0 0 1.33266 -0.0156529 -0.0043135
455 0 0 0 1.35215 0.00427469 -0.00441098 0 0 0 1.33575 -0.0156867 -0.00432349
456 0 0 0 1.35526 0.00428455 -0.00442115 0 0 0 1.33883 -0.0157206 -0.00433346
457 0 0 0 1.35839 0.00429446 -0.00443134 0 0 0 1.34193 -0.0157544 -0.00434347
458 0 0 0 1.36152 0.00430434 -0.00444153 0 0 0 1.34502 -0.0157882 -0.00435346
459 0 0 0 1.36464 0.00431422 -0.0044517 0 0 0 1.3481 -0.015822 -0.00436344
460 0 0 0 1.36776 0.00432408 -0.00446185 0 0 0 1.35118 -0.0158559 -0.00437341
461 0 0 0 1.37088 0.00433397 -0.00447204 0 0 0 1.35427 -0.0158897 -0.00438341
462 0 0 0 1.374 0.00434386 -0.00448222 0 0 0 1.35736 -0.0159235 -0.0043934
463 0 0 0 1.37712 0.00435372 -0.00449238 0 0 0 1.36044 -0.0159574 -0.00440338
464 0 0 0 1.38025 0.00436363 -0.00450258 0 0 0 1.36354 -0.0159912 -0.00441338
465 0 0 0 1.38338 0.00437351 -0.00451276 0 0 0 1.36663 -0.016025 -0.00442338
466 0 0 0 1.3865 0.00438339 -0.00452293 0 0 0 1.36971 -0.0160588 -0.00443336
467 0 0 0 1.38961 0.00439325 -0.00453309 0 0 0 1.37279 -0.0160927 -0.00444333
468 0 0 0 1.39274 0.00440314 -0.00454328 0 0 0 1.37589 -0.0161265 -0.00445333
469 0 0 0 1.39586 0.00441303 -0.00455346 0 0 0 1.37897 -0.0161603 -0.00446331
470 0 0 0 1.39898 0.00442289 -0.00456362 0 0 0 1.38206 -0.0161942 -0.00447329
471 0 0 0 1.40211 0.00443279 -0.00457382 0 0 0 1.38515 -0.016228 -0.0044833
472 0 0 0 1.40524 0.00444268 -0.004584 0 0 0 1.38824 -0.0162618 -0.00449329
473 0 0 0 1.40836 0.00445256 -0.00459417 0 0 0 1.39132 -0.0162956 -0.00450327
474 0 0 0 1.41147 0.00446242 -0.00460433 0 0 0 1.39441 -0.0163295 -0.00451324
475 0 0 0 1.4146 0.00447231 -0.00461452 0 0 0 1.3975 -0.0163633 -0.00452324
476 0 0 0 1.41772 0.00448219 -0.0046247 0 0 0 1.40058 -0.0163971 -0.00453323
477 0 0 0 1.42084 0.00449206 -0.00463486 0 0 0 1.40367 -0.016431 -0.0045432
478 0 0 0 1.42396 0.00450192 -0.00464501 0 0 0 1.40675 -0.0164648 -0.00455316
479 0 0 0 1.42708 0.00451181 -0.0046552 0 0 0 1.40984 -0.0164986 -0.00456316
480 0 0 0 1.4302 0.00452168 -0.00466537 0 0 0 1.41292 -0.0165325 -0.00457314
481 0 0 0 1.43332 0.00453155 -0.00467553 0 0 0 1.416 -0.0165663 -0.00458311
482 0 0 0 1.43645 0.00454144 -0.00468572 0 0 0 1.41909 -0.0166001 -0.00459311
483 0 0 0 1.43957 0.00455132 -0.00469589 0 0 0 1.42218 -0.016634 -0.0046031
484 0 0 0 1.44269 0.00456119 -0.00470606 0 0 0 1.42527 -0.0166678 -0.00461308
485 0 0 0 1.4458 0.00457105 -0.00471621 0 0 0 1.42835 -0.0167017 -0.00462304
486 0 0 0 1.44893 0.00458094 -0.0047264 0 0 0 1.43143 -0.0167355 -0.00463303
487 0 0 0 1.45205 0.00459081 -0.00473657 0 0 0 1.43452 -0.0167693 -0.00464302
488 0 0 0 1.45517 0.00460068 -0.00474673 0 0 0 1.4376 -0.0168032 -0.00465299
489 0 0 0 1.4583 0.00461057 -0.00475692 0 0 0 1.44069 -0.016837 -0.00466299
490 0 0 0 1.46142 0.00462046 -0.0047671 0 0 0 1.44378 -0.0168708 -0.00467298
491 0 0 0 1.46454 0.00463033 -0.00477726 0 0 0 1.44687 -0.0169046 -0.00468295
492 0 0 0 1.46765 0.00464018 -0.00478742 0 0 0 1.44995 -0.0169385 -0.00469292
493 0 0 0 1.47078 0.00465007 -0.0047976 0 0 0 1.45304 -0.0169723 -0.00470291
494 0 0 0 1.4739 0.00465995 -0.00480777 0 0 0 1.45612 -0.0170062 -0.0047129
495 0 0 0 1.47702 0.00466981 -0.00481793 0 0 0 1.4592 -0.01704 -0.00472287
496 0 0 0 1.48014 0.00467971 -0.00482813 0 0 0 1.4623 -0.0170738 -0.00473287
497 0 0 0 1.48327 0.00468959 -0.0048383 0 0 0 1.46538 -0.0171076 -0.00474286
498 0 0 0 1.48639 0.00469946 -0.00484847 0 0 0 1.46847 -0.0171415 -0.00475284
499 0 0 0 1.4895 0.00470932 -0.00485862 0 0 0 1.47155 -0.0171753 -0.0047628
500 0 0 0 1.49261 0.00471917 -0.00486877 0 0 0 1.47462 -0.0172092 -0.00477275
501 0 0 0 1.49574 0.00472905 -0.00487894 0 0 0 1.47771 -0.0172431 -0.00478274
502 0 0 0 1.49885 0.00473891 -0.0048891 0 0 0 1.48079 -0.0172769 -0.00479271
503 0 0 0 1.50198 0.00474881 -0.00489929 0 0 0 1.48388 -0.0173107 -0.00480271
504 0 0 0 1.50511 0.00475869 -0.00490947 0 0 0 1.48697 -0.0173445 -0.0048127
505 0 0 0 1.50823 0.00476857 -0.00491964 0 0 0 1.49006 -0.0173784 -0.00482268
506 0 0 0 1.51134 0.00477842 -0.0049298 0 0 0 1.49314 -0.0174122 -0.00483265
507 0 0 0 1.51447 0.00478832 -0.00493998 0 0 0 1.49623 -0.017446 -0.00484265
508 0 0 0 1.51759 0.00479819 -0.00495016 0 0 0 1.49931 -0.0174799 -0.00485263
509 0 0 0 1.52072 0.00480811 -0.00496036 0 0 0 1.50241 -0.0175137 -0.00486265
510 0 0 0 1.52385 0.004818 -0.00497056 0 0 0 1.5055 -0.0175475 -0.00487265
511 0 0 0 1.52697 0.00482789 -0.00498074 0 0 0 1.50859 -0.0175813 -0.00488264
512 0 0 0 1.53009 0.00483776 -0.0049909 0 0 0 1.51168 -0.0176151 -0.00489262
513 0 0 0 1.53321 0.00484762 -0.00500106 0 0 0 1.51476 -0.017649 -0.00490258
514 0 0 0 1.53633 0.00485751 -0.00501124 0 0 0 1.51785 -0.0176828 -0.00491258
515 0 0 0 1.53946 0.00486739 -0.00502142 0 0 0 1.52093 -0.0177166 -0.00492257
516 0 0 0 1.54257 0.00487725 -0.00503158 0 0 0 1.52401 -0.0177505 -0.00493254
517 0 0 0 1.54569 0.0048871 -0.00504173 0 0 0 1.52709 -0.0177844 -0.0049425
518 0 0 0 1.54881 0.00489699 -0.00505191 0 0 0 1.53018 -0.0178182 -0.00495249
519 0 0 0 1.55193 0.00490686 -0.00506208 0 0 0 1.53327 -0.017852 -0.00496247
520 0 0 0 1.55505 0.00491672 -0.00507223 0 0 0 1.53635 -0.0178859 -0.00497243
521 0 0 0 1.55817 0.00492661 -0.00508242 0 0 0 1.53944 -0.0179197 -0.00498243
522 0 0 0 1.5613 0.00493649 -0.0050926 0 0 0 1.54252 -0.0179535 -0.00499242
523 0 0 0 1.56441 0.00494636 -0.00510276 0 0 0 1.54561 -0.0179874 -0.00500239
524 0 0 0 1.56754 0.00495626 -0.00511295 0 0 0 1.5487 -0.0180212 -0.0050124
525 0 0 0 1.57067 0.00496614 -0.00512313 0 0 0 1.55179 -0.018055 -0.00502239
526 0 0 0 1.57379 0.00497602 -0.0051333 0 0 0 1.55487 -0.0180888 -0.00503237
527 0 0 0 1.5769 0.00498588 -0.00514346 0 0 0 1.55795 -0.0181227 -0.00504233
528 0 0 0 1.58003 0.00499577 -0.00515365 0 0 0 1.56104 -0.0181565 -0.00505233
529 0 0 0 1.58315 0.00500565 -0.00516382 0 0 0 1.56413 -0.0181903 -0.00506232
530 0 0 0 1.58627 0.00501552 -0.00517398 0 0 0 1.56721 -0.0182242 -0.00507229
531 0 0 0 1.5894 0.00502542 -0.00518418 0 0 0 1.57031 -0.018258 -0.0050823
532 0 0 0 1.59252 0.0050353 -0.00519436 0 0 0 1.5734 -0.0182918 -0.00509229
533 0 0 0 1.59564 0.00504517 -0.00520453 0 0 0 1.57648 -0.0183256 -0.00510227
534 0 0 0 1.59876 0.00505503 -0.00521468 0 0 0 1.57956 -0.0183595 -0.00511223
535 0 0 0 1.60187 0.00506488 -0.00522483 0 0 0 1.58264 -0.0183934 -0.00512219
536 0 0 0 1.60499 0.00507476 -0.005235 0 0 0 1.58572 -0.0184272 -0.00513218
537 0 0 0 1.60811 0.00508463 -0.00524517 0 0 0 1.58881 -0.0184611 -0.00514215
538 0 0 0 1.61123 0.00509449 -0.00525532 0 0 0 1.59189 -0.0184949 -0.00515211
539 0 0 0 1.61435 0.00510437 -0.0052655 0 0 0 1.59498 -0.0185287 -0.00516211
540 0 0 0 1.61747 0.00511425 -0.00527567 0 0 0 1.59806 -0.0185626 -0.00517209
541 0 0 0 1.62059 0.00512411 -0.00528583 0 0 0 1.60114 -0.0185964 -0.00518205
542 0 0 0 1.62372 0.00513401 -0.00529602 0 0 0 1.60423 -0.0186302 -0.00519206
543 0 0 0 1.62684 0.00514389 -0.0053062 0 0 0 1.60732 -0.0186641 -0.00520204
544 0 0 0 1.62996 0.00515376 -0.00531636 0 0 0 1.61041 -0.0186979 -0.00521202
545 0 0 0 1.63307 0.00516361 -0.00532651 0 0 0 1.61348 -0.0187318 -0.00522198
546 0 0 0 1.6362 0.0051735 -0.0053367 0 0 0 1.61657 -0.0187656 -0.00523198
547 0 0 0 1.63932 0.00518338 -0.00534687 0 0 0 1.61966 -0.0187994 -0.00524196
548 0 0 0 1.64244 0.00519324 -0.00535703 0 0 0 1.62274 -0.0188333 -0.00525193
549 0 0 0 1.64555 0.00520309 -0.00536717 0 0 0 1.62582 -0.0188671 -0.00526188
550 0 0 0 1.64867 0.00521297 -0.00537735 0 0 0 1.62891 -0.018901 -0.00527187
551 0 0 0 1.65179 0.00522284 -0.00538752 0 0 0 1.63199 -0.0189348 -0.00528185
552 0 0 0 1.65491 0.0052327 -0.00539767 0 0 0 1.63507 -0.0189687 -0.00529181
553 0 0 0 1.65803 0.00524259 -0.00540786 0 0 0 1.63816 -0.0190025 -0.00530181
554 0 0 0 1.66115 0.00525247 -0.00541803 0 0 0 1.64125 -0.0190363 -0.00531179
555 0 0 0 1.66428 0.00526238 -0.00542823 0 0 0 1.64434 -0.0190701 -0.00532181
556 0 0 0 1.66741 0.00527227 -0.00543843 0 0 0 1.64743 -0.0191039 -0.00533181
557 0 0 0 1.67054 0.00528216 -0.0054486 0 0 0 1.65052 -0.0191377 -0.0053418
558 0 0 0 1.67365 0.00529203 -0.00545877 0 0 0 1.65361 -0.0191716 -0.00535178
559 0 0 0 1.67678 0.00530193 -0.00546897 0 0 0 1.6567 -0.0192054 -0.00536179
560 0 0 0 1.67991 0.00531182 -0.00547915 0 0 0 1.65979 -0.0192392 -0.00537178
561 0 0 0 1.68303 0.00532169 -0.00548932 0 0 0 1.66288 -0.019273 -0.00538176
562 0 0 0 1.68615 0.00533156 -0.00549948 0 0 0 1.66596 -0.0193069 -0.00539173
563 0 0 0 1.68927 0.00534145 -0.00550967 0 0 0 1.66905 -0.0193407 -0.00540174
564 0 0 0 1.6924 0.00535133 -0.00551985 0 0 0 1.67214 -0.0193745 -0.00541172
565 0 0 0 1.69552 0.0053612 -0.00553002 0 0 0 1.67522 -0.0194084 -0.0054217
566 0 0 0 1.69863 0.00537106 -0.00554017 0 0 0 1.6783 -0.0194422 -0.00543166
567 0 0 0 1.70176 0.00538095 -0.00555036 0 0 0 1.68139 -0.0194761 -0.00544166
568 0 0 0 1.70488 0.00539083 -0.00556053 0 0 0 1.68448 -0.0195099 -0.00545164
569 0 0 0 1.708 0.00540069 -0.00557069 0 0 0 1.68756 -0.0195437 -0.00546161
570 0 0 0 1.71111 0.00541054 -0.00558083 0 0 0 1.69064 -0.0195776 -0.00547157
571 0 0 0 1.71423 0.00542043 -0.00559101 0 0 0 1.69372 -0.0196114 -0.00548156
572 0 0 0 1.71735 0.0054303 -0.00560118 0 0 0 1.69681 -0.0196453 -0.00549154
573 0 0 0 1.72047 0.00544016 -0.00561134 0 0 0 1.69989 -0.0196791 -0.0055015
574 0 0 0 1.72359 0.00545005 -0.00562152 0 0 0 1.70298 -0.0197129 -0.0055115
575 0 0 0 1.72672 0.00545993 -0.0056317 0 0 0 1.70606 -0.0197468 -0.00552148
576 0 0 0 1.72983 0.00546979 -0.00564186 0 0 0 1.70915 -0.0197806 -0.00553146
577 0 0 0 1.73296 0.00547969 -0.00565205 0 0 0 1.71224 -0.0198144 -0.00554146
578 0 0 0 1.73609 0.00548957 -0.00566223 0 0 0 1.71533 -0.0198483 -0.00555145
579 0 0 0 1.73921 0.00549944 -0.0056724 0 0 0 1.71841 -0.0198821 -0.00556143
580 0 0 0 1.74233 0.00550935 -0.0056826 0 0 0 1.72151 -0.0199159 -0.00557144
581 0 0 0 1.74546 0.00551924 -0.00569278 0 0 0 1.7246 -0.0199497 -0.00558144
582 0 0 0 1.74858 0.00552912 -0.00570296 0 0 0 1.72768 -0.0199835 -0.00559142
583 0 0 0 1.7517 0.00553898 -0.00571312 0 0 0 1.73076 -0.0200174 -0.00560139
584 0 0 0 1.75483 0.00554888 -0.00572331 0 0 0 1.73386 -0.0200512 -0.00561139
585 0 0 0 1.75795 0.00555876 -0.00573349 0 0 0 1.73694 -0.020085 -0.00562138
586 0 0 0 1.76107 0.00556863 -0.00574365 0 0 0 1.74003 -0.0201189 -0.00563136
587 0 0 0 1.76419 0.00557849 -0.00575381 0 0 0 1.74311 -0.0201527 -0.00564133
588 0 0 0 1.76731 0.00558838 -0.005764 0 0 0 1.7462 -0.0201865 -0.00565132
589 0 0 0 1.77043 0.00559826 -0.00577417 0 0 0 1.74929 -0.0202204 -0.00566131
590 0 0 0 1.77355 0.00560813 -0.00578433 0 0 0 1.75237 -0.0202542 -0.00567128
591 0 0 0 1.77668 0.00561802 -0.00579452 0 0 0 1.75546 -0.020288 -0.00568128
592 0 0 0 1.7798 0.00562791 -0.0058047 0 0 0 1.75855 -0.0203219 -0.00569127
593 0 0 0 1.78292 0.00563778 -0.00581487 0 0 0 1.76163 -0.0203557 -0.00570125
594 0 0 0 1.78605 0.00564768 -0.00582507 0 0 0 1.76473 -0.0203895 -0.00571126
595 0 0 0 1.78918 0.00565757 -0.00583525 0 0 0 1.76782 -0.0204233 -0.00572126
596 0 0 0 1.7923 0.00566745 -0.00584543 0 0 0 1.7709 -0.0204571 -0.00573124
597 0 0 0 1.79543 0.00567736 -0.00585563 0 0 0 1.774 -0.0204909 -0.00574126
598 0 0 0 1.79856 0.00568726 -0.00586582 0 0 0 1.77709 -0.0205247 -0.00575126
599 0 0 0 1.80168 0.00569714 -0.005876 0 0 0 1.78018 -0.0205586 -0.00576125
600 0 0 0 1.8048 0.00570701 -0.00588617 0 0 0 1.78326 -0.0205924 -0.00577123
601 0 0 0 1.80792 0.00571687 -0.00589632 0 0 0 1.78634 -0.0206263 -0.00578119
602 0 0 0 1.81104 0.00572676 -0.00590651 0 0 0 1.78943 -0.0206601 -0.00579119
603 0 0 0 1.81416 0.00573663 -0.00591668 0 0 0 1.79252 -0.0206939 -0.00580117
604 0 0 0 1.81728 0.0057465 -0.00592684 0 0 0 1.7956 -0.0207278 -0.00581114
605 0 0 0 1.82041 0.0057564 -0.00593703 0 0 0 1.79869 -0.0207616 -0.00582114
606 0 0 0 1.82353 0.00576628 -0.00594721 0 0 0 1.80178 -0.0207954 -0.00583113
607 0 0 0 1.82665 0.00577615 -0.00595738 0 0 0 1.80486 -0.0208292 -0.00584111
608 0 0 0 1.82977 0.00578601 -0.00596753 0 0 0 1.80794 -0.0208631 -0.00585108
609 0 0 0 1.83289 0.0057959 -0.00597772 0 0 0 1.81104 -0.0208969 -0.00586107
610 0 0 0 1.83601 0.00580578 -0.00598789 0 0 0 1.81412 -0.0209308 -0.00587106
611 0 0 0 1.83913 0.00581564 -0.00599805 0 0 0 1.8172 -0.0209646 -0.00588103
612 0 0 0 1.84225 0.00582549 -0.0060082 0 0 0 1.82028 -0.0209985 -0.00589099
613 0 0 0 1.84537 0.00583538 -0.00601838 0 0 0 1.82337 -0.0210323 -0.00590098
614 0 0 0 1.84849 0.00584525 -0.00602855 0 0 0 1.82645 -0.0210661 -0.00591096
615 0 0 0 1.85161 0.00585511 -0.0060387 0 0 0 1.82953 -0.0211 -0.00592092
616 0 0 0 1.85473 0.005865 -0.00604889 0 0 0 1.83263 -0.0211338 -0.00593092
617 0 0 0 1.85785 0.00587488 -0.00605907 0 0 0 1.83571 -0.0211676 -0.0059409
618 0 0 0 1.86099 0.00588479 -0.00606927 0 0 0 1.83881 -0.0212014 -0.00595092
619 0 0 0 1.86411 0.00589469 -0.00607946 0 0 0 1.8419 -0.0212352 -0.00596093
620 0 0 0 1.86724 0.00590457 -0.00608964 0 0 0 1.84499 -0.0212691 -0.00597092
621 0 0 0 1.87036 0.00591444 -0.00609981 0 0 0 1.84807 -0.0213029 -0.00598089
622 0 0 0 1.87347 0.0059243 -0.00610997 0 0 0 1.85115 -0.0213368 -0.00599086
623 0 0 0 1.87658 0.00593415 -0.00612011 0 0 0 1.85423 -0.0213706 -0.00600081
624 0 0 0 1.87971 0.00594403 -0.00613028 0 0 0 1.85732 -0.0214045 -0.0060108
625 0 0 0 1.88282 0.0059539 -0.00614045 0 0 0 1.8604 -0.0214383 -0.00602077
626 0 0 0 1.88594 0.00596375 -0.00615059 0 0 0 1.86348 -0.0214722 -0.00603073
627 0 0 0 1.88906 0.00597364 -0.00616078 0 0 0 1.86657 -0.021506 -0.00604072
628 0 0 0 1.89218 0.00598351 -0.00617095 0 0 0 1.86965 -0.0215398 -0.0060507
629 0 0 0 1.8953 0.00599337 -0.0061811 0 0 0 1.87273 -0.0215737 -0.00606067
630 0 0 0 1.89843 0.00600326 -0.00619129 0 0 0 1.87582 -0.0216075 -0.00607067
631 0 0 0 1.90155 0.00601314 -0.00620147 0 0 0 1.87891 -0.0216413 -0.00608066
632 0 0 0 1.90467 0.00602301 -0.00621163 0 0 0 1.88199 -0.0216752 -0.00609063
633 0 0 0 1.90778 0.00603287 -0.00622178 0 0 0 1.88507 -0.021709 -0.00610059
634 0 0 0 1.91091 0.00604275 -0.00623196 0 0 0 1.88816 -0.0217429 -0.00611059
635 0 0 0 1.91403 0.00605263 -0.00624213 0 0 0 1.89125 -0.0217767 -0.00612057
636 0 0 0 1.91714 0.00606249 -0.00625229 0 0 0 1.89433 -0.0218105 -0.00613053
637 0 0 0 1.92027 0.00607238 -0.00626248 0 0 0 1.89742 -0.0218444 -0.00614054
638 0 0 0 1.92339 0.00608227 -0.00627266 0 0 0 1.90051 -0.0218782 -0.00615052
639 0 0 0 1.92651 0.00609213 -0.00628282 0 0 0 1.90359 -0.021912 -0.0061605
640 0 0 0 1.92964 0.00610203 -0.00629302 0 0 0 1.90668 -0.0219458 -0.0061705
641 0 0 0 1.93277 0.00611192 -0.0063032 0 0 0 1.90977 -0.0219797 -0.0061805
642 0 0 0 1.93589 0.0061218 -0.00631337 0 0 0 1.91286 -0.0220135 -0.00619048
643 0 0 0 1.939 0.00613166 -0.00632353 0 0 0 1.91594 -0.0220473 -0.00620045
644 0 0 0 1.94213 0.00614155 -0.00633372 0 0 0 1.91903 -0.0220812 -0.00621045
645 0 0 0 1.94525 0.00615143 -0.0063439 0 0 0 1.92212 -0.022115 -0.00622044
646 0 0 0 1.94837 0.0061613 -0.00635406 0 0 0 1.9252 -0.0221488 -0.00623041
647 0 0 0 1.9515 0.0061712 -0.00636426 0 0 0 1.92829 -0.0221826 -0.00624042
648 0 0 0 1.95462 0.00618109 -0.00637444 0 0 0 1.93138 -0.0222165 -0.00625041
649 0 0 0 1.95775 0.00619096 -0.00638461 0 0 0 1.93447 -0.0222503 -0.00626039
650 0 0 0 1.96086 0.00620083 -0.00639477 0 0 0 1.93755 -0.0222841 -0.00627036
651 0 0 0 1.96399 0.00621072 -0.00640496 0 0 0 1.94064 -0.022318 -0.00628036
652 0 0 0 1.96711 0.0062206 -0.00641513 0 0 0 1.94373 -0.0223518 -0.00629035
653 0 0 0 1.97023 0.00623047 -0.0064253 0 0 0 1.94681 -0.0223856 -0.00630032
654 0 0 0 1.97336 0.00624037 -0.00643549 0 0 0 1.94991 -0.0224194 -0.00631033
655 0 0 0 1.97648 0.00625026 -0.00644568 0 0 0 1.95299 -0.0224533 -0.00632032
656 0 0 0 1.9796 0.00626013 -0.00645585 0 0 0 1.95608 -0.0224871 -0.0063303
657 0 0 0 1.98272 0.00626999 -0.006466 0 0 0 1.95916 -0.0225209 -0.00634027
658 0 0 0 1.98585 0.00627989 -0.00647619 0 0 0 1.96225 -0.0225548 -0.00635027
659 0 0 0 1.98897 0.00628977 -0.00648637 0 0 0 1.96534 -0.0225886 -0.00636026
660 0 0 0 1.99209 0.00629964 -0.00649653 0 0 0 1.96842 -0.0226224 -0.00637023
661 0 0 0 1.9952 0.00630949 -0.00650669 0 0 0 1.9715 -0.0226563 -0.0063802
662 0 0 0 1.99833 0.00631938 -0.00651687 0 0 0 1.97459 -0.0226901 -0.00639019
663 0 0 0 2.00145 0.00632926 -0.00652704 0 0 0 1.97768 -0.0227239 -0.00640017
664 0 0 0 2.00457 0.00633912 -0.0065372 0 0 0 1.98076 -0.0227578 -0.00641014
665 0 0 0 2.00769 0.00634901 -0.00654739 0 0 0 1.98385 -0.0227916 -0.00642014
666 0 0 0 2.01082 0.0063589 -0.00655757 0 0 0 1.98694 -0.0228254 -0.00643013
667 0 0 0 2.01394 0.00636876 -0.00656773 0 0 0 1.99002 -0.0228593 -0.00644011
668 0 0 0 2.01706 0.00637867 -0.00657793 0 0 0 1.99311 -0.0228931 -0.00645011
669 0 0 0 2.02019 0.00638855 -0.00658811 0 0 0 1.9962 -0.0229269 -0.00646011
670 0 0 0 2.02331 0.00639843 -0.00659828 0 0 0 1.99929 -0.0229607 -0.00647009
671 0 0 0 2.02643 0.00640829 -0.00660844 0 0 0 2.00237 -0.0229946 -0.00648006
672 0 0 0 2.02955 0.00641819 -0.00661863 0 0 0 2.00546 -0.0230284 -0.00649006
673 0 0 0 2.03268 0.00642807 -0.00662881 0 0 0 2.00855 -0.0230622 -0.00650005
674 0 0 0 2.0358 0.00643794 -0.00663897 0 0 0 2.01163 -0.0230961 -0.00651002
675 0 0 0 2.03892 0.00644784 -0.00664917 0 0 0 2.01473 -0.0231299 -0.00652003
676 0 0 0 2.04205 0.00645773 -0.00665935 0 0 0 2.01782 -0.0231637 -0.00653002
677 0 0 0 2.04517 0.0064676 -0.00666952 0 0 0 2.0209 -0.0231975 -0.00654001
678 0 0 0 2.04829 0.00647746 -0.00667968 0 0 0 2.02398 -0.0232314 -0.00654997
679 0 0 0 2.05141 0.00648736 -0.00668987 0 0 0 2.02707 -0.0232652 -0.00655997
680 0 0 0 2.05454 0.00649724 -0.00670005 0 0 0 2.03016 -0.023299 -0.00656996
681 0 0 0 2.05766 0.00650711 -0.00671021 0 0 0 2.03324 -0.0233329 -0.00657994
682 0 0 0 2.06077 0.00651697 -0.00672036 0 0 0 2.03632 -0.0233667 -0.0065899
683 0 0 0 2.0639 0.00652685 -0.00673055 0 0 0 2.03941 -0.0234005 -0.0065999
684 0 0 0 2.06702 0.00653673 -0.00674072 0 0 0 2.0425 -0.0234344 -0.00660988
685 0 0 0 2.07013 0.00654659 -0.00675088 0 0 0 2.04558 -0.0234682 -0.00661985
686 0 0 0 2.07326 0.00655649 -0.00676107 0 0 0 2.04867 -0.023502 -0.00662985
687 0 0 0 2.07638 0.00656637 -0.00677125 0 0 0 2.05176 -0.0235359 -0.00663984
688 0 0 0 2.0795 0.00657624 -0.00678141 0 0 0 2.05484 -0.0235697 -0.00664981
689 0 0 0 2.08262 0.0065861 -0.00679157 0 0 0 2.05792 -0.0236036 -0.00665978
690 0 0 0 2.08574 0.00659599 -0.00680175 0 0 0 2.06101 -0.0236374 -0.00666977
691 0 0 0 2.08887 0.00660586 -0.00681192 0 0 0 2.0641 -0.0236712 -0.00667975
692 0 0 0 2.09198 0.00661573 -0.00682208 0 0 0 2.06718 -0.0237051 -0.00668972
693 0 0 0 2.09511 0.00662562 -0.00683227 0 0 0 2.07027 -0.0237389 -0.00669973
694 0 0 0 2.09823 0.00663551 -0.00684245 0 0 0 2.07336 -0.0237727 -0.00670972
695 0 0 0 2.10135 0.00664538 -0.00685262 0 0 0 2.07644 -0.0238066 -0.00671969
696 0 0 0 2.10448 0.00665528 -0.00686282 0 0 0 2.07954 -0.0238404 -0.0067297
697 0 0 0 2.10761 0.00666517 -0.006873 0 0 0 2.08263 -0.0238742 -0.0067397
698 0 0 0 2.11073 0.00667504 -0.00688317 0 0 0 2.08571 -0.023908 -0.00674968
699 0 0 0 2.11386 0.00668495 -0.00689338 0 0 0 2.08881 -0.0239418 -0.00675969
700 0 0 0 2.11699 0.00669485 -0.00690357 0 0 0 2.0919 -0.0239756 -0.0067697
701 0 0 0 2.12011 0.00670473 -0.00691374 0 0 0 2.09499 -0.0240094 -0.00677968
702 0 0 0 2.12323 0.0067146 -0.00692391 0 0 0 2.09807 -0.0240433 -0.00678966
703 0 0 0 2.12634 0.00672445 -0.00693406 0 0 0 2.10115 -0.0240771 -0.00679962
704 0 0 0 2.12947 0.00673434 -0.00694425 0 0 0 2.10424 -0.024111 -0.00680962
705 0 0 0 2.13259 0.00674422 -0.00695442 0 0 0 2.10733 -0.0241448 -0.0068196
706 0 0 0 2.13571 0.00675408 -0.00696458 0 0 0 2.11041 -0.0241786 -0.00682957
707 0 0 0 2.13882 0.00676393 -0.00697472 0 0 0 2.11349 -0.0242125 -0.00683953
708 0 0 0 2.14194 0.00677382 -0.0069849 0 0 0 2.11657 -0.0242463 -0.00684952
709 0 0 0 2.14506 0.00678369 -0.00699507 0 0 0 2.11966 -0.0242802 -0.00685949
710 0 0 0 2.14818 0.00679354 -0.00700522 0 0 0 2.12274 -0.024314 -0.00686946
711 0 0 0 2.1513 0.00680343 -0.00701541 0 0 0 2.12583 -0.0243479 -0.00687945
712 0 0 0 2.15443 0.00681331 -0.00702558 0 0 0 2.12891 -0.0243817 -0.00688944
713 0 0 0 2.15754 0.00682318 -0.00703574 0 0 0 2.132 -0.0244155 -0.00689941
714 0 0 0 2.16067 0.00683307 -0.00704593 0 0 0 2.13509 -0.0244493 -0.00690941
715 0 0 0 2.16379 0.00684296 -0.00705611 0 0 0 2.13818 -0.0244832 -0.0069194
716 0 0 0 2.16691 0.00685283 -0.00706628 0 0 0 2.14126 -0.024517 -0.00692938
717 0 0 0 2.17004 0.00686273 -0.00707648 0 0 0 2.14435 -0.0245508 -0.00693939
718 0 0 0 2.17317 0.00687262 -0.00708666 0 0 0 2.14744 -0.0245846 -0.00694938
719 0 0 0 2.17629 0.0068825 -0.00709684 0 0 0 2.15053 -0.0246185 -0.00695937
720 0 0 0 2.17941 0.00689236 -0.007107 0 0 0 2.15361 -0.0246523 -0.00696934
721 0 0 0 2.18252 0.00690222 -0.00711714 0 0 0 2.15669 -0.0246862 -0.0069793
722 0 0 0 2.18564 0.0069121 -0.00712732 0 0 0 2.15978 -0.02472 -0.00698929
723 0 0 0 2.18876 0.00692197 -0.00713749 0 0 0 2.16286 -0.0247538 -0.00699927
724 0 0 0 2.19188 0.00693183 -0.00714765 0 0 0 2.16594 -0.0247877 -0.00700923
725 0 0 0 2.19501 0.00694172 -0.00715783 0 0 0 2.16903 -0.0248215 -0.00701923
726 0 0 0 2.19813 0.0069516 -0.00716801 0 0 0 2.17212 -0.0248554 -0.00702921
727 0 0 0 2.20125 0.00696147 -0.00717817 0 0 0 2.1752 -0.0248892 -0.00703919
728 0 0 0 2.20437 0.00697136 -0.00718836 0 0 0 2.1783 -0.024923 -0.00704919
729 0 0 0 2.2075 0.00698125 -0.00719854 0 0 0 2.18138 -0.0249568 -0.00705918
730 0 0 0 2.21062 0.00699112 -0.00720871 0 0 0 2.18447 -0.0249907 -0.00706916
731 0 0 0 2.21373 0.00700098 -0.00721886 0 0 0 2.18755 -0.0250245 -0.00707912
732 0 0 0 2.21686 0.00701087 -0.00722905 0 0 0 2.19064 -0.0250583 -0.00708912
733 0 0 0 2.21998 0.00702075 -0.00723923 0 0 0 2.19373 -0.0250922 -0.00709911
734 0 0 0 2.2231 0.00703062 -0.00724939 0 0 0 2.19681 -0.025126 -0.00710908
735 0 0 0 2.22621 0.00704047 -0.00725954 0 0 0 2.19989 -0.0251599 -0.00711904
736 0 0 0 2.22934 0.00705036 -0.00726972 0 0 0 2.20298 -0.0251937 -0.00712903
737 0 0 0 2.23246 0.00706023 -0.00727989 0 0 0 2.20606 -0.0252275 -0.00713901
738 0 0 0 2.23557 0.00707009 -0.00729004 0 0 0 2.20914 -0.0252614 -0.00714898
739 0 0 0 2.2387 0.00707998 -0.00730023 0 0 0 2.21223 -0.0252952 -0.00715898
740 0 0 0 2.24182 0.00708986 -0.00731041 0 0 0 2.21532 -0.025329 -0.00716896
741 0 0 0 2.24494 0.00709973 -0.00732057 0 0 0 2.2184 -0.0253629 -0.00717894
742 0 0 0 2.24806 0.00710958 -0.00733072 0 0 0 2.22148 -0.0253968 -0.0071889
743 0 0 0 2.25118 0.00711947 -0.0073409 0 0 0 2.22457 -0.0254306 -0.00719889
744 0 0 0 2.2543 0.00712934 -0.00735107 0 0 0 2.22765 -0.0254644 -0.00720887
745 0 0 0 2.25742 0.00713921 -0.00736123 0 0 0 2.23074 -0.0254983 -0.00721884
746 0 0 0 2.26054 0.0071491 -0.00737142 0 0 0 2.23383 -0.0255321 -0.00722884
747 0 0 0 2.26367 0.00715898 -0.0073816 0 0 0 2.23691 -0.0255659 -0.00723883
748 0 0 0 2.26679 0.00716885 -0.00739176 0 0 0 2.24 -0.0255998 -0.0072488
749 0 0 0 2.26991 0.00717875 -0.00740195 0 0 0 2.24309 -0.0256336 -0.00725881
750 0 0 0 2.27304 0.00718864 -0.00741214 0 0 0 2.24618 -0.0256674 -0.0072688
751 0 0 0 2.27616 0.00719851 -0.00742231 0 0 0 2.24926 -0.0257012 -0.00727878
752 0 0 0 2.27928 0.00720837 -0.00743246 0 0 0 2.25235 -0.0257351 -0.00728875
753 0 0 0 2.2824 0.00721827 -0.00744265 0 0 0 2.25544 -0.0257689 -0.00729875
754 0 0 0 2.28552 0.00722815 -0.00745283 0 0 0 2.25852 -0.0258027 -0.00730874
755 0 0 0 2.28864 0.00723801 -0.00746299 0 0 0 2.26161 -0.0258366 -0.00731871
756 0 0 0 2.29177 0.00724791 -0.00747319 0 0 0 2.2647 -0.0258704 -0.00732872
757 0 0 0 2.2949 0.0072578 -0.00748337 0 0 0 2.26779 -0.0259042 -0.00733871
758 0 0 0 2.29802 0.00726768 -0.00749354 0 0 0 2.27087 -0.025938 -0.00734869
759 0 0 0 2.30115 0.00727758 -0.00750374 0 0 0 2.27397 -0.0259718 -0.0073587
760 0 0 0 2.30427 0.00728747 -0.00751393 0 0 0 2.27706 -0.0260056 -0.0073687
761 0 0 0 2.3074 0.00729735 -0.00752411 0 0 0 2.28015 -0.0260395 -0.00737869
762 0 0 0 2.31052 0.00730722 -0.00753427 0 0 0 2.28323 -0.0260733 -0.00738866
763 0 0 0 2.31364 0.00731712 -0.00754447 0 0 0 2.28632 -0.0261071 -0.00739867
764 0 0 0 2.31677 0.00732701 -0.00755465 0 0 0 2.28941 -0.0261409 -0.00740866
765 0 0 0 2.31989 0.00733688 -0.00756482 0 0 0 2.2925 -0.0261748 -0.00741864
766 0 0 0 2.32302 0.00734679 -0.00757502 0 0 0 2.29559 -0.0262086 -0.00742865
767 0 0 0 2.32614 0.00735668 -0.0075852 0 0 0 2.29868 -0.0262424 -0.00743865
768 0 0 0 2.32927 0.00736656 -0.00759538 0 0 0 2.30177 -0.0262762 -0.00744864
769 0 0 0 2.33238 0.00737642 -0.00760554 0 0 0 2.30485 -0.0263101 -0.00745861
770 0 0 0 2.33551 0.00738632 -0.00761574 0 0 0 2.30794 -0.0263439 -0.00746861
771 0 0 0 2.33864 0.00739621 -0.00762592 0 0 0 2.31103 -0.0263777 -0.00747861
772 0 0 0 2.34176 0.00740608 -0.00763608 0 0 0 2.31412 -0.0264115 -0.00748858
773 0 0 0 2.34487 0.00741594 -0.00764624 0 0 0 2.3172 -0.0264454 -0.00749855
774 0 0 0 2.348 0.00742583 -0.00765643 0 0 0 2.32029 -0.0264792 -0.00750855
775 0 0 0 2.35112 0.00743571 -0.0076666 0 0 0 2.32338 -0.026513 -0.00751854
776 0 0 0 2.35424 0.00744558 -0.00767677 0 0 0 2.32646 -0.0265469 -0.00752851
777 0 0 0 2.35737 0.00745548 -0.00768696 0 0 0 2.32955 -0.0265807 -0.00753851
778 0 0 0 2.36049 0.00746536 -0.00769714 0 0 0 2.33264 -0.0266145 -0.00754851
779 0 0 0 2.36361 0.00747524 -0.00770731 0 0 0 2.33572 -0.0266483 -0.00755848
780 0 0 0 2.36674 0.00748514 -0.00771751 0 0 0 2.33882 -0.0266821 -0.0075685
781 0 0 0 2.36987 0.00749503 -0.0077277 0 0 0 2.34191 -0.0267159 -0.00757849
782 0 0 0 2.37299 0.00750491 -0.00773787 0 0 0 2.345 -0.0267498 -0.00758848
783 0 0 0 2.37611 0.00751478 -0.00774803 0 0 0 2.34808 -0.0267836 -0.00759845
784 0 0 0 2.37922 0.00752463 -0.00775818 0 0 0 2.35116 -0.0268175 -0.00760841
785 0 0 0 2.38233 0.00753447 -0.00776832 0 0 0 2.35423 -0.0268514 -0.00761836
786 0 0 0 2.38545 0.00754435 -0.00777849 0 0 0 2.35732 -0.0268852 -0.00762834
787 0 0 0 2.38857 0.00755421 -0.00778865 0 0 0 2.3604 -0.0269191 -0.00763831
788 0 0 0 2.3917 0.0075641 -0.00779884 0 0 0 2.36349 -0.0269529 -0.00764831
789 0 0 0 2.39482 0.00757398 -0.00780901 0 0 0 2.36658 -0.0269867 -0.00765829
790 0 0 0 2.39794 0.00758385 -0.00781917 0 0 0 2.36966 -0.0270206 -0.00766827
791 0 0 0 2.40105 0.0075937 -0.00782933 0 0 0 2.37274 -0.0270544 -0.00767823
792 0 0 0 2.40416 0.00760355 -0.00783946 0 0 0 2.37581 -0.0270883 -0.00768818
793 0 0 0 2.40728 0.00761342 -0.00784964 0 0 0 2.3789 -0.0271221 -0.00769816
794 0 0 0 2.4104 0.00762329 -0.0078598 0 0 0 2.38198 -0.027156 -0.00770813
795 0 0 0 2.41351 0.00763314 -0.00786994 0 0 0 2.38506 -0.0271899 -0.00771809
796 0 0 0 2.41664 0.00764302 -0.00788012 0 0 0 2.38815 -0.0272237 -0.00772808
797 0 0 0 2.41976 0.00765289 -0.00789029 0 0 0 2.39123 -0.0272575 -0.00773805
798 0 0 0 2.42289 0.00766279 -0.00790048 0 0 0 2.39432 -0.0272913 -0.00774806
799 0 0 0 2.42601 0.00767268 -0.00791067 0 0 0 2.39741 -0.0273251 -0.00775806
800 0 0 0 2.42913 0.00768256 -0.00792084 0 0 0 2.4005 -0.027359 -0.00776804
801 0 0 0 2.43225 0.00769242 -0.007931 0 0 0 2.40358 -0.0273928 -0.00777801
802 0 0 0 2.43538 0.00770232 -0.00794119 0 0 0 2.40667 -0.0274266 -0.00778801
803 0 0 0 2.4385 0.0077122 -0.00795137 0 0 0 2.40976 -0.0274605 -0.007798
804 0 0 0 2.44162 0.00772207 -0.00796154 0 0 0 2.41285 -0.0274943 -0.00780798
805 0 0 0 2.44474 0.00773193 -0.00797169 0 0 0 2.41593 -0.0275282 -0.00781794
806 0 0 0 2.44786 0.00774182 -0.00798188 0 0 0 2.41902 -0.027562 -0.00782794
807 0 0 0 2.45098 0.0077517 -0.00799205 0 0 0 2.4221 -0.0275958 -0.00783792
808 0 0 0 2.4541 0.00776156 -0.00800221 0 0 0 2.42518 -0.0276297 -0.00784789
809 0 0 0 2.45721 0.00777141 -0.00801236 0 0 0 2.42826 -0.0276635 -0.00785785
810 0 0 0 2.46034 0.0077813 -0.00802254 0 0 0 2.43135 -0.0276974 -0.00786784
811 0 0 0 2.46346 0.00779117 -0.0080327 0 0 0 2.43443 -0.0277312 -0.00787782
812 0 0 0 2.46659 0.00780107 -0.0080429 0 0 0 2.43753 -0.027765 -0.00788783
813 0 0 0 2.46971 0.00781096 -0.00805309 0 0 0 2.44062 -0.0277988 -0.00789783
814 0 0 0 2.47283 0.00782084 -0.00806326 0 0 0 2.4437 -0.0278326 -0.00790781
815 0 0 0 2.47597 0.00783075 -0.00807347 0 0 0 2.4468 -0.0278664 -0.00791783
816 0 0 0 2.47909 0.00784065 -0.00808366 0 0 0 2.44989 -0.0279002 -0.00792783
817 0 0 0 2.48222 0.00785053 -0.00809384 0 0 0 2.45298 -0.0279341 -0.00793782
818 0 0 0 2.48534 0.0078604 -0.008104 0 0 0 2.45606 -0.0279679 -0.00794779
819 0 0 0 2.48846 0.0078703 -0.0081142 0 0 0 2.45916 -0.0280017 -0.0079578
820 0 0 0 2.49159 0.00788019 -0.00812439 0 0 0 2.46225 -0.0280355 -0.0079678
821 0 0 0 2.49471 0.00789007 -0.00813456 0 0 0 2.46533 -0.0280694 -0.00797778
822 0 0 0 2.49783 0.00789993 -0.00814472 0 0 0 2.46842 -0.0281032 -0.00798775
823 0 0 0 2.50096 0.00790983 -0.00815491 0 0 0 2.47151 -0.028137 -0.00799775
824 0 0 0 2.50408 0.00791971 -0.00816509 0 0 0 2.4746 -0.0281708 -0.00800774
825 0 0 0 2.5072 0.00792958 -0.00817525 0 0 0 2.47768 -0.0282047 -0.00801772
826 0 0 0 2.51031 0.00793944 -0.0081854 0 0 0 2.48076 -0.0282386 -0.00802768
827 0 0 0 2.51344 0.00794933 -0.00819559 0 0 0 2.48385 -0.0282724 -0.00803768
828 0 0 0 2.51656 0.0079592 -0.00820576 0 0 0 2.48693 -0.0283062 -0.00804766
829 0 0 0 2.51968 0.00796907 -0.00821592 0 0 0 2.49002 -0.0283401 -0.00805763
830 0 0 0 2.52279 0.00797892 -0.00822607 0 0 0 2.49309 -0.0283739 -0.00806759
831 0 0 0 2.52591 0.0079888 -0.00823625 0 0 0 2.49618 -0.0284077 -0.00807758
832 0 0 0 2.52903 0.00799868 -0.00824642 0 0 0 2.49927 -0.0284416 -0.00808756
833 0 0 0 2.53215 0.00800853 -0.00825657 0 0 0 2.50235 -0.0284754 -0.00809752
834 0 0 0 2.53528 0.00801843 -0.00826676 0 0 0 2.50544 -0.0285093 -0.00810752
835 0 0 0 2.5384 0.0080283 -0.00827693 0 0 0 2.50852 -0.0285431 -0.00811751
836 0 0 0 2.54152 0.00803817 -0.00828709 0 0 0 2.51161 -0.0285769 -0.00812748
837 0 0 0 2.54463 0.00804802 -0.00829724 0 0 0 2.51468 -0.0286108 -0.00813744
838 0 0 0 2.54775 0.00805791 -0.00830742 0 0 0 2.51777 -0.0286446 -0.00814743
839 0 0 0 2.55087 0.00806778 -0.00831759 0 0 0 2.52086 -0.0286785 -0.00815741
840 0 0 0 2.55399 0.00807764 -0.00832775 0 0 0 2.52394 -0.0287123 -0.00816737
841 0 0 0 2.55712 0.00808753 -0.00833793 0 0 0 2.52703 -0.0287461 -0.00817737
842 0 0 0 2.56024 0.00809741 -0.00834811 0 0 0 2.53012 -0.02878 -0.00818736
843 0 0 0 2.56336 0.00810728 -0.00835827 0 0 0 2.5332 -0.0288138 -0.00819733
844 0 0 0 2.56648 0.00811718 -0.00836847 0 0 0 2.53629 -0.0288476 -0.00820734
845 0 0 0 2.56961 0.00812706 -0.00837865 0 0 0 2.53938 -0.0288814 -0.00821733
846 0 0 0 2.57273 0.00813694 -0.00838882 0 0 0 2.54247 -0.0289153 -0.00822731
847 0 0 0 2.57585 0.0081468 -0.00839897 0 0 0 2.54555 -0.0289491 -0.00823727
848 0 0 0 2.57897 0.00815669 -0.00840916 0 0 0 2.54864 -0.028983 -0.00824727
849 0 0 0 2.58209 0.00816657 -0.00841934 0 0 0 2.55172 -0.0290168 -0.00825726
850 0 0 0 2.58521 0.00817644 -0.0084295 0 0 0 2.55481 -0.0290506 -0.00826723
851 0 0 0 2.58834 0.00818633 -0.00843969 0 0 0 2.5579 -0.0290844 -0.00827724
852 0 0 0 2.59146 0.00819622 -0.00844987 0 0 0 2.56099 -0.0291183 -0.00828723
853 0 0 0 2.59458 0.00820609 -0.00846004 0 0 0 2.56407 -0.0291521 -0.00829721
854 0 0 0 2.5977 0.00821595 -0.0084702 0 0 0 2.56715 -0.0291859 -0.00830718
855 0 0 0 2.60083 0.00822585 -0.00848039 0 0 0 2.57024 -0.0292198 -0.00831718
856 0 0 0 2.60395 0.00823573 -0.00849056 0 0 0 2.57333 -0.0292536 -0.00832716
857 0 0 0 2.60707 0.00824559 -0.00850073 0 0 0 2.57641 -0.0292874 -0.00833713
858 0 0 0 2.6102 0.00825549 -0.00851092 0 0 0 2.57951 -0.0293212 -0.00834714
859 0 0 0 2.61332 0.00826538 -0.0085211 0 0 0 2.5826 -0.0293551 -0.00835713
860 0 0 0 2.61644 0.00827525 -0.00853127 0 0 0 2.58568 -0.0293889 -0.00836711
861 0 0 0 2.61956 0.00828511 -0.00854143 0 0 0 2.58876 -0.0294228 -0.00837708
862 0 0 0 2.62268 0.00829501 -0.00855162 0 0 0 2.59185 -0.0294566 -0.00838708
863 0 0 0 2.62581 0.00830489 -0.00856179 0 0 0 2.59494 -0.0294904 -0.00839706
864 0 0 0 2.62894 0.0083148 -0.008572 0 0 0 2.59804 -0.0295242 -0.00840708
865 0 0 0 2.63207 0.0083247 -0.00858219 0 0 0 2.60113 -0.029558 -0.00841709
866 0 0 0 2.63519 0.00833458 -0.00859237 0 0 0 2.60422 -0.0295918 -0.00842708
867 0 0 0 2.63831 0.00834445 -0.00860254 0 0 0 2.6073 -0.0296257 -0.00843706
868 0 0 0 2.64143 0.00835431 -0.0086127 0 0 0 2.61038 -0.0296595 -0.00844702
869 0 0 0 2.64455 0.00836421 -0.00862288 0 0 0 2.61347 -0.0296933 -0.00845702
870 0 0 0 2.64767 0.00837409 -0.00863306 0 0 0 2.61656 -0.0297272 -0.00846701
871 0 0 0 2.65079 0.00838395 -0.00864322 0 0 0 2.61964 -0.029761 -0.00847698
872 0 0 0 2.65392 0.00839385 -0.00865342 0 0 0 2.62273 -0.0297948 -0.00848699
873 0 0 0 2.65705 0.00840374 -0.0086636 0 0 0 2.62582 -0.0298286 -0.00849698
874 0 0 0 2.66017 0.00841361 -0.00867377 0 0 0 2.62891 -0.0298625 -0.00850696
875 0 0 0 2.66328 0.00842347 -0.00868392 0 0 0 2.63199 -0.0298963 -0.00851692
876 0 0 0 2.66641 0.00843336 -0.00869411 0 0 0 2.63508 -0.0299301 -0.00852692
877 0 0 0 2.66953 0.00844324 -0.00870428 0 0 0 2.63817 -0.029964 -0.00853691
878 0 0 0 2.67266 0.00845315 -0.00871449 0 0 0 2.64126 -0.0299978 -0.00854693
879 0 0 0 2.67579 0.00846305 -0.00872468 0 0 0 2.64436 -0.0300316 -0.00855693
880 0 0 0 2.67891 0.00847294 -0.00873486 0 0 0 2.64744 -0.0300654 -0.00856692
881 0 0 0 2.68203 0.00848281 -0.00874503 0 0 0 2.65053 -0.0300992 -0.0085769
882 0 0 0 2.68515 0.00849267 -0.00875519 0 0 0 2.65361 -0.0301331 -0.00858686
883 0 0 0 2.68828 0.00850256 -0.00876537 0 0 0 2.6567 -0.0301669 -0.00859686
884 0 0 0 2.6914 0.00851244 -0.00877555 0 0 0 2.65979 -0.0302007 -0.00860685
885 0 0 0 2.69452 0.0085223 -0.00878571 0 0 0 2.66287 -0.0302346 -0.00861682
886 0 0 0 2.69763 0.00853216 -0.00879586 0 0 0 2.66595 -0.0302684 -0.00862678
887 0 0 0 2.70075 0.00854204 -0.00880604 0 0 0 2.66904 -0.0303023 -0.00863677
888 0 0 0 2.70387 0.00855192 -0.00881621 0 0 0 2.67212 -0.0303361 -0.00864675
889 0 0 0 2.70699 0.00856178 -0.00882637 0 0 0 2.6752 -0.03037 -0.00865672
890 0 0 0 2.7101 0.00857162 -0.00883651 0 0 0 2.67828 -0.0304038 -0.00866667
891 0 0 0 2.71323 0.0085815 -0.00884669 0 0 0 2.68137 -0.0304377 -0.00867666
892 0 0 0 2.71634 0.00859137 -0.00885685 0 0 0 2.68445 -0.0304715 -0.00868663
893 0 0 0 2.71946 0.00860123 -0.008867 0 0 0 2.68753 -0.0305054 -0.0086966
894 0 0 0 2.72258 0.00861112 -0.00887719 0 0 0 2.69062 -0.0305392 -0.00870659
895 0 0 0 2.7257 0.00862099 -0.00888736 0 0 0 2.6937 -0.030573 -0.00871657
896 0 0 0 2.72882 0.00863085 -0.00889751 0 0 0 2.69678 -0.0306069 -0.00872654
897 0 0 0 2.73195 0.00864075 -0.0089077 0 0 0 2.69988 -0.0306407 -0.00873654
898 0 0 0 2.73507 0.00865063 -0.00891788 0 0 0 2.70296 -0.0306745 -0.00874653
899 0 0 0 2.73819 0.0086605 -0.00892805 0 0 0 2.70605 -0.0307084 -0.00875651
900 0 0 0 2.74132 0.0086704 -0.00893824 0 0 0 2.70914 -0.0307422 -0.00876651
901 0 0 0 2.74444 0.00868029 -0.00894843 0 0 0 2.71223 -0.030776 -0.00877651
902 0 0 0 2.74756 0.00869016 -0.0089586 0 0 0 2.71531 -0.0308098 -0.00878649
903 0 0 0 2.75068 0.00870003 -0.00896875 0 0 0 2.7184 -0.0308437 -0.00879646
904 0 0 0 2.75381 0.00870992 -0.00897895 0 0 0 2.72149 -0.0308775 -0.00880646
905 0 0 0 2.75693 0.0087198 -0.00898912 0 0 0 2.72457 -0.0309113 -0.00881645
906 0 0 0 2.76005 0.00872967 -0.00899929 0 0 0 2.72766 -0.0309452 -0.00882642
907 0 0 0 2.76318 0.00873957 -0.00900948 0 0 0 2.73075 -0.030979 -0.00883643
908 0 0 0 2.7663 0.00874946 -0.00901967 0 0 0 2.73384 -0.0310128 -0.00884642
909 0 0 0 2.76942 0.00875933 -0.00902984 0 0 0 2.73693 -0.0310466 -0.0088564
910 0 0 0 2.77254 0.0087692 -0.00903999 0 0 0 2.74001 -0.0310805 -0.00886637
911 0 0 0 2.77567 0.00877909 -0.00905018 0 0 0 2.7431 -0.0311143 -0.00887637
912 0 0 0 2.77879 0.00878897 -0.00906036 0 0 0 2.74619 -0.0311481 -0.00888636
913 0 0 0 2.78191 0.00879884 -0.00907053 0 0 0 2.74927 -0.031182 -0.00889634
914 0 0 0 2.78502 0.0088087 -0.00908068 0 0 0 2.75235 -0.0312158 -0.0089063
915 0 0 0 2.78815 0.00881859 -0.00909086 0 0 0 2.75544 -0.0312496 -0.00891629
916 0 0 0 2.79127 0.00882846 -0.00910103 0 0 0 2.75852 -0.0312835 -0.00892627
917 0 0 0 2.7944 0.00883837 -0.00911124 0 0 0 2.76162 -0.0313173 -0.00893629
918 0 0 0 2.79753 0.00884826 -0.00912143 0 0 0 2.76471 -0.0313511 -0.00894629
919 0 0 0 2.80065 0.00885814 -0.0091316 0 0 0 2.7678 -0.0313849 -0.00895628
920 0 0 0 2.80377 0.00886801 -0.00914177 0 0 0 2.77088 -0.0314187 -0.00896625
921 0 0 0 2.8069 0.00887791 -0.00915196 0 0 0 2.77397 -0.0314525 -0.00897626
922 0 0 0 2.81002 0.0088878 -0.00916215 0 0 0 2.77706 -0.0314864 -0.00898625
923 0 0 0 2.81314 0.00889768 -0.00917232 0 0 0 2.78015 -0.0315202 -0.00899623
924 0 0 0 2.81626 0.00890754 -0.00918247 0 0 0 2.78323 -0.0315541 -0.0090062
925 0 0 0 2.81939 0.00891743 -0.00919266 0 0 0 2.78632 -0.0315879 -0.0090162
926 0 0 0 2.82251 0.00892731 -0.00920284 0 0 0 2.78941 -0.0316217 -0.00902619
927 0 0 0 2.82563 0.00893718 -0.00921301 0 0 0 2.79249 -0.0316555 -0.00903616
928 0 0 0 2.82876 0.00894708 -0.0092232 0 0 0 2.79559 -0.0316893 -0.00904617
929 0 0 0 2.83188 0.00895697 -0.00923338 0 0 0 2.79867 -0.0317232 -0.00905617
930 0 0 0 2.835 0.00896684 -0.00924355 0 0 0 2.80176 -0.031757 -0.00906615
931 0 0 0 2.83813 0.00897675 -0.00925376 0 0 0 2.80486 -0.0317908 -0.00907616
932 0 0 0 2.84126 0.00898664 -0.00926395 0 0 0 2.80795 -0.0318246 -0.00908616
933 0 0 0 2.84438 0.00899652 -0.00927412 0 0 0 2.81103 -0.0318584 -0.00909615
934 0 0 0 2.8475 0.00900639 -0.00928428 0 0 0 2.81412 -0.0318923 -0.00910612
935 0 0 0 2.85062 0.00901625 -0.00929444 0 0 0 2.8172 -0.0319261 -0.00911608
936 0 0 0 2.85374 0.00902613 -0.00930462 0 0 0 2.82028 -0.03196 -0.00912607
937 0 0 0 2.85686 0.00903601 -0.00931479 0 0 0 2.82337 -0.0319938 -0.00913606
938 0 0 0 2.85999 0.00904592 -0.00932499 0 0 0 2.82647 -0.0320276 -0.00914607
939 0 0 0 2.86312 0.00905581 -0.00933518 0 0 0 2.82956 -0.0320614 -0.00915607
940 0 0 0 2.86624 0.00906569 -0.00934536 0 0 0 2.83264 -0.0320952 -0.00916605
941 0 0 0 2.86936 0.00907556 -0.00935552 0 0 0 2.83573 -0.0321291 -0.00917603
942 0 0 0 2.87249 0.00908546 -0.00936571 0 0 0 2.83882 -0.0321629 -0.00918603
943 0 0 0 2.87561 0.00909534 -0.0093759 0 0 0 2.84191 -0.0321967 -0.00919603
944 0 0 0 2.87873 0.00910522 -0.00938607 0 0 0 2.84499 -0.0322305 -0.00920601
945 0 0 0 2.88185 0.00911508 -0.00939622 0 0 0 2.84807 -0.0322644 -0.00921597
946 0 0 0 2.88496 0.00912493 -0.00940637 0 0 0 2.85115 -0.0322983 -0.00922593
947 0 0 0 2.88808 0.00913481 -0.00941654 0 0 0 2.85424 -0.0323321 -0.00923592
948 0 0 0 2.8912 0.00914468 -0.00942671 0 0 0 2.85732 -0.0323659 -0.00924589
949 0 0 0 2.89432 0.00915453 -0.00943686 0 0 0 2.8604 -0.0323998 -0.00925585
950 0 0 0 2.89744 0.00916442 -0.00944704 0 0 0 2.86349 -0.0324336 -0.00926585
951 0 0 0 2.90056 0.0091743 -0.00945721 0 0 0 2.86658 -0.0324675 -0.00927583
952 0 0 0 2.90368 0.00918416 -0.00946737 0 0 0 2.86966 -0.0325013 -0.0092858
953 0 0 0 2.90679 0.00919401 -0.00947752 0 0 0 2.87274 -0.0325352 -0.00929576
954 0 0 0 2.90992 0.00920389 -0.0094877 0 0 0 2.87582 -0.032569 -0.00930575
955 0 0 0 2.91304 0.00921376 -0.00949786 0 0 0 2.87891 -0.0326029 -0.00931572
956 0 0 0 2.91615 0.00922362 -0.00950802 0 0 0 2.88199 -0.0326367 -0.00932569
957 0 0 0 2.91928 0.00923351 -0.0095182 0 0 0 2.88508 -0.0326705 -0.00933568
958 0 0 0 2.9224 0.00924339 -0.00952837 0 0 0 2.88816 -0.0327044 -0.00934567
959 0 0 0 2.92552 0.00925325 -0.00953853 0 0 0 2.89124 -0.0327382 -0.00935564
960 0 0 0 2.92863 0.0092631 -0.00954868 0 0 0 2.89432 -0.0327721 -0.00936559
961 0 0 0 2.93175 0.00927299 -0.00955886 0 0 0 2.89741 -0.0328059 -0.00937559
962 0 0 0 2.93487 0.00928286 -0.00956903 0 0 0 2.9005 -0.0328397 -0.00938556
963 0 0 0 2.938 0.00929276 -0.00957923 0 0 0 2.90359 -0.0328735 -0.00939557
964 0 0 0 2.94113 0.00930265 -0.00958941 0 0 0 2.90668 -0.0329074 -0.00940557
965 0 0 0 2.94425 0.00931253 -0.00959959 0 0 0 2.90977 -0.0329412 -0.00941555
966 0 0 0 2.94738 0.00932244 -0.00960979 0 0 0 2.91286 -0.032975 -0.00942557
967 0 0 0 2.95051 0.00933234 -0.00961998 0 0 0 2.91595 -0.0330088 -0.00943557
968 0 0 0 2.95363 0.00934222 -0.00963016 0 0 0 2.91904 -0.0330426 -0.00944556
969 0 0 0 2.95675 0.00935209 -0.00964033 0 0 0 2.92213 -0.0330765 -0.00945554
970 0 0 0 2.95987 0.00936195 -0.00965048 0 0 0 2.92521 -0.0331103 -0.0094655
971 0 0 0 2.96299 0.00937184 -0.00966067 0 0 0 2.9283 -0.0331441 -0.0094755
972 0 0 0 2.96611 0.00938171 -0.00967084 0 0 0 2.93138 -0.033178 -0.00948548
973 0 0 0 2.96923 0.00939158 -0.009681 0 0 0 2.93446 -0.0332118 -0.00949545
974 0 0 0 2.97235 0.00940143 -0.00969115 0 0 0 2.93754 -0.0332457 -0.00950541
975 0 0 0 2.97547 0.00941132 -0.00970133 0 0 0 2.94063 -0.0332795 -0.0095154
976 0 0 0 2.97859 0.00942119 -0.0097115 0 0 0 2.94371 -0.0333134 -0.00952538
977 0 0 0 2.98171 0.00943105 -0.00972165 0 0 0 2.94679 -0.0333472 -0.00953535
978 0 0 0 2.98483 0.00944094 -0.00973184 0 0 0 2.94989 -0.033381 -0.00954534
979 0 0 0 2.98795 0.00945082 -0.00974201 0 0 0 2.95297 -0.0334149 -0.00955533
980 0 0 0 2.99107 0.00946068 -0.00975217 0 0 0 2.95605 -0.0334487 -0.0095653
981 0 0 0 2.99418 0.00947054 -0.00976232 0 0 0 2.95913 -0.0334826 -0.00957526
982 0 0 0 2.99731 0.00948042 -0.0097725 0 0 0 2.96222 -0.0335164 -0.00958525
983 0 0 0 3.00043 0.00949029 -0.00978267 0 0 0 2.96531 -0.0335502 -0.00959523
984 0 0 0 3.00355 0.00950015 -0.00979283 0 0 0 2.96839 -0.0335841 -0.0096052
985 0 0 0 3.00667 0.00951005 -0.00980302 0 0 0 2.97148 -0.0336179 -0.0096152
986 0 0 0 3.00979 0.00951993 -0.00981319 0 0 0 2.97456 -0.0336517 -0.00962518
987 0 0 0 3.01291 0.00952979 -0.00982335 0 0 0 2.97765 -0.0336856 -0.00963516
988 0 0 0 3.01603 0.00953965 -0.0098335 0 0 0 2.98073 -0.0337194 -0.00964512
989 0 0 0 3.01915 0.00954953 -0.00984369 0 0 0 2.98381 -0.0337533 -0.00965511
990 0 0 0 3.02227 0.00955941 -0.00985386 0 0 0 2.9869 -0.0337871 -0.00966509
991 0 0 0 3.02539 0.00956927 -0.00986401 0 0 0 2.98998 -0.033821 -0.00967506
992 0 0 0 3.02851 0.00957916 -0.0098742 0 0 0 2.99307 -0.0338548 -0.00968506
993 0 0 0 3.03164 0.00958904 -0.00988438 0 0 0 2.99616 -0.0338886 -0.00969504
994 0 0 0 3.03476 0.00959891 -0.00989454 0 0 0 2.99924 -0.0339224 -0.00970502
995 0 0 0 3.03788 0.00960881 -0.00990474 0 0 0 3.00234 -0.0339562 -0.00971502
996 0 0 0 3.04101 0.0096187 -0.00991492 0 0 0 3.00542 -0.0339901 -0.00972502
997 0 0 0 3.04414 0.00962862 -0.00992513 0 0 0 3.00852 -0.0340238 -0.00973504
998 0 0 0 3.04727 0.00963852 -0.00993534 0 0 0 3.01162 -0.0340576 -0.00974505
999 0 0 0 3.0504 0.00964842 -0.00994552 0 0 0 3.01471 -0.0340915 -0.00975505
1000 0 0 0 3.05352 0.00965829 -0.0099557 0 0 0 3.0178 -0.0341253 -0.00976504
