0 -0.00152588 0 0 0.00152588 0 0
1 -0 0 0 0 0 0
2 -0 0 0 0 0 0
3 -0.00152588 0 0 0.00152588 0 0
4 -0.00152588 0 0 0.00152588 0 0
5 -0.00152588 0 0 0.00152588 0 0
6 -0.00305176 0 0 0.00305176 0 0
7 -0.00457764 0 0 0.00457764 0 0
8 -0.00610352 0 0 0.00610352 0 0
9 -0.00762939 0 0 0.00762939 0 0
10 -0.00915527 0 0 0.00915527 0 0
11 -0.0106812 0 0 0.0106812 0 0
12 -0.0137329 0 0 0.0137329 0 0
13 -0.0167847 0 0 0.0167847 0 0
14 -0.0198364 0 0 0.0198364 0 0
15 -0.0228882 0 0 0.0228882 0 0
16 -0.0259399 0 0 0.0259399 0 0
17 -0.0289917 0 0 0.0289917 0 0
18 -0.0335693 0 0 0.0335693 0 0
19 -0.0366211 0 0 0.0366211 0 0
20 -0.0411987 0 0 0.0411987 0 0
21 -0.0442505 0 0 0.0442505 0 0
22 -0.0488281 0 0 0.0488281 0 0
23 -0.0534058 0 0 0.0534058 0 0
24 -0.0579834 0 0 0.0579834 0 0
25 -0.062561 0 0 0.062561 0 0
26 -0.0671387 0 0 0.0671387 0 0
27 -0.0717163 0 0 0.0717163 0 0
28 -0.0778198 0 0 0.0778198 0 0
29 -0.0823975 0 0 0.0823975 0 0
30 -0.0869751 0 0 0.0869751 0 0
31 -0.0930786 0 0 0.0930786 0 0
32 -0.0991821 0 0 0.0991821 0 0
33 -0.10376 0 0 0.10376 0 0
34 -0.109863 0 0 0.109863 0 0
35 -0.114441 0 0 0.114441 0 0
36 -0.120544 0 0 0.120544 0 0
37 -0.126648 0 0 0.126648 0 0
38 -0.132751 0 0 0.132751 0 0
39 -0.138855 0 0 0.138855 0 0
40 -0.144958 0 0 0.144958 0 0
41 -0.151062 0 0 0.151062 0 0
42 -0.157166 0 0 0.157166 0 0
43 -0.163269 0 0 0.163269 0 0
44 -0.169373 0 0 0.169373 0 0
45 -0.175476 0 0 0.175476 0 0
46 -0.18158 0 0 0.18158 0 0
47 -0.187683 0 0 0.187683 0 0
48 -0.193787 0 0 0.193787 0 0
49 -0.201416 0 0 0.201416 0 0
50 -0.20752 0 0 0.20752 0 0
51 -0.213623 0 0 0.213623 0 0
52 -0.221252 0 0 0.221252 0 0
53 -0.227356 0 0 0.227356 0 0
54 -0.233459 0 0 0.233459 0 0
55 -0.239563 0 0 0.239563 0 0
56 -0.247192 0 0 0.247192 0 0
57 -0.253296 0 0 0.253296 0 0
58 -0.260925 0 0 0.260925 0 0
59 -0.267029 0 0 0.267029 0 0
60 -0.273132 0 0 0.273132 0 0
61 -0.280762 0 0 0.280762 0 0
62 -0.288391 0 0 0.288391 0 0
63 -0.294495 0 0 0.294495 0 0
64 -0.300598 0 0 0.300598 0 0
65 -0.308228 0 0 0.308228 0 0
66 -0.314331 0 0 0.314331 0 0
67 -0.32196 0 0 0.32196 0 0
68 -0.328064 0 0 0.328064 0 0
69 -0.335693 0 0 0.335693 0 0
70 -0.343323 0 0 0.343323 0 0
71 -0.349426 0 0 0.349426 0 0
72 -0.357056 0 0 0.357056 0 0
73 -0.363159 0 0 0.363159 0 0
74 -0.370789 0 0 0.370789 0 0
75 -0.376892 0 0 0.376892 0 0
76 -0.384521 0 0 0.384521 0 0
77 -0.390625 0 0 0.390625 0 0
78 -0.398254 0 0 0.398254 0 0
79 -0.405884 0 0 0.405884 0 0
80 -0.413513 0 0 0.413513 0 0
81 -0.419617 0 0 0.419617 0 0
82 -0.427246 0 0 0.427246 0 0
83 -0.434875 0 0 0.434875 0 0
84 -0.440979 0 0 0.440979 0 0
85 -0.448608 0 0 0.448608 0 0
86 -0.456238 0 0 0.456238 0 0
87 -0.462341 0 0 0.462341 0 0
88 -0.469971 0 0 0.469971 0 0
89 -0.476074 0 0 0.476074 0 0
90 -0.483704 0 0 0.483704 0 0
91 -0.491333 0 0 0.491333 0 0
92 -0.497437 0 0 0.497437 0 0
93 -0.505066 0 0 0.505066 0 0
94 -0.512695 0 0 0.512695 0 0
95 -0.518799 0 0 0.518799 0 0
96 -0.526428 0 0 0.526428 0 0
97 -0.534058 0 0 0.534058 0 0
98 -0.541687 0 0 0.541687 0 0
99 -0.547791 0 0 0.547791 0 0
100 -0.55542 0 0 0.55542 0 0
101 -0.563049 0 0 0.563049 0 0
102 -0.569153 0 0 0.569153 0 0
103 -0.576782 0 0 0.576782 0 0
104 -0.584412 0 0 0.584412 0 0
105 -0.592041 0 0 0.592041 0 0
106 -0.598145 0 0 0.598145 0 0
107 -0.605774 0 0 0.605774 0 0
108 -0.613403 0 0 0.613403 0 0
109 -0.619507 0 0 0.619507 0 0
110 -0.627136 0 0 0.627136 0 0
111 -0.634766 0 0 0.634766 0 0
112 -0.642395 0 0 0.642395 0 0
113 -0.648499 0 0 0.648499 0 0
114 -0.656128 0 0 0.656128 0 0
115 -0.662231 0 0 0.662231 0 0
116 -0.669861 0 0 0.669861 0 0
117 -0.67749 0 0 0.67749 0 0
118 -0.68512 0 0 0.68512 0 0
119 -0.691223 0 0 0.691223 0 0
120 -0.698853 0 0 0.698853 0 0
121 -0.704956 0 0 0.704956 0 0
122 -0.712585 0 0 0.712585 0 0
123 -0.720215 0 0 0.720215 0 0
124 -0.727844 0 0 0.727844 0 0
125 -0.735474 0 0 0.735474 0 0
126 -0.741577 0 0 0.741577 0 0
127 -0.749207 0 0 0.749207 0 0
128 -0.756836 0 0 0.756836 0 0
129 -0.764465 0 0 0.764465 0 0
130 -0.770569 0 0 0.770569 0 0
131 -0.778198 0 0 0.778198 0 0
132 -0.785828 0 0 0.785828 0 0
133 -0.791931 0 0 0.791931 0 0
134 -0.799561 0 0 0.799561 0 0
135 -0.80719 0 0 0.80719 0 0
136 -0.814819 0 0 0.814819 0 0
137 -0.820923 0 0 0.820923 0 0
138 -0.828552 0 0 0.828552 0 0
139 -0.836182 0 0 0.836182 0 0
140 -0.842285 0 0 0.842285 0 0
141 -0.849915 0 0 0.849915 0 0
142 -0.857544 0 0 0.857544 0 0
143 -0.865173 0 0 0.865173 0 0
144 -0.872803 0 0 0.872803 0 0
145 -0.878906 0 0 0.878906 0 0
146 -0.886536 0 0 0.886536 0 0
147 -0.894165 0 0 0.894165 0 0
148 -0.900269 0 0 0.900269 0 0
149 -0.907898 0 0 0.907898 0 0
150 -0.915527 0 0 0.915527 0 0
151 -0.923157 0 0 0.923157 0 0
152 -0.92926 0 0 0.92926 0 0
153 -0.93689 0 0 0.93689 0 0
154 -0.944519 0 0 0.944519 0 0
155 -0.950623 0 0 0.950623 0 0
156 -0.958252 0 0 0.958252 0 0
157 -0.964355 0 0 0.964355 0 0
158 -0.971985 0 0 0.971985 0 0
159 -0.979614 0 0 0.979614 0 0
160 -0.987244 0 0 0.987244 0 0
161 -0.994873 0 0 0.994873 0 0
162 -1.00098 0 0 1.00098 0 0
163 -1.00861 0 0 1.00861 0 0
164 -1.01624 0 0 1.01624 0 0
165 -1.02386 0 0 1.02386 0 0
166 -1.02997 0 0 1.02997 0 0
167 -1.0376 0 0 1.0376 0 0
168 -1.04523 0 0 1.04523 0 0
169 -1.05286 0 0 1.05286 0 0
170 -1.05896 0 0 1.05896 0 0
171 -1.06659 0 0 1.06659 0 0
172 -1.07422 0 0 1.07422 0 0
173 -1.08032 0 0 1.08032 0 0
174 -1.08795 0 0 1.08795 0 0
175 -1.09558 0 0 1.09558 0 0
176 -1.10321 0 0 1.10321 0 0
177 -1.10931 0 0 1.10931 0 0
178 -1.11694 0 0 1.11694 0 0
179 -1.12457 0 0 1.12457 0 0
180 -1.13068 0 0 1.13068 0 0
181 -1.13831 0 0 1.13831 0 0
182 -1.14594 0 0 1.14594 0 0
183 -1.15204 0 0 1.15204 0 0
184 -1.15967 0 0 1.15967 0 0
185 -1.1673 0 0 1.1673 0 0
186 -1.17493 0 0 1.17493 0 0
187 -1.18103 0 0 1.18103 0 0
188 -1.18866 0 0 1.18866 0 0
189 -1.19629 0 0 1.19629 0 0
190 -1.20392 0 0 1.20392 0 0
191 -1.21155 0 0 1.21155 0 0
192 -1.21765 0 0 1.21765 0 0
193 -1.22528 0 0 1.22528 0 0
194 -1.23291 0 0 1.23291 0 0
195 -1.23901 0 0 1.23901 0 0
196 -1.24664 0 0 1.24664 0 0
197 -1.25427 0 0 1.25427 0 0
198 -1.26038 0 0 1.26038 0 0
199 -1.26801 0 0 1.26801 0 0
200 -1.27563 0 0 1.27563 0 0
201 -1.28326 0 0 1.28326 0 0
202 -1.28937 0 0 1.28937 0 0
203 -1.297 0 0 1.297 0 0
204 -1.30463 0 0 1.30463 0 0
205 -1.31073 0 0 1.31073 0 0
206 -1.31836 0 0 1.31836 0 0
207 -1.32599 0 0 1.32599 0 0
208 -1.33362 0 0 1.33362 0 0
209 -1.33972 0 0 1.33972 0 0
210 -1.34735 0 0 1.34735 0 0
211 -1.35498 0 0 1.35498 0 0
212 -1.36261 0 0 1.36261 0 0
213 -1.36871 0 0 1.36871 0 0
214 -1.37634 0 0 1.37634 0 0
215 -1.38397 0 0 1.38397 0 0
216 -1.3916 0 0 1.3916 0 0
217 -1.39771 0 0 1.39771 0 0
218 -1.40533 0 0 1.40533 0 0
219 -1.41144 0 0 1.41144 0 0
220 -1.41907 0 0 1.41907 0 0
221 -1.4267 0 0 1.4267 0 0
222 -1.43433 0 0 1.43433 0 0
223 -1.44196 0 0 1.44196 0 0
224 -1.44806 0 0 1.44806 0 0
225 -1.45569 0 0 1.45569 0 0
226 -1.46332 0 0 1.46332 0 0
227 -1.46942 0 0 1.46942 0 0
228 -1.47705 0 0 1.47705 0 0
229 -1.48468 0 0 1.48468 0 0
230 -1.49078 0 0 1.49078 0 0
231 -1.49841 0 0 1.49841 0 0
232 -1.50604 0 0 1.50604 0 0
233 -1.51367 0 0 1.51367 0 0
234 -1.51978 0 0 1.51978 0 0
235 -1.5274 0 0 1.5274 0 0
236 -1.53503 0 0 1.53503 0 0
237 -1.54114 0 0 1.54114 0 0
238 -1.54877 0 0 1.54877 0 0
239 -1.5564 0 0 1.5564 0 0
240 -1.56403 0 0 1.56403 0 0
241 -1.57013 0 0 1.57013 0 0
242 -1.57776 0 0 1.57776 0 0
243 -1.58539 0 0 1.58539 0 0
244 -1.59149 0 0 1.59149 0 0
245 -1.59912 0 0 1.59912 0 0
246 -1.60675 0 0 1.60675 0 0
247 -1.61438 0 0 1.61438 0 0
248 -1.62048 0 0 1.62048 0 0
249 -1.62811 0 0 1.62811 0 0
250 -1.63574 0 0 1.63574 0 0
251 -1.64337 0 0 1.64337 0 0
252 -1.64948 0 0 1.64948 0 0
253 -1.6571 0 0 1.6571 0 0
254 -1.66473 0 0 1.66473 0 0
255 -1.67084 0 0 1.67084 0 0
256 -1.67847 0 0 1.67847 0 0
257 -1.6861 0 0 1.6861 0 0
258 -1.69373 0 0 1.69373 0 0
259 -1.69983 0 0 1.69983 0 0
260 -1.70746 0 0 1.70746 0 0
261 -1.71509 0 0 1.71509 0 0
262 -1.72119 0 0 1.72119 0 0
263 -1.72882 0 0 1.72882 0 0
264 -1.73645 0 0 1.73645 0 0
265 -1.74408 0 0 1.74408 0 0
266 -1.75018 0 0 1.75018 0 0
267 -1.75781 0 0 1.75781 0 0
268 -1.76544 0 0 1.76544 0 0
269 -1.77307 0 0 1.77307 0 0
270 -1.7807 0 0 1.7807 0 0
271 -1.7868 0 0 1.7868 0 0
272 -1.79443 0 0 1.79443 0 0
273 -1.80206 0 0 1.80206 0 0
274 -1.80817 0 0 1.80817 0 0
275 -1.8158 0 0 1.8158 0 0
276 -1.82343 0 0 1.82343 0 0
277 -1.82953 0 0 1.82953 0 0
278 -1.83716 0 0 1.83716 0 0
279 -1.84479 0 0 1.84479 0 0
280 -1.85089 0 0 1.85089 0 0
281 -1.85852 0 0 1.85852 0 0
282 -1.86615 0 0 1.86615 0 0
283 -1.87225 0 0 1.87225 0 0
284 -1.87988 0 0 1.87988 0 0
285 -1.88751 0 0 1.88751 0 0
286 -1.89514 0 0 1.89514 0 0
287 -1.90125 0 0 1.90125 0 0
288 -1.90887 0 0 1.90887 0 0
289 -1.9165 0 0 1.9165 0 0
290 -1.92413 0 0 1.92413 0 0
291 -1.93024 0 0 1.93024 0 0
292 -1.93787 0 0 1.93787 0 0
293 -1.9455 0 0 1.9455 0 0
294 -1.9516 0 0 1.9516 0 0
295 -1.95923 0 0 1.95923 0 0
296 -1.96686 0 0 1.96686 0 0
297 -1.97449 0 0 1.97449 0 0
298 -1.98059 0 0 1.98059 0 0
299 -1.98822 0 0 1.98822 0 0
300 -1.99585 0 0 1.99585 0 0
301 -2.00348 0 0 2.00348 0 0
302 -2.00958 0 0 2.00958 0 0
303 -2.01721 0 0 2.01721 0 0
304 -2.02484 0 0 2.02484 0 0
305 -2.03247 0 0 2.03247 0 0
306 -2.03857 0 0 2.03857 0 0
307 -2.0462 0 0 2.0462 0 0
308 -2.05383 0 0 2.05383 0 0
309 -2.05994 0 0 2.05994 0 0
310 -2.06757 0 0 2.06757 0 0
311 -2.0752 0 0 2.0752 0 0
312 -2.0813 0 0 2.0813 0 0
313 -2.08893 0 0 2.08893 0 0
314 -2.09656 0 0 2.09656 0 0
315 -2.10419 0 0 2.10419 0 0
316 -2.11029 0 0 2.11029 0 0
317 -2.11792 0 0 2.11792 0 0
318 -2.12555 0 0 2.12555 0 0
319 -2.13165 0 0 2.13165 0 0
320 -2.13928 0 0 2.13928 0 0
321 -2.14691 0 0 2.14691 0 0
322 -2.15302 0 0 2.15302 0 0
323 -2.16064 0 0 2.16064 0 0
324 -2.16827 0 0 2.16827 0 0
325 -2.17438 0 0 2.17438 0 0
326 -2.18201 0 0 2.18201 0 0
327 -2.18964 0 0 2.18964 0 0
328 -2.19727 0 0 2.19727 0 0
329 -2.2049 0 0 2.2049 0 0
330 -2.211 0 0 2.211 0 0
331 -2.21863 0 0 2.21863 0 0
332 -2.22626 0 0 2.22626 0 0
333 -2.23236 0 0 2.23236 0 0
334 -2.23999 0 0 2.23999 0 0
335 -2.24762 0 0 2.24762 0 0
336 -2.25525 0 0 2.25525 0 0
337 -2.26135 0 0 2.26135 0 0
338 -2.26898 0 0 2.26898 0 0
339 -2.27661 0 0 2.27661 0 0
340 -2.28424 0 0 2.28424 0 0
341 -2.29034 0 0 2.29034 0 0
342 -2.29797 0 0 2.29797 0 0
343 -2.3056 0 0 2.3056 0 0
344 -2.31171 0 0 2.31171 0 0
345 -2.31934 0 0 2.31934 0 0
346 -2.32697 0 0 2.32697 0 0
347 -2.33307 0 0 2.33307 0 0
348 -2.3407 0 0 2.3407 0 0
349 -2.34833 0 0 2.34833 0 0
350 -2.35443 0 0 2.35443 0 0
351 -2.36206 0 0 2.36206 0 0
352 -2.36969 0 0 2.36969 0 0
353 -2.37732 0 0 2.37732 0 0
354 -2.38495 0 0 2.38495 0 0
355 -2.39258 0 0 2.39258 0 0
356 -2.39868 0 0 2.39868 0 0
357 -2.40631 0 0 2.40631 0 0
358 -2.41394 0 0 2.41394 0 0
359 -2.42004 0 0 2.42004 0 0
360 -2.42767 0 0 2.42767 0 0
361 -2.43378 0 0 2.43378 0 0
362 -2.44141 0 0 2.44141 0 0
363 -2.44904 0 0 2.44904 0 0
364 -2.45667 0 0 2.45667 0 0
365 -2.46277 0 0 2.46277 0 0
366 -2.4704 0 0 2.4704 0 0
367 -2.47803 0 0 2.47803 0 0
368 -2.48413 0 0 2.48413 0 0
369 -2.49176 0 0 2.49176 0 0
370 -2.49939 0 0 2.49939 0 0
371 -2.50702 0 0 2.50702 0 0
372 -2.51465 0 0 2.51465 0 0
373 -2.52075 0 0 2.52075 0 0
374 -2.52838 0 0 2.52838 0 0
375 -2.53448 0 0 2.53448 0 0
376 -2.54211 0 0 2.54211 0 0
377 -2.54974 0 0 2.54974 0 0
378 -2.55737 0 0 2.55737 0 0
379 -2.56348 0 0 2.56348 0 0
380 -2.57111 0 0 2.57111 0 0
381 -2.57874 0 0 2.57874 0 0
382 -2.58636 0 0 2.58636 0 0
383 -2.59247 0 0 2.59247 0 0
384 -2.6001 0 0 2.6001 0 0
385 -2.60773 0 0 2.60773 0 0
386 -2.61383 0 0 2.61383 0 0
387 -2.62146 0 0 2.62146 0 0
388 -2.62909 0 0 2.62909 0 0
389 -2.63672 0 0 2.63672 0 0
390 -2.64282 0 0 2.64282 0 0
391 -2.65045 0 0 2.65045 0 0
392 -2.65808 0 0 2.65808 0 0
393 -2.66571 0 0 2.66571 0 0
394 -2.67181 0 0 2.67181 0 0
395 -2.67944 0 0 2.67944 0 0
396 -2.68555 0 0 2.68555 0 0
397 -2.69318 0 0 2.69318 0 0
398 -2.70081 0 0 2.70081 0 0
399 -2.70844 0 0 2.70844 0 0
400 -2.71454 0 0 2.71454 0 0
401 -2.72217 0 0 2.72217 0 0
402 -2.7298 0 0 2.7298 0 0
403 -2.73743 0 0 2.73743 0 0
404 -2.74353 0 0 2.74353 0 0
405 -2.75116 0 0 2.75116 0 0
406 -2.75879 0 0 2.75879 0 0
407 -2.76489 0 0 2.76489 0 0
408 -2.77252 0 0 2.77252 0 0
409 -2.78015 0 0 2.78015 0 0
410 -2.78778 0 0 2.78778 0 0
411 -2.79388 0 0 2.79388 0 0
412 -2.80151 0 0 2.80151 0 0
413 -2.80914 0 0 2.80914 0 0
414 -2.81677 0 0 2.81677 0 0
415 -2.82288 0 0 2.82288 0 0
416 -2.83051 0 0 2.83051 0 0
417 -2.83813 0 0 2.83813 0 0
418 -2.84424 0 0 2.84424 0 0
419 -2.85187 0 0 2.85187 0 0
420 -2.8595 0 0 2.8595 0 0
421 -2.86713 0 0 2.86713 0 0
422 -2.87323 0 0 2.87323 0 0
423 -2.88086 0 0 2.88086 0 0
424 -2.88849 0 0 2.88849 0 0
425 -2.89459 0 0 2.89459 0 0
426 -2.90222 0 0 2.90222 0 0
427 -2.90985 0 0 2.90985 0 0
428 -2.91748 0 0 2.91748 0 0
429 -2.92358 0 0 2.92358 0 0
430 -2.93121 0 0 2.93121 0 0
431 -2.93884 0 0 2.93884 0 0
432 -2.94495 0 0 2.94495 0 0
433 -2.95258 0 0 2.95258 0 0
434 -2.96021 0 0 2.96021 0 0
435 -2.96631 0 0 2.96631 0 0
436 -2.97394 0 0 2.97394 0 0
437 -2.98157 0 0 2.98157 0 0
438 -2.9892 0 0 2.9892 0 0
439 -2.9953 0 0 2.9953 0 0
440 -3.00293 0 0 3.00293 0 0
441 -3.01056 0 0 3.01056 0 0
442 -3.01666 0 0 3.01666 0 0
443 -3.02429 0 0 3.02429 0 0
444 -3.03192 0 0 3.03192 0 0
445 -3.03955 0 0 3.03955 0 0
446 -3.04565 0 0 3.04565 0 0
447 -3.05328 0 0 3.05328 0 0
448 -3.06091 0 0 3.06091 0 0
449 -3.06854 0 0 3.06854 0 0
450 -3.07465 0 0 3.07465 0 0
451 -3.08228 0 0 3.08228 0 0
452 -3.0899 0 0 3.0899 0 0
453 -3.09601 0 0 3.09601 0 0
454 -3.10364 0 0 3.10364 0 0
455 -3.11127 0 0 3.11127 0 0
456 -3.11737 0 0 3.11737 0 0
457 -3.125 0 0 3.125 0 0
458 -3.13263 0 0 3.13263 0 0
459 -3.14026 0 0 3.14026 0 0
460 -3.14636 0 0 3.14636 0 0
461 -3.15399 0 0 3.15399 0 0
462 -3.16162 0 0 3.16162 0 0
463 -3.16772 0 0 3.16772 0 0
464 -3.17535 0 0 3.17535 0 0
465 -3.18298 0 0 3.18298 0 0
466 -3.19061 0 0 3.19061 0 0
467 -3.19672 0 0 3.19672 0 0
468 -3.20435 0 0 3.20435 0 0
469 -3.21198 0 0 3.21198 0 0
470 -3.21808 0 0 3.21808 0 0
471 -3.22571 0 0 3.22571 0 0
472 -3.23334 0 0 3.23334 0 0
473 -3.24097 0 0 3.24097 0 0
474 -3.24707 0 0 3.24707 0 0
475 -3.2547 0 0 3.2547 0 0
476 -3.26233 0 0 3.26233 0 0
477 -3.26996 0 0 3.26996 0 0
478 -3.27606 0 0 3.27606 0 0
479 -3.28369 0 0 3.28369 0 0
480 -3.29132 0 0 3.29132 0 0
481 -3.29742 0 0 3.29742 0 0
482 -3.30505 0 0 3.30505 0 0
483 -3.31268 0 0 3.31268 0 0
484 -3.32031 0 0 3.32031 0 0
485 -3.32642 0 0 3.32642 0 0
486 -3.33405 0 0 3.33405 0 0
487 -3.34167 0 0 3.34167 0 0
488 -3.34778 0 0 3.34778 0 0
489 -3.35541 0 0 3.35541 0 0
490 -3.36304 0 0 3.36304 0 0
491 -3.37067 0 0 3.37067 0 0
492 -3.37677 0 0 3.37677 0 0
493 -3.3844 0 0 3.3844 0 0
494 -3.39203 0 0 3.39203 0 0
495 -3.39813 0 0 3.39813 0 0
496 -3.40576 0 0 3.40576 0 0
497 -3.41339 0 0 3.41339 0 0
498 -3.42102 0 0 3.42102 0 0
499 -3.42865 0 0 3.42865 0 0
500 -3.43475 0 0 3.43475 0 0
501 -3.44238 0 0 3.44238 0 0
502 -3.44849 0 0 3.44849 0 0
503 -3.45612 0 0 3.45612 0 0
504 -3.46375 0 0 3.46375 0 0
505 -3.47137 0 0 3.47137 0 0
506 -3.47748 0 0 3.47748 0 0
507 -3.48511 0 0 3.48511 0 0
508 -3.49121 0 0 3.49121 0 0
509 -3.49884 0 0 3.49884 0 0
510 -3.50647 0 0 3.50647 0 0
511 -3.5141 0 0 3.5141 0 0
512 -3.52173 0 0 3.52173 0 0
513 -3.52783 0 0 3.52783 0 0
514 -3.53546 0 0 3.53546 0 0
515 -3.54309 0 0 3.54309 0 0
516 -3.55072 0 0 3.55072 0 0
517 -3.55682 0 0 3.55682 0 0
518 -3.56445 0 0 3.56445 0 0
519 -3.57208 0 0 3.57208 0 0
520 -3.57819 0 0 3.57819 0 0
521 -3.58582 0 0 3.58582 0 0
522 -3.59344 0 0 3.59344 0 0
523 -3.59955 0 0 3.59955 0 0
524 -3.60718 0 0 3.60718 0 0
525 -3.61481 0 0 3.61481 0 0
526 -3.62244 0 0 3.62244 0 0
527 -3.62854 0 0 3.62854 0 0
528 -3.63617 0 0 3.63617 0 0
529 -3.6438 0 0 3.6438 0 0
530 -3.6499 0 0 3.6499 0 0
531 -3.65753 0 0 3.65753 0 0
532 -3.66516 0 0 3.66516 0 0
533 -3.67279 0 0 3.67279 0 0
534 -3.68042 0 0 3.68042 0 0
535 -3.68652 0 0 3.68652 0 0
536 -3.69415 0 0 3.69415 0 0
537 -3.70178 0 0 3.70178 0 0
538 -3.70789 0 0 3.70789 0 0
539 -3.71552 0 0 3.71552 0 0
540 -3.72314 0 0 3.72314 0 0
541 -3.72925 0 0 3.72925 0 0
542 -3.73688 0 0 3.73688 0 0
543 -3.74451 0 0 3.74451 0 0
544 -3.75214 0 0 3.75214 0 0
545 -3.75824 0 0 3.75824 0 0
546 -3.76587 0 0 3.76587 0 0
547 -3.7735 0 0 3.7735 0 0
548 -3.78113 0 0 3.78113 0 0
549 -3.78723 0 0 3.78723 0 0
550 -3.79486 0 0 3.79486 0 0
551 -3.80249 0 0 3.80249 0 0
552 -3.80859 0 0 3.80859 0 0
553 -3.81622 0 0 3.81622 0 0
554 -3.82233 0 0 3.82233 0 0
555 -3.82996 0 0 3.82996 0 0
556 -3.83759 0 0 3.83759 0 0
557 -3.84521 0 0 3.84521 0 0
558 -3.85132 0 0 3.85132 0 0
559 -3.85895 0 0 3.85895 0 0
560 -3.86658 0 0 3.86658 0 0
561 -3.87421 0 0 3.87421 0 0
562 -3.88031 0 0 3.88031 0 0
563 -3.88794 0 0 3.88794 0 0
564 -3.89557 0 0 3.89557 0 0
565 -3.9032 0 0 3.9032 0 0
566 -3.9093 0 0 3.9093 0 0
567 -3.91693 0 0 3.91693 0 0
568 -3.92456 0 0 3.92456 0 0
569 -3.93219 0 0 3.93219 0 0
570 -3.93829 0 0 3.93829 0 0
571 -3.94592 0 0 3.94592 0 0
572 -3.95355 0 0 3.95355 0 0
573 -3.95966 0 0 3.95966 0 0
574 -3.96729 0 0 3.96729 0 0
575 -3.97491 0 0 3.97491 0 0
576 -3.98102 0 0 3.98102 0 0
577 -3.98865 0 0 3.98865 0 0
578 -3.99628 0 0 3.99628 0 0
579 -4.00238 0 0 4.00238 0 0
580 -4.01001 0 0 4.01001 0 0
581 -4.01764 0 0 4.01764 0 0
582 -4.02527 0 0 4.02527 0 0
583 -4.03137 0 0 4.03137 0 0
584 -4.039 0 0 4.039 0 0
585 -4.04663 0 0 4.04663 0 0
586 -4.05426 0 0 4.05426 0 0
587 -4.06036 0 0 4.06036 0 0
588 -4.06799 0 0 4.06799 0 0
589 -4.07562 0 0 4.07562 0 0
590 -4.08173 0 0 4.08173 0 0
591 -4.08936 0 0 4.08936 0 0
592 -4.09698 0 0 4.09698 0 0
593 -4.10309 0 0 4.10309 0 0
594 -4.11072 0 0 4.11072 0 0
595 -4.11835 0 0 4.11835 0 0
596 -4.12445 0 0 4.12445 0 0
597 -4.13208 0 0 4.13208 0 0
598 -4.13971 0 0 4.13971 0 0
599 -4.14734 0 0 4.14734 0 0
600 -4.15497 0 0 4.15497 0 0
601 -4.16107 0 0 4.16107 0 0
602 -4.1687 0 0 4.1687 0 0
603 -4.17633 0 0 4.17633 0 0
604 -4.18243 0 0 4.18243 0 0
605 -4.19006 0 0 4.19006 0 0
606 -4.19769 0 0 4.19769 0 0
607 -4.20532 0 0 4.20532 0 0
608 -4.21143 0 0 4.21143 0 0
609 -4.21906 0 0 4.21906 0 0
610 -4.22668 0 0 4.22668 0 0
611 -4.23431 0 0 4.23431 0 0
612 -4.24042 0 0 4.24042 0 0
613 -4.24805 0 0 4.24805 0 0
614 -4.25568 0 0 4.25568 0 0
615 -4.26178 0 0 4.26178 0 0
616 -4.26941 0 0 4.26941 0 0
617 -4.27551 0 0 4.27551 0 0
618 -4.28314 0 0 4.28314 0 0
619 -4.29077 0 0 4.29077 0 0
620 -4.2984 0 0 4.2984 0 0
621 -4.30603 0 0 4.30603 0 0
622 -4.31366 0 0 4.31366 0 0
623 -4.31976 0 0 4.31976 0 0
624 -4.32739 0 0 4.32739 0 0
625 -4.33502 0 0 4.33502 0 0
626 -4.34113 0 0 4.34113 0 0
627 -4.34875 0 0 4.34875 0 0
628 -4.35638 0 0 4.35638 0 0
629 -4.36249 0 0 4.36249 0 0
630 -4.37012 0 0 4.37012 0 0
631 -4.37775 0 0 4.37775 0 0
632 -4.38538 0 0 4.38538 0 0
633 -4.39148 0 0 4.39148 0 0
634 -4.39911 0 0 4.39911 0 0
635 -4.40674 0 0 4.40674 0 0
636 -4.41284 0 0 4.41284 0 0
637 -4.42047 0 0 4.42047 0 0
638 -4.4281 0 0 4.4281 0 0
639 -4.4342 0 0 4.4342 0 0
640 -4.44183 0 0 4.44183 0 0
641 -4.44946 0 0 4.44946 0 0
642 -4.45709 0 0 4.45709 0 0
643 -4.4632 0 0 4.4632 0 0
644 -4.47083 0 0 4.47083 0 0
645 -4.47845 0 0 4.47845 0 0
646 -4.48456 0 0 4.48456 0 0
647 -4.49219 0 0 4.49219 0 0
648 -4.49982 0 0 4.49982 0 0
649 -4.50745 0 0 4.50745 0 0
650 -4.51355 0 0 4.51355 0 0
651 -4.52118 0 0 4.52118 0 0
652 -4.52881 0 0 4.52881 0 0
653 -4.53491 0 0 4.53491 0 0
654 -4.54254 0 0 4.54254 0 0
655 -4.55017 0 0 4.55017 0 0
656 -4.5578 0 0 4.5578 0 0
657 -4.5639 0 0 4.5639 0 0
658 -4.57153 0 0 4.57153 0 0
659 -4.57916 0 0 4.57916 0 0
660 -4.58679 0 0 4.58679 0 0
661 -4.5929 0 0 4.5929 0 0
662 -4.60052 0 0 4.60052 0 0
663 -4.60815 0 0 4.60815 0 0
664 -4.61426 0 0 4.61426 0 0
665 -4.62189 0 0 4.62189 0 0
666 -4.62952 0 0 4.62952 0 0
667 -4.63562 0 0 4.63562 0 0
668 -4.64325 0 0 4.64325 0 0
669 -4.65088 0 0 4.65088 0 0
670 -4.65851 0 0 4.65851 0 0
671 -4.66461 0 0 4.66461 0 0
672 -4.67224 0 0 4.67224 0 0
673 -4.67987 0 0 4.67987 0 0
674 -4.68597 0 0 4.68597 0 0
675 -4.6936 0 0 4.6936 0 0
676 -4.70123 0 0 4.70123 0 0
677 -4.70886 0 0 4.70886 0 0
678 -4.71497 0 0 4.71497 0 0
679 -4.7226 0 0 4.7226 0 0
680 -4.73022 0 0 4.73022 0 0
681 -4.73785 0 0 4.73785 0 0
682 -4.74396 0 0 4.74396 0 0
683 -4.75159 0 0 4.75159 0 0
684 -4.75922 0 0 4.75922 0 0
685 -4.76532 0 0 4.76532 0 0
686 -4.77295 0 0 4.77295 0 0
687 -4.78058 0 0 4.78058 0 0
688 -4.78821 0 0 4.78821 0 0
689 -4.79431 0 0 4.79431 0 0
690 -4.80194 0 0 4.80194 0 0
691 -4.80957 0 0 4.80957 0 0
692 -4.81567 0 0 4.81567 0 0
693 -4.8233 0 0 4.8233 0 0
694 -4.83093 0 0 4.83093 0 0
695 -4.83704 0 0 4.83704 0 0
696 -4.84467 0 0 4.84467 0 0
697 -4.85229 0 0 4.85229 0 0
698 -4.8584 0 0 4.8584 0 0
699 -4.86603 0 0 4.86603 0 0
700 -4.87366 0 0 4.87366 0 0
701 -4.88129 0 0 4.88129 0 0
702 -4.88892 0 0 4.88892 0 0
703 -4.89502 0 0 4.89502 0 0
704 -4.90265 0 0 4.90265 0 0
705 -4.91028 0 0 4.91028 0 0
706 -4.91791 0 0 4.91791 0 0
707 -4.92401 0 0 4.92401 0 0
708 -4.93164 0 0 4.93164 0 0
709 -4.93927 0 0 4.93927 0 0
710 -4.94537 0 0 4.94537 0 0
711 -4.953 0 0 4.953 0 0
712 -4.96063 0 0 4.96063 0 0
713 -4.96674 0 0 4.96674 0 0
714 -4.97437 0 0 4.97437 0 0
715 -4.98199 0 0 4.98199 0 0
716 -4.9881 0 0 4.9881 0 0
717 -4.99573 0 0 4.99573 0 0
718 -5.00336 0 0 5.00336 0 0
719 -5.01099 0 0 5.01099 0 0
720 -5.01862 0 0 5.01862 0 0
721 -5.02472 0 0 5.02472 0 0
722 -5.03235 0 0 5.03235 0 0
723 -5.03998 0 0 5.03998 0 0
724 -5.04608 0 0 5.04608 0 0
725 -5.05371 0 0 5.05371 0 0
726 -5.06134 0 0 5.06134 0 0
727 -5.06744 0 0 5.06744 0 0
728 -5.07507 0 0 5.07507 0 0
729 -5.0827 0 0 5.0827 0 0
730 -5.09033 0 0 5.09033 0 0
731 -5.09644 0 0 5.09644 0 0
732 -5.10406 0 0 5.10406 0 0
733 -5.11169 0 0 5.11169 0 0
734 -5.11932 0 0 5.11932 0 0
735 -5.12543 0 0 5.12543 0 0
736 -5.13306 0 0 5.13306 0 0
737 -5.14069 0 0 5.14069 0 0
738 -5.14679 0 0 5.14679 0 0
739 -5.15442 0 0 5.15442 0 0
740 -5.16205 0 0 5.16205 0 0
741 -5.16968 0 0 5.16968 0 0
742 -5.17578 0 0 5.17578 0 0
743 -5.18341 0 0 5.18341 0 0
744 -5.19104 0 0 5.19104 0 0
745 -5.19714 0 0 5.19714 0 0
746 -5.20477 0 0 5.20477 0 0
747 -5.2124 0 0 5.2124 0 0
748 -5.21851 0 0 5.21851 0 0
749 -5.22614 0 0 5.22614 0 0
750 -5.23376 0 0 5.23376 0 0
751 -5.24139 0 0 5.24139 0 0
752 -5.2475 0 0 5.2475 0 0
753 -5.25513 0 0 5.25513 0 0
754 -5.26276 0 0 5.26276 0 0
755 -5.26886 0 0 5.26886 0 0
756 -5.27649 0 0 5.27649 0 0
757 -5.28412 0 0 5.28412 0 0
758 -5.29022 0 0 5.29022 0 0
759 -5.29785 0 0 5.29785 0 0
760 -5.30548 0 0 5.30548 0 0
761 -5.31311 0 0 5.31311 0 0
762 -5.31921 0 0 5.31921 0 0
763 -5.32684 0 0 5.32684 0 0
764 -5.33447 0 0 5.33447 0 0
765 -5.34058 0 0 5.34058 0 0
766 -5.34821 0 0 5.34821 0 0
767 -5.35583 0 0 5.35583 0 0
768 -5.36346 0 0 5.36346 0 0
769 -5.36957 0 0 5.36957 0 0
770 -5.3772 0 0 5.3772 0 0
771 -5.38483 0 0 5.38483 0 0
772 -5.39246 0 0 5.39246 0 0
773 -5.39856 0 0 5.39856 0 0
774 -5.40619 0 0 5.40619 0 0
775 -5.41382 0 0 5.41382 0 0
776 -5.41992 0 0 5.41992 0 0
777 -5.42755 0 0 5.42755 0 0
778 -5.43518 0 0 5.43518 0 0
779 -5.44128 0 0 5.44128 0 0
780 -5.44891 0 0 5.44891 0 0
781 -5.45654 0 0 5.45654 0 0
782 -5.46417 0 0 5.46417 0 0
783 -5.4718 0 0 5.4718 0 0
784 -5.47943 0 0 5.47943 0 0
785 -5.48553 0 0 5.48553 0 0
786 -5.49316 0 0 5.49316 0 0
787 -5.49927 0 0 5.49927 0 0
788 -5.5069 0 0 5.5069 0 0
789 -5.51453 0 0 5.51453 0 0
790 -5.52216 0 0 5.52216 0 0
791 -5.52979 0 0 5.52979 0 0
792 -5.53589 0 0 5.53589 0 0
793 -5.54352 0 0 5.54352 0 0
794 -5.55115 0 0 5.55115 0 0
795 -5.55725 0 0 5.55725 0 0
796 -5.56488 0 0 5.56488 0 0
797 -5.57098 0 0 5.57098 0 0
798 -5.57861 0 0 5.57861 0 0
799 -5.58624 0 0 5.58624 0 0
800 -5.59387 0 0 5.59387 0 0
801 -5.59998 0 0 5.59998 0 0
802 -5.6076 0 0 5.6076 0 0
803 -5.61523 0 0 5.61523 0 0
804 -5.62286 0 0 5.62286 0 0
805 -5.62897 0 0 5.62897 0 0
806 -5.6366 0 0 5.6366 0 0
807 -5.64423 0 0 5.64423 0 0
808 -5.65186 0 0 5.65186 0 0
809 -5.65796 0 0 5.65796 0 0
810 -5.66559 0 0 5.66559 0 0
811 -5.67169 0 0 5.67169 0 0
812 -5.67932 0 0 5.67932 0 0
813 -5.68695 0 0 5.68695 0 0
814 -5.69305 0 0 5.69305 0 0
815 -5.70068 0 0 5.70068 0 0
816 -5.70831 0 0 5.70831 0 0
817 -5.71594 0 0 5.71594 0 0
818 -5.72205 0 0 5.72205 0 0
819 -5.72968 0 0 5.72968 0 0
820 -5.7373 0 0 5.7373 0 0
821 -5.74493 0 0 5.74493 0 0
822 -5.75104 0 0 5.75104 0 0
823 -5.75867 0 0 5.75867 0 0
824 -5.7663 0 0 5.7663 0 0
825 -5.77393 0 0 5.77393 0 0
826 -5.78003 0 0 5.78003 0 0
827 -5.78766 0 0 5.78766 0 0
828 -5.79529 0 0 5.79529 0 0
829 -5.80292 0 0 5.80292 0 0
830 -5.80902 0 0 5.80902 0 0
831 -5.81665 0 0 5.81665 0 0
832 -5.82428 0 0 5.82428 0 0
833 -5.83038 0 0 5.83038 0 0
834 -5.83801 0 0 5.83801 0 0
835 -5.84564 0 0 5.84564 0 0
836 -5.85327 0 0 5.85327 0 0
837 -5.85938 0 0 5.85938 0 0
838 -5.867 0 0 5.867 0 0
839 -5.87463 0 0 5.87463 0 0
840 -5.88074 0 0 5.88074 0 0
841 -5.88837 0 0 5.88837 0 0
842 -5.896 0 0 5.896 0 0
843 -5.9021 0 0 5.9021 0 0
844 -5.90973 0 0 5.90973 0 0
845 -5.91736 0 0 5.91736 0 0
846 -5.92499 0 0 5.92499 0 0
847 -5.93109 0 0 5.93109 0 0
848 -5.93872 0 0 5.93872 0 0
849 -5.94635 0 0 5.94635 0 0
850 -5.95245 0 0 5.95245 0 0
851 -5.96008 0 0 5.96008 0 0
852 -5.96771 0 0 5.96771 0 0
853 -5.97534 0 0 5.97534 0 0
854 -5.98145 0 0 5.98145 0 0
855 -5.98907 0 0 5.98907 0 0
856 -5.9967 0 0 5.9967 0 0
857 -6.00281 0 0 6.00281 0 0
858 -6.01044 0 0 6.01044 0 0
859 -6.01807 0 0 6.01807 0 0
860 -6.0257 0 0 6.0257 0 0
861 -6.0318 0 0 6.0318 0 0
862 -6.03943 0 0 6.03943 0 0
863 -6.04553 0 0 6.04553 0 0
864 -6.05316 0 0 6.05316 0 0
865 -6.06079 0 0 6.06079 0 0
866 -6.06842 0 0 6.06842 0 0
867 -6.07605 0 0 6.07605 0 0
868 -6.08215 0 0 6.08215 0 0
869 -6.08978 0 0 6.08978 0 0
870 -6.09741 0 0 6.09741 0 0
871 -6.10352 0 0 6.10352 0 0
872 -6.11115 0 0 6.11115 0 0
873 -6.11877 0 0 6.11877 0 0
874 -6.1264 0 0 6.1264 0 0
875 -6.13251 0 0 6.13251 0 0
876 -6.14014 0 0 6.14014 0 0
877 -6.14624 0 0 6.14624 0 0
878 -6.15387 0 0 6.15387 0 0
879 -6.1615 0 0 6.1615 0 0
880 -6.16913 0 0 6.16913 0 0
881 -6.17676 0 0 6.17676 0 0
882 -6.18286 0 0 6.18286 0 0
883 -6.19049 0 0 6.19049 0 0
884 -6.19812 0 0 6.19812 0 0
885 -6.20575 0 0 6.20575 0 0
886 -6.21185 0 0 6.21185 0 0
887 -6.21948 0 0 6.21948 0 0
888 -6.22711 0 0 6.22711 0 0
889 -6.23474 0 0 6.23474 0 0
890 -6.24084 0 0 6.24084 0 0
891 -6.24847 0 0 6.24847 0 0
892 -6.2561 0 0 6.2561 0 0
893 -6.26221 0 0 6.26221 0 0
894 -6.26984 0 0 6.26984 0 0
895 -6.27747 0 0 6.27747 0 0
896 -6.28357 0 0 6.28357 0 0
897 -6.2912 0 0 6.2912 0 0
898 -6.29883 0 0 6.29883 0 0
899 -6.30493 0 0 6.30493 0 0
900 -6.31256 0 0 6.31256 0 0
901 -6.32019 0 0 6.32019 0 0
902 -6.32782 0 0 6.32782 0 0
903 -6.33392 0 0 6.33392 0 0
904 -6.34155 0 0 6.34155 0 0
905 -6.34918 0 0 6.34918 0 0
906 -6.35529 0 0 6.35529 0 0
907 -6.36292 0 0 6.36292 0 0
908 -6.37054 0 0 6.37054 0 0
909 -6.37817 0 0 6.37817 0 0
910 -6.38428 0 0 6.38428 0 0
911 -6.39191 0 0 6.39191 0 0
912 -6.39954 0 0 6.39954 0 0
913 -6.40717 0 0 6.40717 0 0
914 -6.41327 0 0 6.41327 0 0
915 -6.4209 0 0 6.4209 0 0
916 -6.427 0 0 6.427 0 0
917 -6.43463 0 0 6.43463 0 0
918 -6.44226 0 0 6.44226 0 0
919 -6.44989 0 0 6.44989 0 0
920 -6.45599 0 0 6.45599 0 0
921 -6.46362 0 0 6.46362 0 0
922 -6.47125 0 0 6.47125 0 0
923 -6.47888 0 0 6.47888 0 0
924 -6.48499 0 0 6.48499 0 0
925 -6.49261 0 0 6.49261 0 0
926 -6.50024 0 0 6.50024 0 0
927 -6.50635 0 0 6.50635 0 0
928 -6.51398 0 0 6.51398 0 0
929 -6.52161 0 0 6.52161 0 0
930 -6.52771 0 0 6.52771 0 0
931 -6.53534 0 0 6.53534 0 0
932 -6.54297 0 0 6.54297 0 0
933 -6.5506 0 0 6.5506 0 0
934 -6.55823 0 0 6.55823 0 0
935 -6.56433 0 0 6.56433 0 0
936 -6.57196 0 0 6.57196 0 0
937 -6.57806 0 0 6.57806 0 0
938 -6.58569 0 0 6.58569 0 0
939 -6.59332 0 0 6.59332 0 0
940 -6.60095 0 0 6.60095 0 0
941 -6.60706 0 0 6.60706 0 0
942 -6.61469 0 0 6.61469 0 0
943 -6.62231 0 0 6.62231 0 0
944 -6.62994 0 0 6.62994 0 0
945 -6.63757 0 0 6.63757 0 0
946 -6.64368 0 0 6.64368 0 0
947 -6.65131 0 0 6.65131 0 0
948 -6.65894 0 0 6.65894 0 0
949 -6.66504 0 0 6.66504 0 0
950 -6.67267 0 0 6.67267 0 0
951 -6.6803 0 0 6.6803 0 0
952 -6.68793 0 0 6.68793 0 0
953 -6.69403 0 0 6.69403 0 0
954 -6.70166 0 0 6.70166 0 0
955 -6.70929 0 0 6.70929 0 0
956 -6.71539 0 0 6.71539 0 0
957 -6.72302 0 0 6.72302 0 0
958 -6.73065 0 0 6.73065 0 0
959 -6.73828 0 0 6.73828 0 0
960 -6.74438 0 0 6.74438 0 0
961 -6.75201 0 0 6.75201 0 0
962 -6.75812 0 0 6.75812 0 0
963 -6.76575 0 0 6.76575 0 0
964 -6.77338 0 0 6.77338 0 0
965 -6.77948 0 0 6.77948 0 0
966 -6.78711 0 0 6.78711 0 0
967 -6.79474 0 0 6.79474 0 0
968 -6.80237 0 0 6.80237 0 0
969 -6.81 0 0 6.81 0 0
970 -6.8161 0 0 6.8161 0 0
971 -6.82373 0 0 6.82373 0 0
972 -6.83136 0 0 6.83136 0 0
973 -6.83899 0 0 6.83899 0 0
974 -6.84509 0 0 6.84509 0 0
975 -6.85272 0 0 6.85272 0 0
976 -6.86035 0 0 6.86035 0 0
977 -6.86646 0 0 6.86646 0 0
978 -6.87408 0 0 6.87408 0 0
979 -6.88171 0 0 6.88171 0 0
980 -6.88934 0 0 6.88934 0 0
981 -6.89545 0 0 6.89545 0 0
982 -6.90308 0 0 6.90308 0 0
983 -6.91071 0 0 6.91071 0 0
984 -6.91681 0 0 6.91681 0 0
985 -6.92444 0 0 6.92444 0 0
986 -6.93207 0 0 6.93207 0 0
987 -6.9397 0 0 6.9397 0 0
988 -6.9458 0 0 6.9458 0 0
989 -6.95343 0 0 6.95343 0 0
990 -6.96106 0 0 6.96106 0 0
991 -6.96716 0 0 6.96716 0 0
992 -6.97479 0 0 6.97479 0 0
993 -6.98242 0 0 6.98242 0 0
994 -6.98853 0 0 6.98853 0 0
995 -6.99615 0 0 6.99615 0 0
996 -7.00226 0 0 7.00226 0 0
997 -7.00989 0 0 7.00989 0 0
998 -7.01752 0 0 7.01752 0 0
999 -7.02515 0 0 7.02515 0 0
1000 -7.03125 0 0 7.03125 0 0
