0 0.000457764
1 0
2 0
3 0.000457764
4 0.000457764
5 0.000457764
6 0.000915527
7 0.00137329
8 0.00183105
9 0.00228882
10 0.00274658
11 0.00320435
12 0.00411987
13 0.0050354
14 0.00595093
15 0.00686646
16 0.00778198
17 0.00869751
18 0.0100708
19 0.0109863
20 0.0123596
21 0.0132751
22 0.0146484
23 0.0160217
24 0.017395
25 0.0187683
26 0.0201416
27 0.0215149
28 0.0233459
29 0.0247192
30 0.0260925
31 0.0279236
32 0.0297546
33 0.0311279
34 0.032959
35 0.0343323
36 0.0361633
37 0.0379944
38 0.0398254
39 0.0416565
40 0.0434875
41 0.0453186
42 0.0471497
43 0.0489807
44 0.0508118
45 0.0526428
46 0.0544739
47 0.0563049
48 0.058136
49 0.0604248
50 0.0622559
51 0.0640869
52 0.0663757
53 0.0682068
54 0.0700378
55 0.0718689
56 0.0741577
57 0.0759888
58 0.0782776
59 0.0801086
60 0.0819397
61 0.0842285
62 0.0865173
63 0.0883484
64 0.0901794
65 0.0924683
66 0.0942993
67 0.0965881
68 0.0984192
69 0.100708
70 0.102997
71 0.104828
72 0.107117
73 0.108948
74 0.111237
75 0.113068
76 0.115356
77 0.117188
78 0.119476
79 0.121765
80 0.124054
81 0.125885
82 0.128174
83 0.130463
84 0.132294
85 0.134583
86 0.136871
87 0.138702
88 0.140991
89 0.142822
90 0.145111
91 0.1474
92 0.149231
93 0.15152
94 0.153809
95 0.15564
96 0.157928
97 0.160217
98 0.162506
99 0.164337
100 0.166626
101 0.168915
102 0.170746
103 0.173035
104 0.175323
105 0.177612
106 0.179443
107 0.181732
108 0.184021
109 0.185852
110 0.188141
111 0.19043
112 0.192719
113 0.19455
114 0.196838
115 0.198669
116 0.200958
117 0.203247
118 0.205536
119 0.207367
120 0.209656
121 0.211487
122 0.213776
123 0.216064
124 0.218353
125 0.220642
126 0.222473
127 0.224762
128 0.227051
129 0.22934
130 0.231171
131 0.233459
132 0.235748
133 0.237579
134 0.239868
135 0.242157
136 0.244446
137 0.246277
138 0.248566
139 0.250854
140 0.252686
141 0.254974
142 0.257263
143 0.259552
144 0.261841
145 0.263672
146 0.265961
147 0.26825
148 0.270081
149 0.272369
150 0.274658
151 0.276947
152 0.278778
153 0.281067
154 0.283356
155 0.285187
156 0.287476
157 0.289307
158 0.291595
159 0.293884
160 0.296173
161 0.298462
162 0.300293
163 0.302582
164 0.304871
165 0.307159
166 0.30899
167 0.311279
168 0.313568
169 0.315857
170 0.317688
171 0.319977
172 0.322266
173 0.324097
174 0.326385
175 0.328674
176 0.330963
177 0.332794
178 0.335083
179 0.337372
180 0.339203
181 0.341492
182 0.343781
183 0.345612
184 0.3479
185 0.350189
186 0.352478
187 0.354309
188 0.356598
189 0.358887
190 0.361176
191 0.363464
192 0.365295
193 0.367584
194 0.369873
195 0.371704
196 0.373993
197 0.376282
198 0.378113
199 0.380402
200 0.38269
201 0.384979
202 0.38681
203 0.389099
204 0.391388
205 0.393219
206 0.395508
207 0.397797
208 0.400085
209 0.401917
210 0.404205
211 0.406494
212 0.408783
213 0.410614
214 0.412903
215 0.415192
216 0.41748
217 0.419312
218 0.4216
219 0.423431
220 0.42572
221 0.428009
222 0.430298
223 0.432587
224 0.434418
225 0.436707
226 0.438995
227 0.440826
228 0.443115
229 0.445404
230 0.447235
231 0.449524
232 0.451813
233 0.454102
234 0.455933
235 0.458221
236 0.46051
237 0.462341
238 0.46463
239 0.466919
240 0.469208
241 0.471039
242 0.473328
243 0.475616
244 0.477448
245 0.479736
246 0.482025
247 0.484314
248 0.486145
249 0.488434
250 0.490723
251 0.493011
252 0.494843
253 0.497131
254 0.49942
255 0.501251
256 0.50354
257 0.505829
258 0.508118
259 0.509949
260 0.512238
261 0.514526
262 0.516357
263 0.518646
264 0.520935
265 0.523224
266 0.525055
267 0.527344
268 0.529633
269 0.531921
270 0.53421
271 0.536041
272 0.53833
273 0.540619
274 0.54245
275 0.544739
276 0.547028
277 0.548859
278 0.551147
279 0.553436
280 0.555267
281 0.557556
282 0.559845
283 0.561676
284 0.563965
285 0.566254
286 0.568542
287 0.570374
288 0.572662
289 0.574951
290 0.57724
291 0.579071
292 0.58136
293 0.583649
294 0.58548
295 0.587769
296 0.590057
297 0.592346
298 0.594177
299 0.596466
300 0.598755
301 0.601044
302 0.602875
303 0.605164
304 0.607452
305 0.609741
306 0.611572
307 0.613861
308 0.61615
309 0.617981
310 0.62027
311 0.622559
312 0.62439
313 0.626678
314 0.628967
315 0.631256
316 0.633087
317 0.635376
318 0.637665
319 0.639496
320 0.641785
321 0.644073
322 0.645905
323 0.648193
324 0.650482
325 0.652313
326 0.654602
327 0.656891
328 0.65918
329 0.661469
330 0.6633
331 0.665588
332 0.667877
333 0.669708
334 0.671997
335 0.674286
336 0.676575
337 0.678406
338 0.680695
339 0.682983
340 0.685272
341 0.687103
342 0.689392
343 0.691681
344 0.693512
345 0.695801
346 0.69809
347 0.699921
348 0.702209
349 0.704498
350 0.706329
351 0.708618
352 0.710907
353 0.713196
354 0.715485
355 0.717773
356 0.719604
357 0.721893
358 0.724182
359 0.726013
360 0.728302
361 0.730133
362 0.732422
363 0.734711
364 0.737
365 0.738831
366 0.741119
367 0.743408
368 0.745239
369 0.747528
370 0.749817
371 0.752106
372 0.754395
373 0.756226
374 0.758514
375 0.760345
376 0.762634
377 0.764923
378 0.767212
379 0.769043
380 0.771332
381 0.773621
382 0.775909
383 0.77774
384 0.780029
385 0.782318
386 0.784149
387 0.786438
388 0.788727
389 0.791016
390 0.792847
391 0.795135
392 0.797424
393 0.799713
394 0.801544
395 0.803833
396 0.805664
397 0.807953
398 0.810242
399 0.812531
400 0.814362
401 0.81665
402 0.818939
403 0.821228
404 0.823059
405 0.825348
406 0.827637
407 0.829468
408 0.831757
409 0.834045
410 0.836334
411 0.838165
412 0.840454
413 0.842743
414 0.845032
415 0.846863
416 0.849152
417 0.85144
418 0.853271
419 0.85556
420 0.857849
421 0.860138
422 0.861969
423 0.864258
424 0.866547
425 0.868378
426 0.870667
427 0.872955
428 0.875244
429 0.877075
430 0.879364
431 0.881653
432 0.883484
433 0.885773
434 0.888062
435 0.889893
436 0.892181
437 0.89447
438 0.896759
439 0.89859
440 0.900879
441 0.903168
442 0.904999
443 0.907288
444 0.909576
445 0.911865
446 0.913696
447 0.915985
448 0.918274
449 0.920563
450 0.922394
451 0.924683
452 0.926971
453 0.928802
454 0.931091
455 0.93338
456 0.935211
457 0.9375
458 0.939789
459 0.942078
460 0.943909
461 0.946198
462 0.948486
463 0.950317
464 0.952606
465 0.954895
466 0.957184
467 0.959015
468 0.961304
469 0.963593
470 0.965424
471 0.967712
472 0.970001
473 0.97229
474 0.974121
475 0.97641
476 0.978699
477 0.980988
478 0.982819
479 0.985107
480 0.987396
481 0.989227
482 0.991516
483 0.993805
484 0.996094
485 0.997925
486 1.00021
487 1.0025
488 1.00433
489 1.00662
490 1.00891
491 1.0112
492 1.01303
493 1.01532
494 1.01761
495 1.01944
496 1.02173
497 1.02402
498 1.02631
499 1.02859
500 1.03043
501 1.03271
502 1.03455
503 1.03683
504 1.03912
505 1.04141
506 1.04324
507 1.04553
508 1.04736
509 1.04965
510 1.05194
511 1.05423
512 1.05652
513 1.05835
514 1.06064
515 1.06293
516 1.06522
517 1.06705
518 1.06934
519 1.07162
520 1.07346
521 1.07574
522 1.07803
523 1.07986
524 1.08215
525 1.08444
526 1.08673
527 1.08856
528 1.09085
529 1.09314
530 1.09497
531 1.09726
532 1.09955
533 1.10184
534 1.10413
535 1.10596
536 1.10825
537 1.11053
538 1.11237
539 1.11465
540 1.11694
541 1.11877
542 1.12106
543 1.12335
544 1.12564
545 1.12747
546 1.12976
547 1.13205
548 1.13434
549 1.13617
550 1.13846
551 1.14075
552 1.14258
553 1.14487
554 1.1467
555 1.14899
556 1.15128
557 1.15356
558 1.1554
559 1.15768
560 1.15997
561 1.16226
562 1.16409
563 1.16638
564 1.16867
565 1.17096
566 1.17279
567 1.17508
568 1.17737
569 1.17966
570 1.18149
571 1.18378
572 1.18607
573 1.1879
574 1.19019
575 1.19247
576 1.19431
577 1.19659
578 1.19888
579 1.20071
580 1.203
581 1.20529
582 1.20758
583 1.20941
584 1.2117
585 1.21399
586 1.21628
587 1.21811
588 1.2204
589 1.22269
590 1.22452
591 1.22681
592 1.2291
593 1.23093
594 1.23322
595 1.2355
596 1.23734
597 1.23962
598 1.24191
599 1.2442
600 1.24649
601 1.24832
602 1.25061
603 1.2529
604 1.25473
605 1.25702
606 1.25931
607 1.2616
608 1.26343
609 1.26572
610 1.26801
611 1.27029
612 1.27213
613 1.27441
614 1.2767
615 1.27853
616 1.28082
617 1.28265
618 1.28494
619 1.28723
620 1.28952
621 1.29181
622 1.2941
623 1.29593
624 1.29822
625 1.30051
626 1.30234
627 1.30463
628 1.30692
629 1.30875
630 1.31104
631 1.31332
632 1.31561
633 1.31744
634 1.31973
635 1.32202
636 1.32385
637 1.32614
638 1.32843
639 1.33026
640 1.33255
641 1.33484
642 1.33713
643 1.33896
644 1.34125
645 1.34354
646 1.34537
647 1.34766
648 1.34995
649 1.35223
650 1.35406
651 1.35635
652 1.35864
653 1.36047
654 1.36276
655 1.36505
656 1.36734
657 1.36917
658 1.37146
659 1.37375
660 1.37604
661 1.37787
662 1.38016
663 1.38245
664 1.38428
665 1.38657
666 1.38885
667 1.39069
668 1.39297
669 1.39526
670 1.39755
671 1.39938
672 1.40167
673 1.40396
674 1.40579
675 1.40808
676 1.41037
677 1.41266
678 1.41449
679 1.41678
680 1.41907
681 1.42136
682 1.42319
683 1.42548
684 1.42776
685 1.4296
686 1.43188
687 1.43417
688 1.43646
689 1.43829
690 1.44058
691 1.44287
692 1.4447
693 1.44699
694 1.44928
695 1.45111
696 1.4534
697 1.45569
698 1.45752
699 1.45981
700 1.4621
701 1.46439
702 1.46667
703 1.46851
704 1.47079
705 1.47308
706 1.47537
707 1.4772
708 1.47949
709 1.48178
710 1.48361
711 1.4859
712 1.48819
713 1.49002
714 1.49231
715 1.4946
716 1.49643
717 1.49872
718 1.50101
719 1.5033
720 1.50558
721 1.50742
722 1.5097
723 1.51199
724 1.51382
725 1.51611
726 1.5184
727 1.52023
728 1.52252
729 1.52481
730 1.5271
731 1.52893
732 1.53122
733 1.53351
734 1.5358
735 1.53763
736 1.53992
737 1.54221
738 1.54404
739 1.54633
740 1.54861
741 1.5509
742 1.55273
743 1.55502
744 1.55731
745 1.55914
746 1.56143
747 1.56372
748 1.56555
749 1.56784
750 1.57013
751 1.57242
752 1.57425
753 1.57654
754 1.57883
755 1.58066
756 1.58295
757 1.58524
758 1.58707
759 1.58936
760 1.59164
761 1.59393
762 1.59576
763 1.59805
764 1.60034
765 1.60217
766 1.60446
767 1.60675
768 1.60904
769 1.61087
770 1.61316
771 1.61545
772 1.61774
773 1.61957
774 1.62186
775 1.62415
776 1.62598
777 1.62827
778 1.63055
779 1.63239
780 1.63467
781 1.63696
782 1.63925
783 1.64154
784 1.64383
785 1.64566
786 1.64795
787 1.64978
788 1.65207
789 1.65436
790 1.65665
791 1.65894
792 1.66077
793 1.66306
794 1.66534
795 1.66718
796 1.66946
797 1.6713
798 1.67358
799 1.67587
800 1.67816
801 1.67999
802 1.68228
803 1.68457
804 1.68686
805 1.68869
806 1.69098
807 1.69327
808 1.69556
809 1.69739
810 1.69968
811 1.70151
812 1.7038
813 1.70609
814 1.70792
815 1.71021
816 1.71249
817 1.71478
818 1.71661
819 1.7189
820 1.72119
821 1.72348
822 1.72531
823 1.7276
824 1.72989
825 1.73218
826 1.73401
827 1.7363
828 1.73859
829 1.74088
830 1.74271
831 1.745
832 1.74728
833 1.74911
834 1.7514
835 1.75369
836 1.75598
837 1.75781
838 1.7601
839 1.76239
840 1.76422
841 1.76651
842 1.7688
843 1.77063
844 1.77292
845 1.77521
846 1.7775
847 1.77933
848 1.78162
849 1.78391
850 1.78574
851 1.78802
852 1.79031
853 1.7926
854 1.79443
855 1.79672
856 1.79901
857 1.80084
858 1.80313
859 1.80542
860 1.80771
861 1.80954
862 1.81183
863 1.81366
864 1.81595
865 1.81824
866 1.82053
867 1.82281
868 1.82465
869 1.82693
870 1.82922
871 1.83105
872 1.83334
873 1.83563
874 1.83792
875 1.83975
876 1.84204
877 1.84387
878 1.84616
879 1.84845
880 1.85074
881 1.85303
882 1.85486
883 1.85715
884 1.85944
885 1.86172
886 1.86356
887 1.86584
888 1.86813
889 1.87042
890 1.87225
891 1.87454
892 1.87683
893 1.87866
894 1.88095
895 1.88324
896 1.88507
897 1.88736
898 1.88965
899 1.89148
900 1.89377
901 1.89606
902 1.89835
903 1.90018
904 1.90247
905 1.90475
906 1.90659
907 1.90887
908 1.91116
909 1.91345
910 1.91528
911 1.91757
912 1.91986
913 1.92215
914 1.92398
915 1.92627
916 1.9281
917 1.93039
918 1.93268
919 1.93497
920 1.9368
921 1.93909
922 1.94138
923 1.94366
924 1.9455
925 1.94778
926 1.95007
927 1.9519
928 1.95419
929 1.95648
930 1.95831
931 1.9606
932 1.96289
933 1.96518
934 1.96747
935 1.9693
936 1.97159
937 1.97342
938 1.97571
939 1.978
940 1.98029
941 1.98212
942 1.98441
943 1.98669
944 1.98898
945 1.99127
946 1.9931
947 1.99539
948 1.99768
949 1.99951
950 2.0018
951 2.00409
952 2.00638
953 2.00821
954 2.0105
955 2.01279
956 2.01462
957 2.01691
958 2.0192
959 2.02148
960 2.02332
961 2.0256
962 2.02744
963 2.02972
964 2.03201
965 2.03384
966 2.03613
967 2.03842
968 2.04071
969 2.043
970 2.04483
971 2.04712
972 2.04941
973 2.0517
974 2.05353
975 2.05582
976 2.05811
977 2.05994
978 2.06223
979 2.06451
980 2.0668
981 2.06863
982 2.07092
983 2.07321
984 2.07504
985 2.07733
986 2.07962
987 2.08191
988 2.08374
989 2.08603
990 2.08832
991 2.09015
992 2.09244
993 2.09473
994 2.09656
995 2.09885
996 2.10068
997 2.10297
998 2.10526
999 2.10754
1000 2.10938
