0 0.00152588
1 0
2 0
3 0.00152588
4 0.00152588
5 0.00152588
6 0.00305176
7 0.00457764
8 0.00610352
9 0.00762939
10 0.00915527
11 0.0106812
12 0.0137329
13 0.0167847
14 0.0198364
15 0.0228882
16 0.0259399
17 0.0289917
18 0.0335693
19 0.0366211
20 0.0411987
21 0.0442505
22 0.0488281
23 0.0534058
24 0.0579834
25 0.062561
26 0.0671387
27 0.0717163
28 0.0778198
29 0.0823975
30 0.0869751
31 0.0930786
32 0.0991821
33 0.10376
34 0.109863
35 0.114441
36 0.120544
37 0.126648
38 0.132751
39 0.138855
40 0.144958
41 0.151062
42 0.157166
43 0.163269
44 0.169373
45 0.175476
46 0.18158
47 0.187683
48 0.193787
49 0.201416
50 0.20752
51 0.213623
52 0.221252
53 0.227356
54 0.233459
55 0.239563
56 0.247192
57 0.253296
58 0.260925
59 0.267029
60 0.273132
61 0.280762
62 0.288391
63 0.294495
64 0.300598
65 0.308228
66 0.314331
67 0.32196
68 0.328064
69 0.335693
70 0.343323
71 0.349426
72 0.357056
73 0.363159
74 0.370789
75 0.376892
76 0.384521
77 0.390625
78 0.398254
79 0.405884
80 0.413513
81 0.419617
82 0.427246
83 0.434875
84 0.440979
85 0.448608
86 0.456238
87 0.462341
88 0.469971
89 0.476074
90 0.483704
91 0.491333
92 0.497437
93 0.505066
94 0.512695
95 0.518799
96 0.526428
97 0.534058
98 0.541687
99 0.547791
100 0.55542
101 0.563049
102 0.569153
103 0.576782
104 0.584412
105 0.592041
106 0.598145
107 0.605774
108 0.613403
109 0.619507
110 0.627136
111 0.634766
112 0.642395
113 0.648499
114 0.656128
115 0.662231
116 0.669861
117 0.67749
118 0.68512
119 0.691223
120 0.698853
121 0.704956
122 0.712585
123 0.720215
124 0.727844
125 0.735474
126 0.741577
127 0.749207
128 0.756836
129 0.764465
130 0.770569
131 0.778198
132 0.785828
133 0.791931
134 0.799561
135 0.80719
136 0.814819
137 0.820923
138 0.828552
139 0.836182
140 0.842285
141 0.849915
142 0.857544
143 0.865173
144 0.872803
145 0.878906
146 0.886536
147 0.894165
148 0.900269
149 0.907898
150 0.915527
151 0.923157
152 0.92926
153 0.93689
154 0.944519
155 0.950623
156 0.958252
157 0.964355
158 0.971985
159 0.979614
160 0.987244
161 0.994873
162 1.00098
163 1.00861
164 1.01624
165 1.02386
166 1.02997
167 1.0376
168 1.04523
169 1.05286
170 1.05896
171 1.06659
172 1.07422
173 1.08032
174 1.08795
175 1.09558
176 1.10321
177 1.10931
178 1.11694
179 1.12457
180 1.13068
181 1.13831
182 1.14594
183 1.15204
184 1.15967
185 1.1673
186 1.17493
187 1.18103
188 1.18866
189 1.19629
190 1.20392
191 1.21155
192 1.21765
193 1.22528
194 1.23291
195 1.23901
196 1.24664
197 1.25427
198 1.26038
199 1.26801
200 1.27563
201 1.28326
202 1.28937
203 1.297
204 1.30463
205 1.31073
206 1.31836
207 1.32599
208 1.33362
209 1.33972
210 1.34735
211 1.35498
212 1.36261
213 1.36871
214 1.37634
215 1.38397
216 1.3916
217 1.39771
218 1.40533
219 1.41144
220 1.41907
221 1.4267
222 1.43433
223 1.44196
224 1.44806
225 1.45569
226 1.46332
227 1.46942
228 1.47705
229 1.48468
230 1.49078
231 1.49841
232 1.50604
233 1.51367
234 1.51978
235 1.5274
236 1.53503
237 1.54114
238 1.54877
239 1.5564
240 1.56403
241 1.57013
242 1.57776
243 1.58539
244 1.59149
245 1.59912
246 1.60675
247 1.61438
248 1.62048
249 1.62811
250 1.63574
251 1.64337
252 1.64948
253 1.6571
254 1.66473
255 1.67084
256 1.67847
257 1.6861
258 1.69373
259 1.69983
260 1.70746
261 1.71509
262 1.72119
263 1.72882
264 1.73645
265 1.74408
266 1.75018
267 1.75781
268 1.76544
269 1.77307
270 1.7807
271 1.7868
272 1.79443
273 1.80206
274 1.80817
275 1.8158
276 1.82343
277 1.82953
278 1.83716
279 1.84479
280 1.85089
281 1.85852
282 1.86615
283 1.87225
284 1.87988
285 1.88751
286 1.89514
287 1.90125
288 1.90887
289 1.9165
290 1.92413
291 1.93024
292 1.93787
293 1.9455
294 1.9516
295 1.95923
296 1.96686
297 1.97449
298 1.98059
299 1.98822
300 1.99585
301 2.00348
302 2.00958
303 2.01721
304 2.02484
305 2.03247
306 2.03857
307 2.0462
308 2.05383
309 2.05994
310 2.06757
311 2.0752
312 2.0813
313 2.08893
314 2.09656
315 2.10419
316 2.11029
317 2.11792
318 2.12555
319 2.13165
320 2.13928
321 2.14691
322 2.15302
323 2.16064
324 2.16827
325 2.17438
326 2.18201
327 2.18964
328 2.19727
329 2.2049
330 2.211
331 2.21863
332 2.22626
333 2.23236
334 2.23999
335 2.24762
336 2.25525
337 2.26135
338 2.26898
339 2.27661
340 2.28424
341 2.29034
342 2.29797
343 2.3056
344 2.31171
345 2.31934
346 2.32697
347 2.33307
348 2.3407
349 2.34833
350 2.35443
351 2.36206
352 2.36969
353 2.37732
354 2.38495
355 2.39258
356 2.39868
357 2.40631
358 2.41394
359 2.42004
360 2.42767
361 2.43378
362 2.44141
363 2.44904
364 2.45667
365 2.46277
366 2.4704
367 2.47803
368 2.48413
369 2.49176
370 2.49939
371 2.50702
372 2.51465
373 2.52075
374 2.52838
375 2.53448
376 2.54211
377 2.54974
378 2.55737
379 2.56348
380 2.57111
381 2.57874
382 2.58636
383 2.59247
384 2.6001
385 2.60773
386 2.61383
387 2.62146
388 2.62909
389 2.63672
390 2.64282
391 2.65045
392 2.65808
393 2.66571
394 2.67181
395 2.67944
396 2.68555
397 2.69318
398 2.70081
399 2.70844
400 2.71454
401 2.72217
402 2.7298
403 2.73743
404 2.74353
405 2.75116
406 2.75879
407 2.76489
408 2.77252
409 2.78015
410 2.78778
411 2.79388
412 2.80151
413 2.80914
414 2.81677
415 2.82288
416 2.83051
417 2.83813
418 2.84424
419 2.85187
420 2.8595
421 2.86713
422 2.87323
423 2.88086
424 2.88849
425 2.89459
426 2.90222
427 2.90985
428 2.91748
429 2.92358
430 2.93121
431 2.93884
432 2.94495
433 2.95258
434 2.96021
435 2.96631
436 2.97394
437 2.98157
438 2.9892
439 2.9953
440 3.00293
441 3.01056
442 3.01666
443 3.02429
444 3.03192
445 3.03955
446 3.04565
447 3.05328
448 3.06091
449 3.06854
450 3.07465
451 3.08228
452 3.0899
453 3.09601
454 3.10364
455 3.11127
456 3.11737
457 3.125
458 3.13263
459 3.14026
460 3.14636
461 3.15399
462 3.16162
463 3.16772
464 3.17535
465 3.18298
466 3.19061
467 3.19672
468 3.20435
469 3.21198
470 3.21808
471 3.22571
472 3.23334
473 3.24097
474 3.24707
475 3.2547
476 3.26233
477 3.26996
478 3.27606
479 3.28369
480 3.29132
481 3.29742
482 3.30505
483 3.31268
484 3.32031
485 3.32642
486 3.33405
487 3.34167
488 3.34778
489 3.35541
490 3.36304
491 3.37067
492 3.37677
493 3.3844
494 3.39203
495 3.39813
496 3.40576
497 3.41339
498 3.42102
499 3.42865
500 3.43475
501 3.44238
502 3.44849
503 3.45612
504 3.46375
505 3.47137
506 3.47748
507 3.48511
508 3.49121
509 3.49884
510 3.50647
511 3.5141
512 3.52173
513 3.52783
514 3.53546
515 3.54309
516 3.55072
517 3.55682
518 3.56445
519 3.57208
520 3.57819
521 3.58582
522 3.59344
523 3.59955
524 3.60718
525 3.61481
526 3.62244
527 3.62854
528 3.63617
529 3.6438
530 3.6499
531 3.65753
532 3.66516
533 3.67279
534 3.68042
535 3.68652
536 3.69415
537 3.70178
538 3.70789
539 3.71552
540 3.72314
541 3.72925
542 3.73688
543 3.74451
544 3.75214
545 3.75824
546 3.76587
547 3.7735
548 3.78113
549 3.78723
550 3.79486
551 3.80249
552 3.80859
553 3.81622
554 3.82233
555 3.82996
556 3.83759
557 3.84521
558 3.85132
559 3.85895
560 3.86658
561 3.87421
562 3.88031
563 3.88794
564 3.89557
565 3.9032
566 3.9093
567 3.91693
568 3.92456
569 3.93219
570 3.93829
571 3.94592
572 3.95355
573 3.95966
574 3.96729
575 3.97491
576 3.98102
577 3.98865
578 3.99628
579 4.00238
580 4.01001
581 4.01764
582 4.02527
583 4.03137
584 4.039
585 4.04663
586 4.05426
587 4.06036
588 4.06799
589 4.07562
590 4.08173
591 4.08936
592 4.09698
593 4.10309
594 4.11072
595 4.11835
596 4.12445
597 4.13208
598 4.13971
599 4.14734
600 4.15497
601 4.16107
602 4.1687
603 4.17633
604 4.18243
605 4.19006
606 4.19769
607 4.20532
608 4.21143
609 4.21906
610 4.22668
611 4.23431
612 4.24042
613 4.24805
614 4.25568
615 4.26178
616 4.26941
617 4.27551
618 4.28314
619 4.29077
620 4.2984
621 4.30603
622 4.31366
623 4.31976
624 4.32739
625 4.33502
626 4.34113
627 4.34875
628 4.35638
629 4.36249
630 4.37012
631 4.37775
632 4.38538
633 4.39148
634 4.39911
635 4.40674
636 4.41284
637 4.42047
638 4.4281
639 4.4342
640 4.44183
641 4.44946
642 4.45709
643 4.4632
644 4.47083
645 4.47845
646 4.48456
647 4.49219
648 4.49982
649 4.50745
650 4.51355
651 4.52118
652 4.52881
653 4.53491
654 4.54254
655 4.55017
656 4.5578
657 4.5639
658 4.57153
659 4.57916
660 4.58679
661 4.5929
662 4.60052
663 4.60815
664 4.61426
665 4.62189
666 4.62952
667 4.63562
668 4.64325
669 4.65088
670 4.65851
671 4.66461
672 4.67224
673 4.67987
674 4.68597
675 4.6936
676 4.70123
677 4.70886
678 4.71497
679 4.7226
680 4.73022
681 4.73785
682 4.74396
683 4.75159
684 4.75922
685 4.76532
686 4.77295
687 4.78058
688 4.78821
689 4.79431
690 4.80194
691 4.80957
692 4.81567
693 4.8233
694 4.83093
695 4.83704
696 4.84467
697 4.85229
698 4.8584
699 4.86603
700 4.87366
701 4.88129
702 4.88892
703 4.89502
704 4.90265
705 4.91028
706 4.91791
707 4.92401
708 4.93164
709 4.93927
710 4.94537
711 4.953
712 4.96063
713 4.96674
714 4.97437
715 4.98199
716 4.9881
717 4.99573
718 5.00336
719 5.01099
720 5.01862
721 5.02472
722 5.03235
723 5.03998
724 5.04608
725 5.05371
726 5.06134
727 5.06744
728 5.07507
729 5.0827
730 5.09033
731 5.09644
732 5.10406
733 5.11169
734 5.11932
735 5.12543
736 5.13306
737 5.14069
738 5.14679
739 5.15442
740 5.16205
741 5.16968
742 5.17578
743 5.18341
744 5.19104
745 5.19714
746 5.20477
747 5.2124
748 5.21851
749 5.22614
750 5.23376
751 5.24139
752 5.2475
753 5.25513
754 5.26276
755 5.26886
756 5.27649
757 5.28412
758 5.29022
759 5.29785
760 5.30548
761 5.31311
762 5.31921
763 5.32684
764 5.33447
765 5.34058
766 5.34821
767 5.35583
768 5.36346
769 5.36957
770 5.3772
771 5.38483
772 5.39246
773 5.39856
774 5.40619
775 5.41382
776 5.41992
777 5.42755
778 5.43518
779 5.44128
780 5.44891
781 5.45654
782 5.46417
783 5.4718
784 5.47943
785 5.48553
786 5.49316
787 5.49927
788 5.5069
789 5.51453
790 5.52216
791 5.52979
792 5.53589
793 5.54352
794 5.55115
795 5.55725
796 5.56488
797 5.57098
798 5.57861
799 5.58624
800 5.59387
801 5.59998
802 5.6076
803 5.61523
804 5.62286
805 5.62897
806 5.6366
807 5.64423
808 5.65186
809 5.65796
810 5.66559
811 5.67169
812 5.67932
813 5.68695
814 5.69305
815 5.70068
816 5.70831
817 5.71594
818 5.72205
819 5.72968
820 5.7373
821 5.74493
822 5.75104
823 5.75867
824 5.7663
825 5.77393
826 5.78003
827 5.78766
828 5.79529
829 5.80292
830 5.80902
831 5.81665
832 5.82428
833 5.83038
834 5.83801
835 5.84564
836 5.85327
837 5.85938
838 5.867
839 5.87463
840 5.88074
841 5.88837
842 5.896
843 5.9021
844 5.90973
845 5.91736
846 5.92499
847 5.93109
848 5.93872
849 5.94635
850 5.95245
851 5.96008
852 5.96771
853 5.97534
854 5.98145
855 5.98907
856 5.9967
857 6.00281
858 6.01044
859 6.01807
860 6.0257
861 6.0318
862 6.03943
863 6.04553
864 6.05316
865 6.06079
866 6.06842
867 6.07605
868 6.08215
869 6.08978
870 6.09741
871 6.10352
872 6.11115
873 6.11877
874 6.1264
875 6.13251
876 6.14014
877 6.14624
878 6.15387
879 6.1615
880 6.16913
881 6.17676
882 6.18286
883 6.19049
884 6.19812
885 6.20575
886 6.21185
887 6.21948
888 6.22711
889 6.23474
890 6.24084
891 6.24847
892 6.2561
893 6.26221
894 6.26984
895 6.27747
896 6.28357
897 6.2912
898 6.29883
899 6.30493
900 6.31256
901 6.32019
902 6.32782
903 6.33392
904 6.34155
905 6.34918
906 6.35529
907 6.36292
908 6.37054
909 6.37817
910 6.38428
911 6.39191
912 6.39954
913 6.40717
914 6.41327
915 6.4209
916 6.427
917 6.43463
918 6.44226
919 6.44989
920 6.45599
921 6.46362
922 6.47125
923 6.47888
924 6.48499
925 6.49261
926 6.50024
927 6.50635
928 6.51398
929 6.52161
930 6.52771
931 6.53534
932 6.54297
933 6.5506
934 6.55823
935 6.56433
936 6.57196
937 6.57806
938 6.58569
939 6.59332
940 6.60095
941 6.60706
942 6.61469
943 6.62231
944 6.62994
945 6.63757
946 6.64368
947 6.65131
948 6.65894
949 6.66504
950 6.67267
951 6.6803
952 6.68793
953 6.69403
954 6.70166
955 6.70929
956 6.71539
957 6.72302
958 6.73065
959 6.73828
960 6.74438
961 6.75201
962 6.75812
963 6.76575
964 6.77338
965 6.77948
966 6.78711
967 6.79474
968 6.80237
969 6.81
970 6.8161
971 6.82373
972 6.83136
973 6.83899
974 6.84509
975 6.85272
976 6.86035
977 6.86646
978 6.87408
979 6.88171
980 6.88934
981 6.89545
982 6.90308
983 6.91071
984 6.91681
985 6.92444
986 6.93207
987 6.9397
988 6.9458
989 6.95343
990 6.96106
991 6.96716
992 6.97479
993 6.98242
994 6.98853
995 6.99615
996 7.00226
997 7.00989
998 7.01752
999 7.02515
1000 7.03125
