0 0.00107896 0.00107896 0 -0.00107896 -0.00107896 0
1 0 0 0 -0 -0 0
2 0 0 0 -0 -0 0
3 0.00107896 0.00107896 0 -0.00107896 -0.00107896 0
4 0.00107896 0.00107896 0 -0.00107896 -0.00107896 0
5 0.00107896 0.00107896 0 -0.00107896 -0.00107896 0
6 0.00215792 0.00215792 0 -0.00215792 -0.00215792 0
7 0.00323688 0.00323688 0 -0.00323688 -0.00323688 0
8 0.00431584 0.00431584 0 -0.00431584 -0.00431584 0
9 0.0053948 0.0053948 0 -0.0053948 -0.0053948 0
10 0.00647376 0.00647376 0 -0.00647376 -0.00647376 0
11 0.00755272 0.00755272 0 -0.00755272 -0.00755272 0
12 0.00971063 0.00971063 0 -0.00971063 -0.00971063 0
13 0.0118686 0.0118686 0 -0.0118686 -0.0118686 0
14 0.0140265 0.0140265 0 -0.0140265 -0.0140265 0
15 0.0161844 0.0161844 0 -0.0161844 -0.0161844 0
16 0.0183423 0.0183423 0 -0.0183423 -0.0183423 0
17 0.0205002 0.0205002 0 -0.0205002 -0.0205002 0
18 0.0237371 0.0237371 0 -0.0237371 -0.0237371 0
19 0.025895 0.025895 0 -0.025895 -0.025895 0
20 0.0291319 0.0291319 0 -0.0291319 -0.0291319 0
21 0.0312898 0.0312898 0 -0.0312898 -0.0312898 0
22 0.0345267 0.0345267 0 -0.0345267 -0.0345267 0
23 0.0377636 0.0377636 0 -0.0377636 -0.0377636 0
24 0.0410005 0.0410005 0 -0.0410005 -0.0410005 0
25 0.0442373 0.0442373 0 -0.0442373 -0.0442373 0
26 0.0474742 0.0474742 0 -0.0474742 -0.0474742 0
27 0.0507111 0.0507111 0 -0.0507111 -0.0507111 0
28 0.0550269 0.0550269 0 -0.0550269 -0.0550269 0
29 0.0582638 0.0582638 0 -0.0582638 -0.0582638 0
30 0.0615007 0.0615007 0 -0.0615007 -0.0615007 0
31 0.0658165 0.0658165 0 -0.0658165 -0.0658165 0
32 0.0701324 0.0701324 0 -0.0701324 -0.0701324 0
33 0.0733692 0.0733692 0 -0.0733692 -0.0733692 0
34 0.0776851 0.0776851 0 -0.0776851 -0.0776851 0
35 0.0809219 0.0809219 0 -0.0809219 -0.0809219 0
36 0.0852378 0.0852378 0 -0.0852378 -0.0852378 0
37 0.0895536 0.0895536 0 -0.0895536 -0.0895536 0
38 0.0938695 0.0938695 0 -0.0938695 -0.0938695 0
39 0.0981853 0.0981853 0 -0.0981853 -0.0981853 0
40 0.102501 0.102501 0 -0.102501 -0.102501 0
41 0.106817 0.106817 0 -0.106817 -0.106817 0
42 0.111133 0.111133 0 -0.111133 -0.111133 0
43 0.115449 0.115449 0 -0.115449 -0.115449 0
44 0.119764 0.119764 0 -0.119764 -0.119764 0
45 0.12408 0.12408 0 -0.12408 -0.12408 0
46 0.128396 0.128396 0 -0.128396 -0.128396 0
47 0.132712 0.132712 0 -0.132712 -0.132712 0
48 0.137028 0.137028 0 -0.137028 -0.137028 0
49 0.142423 0.142423 0 -0.142423 -0.142423 0
50 0.146738 0.146738 0 -0.146738 -0.146738 0
51 0.151054 0.151054 0 -0.151054 -0.151054 0
52 0.156449 0.156449 0 -0.156449 -0.156449 0
53 0.160765 0.160765 0 -0.160765 -0.160765 0
54 0.165081 0.165081 0 -0.165081 -0.165081 0
55 0.169397 0.169397 0 -0.169397 -0.169397 0
56 0.174791 0.174791 0 -0.174791 -0.174791 0
57 0.179107 0.179107 0 -0.179107 -0.179107 0
58 0.184502 0.184502 0 -0.184502 -0.184502 0
59 0.188818 0.188818 0 -0.188818 -0.188818 0
60 0.193134 0.193134 0 -0.193134 -0.193134 0
61 0.198529 0.198529 0 -0.198529 -0.198529 0
62 0.203923 0.203923 0 -0.203923 -0.203923 0
63 0.208239 0.208239 0 -0.208239 -0.208239 0
64 0.212555 0.212555 0 -0.212555 -0.212555 0
65 0.21795 0.21795 0 -0.21795 -0.21795 0
66 0.222266 0.222266 0 -0.222266 -0.222266 0
67 0.22766 0.22766 0 -0.22766 -0.22766 0
68 0.231976 0.231976 0 -0.231976 -0.231976 0
69 0.237371 0.237371 0 -0.237371 -0.237371 0
70 0.242766 0.242766 0 -0.242766 -0.242766 0
71 0.247082 0.247082 0 -0.247082 -0.247082 0
72 0.252476 0.252476 0 -0.252476 -0.252476 0
73 0.256792 0.256792 0 -0.256792 -0.256792 0
74 0.262187 0.262187 0 -0.262187 -0.262187 0
75 0.266503 0.266503 0 -0.266503 -0.266503 0
76 0.271898 0.271898 0 -0.271898 -0.271898 0
77 0.276214 0.276214 0 -0.276214 -0.276214 0
78 0.281608 0.281608 0 -0.281608 -0.281608 0
79 0.287003 0.287003 0 -0.287003 -0.287003 0
80 0.292398 0.292398 0 -0.292398 -0.292398 0
81 0.296714 0.296714 0 -0.296714 -0.296714 0
82 0.302109 0.302109 0 -0.302109 -0.302109 0
83 0.307503 0.307503 0 -0.307503 -0.307503 0
84 0.311819 0.311819 0 -0.311819 -0.311819 0
85 0.317214 0.317214 0 -0.317214 -0.317214 0
86 0.322609 0.322609 0 -0.322609 -0.322609 0
87 0.326925 0.326925 0 -0.326925 -0.326925 0
88 0.332319 0.332319 0 -0.332319 -0.332319 0
89 0.336635 0.336635 0 -0.336635 -0.336635 0
90 0.34203 0.34203 0 -0.34203 -0.34203 0
91 0.347425 0.347425 0 -0.347425 -0.347425 0
92 0.351741 0.351741 0 -0.351741 -0.351741 0
93 0.357136 0.357136 0 -0.357136 -0.357136 0
94 0.36253 0.36253 0 -0.36253 -0.36253 0
95 0.366846 0.366846 0 -0.366846 -0.366846 0
96 0.372241 0.372241 0 -0.372241 -0.372241 0
97 0.377636 0.377636 0 -0.377636 -0.377636 0
98 0.383031 0.383031 0 -0.383031 -0.383031 0
99 0.387346 0.387346 0 -0.387346 -0.387346 0
100 0.392741 0.392741 0 -0.392741 -0.392741 0
101 0.398136 0.398136 0 -0.398136 -0.398136 0
102 0.402452 0.402452 0 -0.402452 -0.402452 0
103 0.407847 0.407847 0 -0.407847 -0.407847 0
104 0.413241 0.413241 0 -0.413241 -0.413241 0
105 0.418636 0.418636 0 -0.418636 -0.418636 0
106 0.422952 0.422952 0 -0.422952 -0.422952 0
107 0.428347 0.428347 0 -0.428347 -0.428347 0
108 0.433742 0.433742 0 -0.433742 -0.433742 0
109 0.438057 0.438057 0 -0.438057 -0.438057 0
110 0.443452 0.443452 0 -0.443452 -0.443452 0
111 0.448847 0.448847 0 -0.448847 -0.448847 0
112 0.454242 0.454242 0 -0.454242 -0.454242 0
113 0.458558 0.458558 0 -0.458558 -0.458558 0
114 0.463953 0.463953 0 -0.463953 -0.463953 0
115 0.468268 0.468268 0 -0.468268 -0.468268 0
116 0.473663 0.473663 0 -0.473663 -0.473663 0
117 0.479058 0.479058 0 -0.479058 -0.479058 0
118 0.484453 0.484453 0 -0.484453 -0.484453 0
119 0.488769 0.488769 0 -0.488769 -0.488769 0
120 0.494163 0.494163 0 -0.494163 -0.494163 0
121 0.498479 0.498479 0 -0.498479 -0.498479 0
122 0.503874 0.503874 0 -0.503874 -0.503874 0
123 0.509269 0.509269 0 -0.509269 -0.509269 0
124 0.514664 0.514664 0 -0.514664 -0.514664 0
125 0.520058 0.520058 0 -0.520058 -0.520058 0
126 0.524374 0.524374 0 -0.524374 -0.524374 0
127 0.529769 0.529769 0 -0.529769 -0.529769 0
128 0.535164 0.535164 0 -0.535164 -0.535164 0
129 0.540559 0.540559 0 -0.540559 -0.540559 0
130 0.544874 0.544874 0 -0.544874 -0.544874 0
131 0.550269 0.550269 0 -0.550269 -0.550269 0
132 0.555664 0.555664 0 -0.555664 -0.555664 0
133 0.55998 0.55998 0 -0.55998 -0.55998 0
134 0.565375 0.565375 0 -0.565375 -0.565375 0
135 0.570769 0.570769 0 -0.570769 -0.570769 0
136 0.576164 0.576164 0 -0.576164 -0.576164 0
137 0.58048 0.58048 0 -0.58048 -0.58048 0
138 0.585875 0.585875 0 -0.585875 -0.585875 0
139 0.59127 0.59127 0 -0.59127 -0.59127 0
140 0.595586 0.595586 0 -0.595586 -0.595586 0
141 0.60098 0.60098 0 -0.60098 -0.60098 0
142 0.606375 0.606375 0 -0.606375 -0.606375 0
143 0.61177 0.61177 0 -0.61177 -0.61177 0
144 0.617165 0.617165 0 -0.617165 -0.617165 0
145 0.621481 0.621481 0 -0.621481 -0.621481 0
146 0.626875 0.626875 0 -0.626875 -0.626875 0
147 0.63227 0.63227 0 -0.63227 -0.63227 0
148 0.636586 0.636586 0 -0.636586 -0.636586 0
149 0.641981 0.641981 0 -0.641981 -0.641981 0
150 0.647376 0.647376 0 -0.647376 -0.647376 0
151 0.65277 0.65277 0 -0.65277 -0.65277 0
152 0.657086 0.657086 0 -0.657086 -0.657086 0
153 0.662481 0.662481 0 -0.662481 -0.662481 0
154 0.667876 0.667876 0 -0.667876 -0.667876 0
155 0.672192 0.672192 0 -0.672192 -0.672192 0
156 0.677586 0.677586 0 -0.677586 -0.677586 0
157 0.681902 0.681902 0 -0.681902 -0.681902 0
158 0.687297 0.687297 0 -0.687297 -0.687297 0
159 0.692692 0.692692 0 -0.692692 -0.692692 0
160 0.698087 0.698087 0 -0.698087 -0.698087 0
161 0.703481 0.703481 0 -0.703481 -0.703481 0
162 0.707797 0.707797 0 -0.707797 -0.707797 0
163 0.713192 0.713192 0 -0.713192 -0.713192 0
164 0.718587 0.718587 0 -0.718587 -0.718587 0
165 0.723982 0.723982 0 -0.723982 -0.723982 0
166 0.728298 0.728298 0 -0.728298 -0.728298 0
167 0.733692 0.733692 0 -0.733692 -0.733692 0
168 0.739087 0.739087 0 -0.739087 -0.739087 0
169 0.744482 0.744482 0 -0.744482 -0.744482 0
170 0.748798 0.748798 0 -0.748798 -0.748798 0
171 0.754193 0.754193 0 -0.754193 -0.754193 0
172 0.759587 0.759587 0 -0.759587 -0.759587 0
173 0.763903 0.763903 0 -0.763903 -0.763903 0
174 0.769298 0.769298 0 -0.769298 -0.769298 0
175 0.774693 0.774693 0 -0.774693 -0.774693 0
176 0.780088 0.780088 0 -0.780088 -0.780088 0
177 0.784403 0.784403 0 -0.784403 -0.784403 0
178 0.789798 0.789798 0 -0.789798 -0.789798 0
179 0.795193 0.795193 0 -0.795193 -0.795193 0
180 0.799509 0.799509 0 -0.799509 -0.799509 0
181 0.804904 0.804904 0 -0.804904 -0.804904 0
182 0.810298 0.810298 0 -0.810298 -0.810298 0
183 0.814614 0.814614 0 -0.814614 -0.814614 0
184 0.820009 0.820009 0 -0.820009 -0.820009 0
185 0.825404 0.825404 0 -0.825404 -0.825404 0
186 0.830799 0.830799 0 -0.830799 -0.830799 0
187 0.835115 0.835115 0 -0.835115 -0.835115 0
188 0.840509 0.840509 0 -0.840509 -0.840509 0
189 0.845904 0.845904 0 -0.845904 -0.845904 0
190 0.851299 0.851299 0 -0.851299 -0.851299 0
191 0.856694 0.856694 0 -0.856694 -0.856694 0
192 0.86101 0.86101 0 -0.86101 -0.86101 0
193 0.866404 0.866404 0 -0.866404 -0.866404 0
194 0.871799 0.871799 0 -0.871799 -0.871799 0
195 0.876115 0.876115 0 -0.876115 -0.876115 0
196 0.88151 0.88151 0 -0.88151 -0.88151 0
197 0.886905 0.886905 0 -0.886905 -0.886905 0
198 0.89122 0.89122 0 -0.89122 -0.89122 0
199 0.896615 0.896615 0 -0.896615 -0.896615 0
200 0.90201 0.90201 0 -0.90201 -0.90201 0
201 0.907405 0.907405 0 -0.907405 -0.907405 0
202 0.911721 0.911721 0 -0.911721 -0.911721 0
203 0.917115 0.917115 0 -0.917115 -0.917115 0
204 0.92251 0.92251 0 -0.92251 -0.92251 0
205 0.926826 0.926826 0 -0.926826 -0.926826 0
206 0.932221 0.932221 0 -0.932221 -0.932221 0
207 0.937616 0.937616 0 -0.937616 -0.937616 0
208 0.94301 0.94301 0 -0.94301 -0.94301 0
209 0.947326 0.947326 0 -0.947326 -0.947326 0
210 0.952721 0.952721 0 -0.952721 -0.952721 0
211 0.958116 0.958116 0 -0.958116 -0.958116 0
212 0.963511 0.963511 0 -0.963511 -0.963511 0
213 0.967827 0.967827 0 -0.967827 -0.967827 0
214 0.973221 0.973221 0 -0.973221 -0.973221 0
215 0.978616 0.978616 0 -0.978616 -0.978616 0
216 0.984011 0.984011 0 -0.984011 -0.984011 0
217 0.988327 0.988327 0 -0.988327 -0.988327 0
218 0.993722 0.993722 0 -0.993722 -0.993722 0
219 0.998037 0.998037 0 -0.998037 -0.998037 0
220 1.00343 1.00343 0 -1.00343 -1.00343 0
221 1.00883 1.00883 0 -1.00883 -1.00883 0
222 1.01422 1.01422 0 -1.01422 -1.01422 0
223 1.01962 1.01962 0 -1.01962 -1.01962 0
224 1.02393 1.02393 0 -1.02393 -1.02393 0
225 1.02933 1.02933 0 -1.02933 -1.02933 0
226 1.03472 1.03472 0 -1.03472 -1.03472 0
227 1.03904 1.03904 0 -1.03904 -1.03904 0
228 1.04443 1.04443 0 -1.04443 -1.04443 0
229 1.04983 1.04983 0 -1.04983 -1.04983 0
230 1.05414 1.05414 0 -1.05414 -1.05414 0
231 1.05954 1.05954 0 -1.05954 -1.05954 0
232 1.06493 1.06493 0 -1.06493 -1.06493 0
233 1.07033 1.07033 0 -1.07033 -1.07033 0
234 1.07464 1.07464 0 -1.07464 -1.07464 0
235 1.08004 1.08004 0 -1.08004 -1.08004 0
236 1.08543 1.08543 0 -1.08543 -1.08543 0
237 1.08975 1.08975 0 -1.08975 -1.08975 0
238 1.09514 1.09514 0 -1.09514 -1.09514 0
239 1.10054 1.10054 0 -1.10054 -1.10054 0
240 1.10593 1.10593 0 -1.10593 -1.10593 0
241 1.11025 1.11025 0 -1.11025 -1.11025 0
242 1.11564 1.11564 0 -1.11564 -1.11564 0
243 1.12104 1.12104 0 -1.12104 -1.12104 0
244 1.12535 1.12535 0 -1.12535 -1.12535 0
245 1.13075 1.13075 0 -1.13075 -1.13075 0
246 1.13614 1.13614 0 -1.13614 -1.13614 0
247 1.14154 1.14154 0 -1.14154 -1.14154 0
248 1.14585 1.14585 0 -1.14585 -1.14585 0
249 1.15125 1.15125 0 -1.15125 -1.15125 0
250 1.15664 1.15664 0 -1.15664 -1.15664 0
251 1.16204 1.16204 0 -1.16204 -1.16204 0
252 1.16636 1.16636 0 -1.16636 -1.16636 0
253 1.17175 1.17175 0 -1.17175 -1.17175 0
254 1.17714 1.17714 0 -1.17714 -1.17714 0
255 1.18146 1.18146 0 -1.18146 -1.18146 0
256 1.18686 1.18686 0 -1.18686 -1.18686 0
257 1.19225 1.19225 0 -1.19225 -1.19225 0
258 1.19764 1.19764 0 -1.19764 -1.19764 0
259 1.20196 1.20196 0 -1.20196 -1.20196 0
260 1.20736 1.20736 0 -1.20736 -1.20736 0
261 1.21275 1.21275 0 -1.21275 -1.21275 0
262 1.21707 1.21707 0 -1.21707 -1.21707 0
263 1.22246 1.22246 0 -1.22246 -1.22246 0
264 1.22786 1.22786 0 -1.22786 -1.22786 0
265 1.23325 1.23325 0 -1.23325 -1.23325 0
266 1.23757 1.23757 0 -1.23757 -1.23757 0
267 1.24296 1.24296 0 -1.24296 -1.24296 0
268 1.24836 1.24836 0 -1.24836 -1.24836 0
269 1.25375 1.25375 0 -1.25375 -1.25375 0
270 1.25915 1.25915 0 -1.25915 -1.25915 0
271 1.26346 1.26346 0 -1.26346 -1.26346 0
272 1.26886 1.26886 0 -1.26886 -1.26886 0
273 1.27425 1.27425 0 -1.27425 -1.27425 0
274 1.27857 1.27857 0 -1.27857 -1.27857 0
275 1.28396 1.28396 0 -1.28396 -1.28396 0
276 1.28936 1.28936 0 -1.28936 -1.28936 0
277 1.29367 1.29367 0 -1.29367 -1.29367 0
278 1.29907 1.29907 0 -1.29907 -1.29907 0
279 1.30446 1.30446 0 -1.30446 -1.30446 0
280 1.30878 1.30878 0 -1.30878 -1.30878 0
281 1.31417 1.31417 0 -1.31417 -1.31417 0
282 1.31957 1.31957 0 -1.31957 -1.31957 0
283 1.32388 1.32388 0 -1.32388 -1.32388 0
284 1.32928 1.32928 0 -1.32928 -1.32928 0
285 1.33467 1.33467 0 -1.33467 -1.33467 0
286 1.34007 1.34007 0 -1.34007 -1.34007 0
287 1.34438 1.34438 0 -1.34438 -1.34438 0
288 1.34978 1.34978 0 -1.34978 -1.34978 0
289 1.35517 1.35517 0 -1.35517 -1.35517 0
290 1.36057 1.36057 0 -1.36057 -1.36057 0
291 1.36488 1.36488 0 -1.36488 -1.36488 0
292 1.37028 1.37028 0 -1.37028 -1.37028 0
293 1.37567 1.37567 0 -1.37567 -1.37567 0
294 1.37999 1.37999 0 -1.37999 -1.37999 0
295 1.38538 1.38538 0 -1.38538 -1.38538 0
296 1.39078 1.39078 0 -1.39078 -1.39078 0
297 1.39617 1.39617 0 -1.39617 -1.39617 0
298 1.40049 1.40049 0 -1.40049 -1.40049 0
299 1.40588 1.40588 0 -1.40588 -1.40588 0
300 1.41128 1.41128 0 -1.41128 -1.41128 0
301 1.41667 1.41667 0 -1.41667 -1.41667 0
302 1.42099 1.42099 0 -1.42099 -1.42099 0
303 1.42638 1.42638 0 -1.42638 -1.42638 0
304 1.43178 1.43178 0 -1.43178 -1.43178 0
305 1.43717 1.43717 0 -1.43717 -1.43717 0
306 1.44149 1.44149 0 -1.44149 -1.44149 0
307 1.44688 1.44688 0 -1.44688 -1.44688 0
308 1.45228 1.45228 0 -1.45228 -1.45228 0
309 1.4566 1.4566 0 -1.4566 -1.4566 0
310 1.46199 1.46199 0 -1.46199 -1.46199 0
311 1.46738 1.46738 0 -1.46738 -1.46738 0
312 1.4717 1.4717 0 -1.4717 -1.4717 0
313 1.4771 1.4771 0 -1.4771 -1.4771 0
314 1.48249 1.48249 0 -1.48249 -1.48249 0
315 1.48788 1.48788 0 -1.48788 -1.48788 0
316 1.4922 1.4922 0 -1.4922 -1.4922 0
317 1.4976 1.4976 0 -1.4976 -1.4976 0
318 1.50299 1.50299 0 -1.50299 -1.50299 0
319 1.50731 1.50731 0 -1.50731 -1.50731 0
320 1.5127 1.5127 0 -1.5127 -1.5127 0
321 1.5181 1.5181 0 -1.5181 -1.5181 0
322 1.52241 1.52241 0 -1.52241 -1.52241 0
323 1.52781 1.52781 0 -1.52781 -1.52781 0
324 1.5332 1.5332 0 -1.5332 -1.5332 0
325 1.53752 1.53752 0 -1.53752 -1.53752 0
326 1.54291 1.54291 0 -1.54291 -1.54291 0
327 1.54831 1.54831 0 -1.54831 -1.54831 0
328 1.5537 1.5537 0 -1.5537 -1.5537 0
329 1.5591 1.5591 0 -1.5591 -1.5591 0
330 1.56341 1.56341 0 -1.56341 -1.56341 0
331 1.56881 1.56881 0 -1.56881 -1.56881 0
332 1.5742 1.5742 0 -1.5742 -1.5742 0
333 1.57852 1.57852 0 -1.57852 -1.57852 0
334 1.58391 1.58391 0 -1.58391 -1.58391 0
335 1.58931 1.58931 0 -1.58931 -1.58931 0
336 1.5947 1.5947 0 -1.5947 -1.5947 0
337 1.59902 1.59902 0 -1.59902 -1.59902 0
338 1.60441 1.60441 0 -1.60441 -1.60441 0
339 1.60981 1.60981 0 -1.60981 -1.60981 0
340 1.6152 1.6152 0 -1.6152 -1.6152 0
341 1.61952 1.61952 0 -1.61952 -1.61952 0
342 1.62491 1.62491 0 -1.62491 -1.62491 0
343 1.63031 1.63031 0 -1.63031 -1.63031 0
344 1.63462 1.63462 0 -1.63462 -1.63462 0
345 1.64002 1.64002 0 -1.64002 -1.64002 0
346 1.64541 1.64541 0 -1.64541 -1.64541 0
347 1.64973 1.64973 0 -1.64973 -1.64973 0
348 1.65512 1.65512 0 -1.65512 -1.65512 0
349 1.66052 1.66052 0 -1.66052 -1.66052 0
350 1.66483 1.66483 0 -1.66483 -1.66483 0
351 1.67023 1.67023 0 -1.67023 -1.67023 0
352 1.67562 1.67562 0 -1.67562 -1.67562 0
353 1.68102 1.68102 0 -1.68102 -1.68102 0
354 1.68641 1.68641 0 -1.68641 -1.68641 0
355 1.69181 1.69181 0 -1.69181 -1.69181 0
356 1.69612 1.69612 0 -1.69612 -1.69612 0
357 1.70152 1.70152 0 -1.70152 -1.70152 0
358 1.70691 1.70691 0 -1.70691 -1.70691 0
359 1.71123 1.71123 0 -1.71123 -1.71123 0
360 1.71662 1.71662 0 -1.71662 -1.71662 0
361 1.72094 1.72094 0 -1.72094 -1.72094 0
362 1.72633 1.72633 0 -1.72633 -1.72633 0
363 1.73173 1.73173 0 -1.73173 -1.73173 0
364 1.73712 1.73712 0 -1.73712 -1.73712 0
365 1.74144 1.74144 0 -1.74144 -1.74144 0
366 1.74684 1.74684 0 -1.74684 -1.74684 0
367 1.75223 1.75223 0 -1.75223 -1.75223 0
368 1.75655 1.75655 0 -1.75655 -1.75655 0
369 1.76194 1.76194 0 -1.76194 -1.76194 0
370 1.76734 1.76734 0 -1.76734 -1.76734 0
371 1.77273 1.77273 0 -1.77273 -1.77273 0
372 1.77812 1.77812 0 -1.77812 -1.77812 0
373 1.78244 1.78244 0 -1.78244 -1.78244 0
374 1.78784 1.78784 0 -1.78784 -1.78784 0
375 1.79215 1.79215 0 -1.79215 -1.79215 0
376 1.79755 1.79755 0 -1.79755 -1.79755 0
377 1.80294 1.80294 0 -1.80294 -1.80294 0
378 1.80834 1.80834 0 -1.80834 -1.80834 0
379 1.81265 1.81265 0 -1.81265 -1.81265 0
380 1.81805 1.81805 0 -1.81805 -1.81805 0
381 1.82344 1.82344 0 -1.82344 -1.82344 0
382 1.82884 1.82884 0 -1.82884 -1.82884 0
383 1.83315 1.83315 0 -1.83315 -1.83315 0
384 1.83855 1.83855 0 -1.83855 -1.83855 0
385 1.84394 1.84394 0 -1.84394 -1.84394 0
386 1.84826 1.84826 0 -1.84826 -1.84826 0
387 1.85365 1.85365 0 -1.85365 -1.85365 0
388 1.85905 1.85905 0 -1.85905 -1.85905 0
389 1.86444 1.86444 0 -1.86444 -1.86444 0
390 1.86876 1.86876 0 -1.86876 -1.86876 0
391 1.87415 1.87415 0 -1.87415 -1.87415 0
392 1.87955 1.87955 0 -1.87955 -1.87955 0
393 1.88494 1.88494 0 -1.88494 -1.88494 0
394 1.88926 1.88926 0 -1.88926 -1.88926 0
395 1.89465 1.89465 0 -1.89465 -1.89465 0
396 1.89897 1.89897 0 -1.89897 -1.89897 0
397 1.90436 1.90436 0 -1.90436 -1.90436 0
398 1.90976 1.90976 0 -1.90976 -1.90976 0
399 1.91515 1.91515 0 -1.91515 -1.91515 0
400 1.91947 1.91947 0 -1.91947 -1.91947 0
401 1.92486 1.92486 0 -1.92486 -1.92486 0
402 1.93026 1.93026 0 -1.93026 -1.93026 0
403 1.93565 1.93565 0 -1.93565 -1.93565 0
404 1.93997 1.93997 0 -1.93997 -1.93997 0
405 1.94536 1.94536 0 -1.94536 -1.94536 0
406 1.95076 1.95076 0 -1.95076 -1.95076 0
407 1.95507 1.95507 0 -1.95507 -1.95507 0
408 1.96047 1.96047 0 -1.96047 -1.96047 0
409 1.96586 1.96586 0 -1.96586 -1.96586 0
410 1.97126 1.97126 0 -1.97126 -1.97126 0
411 1.97557 1.97557 0 -1.97557 -1.97557 0
412 1.98097 1.98097 0 -1.98097 -1.98097 0
413 1.98636 1.98636 0 -1.98636 -1.98636 0
414 1.99176 1.99176 0 -1.99176 -1.99176 0
415 1.99607 1.99607 0 -1.99607 -1.99607 0
416 2.00147 2.00147 0 -2.00147 -2.00147 0
417 2.00686 2.00686 0 -2.00686 -2.00686 0
418 2.01118 2.01118 0 -2.01118 -2.01118 0
419 2.01657 2.01657 0 -2.01657 -2.01657 0
420 2.02197 2.02197 0 -2.02197 -2.02197 0
421 2.02736 2.02736 0 -2.02736 -2.02736 0
422 2.03168 2.03168 0 -2.03168 -2.03168 0
423 2.03708 2.03708 0 -2.03708 -2.03708 0
424 2.04247 2.04247 0 -2.04247 -2.04247 0
425 2.04679 2.04679 0 -2.04679 -2.04679 0
426 2.05218 2.05218 0 -2.05218 -2.05218 0
427 2.05758 2.05758 0 -2.05758 -2.05758 0
428 2.06297 2.06297 0 -2.06297 -2.06297 0
429 2.06729 2.06729 0 -2.06729 -2.06729 0
430 2.07268 2.07268 0 -2.07268 -2.07268 0
431 2.07808 2.07808 0 -2.07808 -2.07808 0
432 2.08239 2.08239 0 -2.08239 -2.08239 0
433 2.08779 2.08779 0 -2.08779 -2.08779 0
434 2.09318 2.09318 0 -2.09318 -2.09318 0
435 2.0975 2.0975 0 -2.0975 -2.0975 0
436 2.10289 2.10289 0 -2.10289 -2.10289 0
437 2.10829 2.10829 0 -2.10829 -2.10829 0
438 2.11368 2.11368 0 -2.11368 -2.11368 0
439 2.118 2.118 0 -2.118 -2.118 0
440 2.12339 2.12339 0 -2.12339 -2.12339 0
441 2.12879 2.12879 0 -2.12879 -2.12879 0
442 2.1331 2.1331 0 -2.1331 -2.1331 0
443 2.1385 2.1385 0 -2.1385 -2.1385 0
444 2.14389 2.14389 0 -2.14389 -2.14389 0
445 2.14929 2.14929 0 -2.14929 -2.14929 0
446 2.1536 2.1536 0 -2.1536 -2.1536 0
447 2.159 2.159 0 -2.159 -2.159 0
448 2.16439 2.16439 0 -2.16439 -2.16439 0
449 2.16979 2.16979 0 -2.16979 -2.16979 0
450 2.1741 2.1741 0 -2.1741 -2.1741 0
451 2.1795 2.1795 0 -2.1795 -2.1795 0
452 2.18489 2.18489 0 -2.18489 -2.18489 0
453 2.18921 2.18921 0 -2.18921 -2.18921 0
454 2.1946 2.1946 0 -2.1946 -2.1946 0
455 2.2 2.2 0 -2.2 -2.2 0
456 2.20431 2.20431 0 -2.20431 -2.20431 0
457 2.20971 2.20971 0 -2.20971 -2.20971 0
458 2.2151 2.2151 0 -2.2151 -2.2151 0
459 2.2205 2.2205 0 -2.2205 -2.2205 0
460 2.22481 2.22481 0 -2.22481 -2.22481 0
461 2.23021 2.23021 0 -2.23021 -2.23021 0
462 2.2356 2.2356 0 -2.2356 -2.2356 0
463 2.23992 2.23992 0 -2.23992 -2.23992 0
464 2.24531 2.24531 0 -2.24531 -2.24531 0
465 2.25071 2.25071 0 -2.25071 -2.25071 0
466 2.2561 2.2561 0 -2.2561 -2.2561 0
467 2.26042 2.26042 0 -2.26042 -2.26042 0
468 2.26581 2.26581 0 -2.26581 -2.26581 0
469 2.27121 2.27121 0 -2.27121 -2.27121 0
470 2.27553 2.27553 0 -2.27553 -2.27553 0
471 2.28092 2.28092 0 -2.28092 -2.28092 0
472 2.28631 2.28631 0 -2.28631 -2.28631 0
473 2.29171 2.29171 0 -2.29171 -2.29171 0
474 2.29603 2.29603 0 -2.29603 -2.29603 0
475 2.30142 2.30142 0 -2.30142 -2.30142 0
476 2.30682 2.30682 0 -2.30682 -2.30682 0
477 2.31221 2.31221 0 -2.31221 -2.31221 0
478 2.31653 2.31653 0 -2.31653 -2.31653 0
479 2.32192 2.32192 0 -2.32192 -2.32192 0
480 2.32732 2.32732 0 -2.32732 -2.32732 0
481 2.33163 2.33163 0 -2.33163 -2.33163 0
482 2.33703 2.33703 0 -2.33703 -2.33703 0
483 2.34242 2.34242 0 -2.34242 -2.34242 0
484 2.34782 2.34782 0 -2.34782 -2.34782 0
485 2.35213 2.35213 0 -2.35213 -2.35213 0
486 2.35753 2.35753 0 -2.35753 -2.35753 0
487 2.36292 2.36292 0 -2.36292 -2.36292 0
488 2.36724 2.36724 0 -2.36724 -2.36724 0
489 2.37263 2.37263 0 -2.37263 -2.37263 0
490 2.37803 2.37803 0 -2.37803 -2.37803 0
491 2.38342 2.38342 0 -2.38342 -2.38342 0
492 2.38774 2.38774 0 -2.38774 -2.38774 0
493 2.39313 2.39313 0 -2.39313 -2.39313 0
494 2.39853 2.39853 0 -2.39853 -2.39853 0
495 2.40284 2.40284 0 -2.40284 -2.40284 0
496 2.40824 2.40824 0 -2.40824 -2.40824 0
497 2.41363 2.41363 0 -2.41363 -2.41363 0
498 2.41903 2.41903 0 -2.41903 -2.41903 0
499 2.42442 2.42442 0 -2.42442 -2.42442 0
500 2.42874 2.42874 0 -2.42874 -2.42874 0
501 2.43413 2.43413 0 -2.43413 -2.43413 0
502 2.43845 2.43845 0 -2.43845 -2.43845 0
503 2.44384 2.44384 0 -2.44384 -2.44384 0
504 2.44924 2.44924 0 -2.44924 -2.44924 0
505 2.45463 2.45463 0 -2.45463 -2.45463 0
506 2.45895 2.45895 0 -2.45895 -2.45895 0
507 2.46434 2.46434 0 -2.46434 -2.46434 0
508 2.46866 2.46866 0 -2.46866 -2.46866 0
509 2.47405 2.47405 0 -2.47405 -2.47405 0
510 2.47945 2.47945 0 -2.47945 -2.47945 0
511 2.48484 2.48484 0 -2.48484 -2.48484 0
512 2.49024 2.49024 0 -2.49024 -2.49024 0
513 2.49455 2.49455 0 -2.49455 -2.49455 0
514 2.49995 2.49995 0 -2.49995 -2.49995 0
515 2.50534 2.50534 0 -2.50534 -2.50534 0
516 2.51074 2.51074 0 -2.51074 -2.51074 0
517 2.51505 2.51505 0 -2.51505 -2.51505 0
518 2.52045 2.52045 0 -2.52045 -2.52045 0
519 2.52584 2.52584 0 -2.52584 -2.52584 0
520 2.53016 2.53016 0 -2.53016 -2.53016 0
521 2.53555 2.53555 0 -2.53555 -2.53555 0
522 2.54095 2.54095 0 -2.54095 -2.54095 0
523 2.54527 2.54527 0 -2.54527 -2.54527 0
524 2.55066 2.55066 0 -2.55066 -2.55066 0
525 2.55605 2.55605 0 -2.55605 -2.55605 0
526 2.56145 2.56145 0 -2.56145 -2.56145 0
527 2.56577 2.56577 0 -2.56577 -2.56577 0
528 2.57116 2.57116 0 -2.57116 -2.57116 0
529 2.57655 2.57655 0 -2.57655 -2.57655 0
530 2.58087 2.58087 0 -2.58087 -2.58087 0
531 2.58627 2.58627 0 -2.58627 -2.58627 0
532 2.59166 2.59166 0 -2.59166 -2.59166 0
533 2.59706 2.59706 0 -2.59706 -2.59706 0
534 2.60245 2.60245 0 -2.60245 -2.60245 0
535 2.60677 2.60677 0 -2.60677 -2.60677 0
536 2.61216 2.61216 0 -2.61216 -2.61216 0
537 2.61756 2.61756 0 -2.61756 -2.61756 0
538 2.62187 2.62187 0 -2.62187 -2.62187 0
539 2.62727 2.62727 0 -2.62727 -2.62727 0
540 2.63266 2.63266 0 -2.63266 -2.63266 0
541 2.63698 2.63698 0 -2.63698 -2.63698 0
542 2.64237 2.64237 0 -2.64237 -2.64237 0
543 2.64777 2.64777 0 -2.64777 -2.64777 0
544 2.65316 2.65316 0 -2.65316 -2.65316 0
545 2.65748 2.65748 0 -2.65748 -2.65748 0
546 2.66287 2.66287 0 -2.66287 -2.66287 0
547 2.66827 2.66827 0 -2.66827 -2.66827 0
548 2.67366 2.67366 0 -2.67366 -2.67366 0
549 2.67798 2.67798 0 -2.67798 -2.67798 0
550 2.68337 2.68337 0 -2.68337 -2.68337 0
551 2.68877 2.68877 0 -2.68877 -2.68877 0
552 2.69308 2.69308 0 -2.69308 -2.69308 0
553 2.69848 2.69848 0 -2.69848 -2.69848 0
554 2.70279 2.70279 0 -2.70279 -2.70279 0
555 2.70819 2.70819 0 -2.70819 -2.70819 0
556 2.71358 2.71358 0 -2.71358 -2.71358 0
557 2.71898 2.71898 0 -2.71898 -2.71898 0
558 2.72329 2.72329 0 -2.72329 -2.72329 0
559 2.72869 2.72869 0 -2.72869 -2.72869 0
560 2.73408 2.73408 0 -2.73408 -2.73408 0
561 2.73948 2.73948 0 -2.73948 -2.73948 0
562 2.74379 2.74379 0 -2.74379 -2.74379 0
563 2.74919 2.74919 0 -2.74919 -2.74919 0
564 2.75458 2.75458 0 -2.75458 -2.75458 0
565 2.75998 2.75998 0 -2.75998 -2.75998 0
566 2.76429 2.76429 0 -2.76429 -2.76429 0
567 2.76969 2.76969 0 -2.76969 -2.76969 0
568 2.77508 2.77508 0 -2.77508 -2.77508 0
569 2.78048 2.78048 0 -2.78048 -2.78048 0
570 2.78479 2.78479 0 -2.78479 -2.78479 0
571 2.79019 2.79019 0 -2.79019 -2.79019 0
572 2.79558 2.79558 0 -2.79558 -2.79558 0
573 2.7999 2.7999 0 -2.7999 -2.7999 0
574 2.80529 2.80529 0 -2.80529 -2.80529 0
575 2.81069 2.81069 0 -2.81069 -2.81069 0
576 2.815 2.815 0 -2.815 -2.815 0
577 2.8204 2.8204 0 -2.8204 -2.8204 0
578 2.82579 2.82579 0 -2.82579 -2.82579 0
579 2.83011 2.83011 0 -2.83011 -2.83011 0
580 2.83551 2.83551 0 -2.83551 -2.83551 0
581 2.8409 2.8409 0 -2.8409 -2.8409 0
582 2.84629 2.84629 0 -2.84629 -2.84629 0
583 2.85061 2.85061 0 -2.85061 -2.85061 0
584 2.85601 2.85601 0 -2.85601 -2.85601 0
585 2.8614 2.8614 0 -2.8614 -2.8614 0
586 2.86679 2.86679 0 -2.86679 -2.86679 0
587 2.87111 2.87111 0 -2.87111 -2.87111 0
588 2.87651 2.87651 0 -2.87651 -2.87651 0
589 2.8819 2.8819 0 -2.8819 -2.8819 0
590 2.88622 2.88622 0 -2.88622 -2.88622 0
591 2.89161 2.89161 0 -2.89161 -2.89161 0
592 2.89701 2.89701 0 -2.89701 -2.89701 0
593 2.90132 2.90132 0 -2.90132 -2.90132 0
594 2.90672 2.90672 0 -2.90672 -2.90672 0
595 2.91211 2.91211 0 -2.91211 -2.91211 0
596 2.91643 2.91643 0 -2.91643 -2.91643 0
597 2.92182 2.92182 0 -2.92182 -2.92182 0
598 2.92722 2.92722 0 -2.92722 -2.92722 0
599 2.93261 2.93261 0 -2.93261 -2.93261 0
600 2.93801 2.93801 0 -2.93801 -2.93801 0
601 2.94232 2.94232 0 -2.94232 -2.94232 0
602 2.94772 2.94772 0 -2.94772 -2.94772 0
603 2.95311 2.95311 0 -2.95311 -2.95311 0
604 2.95743 2.95743 0 -2.95743 -2.95743 0
605 2.96282 2.96282 0 -2.96282 -2.96282 0
606 2.96822 2.96822 0 -2.96822 -2.96822 0
607 2.97361 2.97361 0 -2.97361 -2.97361 0
608 2.97793 2.97793 0 -2.97793 -2.97793 0
609 2.98332 2.98332 0 -2.98332 -2.98332 0
610 2.98872 2.98872 0 -2.98872 -2.98872 0
611 2.99411 2.99411 0 -2.99411 -2.99411 0
612 2.99843 2.99843 0 -2.99843 -2.99843 0
613 3.00382 3.00382 0 -3.00382 -3.00382 0
614 3.00922 3.00922 0 -3.00922 -3.00922 0
615 3.01353 3.01353 0 -3.01353 -3.01353 0
616 3.01893 3.01893 0 -3.01893 -3.01893 0
617 3.02324 3.02324 0 -3.02324 -3.02324 0
618 3.02864 3.02864 0 -3.02864 -3.02864 0
619 3.03403 3.03403 0 -3.03403 -3.03403 0
620 3.03943 3.03943 0 -3.03943 -3.03943 0
621 3.04482 3.04482 0 -3.04482 -3.04482 0
622 3.05022 3.05022 0 -3.05022 -3.05022 0
623 3.05453 3.05453 0 -3.05453 -3.05453 0
624 3.05993 3.05993 0 -3.05993 -3.05993 0
625 3.06532 3.06532 0 -3.06532 -3.06532 0
626 3.06964 3.06964 0 -3.06964 -3.06964 0
627 3.07503 3.07503 0 -3.07503 -3.07503 0
628 3.08043 3.08043 0 -3.08043 -3.08043 0
629 3.08474 3.08474 0 -3.08474 -3.08474 0
630 3.09014 3.09014 0 -3.09014 -3.09014 0
631 3.09553 3.09553 0 -3.09553 -3.09553 0
632 3.10093 3.10093 0 -3.10093 -3.10093 0
633 3.10524 3.10524 0 -3.10524 -3.10524 0
634 3.11064 3.11064 0 -3.11064 -3.11064 0
635 3.11603 3.11603 0 -3.11603 -3.11603 0
636 3.12035 3.12035 0 -3.12035 -3.12035 0
637 3.12575 3.12575 0 -3.12575 -3.12575 0
638 3.13114 3.13114 0 -3.13114 -3.13114 0
639 3.13546 3.13546 0 -3.13546 -3.13546 0
640 3.14085 3.14085 0 -3.14085 -3.14085 0
641 3.14625 3.14625 0 -3.14625 -3.14625 0
642 3.15164 3.15164 0 -3.15164 -3.15164 0
643 3.15596 3.15596 0 -3.15596 -3.15596 0
644 3.16135 3.16135 0 -3.16135 -3.16135 0
645 3.16675 3.16675 0 -3.16675 -3.16675 0
646 3.17106 3.17106 0 -3.17106 -3.17106 0
647 3.17646 3.17646 0 -3.17646 -3.17646 0
648 3.18185 3.18185 0 -3.18185 -3.18185 0
649 3.18725 3.18725 0 -3.18725 -3.18725 0
650 3.19156 3.19156 0 -3.19156 -3.19156 0
651 3.19696 3.19696 0 -3.19696 -3.19696 0
652 3.20235 3.20235 0 -3.20235 -3.20235 0
653 3.20667 3.20667 0 -3.20667 -3.20667 0
654 3.21206 3.21206 0 -3.21206 -3.21206 0
655 3.21746 3.21746 0 -3.21746 -3.21746 0
656 3.22285 3.22285 0 -3.22285 -3.22285 0
657 3.22717 3.22717 0 -3.22717 -3.22717 0
658 3.23256 3.23256 0 -3.23256 -3.23256 0
659 3.23796 3.23796 0 -3.23796 -3.23796 0
660 3.24335 3.24335 0 -3.24335 -3.24335 0
661 3.24767 3.24767 0 -3.24767 -3.24767 0
662 3.25306 3.25306 0 -3.25306 -3.25306 0
663 3.25846 3.25846 0 -3.25846 -3.25846 0
664 3.26277 3.26277 0 -3.26277 -3.26277 0
665 3.26817 3.26817 0 -3.26817 -3.26817 0
666 3.27356 3.27356 0 -3.27356 -3.27356 0
667 3.27788 3.27788 0 -3.27788 -3.27788 0
668 3.28327 3.28327 0 -3.28327 -3.28327 0
669 3.28867 3.28867 0 -3.28867 -3.28867 0
670 3.29406 3.29406 0 -3.29406 -3.29406 0
671 3.29838 3.29838 0 -3.29838 -3.29838 0
672 3.30377 3.30377 0 -3.30377 -3.30377 0
673 3.30917 3.30917 0 -3.30917 -3.30917 0
674 3.31348 3.31348 0 -3.31348 -3.31348 0
675 3.31888 3.31888 0 -3.31888 -3.31888 0
676 3.32427 3.32427 0 -3.32427 -3.32427 0
677 3.32967 3.32967 0 -3.32967 -3.32967 0
678 3.33398 3.33398 0 -3.33398 -3.33398 0
679 3.33938 3.33938 0 -3.33938 -3.33938 0
680 3.34477 3.34477 0 -3.34477 -3.34477 0
681 3.35017 3.35017 0 -3.35017 -3.35017 0
682 3.35448 3.35448 0 -3.35448 -3.35448 0
683 3.35988 3.35988 0 -3.35988 -3.35988 0
684 3.36527 3.36527 0 -3.36527 -3.36527 0
685 3.36959 3.36959 0 -3.36959 -3.36959 0
686 3.37498 3.37498 0 -3.37498 -3.37498 0
687 3.38038 3.38038 0 -3.38038 -3.38038 0
688 3.38577 3.38577 0 -3.38577 -3.38577 0
689 3.39009 3.39009 0 -3.39009 -3.39009 0
690 3.39548 3.39548 0 -3.39548 -3.39548 0
691 3.40088 3.40088 0 -3.40088 -3.40088 0
692 3.4052 3.4052 0 -3.4052 -3.4052 0
693 3.41059 3.41059 0 -3.41059 -3.41059 0
694 3.41599 3.41599 0 -3.41599 -3.41599 0
695 3.4203 3.4203 0 -3.4203 -3.4203 0
696 3.4257 3.4257 0 -3.4257 -3.4257 0
697 3.43109 3.43109 0 -3.43109 -3.43109 0
698 3.43541 3.43541 0 -3.43541 -3.43541 0
699 3.4408 3.4408 0 -3.4408 -3.4408 0
700 3.4462 3.4462 0 -3.4462 -3.4462 0
701 3.45159 3.45159 0 -3.45159 -3.45159 0
702 3.45699 3.45699 0 -3.45699 -3.45699 0
703 3.4613 3.4613 0 -3.4613 -3.4613 0
704 3.4667 3.4667 0 -3.4667 -3.4667 0
705 3.47209 3.47209 0 -3.47209 -3.47209 0
706 3.47749 3.47749 0 -3.47749 -3.47749 0
707 3.4818 3.4818 0 -3.4818 -3.4818 0
708 3.4872 3.4872 0 -3.4872 -3.4872 0
709 3.49259 3.49259 0 -3.49259 -3.49259 0
710 3.49691 3.49691 0 -3.49691 -3.49691 0
711 3.5023 3.5023 0 -3.5023 -3.5023 0
712 3.5077 3.5077 0 -3.5077 -3.5077 0
713 3.51201 3.51201 0 -3.51201 -3.51201 0
714 3.51741 3.51741 0 -3.51741 -3.51741 0
715 3.5228 3.5228 0 -3.5228 -3.5228 0
716 3.52712 3.52712 0 -3.52712 -3.52712 0
717 3.53251 3.53251 0 -3.53251 -3.53251 0
718 3.53791 3.53791 0 -3.53791 -3.53791 0
719 3.5433 3.5433 0 -3.5433 -3.5433 0
720 3.5487 3.5487 0 -3.5487 -3.5487 0
721 3.55301 3.55301 0 -3.55301 -3.55301 0
722 3.55841 3.55841 0 -3.55841 -3.55841 0
723 3.5638 3.5638 0 -3.5638 -3.5638 0
724 3.56812 3.56812 0 -3.56812 -3.56812 0
725 3.57351 3.57351 0 -3.57351 -3.57351 0
726 3.57891 3.57891 0 -3.57891 -3.57891 0
727 3.58322 3.58322 0 -3.58322 -3.58322 0
728 3.58862 3.58862 0 -3.58862 -3.58862 0
729 3.59401 3.59401 0 -3.59401 -3.59401 0
730 3.59941 3.59941 0 -3.59941 -3.59941 0
731 3.60372 3.60372 0 -3.60372 -3.60372 0
732 3.60912 3.60912 0 -3.60912 -3.60912 0
733 3.61451 3.61451 0 -3.61451 -3.61451 0
734 3.61991 3.61991 0 -3.61991 -3.61991 0
735 3.62422 3.62422 0 -3.62422 -3.62422 0
736 3.62962 3.62962 0 -3.62962 -3.62962 0
737 3.63501 3.63501 0 -3.63501 -3.63501 0
738 3.63933 3.63933 0 -3.63933 -3.63933 0
739 3.64472 3.64472 0 -3.64472 -3.64472 0
740 3.65012 3.65012 0 -3.65012 -3.65012 0
741 3.65551 3.65551 0 -3.65551 -3.65551 0
742 3.65983 3.65983 0 -3.65983 -3.65983 0
743 3.66522 3.66522 0 -3.66522 -3.66522 0
744 3.67062 3.67062 0 -3.67062 -3.67062 0
745 3.67494 3.67494 0 -3.67494 -3.67494 0
746 3.68033 3.68033 0 -3.68033 -3.68033 0
747 3.68573 3.68573 0 -3.68573 -3.68573 0
748 3.69004 3.69004 0 -3.69004 -3.69004 0
749 3.69544 3.69544 0 -3.69544 -3.69544 0
750 3.70083 3.70083 0 -3.70083 -3.70083 0
751 3.70623 3.70623 0 -3.70623 -3.70623 0
752 3.71054 3.71054 0 -3.71054 -3.71054 0
753 3.71594 3.71594 0 -3.71594 -3.71594 0
754 3.72133 3.72133 0 -3.72133 -3.72133 0
755 3.72565 3.72565 0 -3.72565 -3.72565 0
756 3.73104 3.73104 0 -3.73104 -3.73104 0
757 3.73644 3.73644 0 -3.73644 -3.73644 0
758 3.74075 3.74075 0 -3.74075 -3.74075 0
759 3.74615 3.74615 0 -3.74615 -3.74615 0
760 3.75154 3.75154 0 -3.75154 -3.75154 0
761 3.75694 3.75694 0 -3.75694 -3.75694 0
762 3.76125 3.76125 0 -3.76125 -3.76125 0
763 3.76665 3.76665 0 -3.76665 -3.76665 0
764 3.77204 3.77204 0 -3.77204 -3.77204 0
765 3.77636 3.77636 0 -3.77636 -3.77636 0
766 3.78175 3.78175 0 -3.78175 -3.78175 0
767 3.78715 3.78715 0 -3.78715 -3.78715 0
768 3.79254 3.79254 0 -3.79254 -3.79254 0
769 3.79686 3.79686 0 -3.79686 -3.79686 0
770 3.80225 3.80225 0 -3.80225 -3.80225 0
771 3.80765 3.80765 0 -3.80765 -3.80765 0
772 3.81304 3.81304 0 -3.81304 -3.81304 0
773 3.81736 3.81736 0 -3.81736 -3.81736 0
774 3.82275 3.82275 0 -3.82275 -3.82275 0
775 3.82815 3.82815 0 -3.82815 -3.82815 0
776 3.83246 3.83246 0 -3.83246 -3.83246 0
777 3.83786 3.83786 0 -3.83786 -3.83786 0
778 3.84325 3.84325 0 -3.84325 -3.84325 0
779 3.84757 3.84757 0 -3.84757 -3.84757 0
780 3.85296 3.85296 0 -3.85296 -3.85296 0
781 3.85836 3.85836 0 -3.85836 -3.85836 0
782 3.86375 3.86375 0 -3.86375 -3.86375 0
783 3.86915 3.86915 0 -3.86915 -3.86915 0
784 3.87454 3.87454 0 -3.87454 -3.87454 0
785 3.87886 3.87886 0 -3.87886 -3.87886 0
786 3.88425 3.88425 0 -3.88425 -3.88425 0
787 3.88857 3.88857 0 -3.88857 -3.88857 0
788 3.89396 3.89396 0 -3.89396 -3.89396 0
789 3.89936 3.89936 0 -3.89936 -3.89936 0
790 3.90475 3.90475 0 -3.90475 -3.90475 0
791 3.91015 3.91015 0 -3.91015 -3.91015 0
792 3.91446 3.91446 0 -3.91446 -3.91446 0
793 3.91986 3.91986 0 -3.91986 -3.91986 0
794 3.92525 3.92525 0 -3.92525 -3.92525 0
795 3.92957 3.92957 0 -3.92957 -3.92957 0
796 3.93496 3.93496 0 -3.93496 -3.93496 0
797 3.93928 3.93928 0 -3.93928 -3.93928 0
798 3.94468 3.94468 0 -3.94468 -3.94468 0
799 3.95007 3.95007 0 -3.95007 -3.95007 0
800 3.95546 3.95546 0 -3.95546 -3.95546 0
801 3.95978 3.95978 0 -3.95978 -3.95978 0
802 3.96518 3.96518 0 -3.96518 -3.96518 0
803 3.97057 3.97057 0 -3.97057 -3.97057 0
804 3.97597 3.97597 0 -3.97597 -3.97597 0
805 3.98028 3.98028 0 -3.98028 -3.98028 0
806 3.98568 3.98568 0 -3.98568 -3.98568 0
807 3.99107 3.99107 0 -3.99107 -3.99107 0
808 3.99647 3.99647 0 -3.99647 -3.99647 0
809 4.00078 4.00078 0 -4.00078 -4.00078 0
810 4.00618 4.00618 0 -4.00618 -4.00618 0
811 4.01049 4.01049 0 -4.01049 -4.01049 0
812 4.01589 4.01589 0 -4.01589 -4.01589 0
813 4.02128 4.02128 0 -4.02128 -4.02128 0
814 4.0256 4.0256 0 -4.0256 -4.0256 0
815 4.03099 4.03099 0 -4.03099 -4.03099 0
816 4.03639 4.03639 0 -4.03639 -4.03639 0
817 4.04178 4.04178 0 -4.04178 -4.04178 0
818 4.0461 4.0461 0 -4.0461 -4.0461 0
819 4.05149 4.05149 0 -4.05149 -4.05149 0
820 4.05689 4.05689 0 -4.05689 -4.05689 0
821 4.06228 4.06228 0 -4.06228 -4.06228 0
822 4.0666 4.0666 0 -4.0666 -4.0666 0
823 4.07199 4.07199 0 -4.07199 -4.07199 0
824 4.07739 4.07739 0 -4.07739 -4.07739 0
825 4.08278 4.08278 0 -4.08278 -4.08278 0
826 4.0871 4.0871 0 -4.0871 -4.0871 0
827 4.09249 4.09249 0 -4.09249 -4.09249 0
828 4.09789 4.09789 0 -4.09789 -4.09789 0
829 4.10328 4.10328 0 -4.10328 -4.10328 0
830 4.1076 4.1076 0 -4.1076 -4.1076 0
831 4.11299 4.11299 0 -4.11299 -4.11299 0
832 4.11839 4.11839 0 -4.11839 -4.11839 0
833 4.1227 4.1227 0 -4.1227 -4.1227 0
834 4.1281 4.1281 0 -4.1281 -4.1281 0
835 4.13349 4.13349 0 -4.13349 -4.13349 0
836 4.13889 4.13889 0 -4.13889 -4.13889 0
837 4.1432 4.1432 0 -4.1432 -4.1432 0
838 4.1486 4.1486 0 -4.1486 -4.1486 0
839 4.15399 4.15399 0 -4.15399 -4.15399 0
840 4.15831 4.15831 0 -4.15831 -4.15831 0
841 4.1637 4.1637 0 -4.1637 -4.1637 0
842 4.1691 4.1691 0 -4.1691 -4.1691 0
843 4.17341 4.17341 0 -4.17341 -4.17341 0
844 4.17881 4.17881 0 -4.17881 -4.17881 0
845 4.1842 4.1842 0 -4.1842 -4.1842 0
846 4.1896 4.1896 0 -4.1896 -4.1896 0
847 4.19391 4.19391 0 -4.19391 -4.19391 0
848 4.19931 4.19931 0 -4.19931 -4.19931 0
849 4.2047 4.2047 0 -4.2047 -4.2047 0
850 4.20902 4.20902 0 -4.20902 -4.20902 0
851 4.21442 4.21442 0 -4.21442 -4.21442 0
852 4.21981 4.21981 0 -4.21981 -4.21981 0
853 4.2252 4.2252 0 -4.2252 -4.2252 0
854 4.22952 4.22952 0 -4.22952 -4.22952 0
855 4.23492 4.23492 0 -4.23492 -4.23492 0
856 4.24031 4.24031 0 -4.24031 -4.24031 0
857 4.24463 4.24463 0 -4.24463 -4.24463 0
858 4.25002 4.25002 0 -4.25002 -4.25002 0
859 4.25542 4.25542 0 -4.25542 -4.25542 0
860 4.26081 4.26081 0 -4.26081 -4.26081 0
861 4.26513 4.26513 0 -4.26513 -4.26513 0
862 4.27052 4.27052 0 -4.27052 -4.27052 0
863 4.27484 4.27484 0 -4.27484 -4.27484 0
864 4.28023 4.28023 0 -4.28023 -4.28023 0
865 4.28563 4.28563 0 -4.28563 -4.28563 0
866 4.29102 4.29102 0 -4.29102 -4.29102 0
867 4.29642 4.29642 0 -4.29642 -4.29642 0
868 4.30073 4.30073 0 -4.30073 -4.30073 0
869 4.30613 4.30613 0 -4.30613 -4.30613 0
870 4.31152 4.31152 0 -4.31152 -4.31152 0
871 4.31584 4.31584 0 -4.31584 -4.31584 0
872 4.32123 4.32123 0 -4.32123 -4.32123 0
873 4.32663 4.32663 0 -4.32663 -4.32663 0
874 4.33202 4.33202 0 -4.33202 -4.33202 0
875 4.33634 4.33634 0 -4.33634 -4.33634 0
876 4.34173 4.34173 0 -4.34173 -4.34173 0
877 4.34605 4.34605 0 -4.34605 -4.34605 0
878 4.35144 4.35144 0 -4.35144 -4.35144 0
879 4.35684 4.35684 0 -4.35684 -4.35684 0
880 4.36223 4.36223 0 -4.36223 -4.36223 0
881 4.36763 4.36763 0 -4.36763 -4.36763 0
882 4.37194 4.37194 0 -4.37194 -4.37194 0
883 4.37734 4.37734 0 -4.37734 -4.37734 0
884 4.38273 4.38273 0 -4.38273 -4.38273 0
885 4.38813 4.38813 0 -4.38813 -4.38813 0
886 4.39244 4.39244 0 -4.39244 -4.39244 0
887 4.39784 4.39784 0 -4.39784 -4.39784 0
888 4.40323 4.40323 0 -4.40323 -4.40323 0
889 4.40863 4.40863 0 -4.40863 -4.40863 0
890 4.41294 4.41294 0 -4.41294 -4.41294 0
891 4.41834 4.41834 0 -4.41834 -4.41834 0
892 4.42373 4.42373 0 -4.42373 -4.42373 0
893 4.42805 4.42805 0 -4.42805 -4.42805 0
894 4.43344 4.43344 0 -4.43344 -4.43344 0
895 4.43884 4.43884 0 -4.43884 -4.43884 0
896 4.44315 4.44315 0 -4.44315 -4.44315 0
897 4.44855 4.44855 0 -4.44855 -4.44855 0
898 4.45394 4.45394 0 -4.45394 -4.45394 0
899 4.45826 4.45826 0 -4.45826 -4.45826 0
900 4.46365 4.46365 0 -4.46365 -4.46365 0
901 4.46905 4.46905 0 -4.46905 -4.46905 0
902 4.47444 4.47444 0 -4.47444 -4.47444 0
903 4.47876 4.47876 0 -4.47876 -4.47876 0
904 4.48415 4.48415 0 -4.48415 -4.48415 0
905 4.48955 4.48955 0 -4.48955 -4.48955 0
906 4.49387 4.49387 0 -4.49387 -4.49387 0
907 4.49926 4.49926 0 -4.49926 -4.49926 0
908 4.50466 4.50466 0 -4.50466 -4.50466 0
909 4.51005 4.51005 0 -4.51005 -4.51005 0
910 4.51437 4.51437 0 -4.51437 -4.51437 0
911 4.51976 4.51976 0 -4.51976 -4.51976 0
912 4.52516 4.52516 0 -4.52516 -4.52516 0
913 4.53055 4.53055 0 -4.53055 -4.53055 0
914 4.53487 4.53487 0 -4.53487 -4.53487 0
915 4.54026 4.54026 0 -4.54026 -4.54026 0
916 4.54458 4.54458 0 -4.54458 -4.54458 0
917 4.54997 4.54997 0 -4.54997 -4.54997 0
918 4.55537 4.55537 0 -4.55537 -4.55537 0
919 4.56076 4.56076 0 -4.56076 -4.56076 0
920 4.56508 4.56508 0 -4.56508 -4.56508 0
921 4.57047 4.57047 0 -4.57047 -4.57047 0
922 4.57587 4.57587 0 -4.57587 -4.57587 0
923 4.58126 4.58126 0 -4.58126 -4.58126 0
924 4.58558 4.58558 0 -4.58558 -4.58558 0
925 4.59097 4.59097 0 -4.59097 -4.59097 0
926 4.59637 4.59637 0 -4.59637 -4.59637 0
927 4.60068 4.60068 0 -4.60068 -4.60068 0
928 4.60608 4.60608 0 -4.60608 -4.60608 0
929 4.61147 4.61147 0 -4.61147 -4.61147 0
930 4.61579 4.61579 0 -4.61579 -4.61579 0
931 4.62118 4.62118 0 -4.62118 -4.62118 0
932 4.62658 4.62658 0 -4.62658 -4.62658 0
933 4.63197 4.63197 0 -4.63197 -4.63197 0
934 4.63737 4.63737 0 -4.63737 -4.63737 0
935 4.64168 4.64168 0 -4.64168 -4.64168 0
936 4.64708 4.64708 0 -4.64708 -4.64708 0
937 4.65139 4.65139 0 -4.65139 -4.65139 0
938 4.65679 4.65679 0 -4.65679 -4.65679 0
939 4.66218 4.66218 0 -4.66218 -4.66218 0
940 4.66758 4.66758 0 -4.66758 -4.66758 0
941 4.67189 4.67189 0 -4.67189 -4.67189 0
942 4.67729 4.67729 0 -4.67729 -4.67729 0
943 4.68268 4.68268 0 -4.68268 -4.68268 0
944 4.68808 4.68808 0 -4.68808 -4.68808 0
945 4.69347 4.69347 0 -4.69347 -4.69347 0
946 4.69779 4.69779 0 -4.69779 -4.69779 0
947 4.70318 4.70318 0 -4.70318 -4.70318 0
948 4.70858 4.70858 0 -4.70858 -4.70858 0
949 4.71289 4.71289 0 -4.71289 -4.71289 0
950 4.71829 4.71829 0 -4.71829 -4.71829 0
951 4.72368 4.72368 0 -4.72368 -4.72368 0
952 4.72908 4.72908 0 -4.72908 -4.72908 0
953 4.73339 4.73339 0 -4.73339 -4.73339 0
954 4.73879 4.73879 0 -4.73879 -4.73879 0
955 4.74418 4.74418 0 -4.74418 -4.74418 0
956 4.7485 4.7485 0 -4.7485 -4.7485 0
957 4.75389 4.75389 0 -4.75389 -4.75389 0
958 4.75929 4.75929 0 -4.75929 -4.75929 0
959 4.76468 4.76468 0 -4.76468 -4.76468 0
960 4.769 4.769 0 -4.769 -4.769 0
961 4.77439 4.77439 0 -4.77439 -4.77439 0
962 4.77871 4.77871 0 -4.77871 -4.77871 0
963 4.78411 4.78411 0 -4.78411 -4.78411 0
964 4.7895 4.7895 0 -4.7895 -4.7895 0
965 4.79382 4.79382 0 -4.79382 -4.79382 0
966 4.79921 4.79921 0 -4.79921 -4.79921 0
967 4.80461 4.80461 0 -4.80461 -4.80461 0
968 4.81 4.81 0 -4.81 -4.81 0
969 4.8154 4.8154 0 -4.8154 -4.8154 0
970 4.81971 4.81971 0 -4.81971 -4.81971 0
971 4.82511 4.82511 0 -4.82511 -4.82511 0
972 4.8305 4.8305 0 -4.8305 -4.8305 0
973 4.8359 4.8359 0 -4.8359 -4.8359 0
974 4.84021 4.84021 0 -4.84021 -4.84021 0
975 4.84561 4.84561 0 -4.84561 -4.84561 0
976 4.851 4.851 0 -4.851 -4.851 0
977 4.85532 4.85532 0 -4.85532 -4.85532 0
978 4.86071 4.86071 0 -4.86071 -4.86071 0
979 4.86611 4.86611 0 -4.86611 -4.86611 0
980 4.8715 4.8715 0 -4.8715 -4.8715 0
981 4.87582 4.87582 0 -4.87582 -4.87582 0
982 4.88121 4.88121 0 -4.88121 -4.88121 0
983 4.88661 4.88661 0 -4.88661 -4.88661 0
984 4.89092 4.89092 0 -4.89092 -4.89092 0
985 4.89632 4.89632 0 -4.89632 -4.89632 0
986 4.90171 4.90171 0 -4.90171 -4.90171 0
987 4.90711 4.90711 0 -4.90711 -4.90711 0
988 4.91142 4.91142 0 -4.91142 -4.91142 0
989 4.91682 4.91682 0 -4.91682 -4.91682 0
990 4.92221 4.92221 0 -4.92221 -4.92221 0
991 4.92653 4.92653 0 -4.92653 -4.92653 0
992 4.93192 4.93192 0 -4.93192 -4.93192 0
993 4.93732 4.93732 0 -4.93732 -4.93732 0
994 4.94163 4.94163 0 -4.94163 -4.94163 0
995 4.94703 4.94703 0 -4.94703 -4.94703 0
996 4.95134 4.95134 0 -4.95134 -4.95134 0
997 4.95674 4.95674 0 -4.95674 -4.95674 0
998 4.96213 4.96213 0 -4.96213 -4.96213 0
999 4.96753 4.96753 0 -4.96753 -4.96753 0
1000 4.97184 4.97184 0 -4.97184 -4.97184 0
