0 0
1 -0.00079827
2 -0.00166658
3 -0.00297269
4 -0.0047974
5 -0.00667702
6 -0.00926133
7 -0.0117231
8 -0.0147396
9 -0.017982
10 -0.0214317
11 -0.0252795
12 -0.0290465
13 -0.032956
14 -0.0368316
15 -0.0404855
16 -0.0412208
17 -0.0236777
18 -0.0137026
19 -0.0153677
20 -0.0188546
21 -0.0207239
22 -0.0215304
23 -0.0209068
24 -0.0201176
25 -0.0191477
26 -0.0192137
27 -0.0198764
28 -0.0220773
29 -0.0249045
30 -0.0280643
31 -0.0314274
32 -0.0326595
33 -0.0324627
34 -0.0310946
35 -0.0288716
36 -0.0275457
37 -0.0275575
38 -0.0299439
39 -0.0335598
40 -0.0377643
41 -0.0402575
42 -0.0405559
43 -0.0387729
44 -0.0355266
45 -0.0335986
46 -0.034602
47 -0.0384444
48 -0.043377
49 -0.0459473
50 -0.0462036
51 -0.043918
52 -0.0408566
53 -0.0390317
54 -0.0407129
55 -0.0453372
56 -0.0500696
57 -0.0519542
58 -0.0502268
59 -0.046643
60 -0.0436456
61 -0.0452625
62 -0.0499169
63 -0.0547561
64 -0.0568147
65 -0.0554855
66 -0.0525376
67 -0.0489458
68 -0.0489615
69 -0.0525398
70 -0.058218
71 -0.0624048
72 -0.0619905
73 -0.0583342
74 -0.0532461
75 -0.0528535
76 -0.057067
77 -0.0634958
78 -0.0665249
79 -0.0653165
80 -0.0609275
81 -0.0568176
82 -0.0584199
83 -0.064035
84 -0.0686752
85 -0.0692384
86 -0.0660183
87 -0.0615878
88 -0.0609277
89 -0.0645382
90 -0.0704199
91 -0.0734242
92 -0.0727848
93 -0.0689824
94 -0.0647377
95 -0.0646342
96 -0.0688316
97 -0.0747676
98 -0.0771864
99 -0.0761374
100 -0.0719579
101 -0.0679965
102 -0.068423
103 -0.0730448
104 -0.078755
105 -0.0806625
106 -0.0794846
107 -0.0755574
108 -0.0716931
109 -0.0717532
110 -0.0754429
111 -0.0817078
112 -0.08505
113 -0.0841435
114 -0.0796351
115 -0.0751456
116 -0.0757009
117 -0.0805833
118 -0.0867297
119 -0.0887112
120 -0.0866188
121 -0.0822052
122 -0.0780224
123 -0.080195
124 -0.0865866
125 -0.0912428
126 -0.0915807
127 -0.0883101
128 -0.0834829
129 -0.0823695
130 -0.0862911
131 -0.0928618
132 -0.0957164
133 -0.0940758
134 -0.089337
135 -0.0848912
136 -0.08755
137 -0.0937789
138 -0.0984546
139 -0.0982612
140 -0.0947872
141 -0.0901424
142 -0.0891785
143 -0.0938582
144 -0.100173
145 -0.102574
146 -0.100958
147 -0.0964848
148 -0.0922815
149 -0.0938591
150 -0.0992228
151 -0.105357
152 -0.106632
153 -0.10411
154 -0.098983
155 -0.095735
156 -0.0989055
157 -0.105506
158 -0.109889
159 -0.109241
160 -0.105334
161 -0.100284
162 -0.0998794
163 -0.104658
164 -0.110898
165 -0.113686
166 -0.111617
167 -0.106708
168 -0.102565
169 -0.104318
170 -0.110635
171 -0.115779
172 -0.115798
173 -0.111671
174 -0.106728
175 -0.106163
176 -0.110452
177 -0.117044
178 -0.119886
179 -0.11833
180 -0.113166
181 -0.108847
182 -0.110928
183 -0.117483
184 -0.123175
185 -0.122809
186 -0.118164
187 -0.112471
188 -0.112531
189 -0.117787
190 -0.124516
191 -0.126825
192 -0.123239
193 -0.117272
194 -0.115125
195 -0.119297
196 -0.126545
197 -0.129582
198 -0.12748
199 -0.121444
200 -0.117981
201 -0.121352
202 -0.128149
203 -0.132447
204 -0.130777
205 -0.125456
206 -0.121553
207 -0.124048
208 -0.130935
209 -0.135392
210 -0.134038
211 -0.128232
212 -0.124567
213 -0.126757
214 -0.132925
215 -0.137974
216 -0.13734
217 -0.132772
218 -0.128251
219 -0.129428
220 -0.135334
221 -0.140889
222 -0.140754
223 -0.136405
224 -0.131634
225 -0.131054
226 -0.135691
227 -0.142047
228 -0.144632
229 -0.142185
230 -0.136772
231 -0.133648
232 -0.135967
233 -0.14253
234 -0.148016
235 -0.147399
236 -0.142859
237 -0.1377
238 -0.137999
239 -0.142513
240 -0.149156
241 -0.151642
242 -0.148559
243 -0.142936
244 -0.140035
245 -0.143746
246 -0.150491
247 -0.154806
248 -0.153444
249 -0.147647
250 -0.143729
251 -0.145322
252 -0.150726
253 -0.156881
254 -0.157334
255 -0.153302
256 -0.147795
257 -0.146534
258 -0.150852
259 -0.157726
260 -0.161349
261 -0.159071
262 -0.15351
263 -0.149354
264 -0.152255
265 -0.158831
266 -0.163695
267 -0.162864
268 -0.157831
269 -0.153212
270 -0.154434
271 -0.160362
272 -0.166518
273 -0.166553
274 -0.162354
275 -0.156395
276 -0.155842
277 -0.160597
278 -0.167546
279 -0.170071
280 -0.166909
281 -0.161143
282 -0.157784
283 -0.161447
284 -0.168961
285 -0.173629
286 -0.171648
287 -0.164364
288 -0.160248
289 -0.16438
290 -0.171862
291 -0.175982
292 -0.173159
293 -0.166453
294 -0.162976
295 -0.167437
296 -0.1755
297 -0.178636
298 -0.175122
299 -0.168268
300 -0.165551
301 -0.169554
302 -0.17728
303 -0.181433
304 -0.177996
305 -0.170768
306 -0.168173
307 -0.172051
308 -0.180027
309 -0.183774
310 -0.179455
311 -0.172273
312 -0.170354
313 -0.174986
314 -0.182696
315 -0.186231
316 -0.182469
317 -0.175531
318 -0.172875
319 -0.17683
320 -0.185123
321 -0.18924
322 -0.185543
323 -0.178425
324 -0.175676
325 -0.180808
326 -0.188768
327 -0.19141
328 -0.186835
329 -0.179704
330 -0.17866
331 -0.18337
332 -0.190981
333 -0.194052
334 -0.189491
335 -0.182679
336 -0.180687
337 -0.185602
338 -0.193458
339 -0.196375
340 -0.191871
341 -0.184929
342 -0.18336
343 -0.187948
344 -0.196371
345 -0.199498
346 -0.194086
347 -0.186762
348 -0.185703
349 -0.191095
350 -0.19947
351 -0.201693
352 -0.196743
353 -0.189073
354 -0.187701
355 -0.193185
356 -0.201383
357 -0.203918
358 -0.198418
359 -0.191307
360 -0.190796
361 -0.196569
362 -0.204736
363 -0.205651
364 -0.199783
365 -0.193061
366 -0.194003
367 -0.200628
368 -0.208593
369 -0.208384
370 -0.201689
371 -0.195467
372 -0.197115
373 -0.204934
374 -0.211595
375 -0.20961
376 -0.20197
377 -0.197402
378 -0.201743
379 -0.210157
380 -0.213416
381 -0.209067
382 -0.201727
383 -0.200614
384 -0.205565
385 -0.213705
386 -0.215742
387 -0.210241
388 -0.203029
389 -0.202989
390 -0.209965
391 -0.217847
392 -0.217778
393 -0.210704
394 -0.20445
395 -0.2071
396 -0.215161
397 -0.22101
398 -0.218096
399 -0.210287
400 -0.206424
401 -0.211044
402 -0.219929
403 -0.222975
404 -0.218477
405 -0.211274
406 -0.209049
407 -0.21418
408 -0.222667
409 -0.225321
410 -0.219659
411 -0.212232
412 -0.211526
413 -0.217593
414 -0.226372
415 -0.226772
416 -0.219599
417 -0.213914
418 -0.216361
419 -0.224666
420 -0.229671
421 -0.226438
422 -0.218197
423 -0.21524
424 -0.221579
425 -0.230201
426 -0.231843
427 -0.225818
428 -0.218601
429 -0.219427
430 -0.226761
431 -0.233952
432 -0.232314
433 -0.224788
434 -0.22004
435 -0.22397
436 -0.232975
437 -0.23668
438 -0.232525
439 -0.224915
440 -0.222698
441 -0.227628
442 -0.236048
443 -0.239073
444 -0.23383
445 -0.226533
446 -0.224922
447 -0.230762
448 -0.239288
449 -0.241695
450 -0.236112
451 -0.228169
452 -0.227737
453 -0.234277
454 -0.242842
455 -0.243477
456 -0.237099
457 -0.229422
458 -0.230046
459 -0.237751
460 -0.245516
461 -0.244583
462 -0.236677
463 -0.231353
464 -0.235698
465 -0.244888
466 -0.248709
467 -0.243686
468 -0.235894
469 -0.233772
470 -0.239488
471 -0.248301
472 -0.249983
473 -0.244068
474 -0.23691
475 -0.236685
476 -0.243602
477 -0.25164
478 -0.25198
479 -0.245165
480 -0.238395
481 -0.241128
482 -0.249552
483 -0.255016
484 -0.251407
485 -0.243211
486 -0.240462
487 -0.245806
488 -0.254742
489 -0.256793
490 -0.251171
491 -0.243875
492 -0.243307
493 -0.250169
494 -0.258826
495 -0.258855
496 -0.251513
497 -0.244936
498 -0.24814
499 -0.256559
500 -0.261302
501 -0.257066
502 -0.249598
503 -0.247176
504 -0.252091
505 -0.260934
506 -0.263572
507 -0.258258
508 -0.250663
509 -0.249894
510 -0.25665
511 -0.26477
512 -0.265265
513 -0.258437
514 -0.251336
515 -0.254084
516 -0.26272
517 -0.268449
518 -0.264734
519 -0.25659
520 -0.253933
521 -0.259015
522 -0.267892
523 -0.270171
524 -0.264546
525 -0.257316
526 -0.256521
527 -0.262699
528 -0.270963
529 -0.272838
530 -0.266562
531 -0.259233
532 -0.260092
533 -0.266898
534 -0.27457
535 -0.273317
536 -0.266117
537 -0.260799
538 -0.264774
539 -0.273355
540 -0.277068
541 -0.272364
542 -0.264431
543 -0.263651
544 -0.270238
545 -0.278601
546 -0.278128
547 -0.270312
548 -0.264606
549 -0.268082
550 -0.27721
551 -0.281483
552 -0.276907
553 -0.26866
554 -0.266525
555 -0.273226
556 -0.282147
557 -0.283292
558 -0.276202
559 -0.268938
560 -0.271035
561 -0.279366
562 -0.28593
563 -0.282684
564 -0.274167
565 -0.270815
566 -0.277032
567 -0.286082
568 -0.287204
569 -0.28021
570 -0.273063
571 -0.275108
572 -0.284384
573 -0.290082
574 -0.286052
575 -0.27739
576 -0.274818
577 -0.28176
578 -0.290702
579 -0.291176
580 -0.283695
581 -0.277044
582 -0.279789
583 -0.288729
584 -0.293885
585 -0.290058
586 -0.281419
587 -0.279281
588 -0.285379
589 -0.294568
590 -0.295793
591 -0.288711
592 -0.280924
593 -0.283121
594 -0.292345
595 -0.298531
596 -0.294619
597 -0.285361
598 -0.282805
599 -0.289194
600 -0.298691
601 -0.299982
602 -0.292535
603 -0.285211
604 -0.28721
605 -0.296567
606 -0.302711
607 -0.298581
608 -0.290063
609 -0.287529
610 -0.294385
611 -0.303248
612 -0.303547
613 -0.295688
614 -0.28913
615 -0.292609
616 -0.301738
617 -0.307093
618 -0.302181
619 -0.293385
620 -0.292216
621 -0.300508
622 -0.308425
623 -0.30615
624 -0.297406
625 -0.293036
626 -0.298507
627 -0.30787
628 -0.310233
629 -0.303506
630 -0.295706
631 -0.296528
632 -0.304644
633 -0.312154
634 -0.309824
635 -0.301717
636 -0.297005
637 -0.302183
638 -0.31156
639 -0.313917
640 -0.307914
641 -0.299899
642 -0.300343
643 -0.308198
644 -0.316558
645 -0.314809
646 -0.306025
647 -0.301064
648 -0.306457
649 -0.315915
650 -0.317894
651 -0.31162
652 -0.303817
653 -0.304892
654 -0.313101
655 -0.320045
656 -0.317795
657 -0.309072
658 -0.305042
659 -0.310981
660 -0.320379
661 -0.321989
662 -0.314824
663 -0.307446
664 -0.309363
665 -0.318234
666 -0.324659
667 -0.320629
668 -0.312308
669 -0.308893
670 -0.314623
671 -0.323925
672 -0.326226
673 -0.319812
674 -0.312296
675 -0.312206
676 -0.319379
677 -0.327714
678 -0.327104
679 -0.318773
680 -0.313132
681 -0.317461
682 -0.326734
683 -0.330797
684 -0.324921
685 -0.316465
686 -0.315669
687 -0.322945
688 -0.331628
689 -0.331439
690 -0.323963
691 -0.317114
692 -0.320294
693 -0.329459
694 -0.334309
695 -0.330013
696 -0.321861
697 -0.319903
698 -0.326883
699 -0.335897
700 -0.335546
701 -0.327865
702 -0.321281
703 -0.32487
704 -0.333925
705 -0.338546
706 -0.333841
707 -0.325571
708 -0.324303
709 -0.33184
710 -0.340279
711 -0.338937
712 -0.330223
713 -0.324982
714 -0.330394
715 -0.339987
716 -0.342248
717 -0.335482
718 -0.327653
719 -0.328754
720 -0.337786
721 -0.344508
722 -0.341479
723 -0.332901
724 -0.328978
725 -0.335546
726 -0.344589
727 -0.346035
728 -0.338555
729 -0.331242
730 -0.333132
731 -0.342005
732 -0.34866
733 -0.344571
734 -0.335409
735 -0.332325
736 -0.339118
737 -0.349332
738 -0.350402
739 -0.342569
740 -0.334617
741 -0.336816
742 -0.346628
743 -0.352911
744 -0.348525
745 -0.339147
746 -0.336759
747 -0.344505
748 -0.3535
749 -0.353174
750 -0.344677
751 -0.338463
752 -0.341832
753 -0.351365
754 -0.356639
755 -0.351383
756 -0.34269
757 -0.340425
758 -0.347036
759 -0.356395
760 -0.357772
761 -0.349965
762 -0.342192
763 -0.344436
764 -0.353624
765 -0.360882
766 -0.357171
767 -0.347311
768 -0.344495
769 -0.352586
770 -0.362085
771 -0.361489
772 -0.352079
773 -0.346061
774 -0.350914
775 -0.361046
776 -0.36391
777 -0.357183
778 -0.348831
779 -0.349813
780 -0.358942
781 -0.365865
782 -0.362312
783 -0.353224
784 -0.350406
785 -0.357796
786 -0.366972
787 -0.366439
788 -0.358191
789 -0.352224
790 -0.357576
791 -0.367043
792 -0.369049
793 -0.362329
794 -0.354527
795 -0.355718
796 -0.3641
797 -0.371803
798 -0.36931
799 -0.359961
800 -0.356
801 -0.36273
802 -0.372007
803 -0.372525
804 -0.364493
805 -0.357584
806 -0.361915
807 -0.371544
808 -0.375686
809 -0.369653
810 -0.360992
811 -0.360153
812 -0.368719
813 -0.377422
814 -0.37618
815 -0.367362
816 -0.361359
817 -0.366553
818 -0.376422
819 -0.379105
820 -0.371717
821 -0.363298
822 -0.365836
823 -0.375424
824 -0.3818
825 -0.377074
826 -0.367607
827 -0.365502
828 -0.373937
829 -0.383521
830 -0.381554
831 -0.371914
832 -0.367012
833 -0.372877
834 -0.383039
835 -0.3848
836 -0.377268
837 -0.36985
838 -0.372519
839 -0.381398
840 -0.386912
841 -0.382619
842 -0.373867
843 -0.371674
844 -0.379392
845 -0.388698
846 -0.387912
847 -0.378915
848 -0.373134
849 -0.378578
850 -0.388417
851 -0.390563
852 -0.383626
853 -0.375528
854 -0.376879
855 -0.386006
856 -0.392909
857 -0.389472
858 -0.38028
859 -0.377334
860 -0.384433
861 -0.39386
862 -0.393936
863 -0.385424
864 -0.379046
865 -0.383086
866 -0.393052
867 -0.397105
868 -0.390908
869 -0.382308
870 -0.381901
871 -0.38992
872 -0.398962
873 -0.397876
874 -0.388357
875 -0.382984
876 -0.389131
877 -0.399217
878 -0.400355
879 -0.391844
880 -0.384729
881 -0.387979
882 -0.398206
883 -0.402544
884 -0.396421
885 -0.387866
886 -0.38733
887 -0.396049
888 -0.404298
889 -0.402537
890 -0.393234
891 -0.388344
892 -0.394911
893 -0.404573
894 -0.406012
895 -0.397971
896 -0.3908
897 -0.394679
898 -0.404105
899 -0.40853
900 -0.402725
901 -0.394425
902 -0.392786
903 -0.401067
904 -0.410397
905 -0.409064
906 -0.400546
907 -0.394307
908 -0.398715
909 -0.408667
910 -0.412357
911 -0.405854
912 -0.397178
913 -0.39745
914 -0.405668
915 -0.414923
916 -0.413399
917 -0.403135
918 -0.397726
919 -0.404177
920 -0.414382
921 -0.416705
922 -0.409098
923 -0.401274
924 -0.404254
925 -0.413599
926 -0.418288
927 -0.41291
928 -0.404663
929 -0.403534
930 -0.410123
931 -0.419307
932 -0.419245
933 -0.411138
934 -0.404368
935 -0.408094
936 -0.417648
937 -0.422325
938 -0.417071
939 -0.408408
940 -0.406569
941 -0.413545
942 -0.42335
943 -0.423592
944 -0.414758
945 -0.407743
946 -0.411759
947 -0.421856
948 -0.425974
949 -0.419604
950 -0.411616
951 -0.411263
952 -0.419392
953 -0.427495
954 -0.425682
955 -0.416724
956 -0.412163
957 -0.418254
958 -0.427564
959 -0.428992
960 -0.42162
961 -0.41421
962 -0.417223
963 -0.426699
964 -0.431632
965 -0.426544
966 -0.417994
967 -0.416786
968 -0.424884
969 -0.433814
970 -0.432645
971 -0.423001
972 -0.417706
973 -0.423333
974 -0.433355
975 -0.435089
976 -0.428197
977 -0.420335
978 -0.422224
979 -0.431606
980 -0.437941
981 -0.433485
982 -0.424502
983 -0.422254
984 -0.43033
985 -0.438755
986 -0.43757
987 -0.429152
988 -0.42397
989 -0.429812
990 -0.439139
991 -0.440916
992 -0.433845
993 -0.426765
994 -0.42931
995 -0.437942
996 -0.443594
997 -0.43916
998 -0.431121
999 -0.428799
1000 -0.435423
