0 0 0 0 0 0 0 0 0 0 0 0 0
1 0 0 0 0.00131184 0.000182915 -4.8033e-006 0 0 0 0.00130724 -3.807e-006 -4.77874e-006
2 0 0 0 0.00272231 0.000365409 -9.92249e-006 0 0 0 0.00271274 -7.93049e-006 -9.8714e-006
3 0 0 0 0.00474928 0.000545266 -1.7016e-005 0 0 0 0.00473243 -1.40322e-005 -1.69261e-005
4 0 0 0 0.00750655 0.000722 -2.64484e-005 0 0 0 0.00747969 -2.24773e-005 -2.63051e-005
5 0 0 0 0.0103411 0.000898404 -3.61284e-005 0 0 0 0.010304 -3.11704e-005 -3.59302e-005
6 0 0 0 0.0141681 0.00107056 -4.89865e-005 0 0 0 0.0141169 -4.30478e-005 -4.87135e-005
7 0 0 0 0.0178224 0.00124346 -6.12918e-005 0 0 0 0.0177579 -5.43714e-005 -6.09476e-005
8 0 0 0 0.0222579 0.00141302 -7.6099e-005 0 0 0 0.0221772 -6.82017e-005 -7.56679e-005
9 0 0 0 0.0270116 0.00158121 -9.19251e-005 0 0 0 0.0269134 -8.30529e-005 -9.14008e-005
10 0 0 0 0.0320571 0.00174816 -0.000108686 0 0 0 0.0319403 -9.88403e-005 -0.000108062
11 0 0 0 0.0376633 0.00191271 -0.000127242 0 0 0 0.0375259 -0.000116427 -0.000126508
12 0 0 0 0.0431557 0.00207775 -0.000145434 0 0 0 0.042998 -0.000133649 -0.000144592
13 0 0 0 0.0488487 0.00224193 -0.000164268 0 0 0 0.04867 -0.000151514 -0.000163314
14 0 0 0 0.0544941 0.00240631 -0.00018295 0 0 0 0.0542946 -0.000169226 -0.000181885
15 0 0 0 0.0598272 0.00257203 -0.000200632 0 0 0 0.0596081 -0.000185937 -0.000199462
16 0 0 0 0.0610504 0.00275533 -0.000205151 0 0 0 0.060827 -0.000189459 -0.000203959
17 0 0 0 0.0365341 0.0030487 -0.000127238 0 0 0 0.0364026 -0.000110389 -0.000126536
18 0 0 0 0.0226749 0.00329649 -8.34549e-005 0 0 0 0.0225956 -6.55156e-005 -8.30315e-005
19 0 0 0 0.0252073 0.00347418 -9.21672e-005 0 0 0 0.0251188 -7.32391e-005 -9.16949e-005
20 0 0 0 0.0303054 0.00364091 -0.000109096 0 0 0 0.0301981 -8.91952e-005 -0.000108524
21 0 0 0 0.0331254 0.00381737 -0.00011873 0 0 0 0.033008 -9.78418e-005 -0.000118103
22 0 0 0 0.0344488 0.00400024 -0.00012357 0 0 0 0.0343267 -0.000101686 -0.000122918
23 0 0 0 0.0337584 0.00419172 -0.000121961 0 0 0 0.0336392 -9.90681e-005 -0.000121324
24 0 0 0 0.0328348 0.00438419 -0.000119605 0 0 0 0.0327193 -9.57019e-005 -0.000118988
25 0 0 0 0.0316567 0.00457776 -0.000116434 0 0 0 0.0315459 -9.15191e-005 -0.000115843
26 0 0 0 0.0319373 0.00476508 -0.000117935 0 0 0 0.0318258 -9.20173e-005 -0.000117339
27 0 0 0 0.0330582 0.00494881 -0.000122127 0 0 0 0.0329428 -9.52117e-005 -0.000121511
28 0 0 0 0.0363453 0.00512328 -0.000133256 0 0 0 0.0362179 -0.000105357 -0.000132576
29 0 0 0 0.0405142 0.00529398 -0.000147209 0 0 0 0.0403715 -0.000118331 -0.000146447
30 0 0 0 0.0451515 0.00546267 -0.000162662 0 0 0 0.0449918 -0.000132809 -0.00016181
31 0 0 0 0.0500752 0.00563014 -0.000179033 0 0 0 0.0498974 -0.000148206 -0.000178084
32 0 0 0 0.0519979 0.00581045 -0.000185793 0 0 0 0.0518132 -0.000153973 -0.000184807
33 0 0 0 0.0519085 0.00599935 -0.000186108 0 0 0 0.0517244 -0.000153284 -0.000185126
34 0 0 0 0.0501698 0.00619531 -0.000181142 0 0 0 0.0499925 -0.000147302 -0.000180196
35 0 0 0 0.047227 0.00639642 -0.000172319 0 0 0 0.047061 -0.000137457 -0.000171434
36 0 0 0 0.0455476 0.00659213 -0.000167543 0 0 0 0.0453882 -0.000131666 -0.000166692
37 0 0 0 0.0457519 0.00677978 -0.000168799 0 0 0 0.0455921 -0.000131919 -0.000167946
38 0 0 0 0.0493002 0.00695314 -0.000180765 0 0 0 0.0491274 -0.000142902 -0.000179843
39 0 0 0 0.0545798 0.00711908 -0.000198276 0 0 0 0.0543876 -0.000159441 -0.00019725
40 0 0 0 0.0606883 0.00728148 -0.00021844 0 0 0 0.0604735 -0.000178639 -0.000217294
41 0 0 0 0.064387 0.00745419 -0.000230888 0 0 0 0.0641586 -0.000190105 -0.000229669
42 0 0 0 0.0649948 0.00764012 -0.000233436 0 0 0 0.0647645 -0.000191653 -0.000232207
43 0 0 0 0.0626717 0.00783858 -0.000226598 0 0 0 0.0624504 -0.000183796 -0.000225418
44 0 0 0 0.0582881 0.00804585 -0.000213162 0 0 0 0.0580835 -0.000169328 -0.00021207
45 0 0 0 0.0557608 0.00824518 -0.00020567 0 0 0 0.0555659 -0.000160816 -0.00020463
46 0 0 0 0.0573615 0.00842686 -0.000211398 0 0 0 0.0571609 -0.00016555 -0.000210328
47 0 0 0 0.06296 0.00859145 -0.00022993 0 0 0 0.0627389 -0.000183112 -0.00022875
48 0 0 0 0.0700938 0.00874947 -0.000253379 0 0 0 0.0698463 -0.0002056 -0.000252058
49 0 0 0 0.073901 0.00892171 -0.000266173 0 0 0 0.0736395 -0.000217414 -0.000264778
50 0 0 0 0.0744496 0.00910789 -0.000268532 0 0 0 0.0741864 -0.000218772 -0.000267128
51 0 0 0 0.0714188 0.00930938 -0.000259428 0 0 0 0.0711673 -0.000208645 -0.000258086
52 0 0 0 0.0672955 0.00951553 -0.000246825 0 0 0 0.0670597 -0.000195012 -0.000245566
53 0 0 0 0.0649134 0.00971425 -0.000239798 0 0 0 0.0646867 -0.000186965 -0.000238588
54 0 0 0 0.0674686 0.00989185 -0.000248583 0 0 0 0.0672327 -0.000194762 -0.000247325
55 0 0 0 0.0741683 0.0100517 -0.000270642 0 0 0 0.0739076 -0.000215857 -0.000269251
56 0 0 0 0.0810201 0.0102109 -0.000293187 0 0 0 0.0807342 -0.000237441 -0.000291661
57 0 0 0 0.0838616 0.0103873 -0.000302889 0 0 0 0.0835654 -0.000246157 -0.000301308
58 0 0 0 0.0816168 0.0105854 -0.000296302 0 0 0 0.0813292 -0.000238551 -0.000294767
59 0 0 0 0.0767579 0.0107947 -0.000281343 0 0 0 0.0764888 -0.000222557 -0.000279907
60 0 0 0 0.0727247 0.0110005 -0.000269029 0 0 0 0.072471 -0.000209213 -0.000267675
61 0 0 0 0.0751893 0.0111785 -0.000277524 0 0 0 0.0749267 -0.000216719 -0.000276122
62 0 0 0 0.0819313 0.0113382 -0.000299718 0 0 0 0.0816438 -0.00023795 -0.000298183
63 0 0 0 0.0889336 0.0114968 -0.000322745 0 0 0 0.0886202 -0.000260017 -0.000321072
64 0 0 0 0.0920202 0.0116721 -0.000333232 0 0 0 0.0916956 -0.000269519 -0.0003315
65 0 0 0 0.0903362 0.0118678 -0.000328441 0 0 0 0.0900181 -0.000263713 -0.000326744
66 0 0 0 0.0863727 0.0120733 -0.00031635 0 0 0 0.0860698 -0.000250592 -0.000314733
67 0 0 0 0.0815024 0.0122827 -0.000301354 0 0 0 0.081218 -0.000234562 -0.000299836
68 0 0 0 0.0817123 0.0124703 -0.000302628 0 0 0 0.0814273 -0.000234833 -0.000301108
69 0 0 0 0.086939 0.0126365 -0.000319969 0 0 0 0.0866348 -0.000251202 -0.000318346
70 0 0 0 0.0951227 0.01279 -0.00034678 0 0 0 0.0947882 -0.000277059 -0.000344995
71 0 0 0 0.101206 0.0129525 -0.000366865 0 0 0 0.100849 -0.000296178 -0.000364961
72 0 0 0 0.100811 0.0131427 -0.0003662 0 0 0 0.100455 -0.000294506 -0.000364305
73 0 0 0 0.0958494 0.0133525 -0.000350914 0 0 0 0.0955131 -0.000278184 -0.000349119
74 0 0 0 0.0888722 0.0135708 -0.000329171 0 0 0 0.0885623 -0.000255393 -0.000327517
75 0 0 0 0.088507 0.0137609 -0.000328603 0 0 0 0.0881988 -0.000253819 -0.000326958
76 0 0 0 0.0946282 0.0139233 -0.000348809 0 0 0 0.0942974 -0.000273058 -0.000347044
77 0 0 0 0.103869 0.0140723 -0.000379005 0 0 0 0.103504 -0.000302307 -0.000377057
78 0 0 0 0.108322 0.0142417 -0.000393869 0 0 0 0.107941 -0.000316195 -0.000391834
79 0 0 0 0.106808 0.0144367 -0.000389622 0 0 0 0.106433 -0.000310934 -0.000387619
80 0 0 0 0.100815 0.0146509 -0.000371032 0 0 0 0.100463 -0.000291302 -0.00036915
81 0 0 0 0.0952156 0.0148634 -0.0003537 0 0 0 0.0948841 -0.000272931 -0.000351931
82 0 0 0 0.0976597 0.0150414 -0.00036213 0 0 0 0.0973194 -0.000280371 -0.000360314
83 0 0 0 0.105755 0.0151954 -0.000388656 0 0 0 0.105384 -0.000305943 -0.00038668
84 0 0 0 0.112476 0.0153551 -0.000410786 0 0 0 0.112081 -0.00032711 -0.000408677
85 0 0 0 0.113457 0.0155395 -0.000414529 0 0 0 0.113059 -0.000329855 -0.000412403
86 0 0 0 0.109111 0.0157466 -0.00040121 0 0 0 0.108729 -0.000315505 -0.000399172
87 0 0 0 0.103059 0.015961 -0.000382432 0 0 0 0.1027 -0.000295685 -0.000380517
88 0 0 0 0.102317 0.0161527 -0.000380659 0 0 0 0.101962 -0.000292903 -0.00037876
89 0 0 0 0.107589 0.0163187 -0.000398145 0 0 0 0.107214 -0.000309417 -0.000396142
90 0 0 0 0.11606 0.016471 -0.000425873 0 0 0 0.115653 -0.000336194 -0.000423703
91 0 0 0 0.120478 0.0166406 -0.000440626 0 0 0 0.120055 -0.000349969 -0.000438369
92 0 0 0 0.119765 0.0168322 -0.000438946 0 0 0 0.119346 -0.00034728 -0.000436705
93 0 0 0 0.114599 0.0170428 -0.000423001 0 0 0 0.114198 -0.000330298 -0.000420864
94 0 0 0 0.108809 0.0172561 -0.000405061 0 0 0 0.108431 -0.000311318 -0.000403042
95 0 0 0 0.108851 0.0174444 -0.000405797 0 0 0 0.108473 -0.00031105 -0.000403779
96 0 0 0 0.114949 0.0176069 -0.00042593 0 0 0 0.114549 -0.000330217 -0.000423792
97 0 0 0 0.123496 0.0177588 -0.000453904 0 0 0 0.123064 -0.000357239 -0.000451596
98 0 0 0 0.12709 0.017932 -0.000466015 0 0 0 0.126645 -0.000368368 -0.000463638
99 0 0 0 0.125801 0.018126 -0.000462488 0 0 0 0.12536 -0.000363828 -0.000460138
100 0 0 0 0.120103 0.0183389 -0.000444842 0 0 0 0.119684 -0.000345143 -0.000442607
101 0 0 0 0.114712 0.0185505 -0.00042818 0 0 0 0.114314 -0.000327443 -0.000426054
102 0 0 0 0.1155 0.0187357 -0.000431307 0 0 0 0.115099 -0.00032957 -0.000429167
103 0 0 0 0.122196 0.0188955 -0.000453353 0 0 0 0.121771 -0.000350654 -0.000451082
104 0 0 0 0.130425 0.0190489 -0.000480309 0 0 0 0.129969 -0.000376656 -0.000477874
105 0 0 0 0.133299 0.0192251 -0.000490115 0 0 0 0.132833 -0.000385475 -0.000487625
106 0 0 0 0.131828 0.0194199 -0.000486006 0 0 0 0.131367 -0.000380353 -0.000483547
107 0 0 0 0.126486 0.0196313 -0.000469498 0 0 0 0.126045 -0.000362807 -0.000467147
108 0 0 0 0.121232 0.0198423 -0.000453274 0 0 0 0.120811 -0.000345546 -0.000451029
109 0 0 0 0.121504 0.0200297 -0.000454748 0 0 0 0.121083 -0.000346018 -0.0004525
110 0 0 0 0.126887 0.0201952 -0.000472591 0 0 0 0.126446 -0.000362889 -0.000470237
111 0 0 0 0.135897 0.0203452 -0.000502048 0 0 0 0.135423 -0.000391398 -0.000499516
112 0 0 0 0.140792 0.0205128 -0.000518324 0 0 0 0.140299 -0.0004067 -0.000515696
113 0 0 0 0.139703 0.0207059 -0.000515439 0 0 0 0.139215 -0.000402804 -0.000512834
114 0 0 0 0.133542 0.0209208 -0.00049631 0 0 0 0.133077 -0.000382632 -0.00049383
115 0 0 0 0.127407 0.0211356 -0.000477267 0 0 0 0.126966 -0.000362546 -0.00047491
116 0 0 0 0.128377 0.0213199 -0.000480974 0 0 0 0.127932 -0.000365255 -0.0004786
117 0 0 0 0.13544 0.0214783 -0.000504196 0 0 0 0.134969 -0.000387517 -0.000501683
118 0 0 0 0.144283 0.021629 -0.000533119 0 0 0 0.14378 -0.00041549 -0.000530431
119 0 0 0 0.147261 0.0218048 -0.000543258 0 0 0 0.146747 -0.000424643 -0.000540512
120 0 0 0 0.144503 0.0220051 -0.000535025 0 0 0 0.143999 -0.000415388 -0.000532336
121 0 0 0 0.138475 0.0222194 -0.000516324 0 0 0 0.137994 -0.000395645 -0.000513756
122 0 0 0 0.132773 0.0224323 -0.000498663 0 0 0 0.132313 -0.000376945 -0.000496211
123 0 0 0 0.13602 0.0226069 -0.000509665 0 0 0 0.135548 -0.000386962 -0.000507149
124 0 0 0 0.145208 0.0227562 -0.000539693 0 0 0 0.144703 -0.000416043 -0.000536996
125 0 0 0 0.151953 0.0229159 -0.000561895 0 0 0 0.151422 -0.000437282 -0.000559065
126 0 0 0 0.152616 0.0231015 -0.000564622 0 0 0 0.152084 -0.000439009 -0.00056178
127 0 0 0 0.148198 0.023309 -0.000551075 0 0 0 0.147683 -0.00042443 -0.000548324
128 0 0 0 0.141588 0.0235258 -0.000530509 0 0 0 0.141098 -0.000402818 -0.00052789
129 0 0 0 0.140208 0.0237202 -0.000526691 0 0 0 0.139723 -0.000397987 -0.000524101
130 0 0 0 0.145918 0.0238843 -0.00054558 0 0 0 0.145412 -0.000415907 -0.000542878
131 0 0 0 0.155359 0.0240324 -0.000576416 0 0 0 0.154818 -0.000445797 -0.000573527
132 0 0 0 0.159566 0.024203 -0.000590493 0 0 0 0.15901 -0.000458896 -0.000587522
133 0 0 0 0.157444 0.0244006 -0.000584297 0 0 0 0.156895 -0.000451683 -0.00058137
134 0 0 0 0.150958 0.0246168 -0.000564129 0 0 0 0.150435 -0.00043047 -0.000561333
135 0 0 0 0.144886 0.0248313 -0.000545283 0 0 0 0.144385 -0.000410581 -0.00054261
136 0 0 0 0.148817 0.025003 -0.000558477 0 0 0 0.148302 -0.000422795 -0.000555727
137 0 0 0 0.157777 0.0251533 -0.000587771 0 0 0 0.157228 -0.000451141 -0.000584844
138 0 0 0 0.164549 0.0253128 -0.000610061 0 0 0 0.163975 -0.000472468 -0.000607001
139 0 0 0 0.164464 0.0255017 -0.000610392 0 0 0 0.163891 -0.000471794 -0.000607335
140 0 0 0 0.15976 0.0257104 -0.000595928 0 0 0 0.159205 -0.000456297 -0.000592967
141 0 0 0 0.153407 0.025926 -0.000576184 0 0 0 0.152876 -0.000435509 -0.000573351
142 0 0 0 0.152237 0.0261196 -0.00057304 0 0 0 0.151711 -0.000431353 -0.000570232
143 0 0 0 0.159015 0.0262791 -0.000595348 0 0 0 0.158463 -0.000452699 -0.000592406
144 0 0 0 0.168095 0.0264288 -0.000625031 0 0 0 0.16751 -0.000481434 -0.00062191
145 0 0 0 0.171664 0.0266021 -0.000637062 0 0 0 0.171066 -0.000492482 -0.000633871
146 0 0 0 0.169576 0.0267995 -0.000630978 0 0 0 0.168986 -0.000485381 -0.00062783
147 0 0 0 0.163464 0.0270142 -0.000612007 0 0 0 0.162898 -0.000465368 -0.000608983
148 0 0 0 0.157733 0.0272272 -0.000594254 0 0 0 0.157188 -0.000446574 -0.000591345
149 0 0 0 0.160142 0.0274054 -0.000602572 0 0 0 0.159589 -0.000453903 -0.000599617
150 0 0 0 0.167883 0.0275609 -0.000627964 0 0 0 0.167301 -0.000478339 -0.000624857
151 0 0 0 0.17671 0.0277116 -0.000656834 0 0 0 0.176095 -0.000506259 -0.000653552
152 0 0 0 0.178693 0.0278917 -0.000663786 0 0 0 0.17807 -0.000512219 -0.000660466
153 0 0 0 0.175329 0.0280946 -0.000653616 0 0 0 0.17472 -0.000501024 -0.000650365
154 0 0 0 0.168296 0.0283132 -0.000631696 0 0 0 0.167714 -0.000478055 -0.000628587
155 0 0 0 0.16391 0.0285205 -0.000618251 0 0 0 0.163344 -0.000463579 -0.000615231
156 0 0 0 0.168563 0.0286891 -0.000633753 0 0 0 0.16798 -0.000478105 -0.000630641
157 0 0 0 0.178045 0.0288371 -0.000664724 0 0 0 0.177427 -0.00050813 -0.000661425
158 0 0 0 0.184404 0.0289984 -0.000685691 0 0 0 0.183763 -0.000528133 -0.000682267
159 0 0 0 0.18368 0.02919 -0.000683975 0 0 0 0.183042 -0.000525408 -0.000680567
160 0 0 0 0.178365 0.0294013 -0.000667555 0 0 0 0.177747 -0.00050795 -0.000664255
161 0 0 0 0.171442 0.0296194 -0.000645985 0 0 0 0.17085 -0.000485333 -0.000642824
162 0 0 0 0.17106 0.0298096 -0.000645364 0 0 0 0.17047 -0.000483705 -0.000642213
163 0 0 0 0.177977 0.0299685 -0.000668118 0 0 0 0.177361 -0.000505497 -0.00066483
164 0 0 0 0.186953 0.0301187 -0.000697464 0 0 0 0.186303 -0.000533895 -0.000693999
165 0 0 0 0.191066 0.0302896 -0.00071124 0 0 0 0.190401 -0.000546692 -0.000707694
166 0 0 0 0.18834 0.0304898 -0.000703111 0 0 0 0.187686 -0.000537541 -0.000699621
167 0 0 0 0.181615 0.0307071 -0.000682177 0 0 0 0.180987 -0.000515561 -0.000678823
168 0 0 0 0.175969 0.0309197 -0.000664697 0 0 0 0.175362 -0.000497042 -0.000661458
169 0 0 0 0.178625 0.0310969 -0.000673805 0 0 0 0.178008 -0.000505162 -0.000670514
170 0 0 0 0.187708 0.0312466 -0.000703496 0 0 0 0.187058 -0.000533904 -0.000700025
171 0 0 0 0.19514 0.0314033 -0.000727898 0 0 0 0.194462 -0.000557348 -0.00072428
172 0 0 0 0.195354 0.0315909 -0.000729186 0 0 0 0.194675 -0.000557633 -0.000725566
173 0 0 0 0.18973 0.0318035 -0.000711777 0 0 0 0.189073 -0.000539185 -0.000708271
174 0 0 0 0.182958 0.032021 -0.00069069 0 0 0 0.182326 -0.000517052 -0.000687321
175 0 0 0 0.182349 0.0322121 -0.000689343 0 0 0 0.18172 -0.000514696 -0.000685987
176 0 0 0 0.188577 0.032374 -0.000709892 0 0 0 0.187926 -0.00053428 -0.000706414
177 0 0 0 0.198047 0.0325221 -0.000740822 0 0 0 0.19736 -0.000564264 -0.000737156
178 0 0 0 0.202237 0.0326927 -0.000754841 0 0 0 0.201534 -0.000577305 -0.000751094
179 0 0 0 0.200234 0.0328898 -0.000749029 0 0 0 0.199539 -0.000570475 -0.000745323
180 0 0 0 0.193149 0.0331086 -0.000726941 0 0 0 0.192481 -0.000547339 -0.000723378
181 0 0 0 0.187255 0.0333223 -0.000708669 0 0 0 0.18661 -0.000528026 -0.000705225
182 0 0 0 0.190373 0.0334975 -0.000719256 0 0 0 0.189717 -0.000537628 -0.000715752
183 0 0 0 0.199791 0.0336458 -0.00075002 0 0 0 0.1991 -0.000567446 -0.000746329
184 0 0 0 0.207995 0.0337992 -0.000776895 0 0 0 0.207273 -0.000593367 -0.000773042
185 0 0 0 0.207667 0.0339891 -0.000776447 0 0 0 0.206947 -0.000591913 -0.000772602
186 0 0 0 0.201314 0.0342048 -0.000756703 0 0 0 0.200618 -0.000571125 -0.000752987
187 0 0 0 0.193484 0.0344268 -0.00073223 0 0 0 0.192818 -0.000545599 -0.000728671
188 0 0 0 0.193757 0.0346142 -0.000733704 0 0 0 0.193089 -0.00054607 -0.000730141
189 0 0 0 0.201346 0.0347703 -0.000758613 0 0 0 0.200651 -0.000570022 -0.0007549
190 0 0 0 0.21101 0.0349175 -0.000790163 0 0 0 0.210278 -0.000600627 -0.000786259
191 0 0 0 0.214449 0.0350913 -0.000801779 0 0 0 0.213705 -0.000611261 -0.000797809
192 0 0 0 0.209587 0.0353006 -0.000786811 0 0 0 0.208862 -0.000595258 -0.000782939
193 0 0 0 0.201372 0.0355242 -0.000761103 0 0 0 0.200677 -0.000568494 -0.000757396
194 0 0 0 0.198537 0.0357249 -0.000752624 0 0 0 0.197853 -0.000558993 -0.000748976
195 0 0 0 0.204599 0.0358875 -0.000772642 0 0 0 0.203893 -0.000578044 -0.000768874
196 0 0 0 0.214993 0.0360316 -0.000806531 0 0 0 0.214248 -0.000610993 -0.000802558
197 0 0 0 0.219458 0.036201 -0.000821433 0 0 0 0.218697 -0.000624919 -0.000817373
198 0 0 0 0.216686 0.0364014 -0.000813156 0 0 0 0.215935 -0.00061562 -0.000809152
199 0 0 0 0.208373 0.0366255 -0.000787135 0 0 0 0.207654 -0.000588543 -0.000783299
200 0 0 0 0.203684 0.036834 -0.000772722 0 0 0 0.202983 -0.000573096 -0.000768981
201 0 0 0 0.208619 0.0370015 -0.000789129 0 0 0 0.2079 -0.00058853 -0.000785291
202 0 0 0 0.218378 0.0371482 -0.000820986 0 0 0 0.217623 -0.000619442 -0.000816954
203 0 0 0 0.224618 0.0373101 -0.000841571 0 0 0 0.22384 -0.000639062 -0.000837417
204 0 0 0 0.222455 0.0375079 -0.000835245 0 0 0 0.221685 -0.000631718 -0.000831136
205 0 0 0 0.215149 0.0377276 -0.000812448 0 0 0 0.214406 -0.000607872 -0.000808487
206 0 0 0 0.209841 0.0379389 -0.000796052 0 0 0 0.209119 -0.000590438 -0.000792198
207 0 0 0 0.213542 0.0381116 -0.000808506 0 0 0 0.212806 -0.00060191 -0.00080458
208 0 0 0 0.223428 0.0382578 -0.000840769 0 0 0 0.222655 -0.000633231 -0.000836647
209 0 0 0 0.229892 0.0384187 -0.000862071 0 0 0 0.229095 -0.000653568 -0.000857822
210 0 0 0 0.228173 0.0386146 -0.000857169 0 0 0 0.227383 -0.000647651 -0.000852956
211 0 0 0 0.220185 0.0388373 -0.000832189 0 0 0 0.219425 -0.000621616 -0.000828136
212 0 0 0 0.215211 0.039047 -0.000816862 0 0 0 0.214471 -0.000605255 -0.000812911
213 0 0 0 0.218483 0.0392216 -0.000827944 0 0 0 0.217731 -0.000615352 -0.000823928
214 0 0 0 0.227356 0.0393722 -0.000856963 0 0 0 0.226571 -0.000643422 -0.000852772
215 0 0 0 0.234654 0.0395295 -0.000880935 0 0 0 0.233841 -0.000666435 -0.0008766
216 0 0 0 0.23395 0.039721 -0.000879283 0 0 0 0.23314 -0.000663774 -0.000874963
217 0 0 0 0.227704 0.0399362 -0.000859884 0 0 0 0.226919 -0.000643331 -0.000855691
218 0 0 0 0.221525 0.0401512 -0.000840695 0 0 0 0.220763 -0.0006231 -0.000836627
219 0 0 0 0.223371 0.0403318 -0.000847211 0 0 0 0.222602 -0.000628622 -0.000843107
220 0 0 0 0.231875 0.040484 -0.000875047 0 0 0 0.231075 -0.000655508 -0.000870776
221 0 0 0 0.239885 0.0406383 -0.0009013 0 0 0 0.239055 -0.000680806 -0.000896871
222 0 0 0 0.239883 0.0408268 -0.000901897 0 0 0 0.239054 -0.000680399 -0.000897469
223 0 0 0 0.233947 0.0410407 -0.000883488 0 0 0 0.23314 -0.000660948 -0.00087918
224 0 0 0 0.227415 0.0412572 -0.000863171 0 0 0 0.226633 -0.000639586 -0.000858995
225 0 0 0 0.226787 0.0414484 -0.000861763 0 0 0 0.226007 -0.000637169 -0.000857601
226 0 0 0 0.233504 0.0416082 -0.000883875 0 0 0 0.232699 -0.000658319 -0.000879581
227 0 0 0 0.242643 0.0417576 -0.000913745 0 0 0 0.241804 -0.000687241 -0.00090927
228 0 0 0 0.246471 0.0419298 -0.000926607 0 0 0 0.245618 -0.000699122 -0.000922057
229 0 0 0 0.243212 0.0421322 -0.000916773 0 0 0 0.242372 -0.000688263 -0.00091229
230 0 0 0 0.235777 0.0423526 -0.000893563 0 0 0 0.234965 -0.000664003 -0.000889229
231 0 0 0 0.231566 0.0425591 -0.000880678 0 0 0 0.23077 -0.000650087 -0.00087643
232 0 0 0 0.23502 0.0427328 -0.000892341 0 0 0 0.234211 -0.000660768 -0.000888026
233 0 0 0 0.244448 0.042881 -0.000923139 0 0 0 0.243605 -0.00069062 -0.000918638
234 0 0 0 0.252362 0.0430357 -0.000949087 0 0 0 0.25149 -0.000715613 -0.00094443
235 0 0 0 0.251681 0.0432272 -0.000947508 0 0 0 0.250811 -0.000713025 -0.000942866
236 0 0 0 0.245475 0.0434422 -0.000928235 0 0 0 0.244629 -0.000692708 -0.000923718
237 0 0 0 0.238399 0.043661 -0.000906173 0 0 0 0.237579 -0.000669598 -0.000901799
238 0 0 0 0.239007 0.0438469 -0.000908723 0 0 0 0.238185 -0.000671147 -0.000904338
239 0 0 0 0.245551 0.0440075 -0.000930285 0 0 0 0.244706 -0.000691746 -0.000925771
240 0 0 0 0.255093 0.0441552 -0.000961446 0 0 0 0.254212 -0.000721961 -0.000956743
241 0 0 0 0.258783 0.044328 -0.000973862 0 0 0 0.257888 -0.000733396 -0.000969088
242 0 0 0 0.254628 0.0445342 -0.000961158 0 0 0 0.253749 -0.000719662 -0.000956468
243 0 0 0 0.246898 0.0447558 -0.000937006 0 0 0 0.246048 -0.000694457 -0.000932472
244 0 0 0 0.243001 0.044961 -0.000925127 0 0 0 0.242166 -0.000681549 -0.000920672
245 0 0 0 0.248414 0.0451264 -0.000943064 0 0 0 0.247559 -0.000698516 -0.000938503
246 0 0 0 0.2581 0.0452735 -0.000974686 0 0 0 0.257209 -0.000729194 -0.000969933
247 0 0 0 0.264364 0.0454352 -0.000995349 0 0 0 0.26345 -0.000748891 -0.000990473
248 0 0 0 0.262633 0.0456312 -0.000990409 0 0 0 0.261726 -0.000742936 -0.000985569
249 0 0 0 0.254658 0.0458538 -0.000965471 0 0 0 0.253782 -0.000716944 -0.000960792
250 0 0 0 0.249328 0.0460651 -0.000949003 0 0 0 0.248472 -0.000699438 -0.000944432
251 0 0 0 0.25176 0.0462432 -0.000957394 0 0 0 0.250895 -0.000706839 -0.000952775
252 0 0 0 0.259557 0.0463984 -0.000982964 0 0 0 0.258662 -0.000731454 -0.000978192
253 0 0 0 0.268412 0.0465491 -0.00101193 0 0 0 0.267485 -0.000759468 -0.00100698
254 0 0 0 0.269238 0.0467341 -0.00101517 0 0 0 0.268308 -0.000761713 -0.00101021
255 0 0 0 0.263748 0.0469461 -0.000998192 0 0 0 0.262839 -0.000743695 -0.000993342
256 0 0 0 0.256181 0.047167 -0.000974562 0 0 0 0.255301 -0.000719013 -0.000969864
257 0 0 0 0.254592 0.0473623 -0.000970076 0 0 0 0.253718 -0.000713512 -0.000965411
258 0 0 0 0.260862 0.047524 -0.000990755 0 0 0 0.259964 -0.000733226 -0.000985967
259 0 0 0 0.270729 0.0476703 -0.00102296 0 0 0 0.269795 -0.000764487 -0.00101798
260 0 0 0 0.276019 0.0478362 -0.0010405 0 0 0 0.275065 -0.000781057 -0.00103541
261 0 0 0 0.272998 0.0480377 -0.00103143 0 0 0 0.272056 -0.000770962 -0.0010264
262 0 0 0 0.265355 0.0482589 -0.00100756 0 0 0 0.264442 -0.000746036 -0.00100268
263 0 0 0 0.25969 0.0484716 -0.000990015 0 0 0 0.258799 -0.000727456 -0.000985258
264 0 0 0 0.263963 0.0486419 -0.0010043 0 0 0 0.263056 -0.000740764 -0.00099946
265 0 0 0 0.273411 0.04879 -0.00103516 0 0 0 0.272469 -0.000770679 -0.00103013
266 0 0 0 0.280449 0.0489484 -0.0010583 0 0 0 0.279481 -0.000792858 -0.00105313
267 0 0 0 0.279466 0.0491412 -0.00105576 0 0 0 0.278502 -0.000789303 -0.00105061
268 0 0 0 0.272566 0.0493592 -0.00103426 0 0 0 0.271628 -0.000766758 -0.00102925
269 0 0 0 0.266249 0.0495747 -0.00101463 0 0 0 0.265335 -0.000746088 -0.00100975
270 0 0 0 0.268158 0.0497551 -0.00102135 0 0 0 0.267237 -0.00075181 -0.00101643
271 0 0 0 0.276694 0.0499071 -0.00104929 0 0 0 0.275741 -0.000778797 -0.0010442
272 0 0 0 0.28555 0.0500578 -0.00107825 0 0 0 0.284565 -0.000806813 -0.00107299
273 0 0 0 0.285787 0.0502453 -0.00107961 0 0 0 0.284801 -0.00080717 -0.00107435
274 0 0 0 0.280062 0.0504583 -0.00106188 0 0 0 0.279098 -0.000788398 -0.00105673
275 0 0 0 0.271857 0.0506819 -0.00103621 0 0 0 0.270924 -0.000761669 -0.00103122
276 0 0 0 0.271267 0.050873 -0.00103491 0 0 0 0.270336 -0.00075937 -0.00102995
277 0 0 0 0.27815 0.051032 -0.00105756 0 0 0 0.277194 -0.000781055 -0.00105246
278 0 0 0 0.288123 0.0511779 -0.0010901 0 0 0 0.28713 -0.000812655 -0.0010848
279 0 0 0 0.291868 0.0513504 -0.0011027 0 0 0 0.290861 -0.000824267 -0.00109732
280 0 0 0 0.287602 0.0515572 -0.00108964 0 0 0 0.286611 -0.000810176 -0.00108435
281 0 0 0 0.27967 0.0517796 -0.00106484 0 0 0 0.27871 -0.000784324 -0.00105971
282 0 0 0 0.275127 0.0519876 -0.00105089 0 0 0 0.274184 -0.000769345 -0.00104586
283 0 0 0 0.280474 0.0521533 -0.00106862 0 0 0 0.279511 -0.000786098 -0.00106348
284 0 0 0 0.291243 0.0522957 -0.00110371 0 0 0 0.29024 -0.000820252 -0.00109836
285 0 0 0 0.298003 0.0524553 -0.00112596 0 0 0 0.296975 -0.000841542 -0.00112047
286 0 0 0 0.295402 0.052655 -0.00111823 0 0 0 0.294384 -0.000832792 -0.0011128
287 0 0 0 0.285332 0.0528866 -0.00108658 0 0 0 0.284352 -0.000800078 -0.00108135
288 0 0 0 0.279724 0.0530991 -0.00106923 0 0 0 0.278766 -0.00078168 -0.00106411
289 0 0 0 0.28573 0.0532619 -0.00108906 0 0 0 0.284749 -0.000800549 -0.00108383
290 0 0 0 0.296454 0.0534046 -0.00112401 0 0 0 0.295434 -0.000834559 -0.00111856
291 0 0 0 0.302443 0.0535675 -0.00114379 0 0 0 0.3014 -0.000853373 -0.00113823
292 0 0 0 0.298656 0.0537722 -0.00113227 0 0 0 0.297628 -0.00084082 -0.00112678
293 0 0 0 0.2894 0.0540003 -0.00110322 0 0 0 0.288407 -0.000810716 -0.00109792
294 0 0 0 0.284692 0.054209 -0.00108875 0 0 0 0.283717 -0.000795208 -0.00108354
295 0 0 0 0.291162 0.0543699 -0.00111007 0 0 0 0.290163 -0.000815565 -0.00110474
296 0 0 0 0.302703 0.054509 -0.00114763 0 0 0 0.301661 -0.000852194 -0.00114207
297 0 0 0 0.307308 0.0546779 -0.00116298 0 0 0 0.306248 -0.000866568 -0.00115733
298 0 0 0 0.302547 0.0548867 -0.00114834 0 0 0 0.301506 -0.000850891 -0.00114278
299 0 0 0 0.293083 0.0551157 -0.00111863 0 0 0 0.292077 -0.000820118 -0.00111326
300 0 0 0 0.289444 0.0553198 -0.00110758 0 0 0 0.288452 -0.000808039 -0.00110229
301 0 0 0 0.295269 0.0554834 -0.00112684 0 0 0 0.294256 -0.000826329 -0.00112143
302 0 0 0 0.306337 0.0556246 -0.00116288 0 0 0 0.305283 -0.00086144 -0.00115726
303 0 0 0 0.312372 0.0557874 -0.00118281 0 0 0 0.311296 -0.000880403 -0.00117707
304 0 0 0 0.30772 0.0559958 -0.00116852 0 0 0 0.306661 -0.000865074 -0.00116287
305 0 0 0 0.29773 0.056227 -0.00113713 0 0 0 0.296709 -0.000832616 -0.00113168
306 0 0 0 0.294262 0.0564304 -0.00112662 0 0 0 0.293255 -0.000821087 -0.00112124
307 0 0 0 0.299911 0.0565947 -0.00114532 0 0 0 0.298883 -0.000838811 -0.00113983
308 0 0 0 0.311331 0.0567344 -0.00118249 0 0 0 0.31026 -0.00087505 -0.00117677
309 0 0 0 0.316796 0.0568996 -0.00120059 0 0 0 0.315705 -0.000892184 -0.00119477
310 0 0 0 0.310902 0.0571133 -0.00118232 0 0 0 0.309833 -0.000872869 -0.00117662
311 0 0 0 0.300975 0.0573443 -0.00115113 0 0 0 0.299943 -0.000840613 -0.00114563
312 0 0 0 0.298461 0.0575436 -0.00114368 0 0 0 0.297439 -0.000832144 -0.00113823
313 0 0 0 0.305171 0.0577034 -0.00116577 0 0 0 0.304125 -0.000853274 -0.00116019
314 0 0 0 0.316217 0.0578447 -0.00120175 0 0 0 0.315129 -0.000888314 -0.00119595
315 0 0 0 0.321382 0.0580111 -0.00121889 0 0 0 0.320276 -0.000904486 -0.00121299
316 0 0 0 0.316272 0.0582215 -0.00120313 0 0 0 0.315185 -0.000887686 -0.00119733
317 0 0 0 0.306689 0.058451 -0.00117304 0 0 0 0.305638 -0.000856534 -0.00116743
318 0 0 0 0.303137 0.0586547 -0.00116227 0 0 0 0.302099 -0.000844733 -0.00115673
319 0 0 0 0.308894 0.0588186 -0.00118131 0 0 0 0.307836 -0.000862806 -0.00117566
320 0 0 0 0.32076 0.0589564 -0.00121991 0 0 0 0.319658 -0.000900479 -0.00121403
321 0 0 0 0.326745 0.0591193 -0.00123968 0 0 0 0.325621 -0.000919281 -0.00123368
322 0 0 0 0.321727 0.0593293 -0.00122421 0 0 0 0.320622 -0.000902776 -0.00121831
323 0 0 0 0.311891 0.0595599 -0.00119331 0 0 0 0.310822 -0.000870812 -0.00118761
324 0 0 0 0.308208 0.0597642 -0.00118212 0 0 0 0.307153 -0.000858591 -0.00117649
325 0 0 0 0.315623 0.059921 -0.00120647 0 0 0 0.314541 -0.000881982 -0.0012007
326 0 0 0 0.327019 0.0600608 -0.00124357 0 0 0 0.325895 -0.000918146 -0.00123757
327 0 0 0 0.330927 0.0602326 -0.00125669 0 0 0 0.329789 -0.000930285 -0.00125061
328 0 0 0 0.324673 0.0604479 -0.00123726 0 0 0 0.323558 -0.000909814 -0.00123131
329 0 0 0 0.314818 0.0606786 -0.0012063 0 0 0 0.313741 -0.00087779 -0.00120055
330 0 0 0 0.313537 0.0608726 -0.0012028 0 0 0 0.312464 -0.000873275 -0.00119707
331 0 0 0 0.320356 0.0610319 -0.00122524 0 0 0 0.319258 -0.000894756 -0.00121938
332 0 0 0 0.331261 0.0611738 -0.00126077 0 0 0 0.330123 -0.000929346 -0.00125469
333 0 0 0 0.335774 0.061343 -0.00127582 0 0 0 0.334619 -0.000943423 -0.00126966
334 0 0 0 0.329539 0.0615582 -0.00125645 0 0 0 0.328408 -0.000923014 -0.00125042
335 0 0 0 0.320134 0.061787 -0.00122694 0 0 0 0.319039 -0.000892434 -0.00122109
336 0 0 0 0.317517 0.0619867 -0.00121916 0 0 0 0.316431 -0.000883633 -0.00121336
337 0 0 0 0.324625 0.0621448 -0.00124252 0 0 0 0.323513 -0.00090604 -0.00123659
338 0 0 0 0.335876 0.0622852 -0.00127916 0 0 0 0.334723 -0.000941739 -0.001273
339 0 0 0 0.340171 0.0624554 -0.00129352 0 0 0 0.339002 -0.000955118 -0.00128727
340 0 0 0 0.334017 0.0626702 -0.00127441 0 0 0 0.332871 -0.000934969 -0.00126829
341 0 0 0 0.324429 0.0628998 -0.0012443 0 0 0 0.323319 -0.000903801 -0.00123838
342 0 0 0 0.322407 0.0630969 -0.00123843 0 0 0 0.321305 -0.00089691 -0.00123255
343 0 0 0 0.329056 0.063257 -0.00126033 0 0 0 0.32793 -0.000917843 -0.00125432
344 0 0 0 0.341105 0.063394 -0.00129952 0 0 0 0.339934 -0.000956103 -0.00129327
345 0 0 0 0.345696 0.0635629 -0.00131482 0 0 0 0.344508 -0.000970433 -0.00130848
346 0 0 0 0.338262 0.0637832 -0.00129162 0 0 0 0.337102 -0.000946175 -0.00128542
347 0 0 0 0.328136 0.0640151 -0.00125979 0 0 0 0.327014 -0.000913282 -0.0012538
348 0 0 0 0.326832 0.0642092 -0.00125622 0 0 0 0.325716 -0.000908696 -0.00125026
349 0 0 0 0.334614 0.0643644 -0.00128174 0 0 0 0.333468 -0.000933263 -0.00127563
350 0 0 0 0.346595 0.0645017 -0.00132071 0 0 0 0.345405 -0.000971304 -0.00131436
351 0 0 0 0.349912 0.064676 -0.00133194 0 0 0 0.34871 -0.000981547 -0.00132552
352 0 0 0 0.34313 0.0648936 -0.00131082 0 0 0 0.341953 -0.000959381 -0.00130454
353 0 0 0 0.332516 0.0651275 -0.00127743 0 0 0 0.33138 -0.000924922 -0.00127136
354 0 0 0 0.330773 0.0653235 -0.00127245 0 0 0 0.329644 -0.000918927 -0.00126642
355 0 0 0 0.338683 0.0654782 -0.00129838 0 0 0 0.337524 -0.000943905 -0.0012922
356 0 0 0 0.350416 0.0656165 -0.00133656 0 0 0 0.349213 -0.00098115 -0.00133014
357 0 0 0 0.354172 0.065789 -0.00134919 0 0 0 0.352956 -0.000992802 -0.0013427
358 0 0 0 0.346615 0.0660098 -0.00132559 0 0 0 0.345427 -0.000968148 -0.00131925
359 0 0 0 0.336789 0.0662404 -0.00129472 0 0 0 0.335638 -0.000936216 -0.00128858
360 0 0 0 0.336257 0.0664312 -0.00129362 0 0 0 0.335109 -0.000934109 -0.0012875
361 0 0 0 0.344575 0.0665841 -0.00132086 0 0 0 0.343396 -0.000960396 -0.00131457
362 0 0 0 0.356263 0.0667227 -0.0013589 0 0 0 0.35504 -0.000997497 -0.00135237
363 0 0 0 0.357739 0.0669049 -0.00136423 0 0 0 0.356511 -0.00100183 -0.00135768
364 0 0 0 0.349664 0.0671279 -0.00133897 0 0 0 0.348466 -0.000975517 -0.00133258
365 0 0 0 0.340386 0.0673561 -0.00130986 0 0 0 0.339224 -0.000945346 -0.00130365
366 0 0 0 0.341899 0.0675382 -0.00131531 0 0 0 0.340732 -0.000949799 -0.00130907
367 0 0 0 0.351417 0.067686 -0.00134639 0 0 0 0.350214 -0.000979937 -0.00133997
368 0 0 0 0.362821 0.0678258 -0.00138351 0 0 0 0.361576 -0.00101613 -0.00137687
369 0 0 0 0.362714 0.0680147 -0.00138377 0 0 0 0.36147 -0.00101538 -0.00137713
370 0 0 0 0.353474 0.0682428 -0.00135478 0 0 0 0.352264 -0.000985328 -0.00134833
371 0 0 0 0.3449 0.068468 -0.00132792 0 0 0 0.343722 -0.000957414 -0.00132164
372 0 0 0 0.347409 0.0686458 -0.00133656 0 0 0 0.346223 -0.000965063 -0.00133023
373 0 0 0 0.358608 0.0687864 -0.00137303 0 0 0 0.35738 -0.00100059 -0.00136648
374 0 0 0 0.368174 0.068934 -0.00140427 0 0 0 0.366911 -0.00103089 -0.00139753
375 0 0 0 0.365567 0.0691337 -0.00139652 0 0 0 0.364314 -0.00102212 -0.00138983
376 0 0 0 0.354996 0.0693674 -0.00136327 0 0 0 0.353782 -0.000987797 -0.00135679
377 0 0 0 0.348752 0.0695827 -0.00134387 0 0 0 0.347562 -0.00096736 -0.00133752
378 0 0 0 0.355052 0.0697442 -0.00136465 0 0 0 0.353839 -0.000987175 -0.00135818
379 0 0 0 0.367088 0.0698813 -0.0014038 0 0 0 0.36583 -0.00102539 -0.00139709
380 0 0 0 0.371865 0.0700494 -0.0014197 0 0 0 0.370589 -0.00104032 -0.00141289
381 0 0 0 0.365928 0.0702633 -0.00140129 0 0 0 0.364675 -0.00102087 -0.0013946
382 0 0 0 0.35578 0.0704952 -0.00136939 0 0 0 0.354565 -0.000987899 -0.00136291
383 0 0 0 0.354401 0.0706897 -0.00136558 0 0 0 0.353191 -0.000983071 -0.00135912
384 0 0 0 0.36156 0.0708476 -0.00138911 0 0 0 0.360325 -0.00100564 -0.00138251
385 0 0 0 0.373211 0.0709863 -0.00142702 0 0 0 0.371932 -0.00104262 -0.0014202
386 0 0 0 0.376266 0.0711617 -0.00143741 0 0 0 0.374976 -0.00105203 -0.00143053
387 0 0 0 0.368709 0.0713826 -0.00141381 0 0 0 0.367447 -0.00102737 -0.00140707
388 0 0 0 0.35874 0.0716137 -0.00138248 0 0 0 0.357516 -0.000994983 -0.00137595
389 0 0 0 0.358871 0.0718017 -0.00138351 0 0 0 0.357647 -0.000995003 -0.00137697
390 0 0 0 0.368883 0.0719474 -0.00141617 0 0 0 0.367621 -0.00102672 -0.00140944
391 0 0 0 0.38017 0.0720877 -0.00145292 0 0 0 0.378867 -0.00106254 -0.00144597
392 0 0 0 0.380261 0.0722758 -0.00145381 0 0 0 0.378958 -0.00106243 -0.00144686
393 0 0 0 0.370486 0.0725061 -0.00142311 0 0 0 0.36922 -0.00103066 -0.00141635
394 0 0 0 0.361868 0.0727315 -0.00139611 0 0 0 0.360634 -0.0010026 -0.00138953
395 0 0 0 0.365786 0.0729033 -0.00140927 0 0 0 0.364538 -0.00101478 -0.0014026
396 0 0 0 0.377327 0.0730424 -0.00144683 0 0 0 0.376035 -0.0010514 -0.00143994
397 0 0 0 0.38575 0.0731949 -0.0014744 0 0 0 0.384428 -0.00107803 -0.00146735
398 0 0 0 0.381834 0.0734002 -0.00146246 0 0 0 0.380527 -0.00106506 -0.00145549
399 0 0 0 0.371026 0.073635 -0.00142845 0 0 0 0.369759 -0.00102998 -0.00142169
400 0 0 0 0.365774 0.0738459 -0.00141223 0 0 0 0.364527 -0.00101272 -0.00140558
401 0 0 0 0.372467 0.0740059 -0.00143427 0 0 0 0.371195 -0.0010338 -0.00142749
402 0 0 0 0.385167 0.0741401 -0.00147555 0 0 0 0.383848 -0.00107415 -0.00146851
403 0 0 0 0.389643 0.0743094 -0.00149048 0 0 0 0.388308 -0.00108811 -0.00148336
404 0 0 0 0.383497 0.0745243 -0.0014714 0 0 0 0.382186 -0.00106799 -0.0014644
405 0 0 0 0.373541 0.0747554 -0.00144012 0 0 0 0.372267 -0.00103564 -0.00143332
406 0 0 0 0.370596 0.0749565 -0.00143129 0 0 0 0.369334 -0.00102578 -0.00142455
407 0 0 0 0.378009 0.0751133 -0.00145563 0 0 0 0.376719 -0.00104917 -0.00144875
408 0 0 0 0.390149 0.0752499 -0.00149512 0 0 0 0.388814 -0.00108772 -0.00148799
409 0 0 0 0.394074 0.0754217 -0.00150829 0 0 0 0.392724 -0.00109991 -0.00150108
410 0 0 0 0.386289 0.0756435 -0.00148396 0 0 0 0.384968 -0.00107453 -0.00147691
411 0 0 0 0.376017 0.0758759 -0.00145166 0 0 0 0.374735 -0.00104117 -0.00144482
412 0 0 0 0.375211 0.0760679 -0.00144968 0 0 0 0.373932 -0.00103818 -0.00144286
413 0 0 0 0.383942 0.0762191 -0.00147825 0 0 0 0.382632 -0.00106579 -0.00147125
414 0 0 0 0.396492 0.0763539 -0.00151904 0 0 0 0.395135 -0.00110566 -0.0015118
415 0 0 0 0.397243 0.0765393 -0.00152205 0 0 0 0.395883 -0.00110767 -0.00151479
416 0 0 0 0.38733 0.0767702 -0.0014909 0 0 0 0.386007 -0.00107545 -0.00148384
417 0 0 0 0.379512 0.0769921 -0.00146647 0 0 0 0.378219 -0.00104997 -0.00145957
418 0 0 0 0.383146 0.0771651 -0.00147871 0 0 0 0.38184 -0.00106122 -0.00147174
419 0 0 0 0.395029 0.0773028 -0.00151737 0 0 0 0.393679 -0.00109895 -0.00151016
420 0 0 0 0.402265 0.0774604 -0.00154114 0 0 0 0.400888 -0.00112177 -0.00153379
421 0 0 0 0.3979 0.0776676 -0.00152776 0 0 0 0.396539 -0.00110736 -0.0015205
422 0 0 0 0.386483 0.0779049 -0.0014918 0 0 0 0.385165 -0.00107032 -0.00148477
423 0 0 0 0.382506 0.0781105 -0.00147967 0 0 0 0.381204 -0.00105716 -0.00147272
424 0 0 0 0.39162 0.07826 -0.00150946 0 0 0 0.390284 -0.001086 -0.00150233
425 0 0 0 0.40395 0.0783958 -0.00154955 0 0 0 0.402568 -0.00112516 -0.00154217
426 0 0 0 0.406449 0.0785737 -0.00155815 0 0 0 0.405058 -0.00113278 -0.00155073
427 0 0 0 0.398152 0.0787977 -0.00153218 0 0 0 0.396792 -0.00110575 -0.00152493
428 0 0 0 0.388178 0.0790288 -0.00150084 0 0 0 0.386856 -0.00107335 -0.00149379
429 0 0 0 0.389528 0.0792116 -0.00150577 0 0 0 0.388201 -0.00107728 -0.00149869
430 0 0 0 0.400043 0.0793552 -0.00154005 0 0 0 0.398677 -0.00111062 -0.00153276
431 0 0 0 0.410358 0.0794996 -0.00157368 0 0 0 0.408954 -0.00114331 -0.00156619
432 0 0 0 0.408239 0.0796972 -0.0015675 0 0 0 0.406843 -0.00113611 -0.00156005
433 0 0 0 0.397829 0.0799302 -0.00153476 0 0 0 0.396473 -0.0011023 -0.00152752
434 0 0 0 0.391329 0.0801465 -0.00151455 0 0 0 0.389998 -0.00108105 -0.00150744
435 0 0 0 0.397051 0.0803106 -0.00153348 0 0 0 0.395698 -0.001099 -0.00152625
436 0 0 0 0.40992 0.0804441 -0.00157529 0 0 0 0.40852 -0.00113989 -0.00156782
437 0 0 0 0.415325 0.0806095 -0.0015932 0 0 0 0.413904 -0.00115683 -0.00158562
438 0 0 0 0.409662 0.0808222 -0.00157567 0 0 0 0.408262 -0.00113826 -0.0015682
439 0 0 0 0.399134 0.0810558 -0.00154255 0 0 0 0.397774 -0.00110408 -0.0015353
440 0 0 0 0.396199 0.0812569 -0.00153376 0 0 0 0.394851 -0.00109426 -0.00152656
441 0 0 0 0.40333 0.0814149 -0.00155719 0 0 0 0.401955 -0.00111673 -0.00154986
442 0 0 0 0.415374 0.0815519 -0.00159637 0 0 0 0.413955 -0.00115498 -0.00158879
443 0 0 0 0.419822 0.0817214 -0.00161122 0 0 0 0.418386 -0.00116885 -0.00160355
444 0 0 0 0.412626 0.0819407 -0.00158877 0 0 0 0.411218 -0.00114536 -0.00158126
445 0 0 0 0.402539 0.0821724 -0.00155707 0 0 0 0.401168 -0.00111259 -0.00154975
446 0 0 0 0.400458 0.0823698 -0.00155101 0 0 0 0.399095 -0.00110551 -0.00154374
447 0 0 0 0.408869 0.0825223 -0.00157855 0 0 0 0.407475 -0.00113209 -0.00157111
448 0 0 0 0.421064 0.0826587 -0.0016182 0 0 0 0.419625 -0.00117082 -0.00161052
449 0 0 0 0.42464 0.082832 -0.00163026 0 0 0 0.423188 -0.0011819 -0.00162251
450 0 0 0 0.416966 0.0830533 -0.00160628 0 0 0 0.415543 -0.00115687 -0.00159869
451 0 0 0 0.405968 0.0832889 -0.00157167 0 0 0 0.404587 -0.00112118 -0.00156429
452 0 0 0 0.405548 0.0834792 -0.00157092 0 0 0 0.404168 -0.00111943 -0.00156356
453 0 0 0 0.414945 0.0836275 -0.00160162 0 0 0 0.413531 -0.00114918 -0.00159407
454 0 0 0 0.427194 0.0837637 -0.00164145 0 0 0 0.425734 -0.00118808 -0.00163366
455 0 0 0 0.428275 0.0839476 -0.00164551 0 0 0 0.426812 -0.00119115 -0.0016377
456 0 0 0 0.419482 0.0841737 -0.00161795 0 0 0 0.418051 -0.00116253 -0.00161032
457 0 0 0 0.408859 0.0844076 -0.00158454 0 0 0 0.407469 -0.00112804 -0.00157712
458 0 0 0 0.409925 0.0845916 -0.00158855 0 0 0 0.408531 -0.00113106 -0.00158111
459 0 0 0 0.420964 0.0847329 -0.00162451 0 0 0 0.419529 -0.00116608 -0.00161685
460 0 0 0 0.432085 0.0848739 -0.00166072 0 0 0 0.430609 -0.00120136 -0.00165285
461 0 0 0 0.43096 0.0850672 -0.00165772 0 0 0 0.429488 -0.00119735 -0.00164987
462 0 0 0 0.420015 0.0853026 -0.00162327 0 0 0 0.418584 -0.00116182 -0.00161564
463 0 0 0 0.412705 0.0855223 -0.00160046 0 0 0 0.411302 -0.00113797 -0.00159298
464 0 0 0 0.419011 0.0856839 -0.00162126 0 0 0 0.417584 -0.0011578 -0.00161365
465 0 0 0 0.43214 0.0858163 -0.00166391 0 0 0 0.430664 -0.00119952 -0.00165604
466 0 0 0 0.437709 0.085981 -0.00168235 0 0 0 0.436214 -0.00121699 -0.00167437
467 0 0 0 0.430823 0.086199 -0.0016609 0 0 0 0.429353 -0.00119449 -0.00165305
468 0 0 0 0.420039 0.0864336 -0.00162696 0 0 0 0.41861 -0.00115949 -0.00161934
469 0 0 0 0.417238 0.0866341 -0.00161859 0 0 0 0.41582 -0.0011501 -0.00161102
470 0 0 0 0.425474 0.0867874 -0.00164557 0 0 0 0.424026 -0.00117612 -0.00163784
471 0 0 0 0.438072 0.0869221 -0.00168652 0 0 0 0.436577 -0.00121614 -0.00167854
472 0 0 0 0.440629 0.0870997 -0.00169531 0 0 0 0.439124 -0.00122395 -0.00168728
473 0 0 0 0.432487 0.087323 -0.00166984 0 0 0 0.431013 -0.00119742 -0.00166197
474 0 0 0 0.422595 0.0875538 -0.00163876 0 0 0 0.421158 -0.00116527 -0.00163109
475 0 0 0 0.422466 0.0877429 -0.00163895 0 0 0 0.42103 -0.00116446 -0.00163129
476 0 0 0 0.432394 0.087889 -0.00167135 0 0 0 0.430921 -0.00119591 -0.00166349
477 0 0 0 0.4439 0.0880283 -0.0017088 0 0 0 0.442385 -0.00123243 -0.00170071
478 0 0 0 0.444567 0.088214 -0.00171154 0 0 0 0.443049 -0.00123417 -0.00170344
479 0 0 0 0.435159 0.0884427 -0.00168201 0 0 0 0.433677 -0.00120358 -0.0016741
480 0 0 0 0.425812 0.0886712 -0.00165268 0 0 0 0.424365 -0.00117318 -0.00164495
481 0 0 0 0.429849 0.0888425 -0.00166621 0 0 0 0.428388 -0.00118573 -0.00165841
482 0 0 0 0.4419 0.0889795 -0.0017054 0 0 0 0.440393 -0.001224 -0.00169736
483 0 0 0 0.449781 0.0891343 -0.00173124 0 0 0 0.448246 -0.00124889 -0.00172305
484 0 0 0 0.444887 0.0893438 -0.00171617 0 0 0 0.44337 -0.00123278 -0.00170808
485 0 0 0 0.433533 0.0895808 -0.00168041 0 0 0 0.432059 -0.00119594 -0.00167254
486 0 0 0 0.42985 0.0897851 -0.00166922 0 0 0 0.428389 -0.00118372 -0.00166143
487 0 0 0 0.437563 0.0899407 -0.00169452 0 0 0 0.436074 -0.00120807 -0.00168658
488 0 0 0 0.450334 0.0900746 -0.00173602 0 0 0 0.448798 -0.00124865 -0.00172783
489 0 0 0 0.45341 0.0902499 -0.00174648 0 0 0 0.451862 -0.00125811 -0.00173822
490 0 0 0 0.445681 0.0904715 -0.00172233 0 0 0 0.444163 -0.00123291 -0.00171423
491 0 0 0 0.435594 0.0907032 -0.00169062 0 0 0 0.434114 -0.00120014 -0.00168273
492 0 0 0 0.434983 0.0908943 -0.00168927 0 0 0 0.433505 -0.00119778 -0.00168138
493 0 0 0 0.444833 0.0910407 -0.00172142 0 0 0 0.443319 -0.00122899 -0.00171334
494 0 0 0 0.457211 0.0911763 -0.00176166 0 0 0 0.455651 -0.0012683 -0.00175334
495 0 0 0 0.45744 0.0913639 -0.001763 0 0 0 0.455879 -0.00126863 -0.00175467
496 0 0 0 0.447289 0.0915958 -0.00173109 0 0 0 0.445767 -0.00123566 -0.00172297
497 0 0 0 0.438214 0.0918231 -0.00170263 0 0 0 0.436726 -0.00120614 -0.00169469
498 0 0 0 0.442914 0.0919916 -0.00171828 0 0 0 0.441409 -0.00122081 -0.00171025
499 0 0 0 0.454958 0.0921286 -0.00175746 0 0 0 0.453408 -0.00125906 -0.00174918
500 0 0 0 0.461825 0.0922877 -0.00178005 0 0 0 0.46025 -0.00128069 -0.00177164
501 0 0 0 0.456047 0.092501 -0.00176215 0 0 0 0.454493 -0.00126175 -0.00175386
502 0 0 0 0.445718 0.0927337 -0.00172967 0 0 0 0.444204 -0.0012282 -0.00172159
503 0 0 0 0.442496 0.092936 -0.00171995 0 0 0 0.440994 -0.00121746 -0.00171194
504 0 0 0 0.449605 0.0930941 -0.00174332 0 0 0 0.448077 -0.00123987 -0.00173517
505 0 0 0 0.462245 0.0932286 -0.00178441 0 0 0 0.460669 -0.00128003 -0.001776
506 0 0 0 0.466147 0.0934004 -0.0017975 0 0 0 0.464557 -0.00129215 -0.00178902
507 0 0 0 0.458852 0.0936201 -0.00177474 0 0 0 0.45729 -0.00126834 -0.00176641
508 0 0 0 0.448345 0.0938536 -0.0017417 0 0 0 0.446822 -0.00123422 -0.00173357
509 0 0 0 0.44745 0.0940459 -0.00173943 0 0 0 0.445931 -0.00123094 -0.00173132
510 0 0 0 0.457151 0.094193 -0.0017711 0 0 0 0.455595 -0.00126167 -0.0017628
511 0 0 0 0.468773 0.0943318 -0.00180893 0 0 0 0.467175 -0.00129856 -0.0018004
512 0 0 0 0.469658 0.0945165 -0.00181236 0 0 0 0.468057 -0.001301 -0.00180381
513 0 0 0 0.46023 0.0947454 -0.00178277 0 0 0 0.458664 -0.00127034 -0.00177441
514 0 0 0 0.450419 0.0949759 -0.00175195 0 0 0 0.448891 -0.00123846 -0.00174379
515 0 0 0 0.454475 0.095147 -0.00176554 0 0 0 0.452932 -0.00125107 -0.00175731
516 0 0 0 0.466824 0.0952828 -0.00180569 0 0 0 0.465235 -0.00129029 -0.00179721
517 0 0 0 0.475081 0.095436 -0.00183274 0 0 0 0.473461 -0.00131639 -0.00182409
518 0 0 0 0.470036 0.0956461 -0.00181718 0 0 0 0.468436 -0.0012998 -0.00180864
519 0 0 0 0.458756 0.0958828 -0.00178166 0 0 0 0.457198 -0.0012632 -0.00177335
520 0 0 0 0.455202 0.0960866 -0.00177088 0 0 0 0.453657 -0.00125139 -0.00176264
521 0 0 0 0.462547 0.0962437 -0.001795 0 0 0 0.460975 -0.00127456 -0.00178662
522 0 0 0 0.475234 0.0963779 -0.00183624 0 0 0 0.473615 -0.00131487 -0.0018276
523 0 0 0 0.478631 0.0965519 -0.00184772 0 0 0 0.476999 -0.00132536 -0.00183901
524 0 0 0 0.470898 0.0967735 -0.00182356 0 0 0 0.469295 -0.00130015 -0.001815
525 0 0 0 0.460905 0.0970048 -0.00179215 0 0 0 0.45934 -0.00126768 -0.0017838
526 0 0 0 0.459972 0.0971973 -0.00178977 0 0 0 0.458411 -0.00126428 -0.00178144
527 0 0 0 0.46886 0.0973478 -0.00181884 0 0 0 0.467266 -0.0012924 -0.00181033
528 0 0 0 0.480685 0.0974858 -0.00185731 0 0 0 0.479047 -0.00132994 -0.00184857
529 0 0 0 0.483513 0.0976622 -0.00186697 0 0 0 0.481865 -0.00133861 -0.00185817
530 0 0 0 0.474864 0.0978877 -0.00183987 0 0 0 0.473249 -0.00131046 -0.00183125
531 0 0 0 0.46473 0.0981196 -0.00180802 0 0 0 0.463153 -0.00127754 -0.0017996
532 0 0 0 0.466128 0.0983021 -0.0018131 0 0 0 0.464546 -0.00128162 -0.00180465
533 0 0 0 0.4759 0.0984489 -0.00184499 0 0 0 0.474282 -0.00131257 -0.00183636
534 0 0 0 0.486891 0.0985904 -0.0018808 0 0 0 0.485232 -0.00134744 -0.00187194
535 0 0 0 0.485314 0.0987857 -0.00187635 0 0 0 0.483662 -0.00134198 -0.00186753
536 0 0 0 0.475362 0.0990168 -0.00184508 0 0 0 0.473747 -0.00130964 -0.00183646
537 0 0 0 0.468061 0.0992365 -0.0018223 0 0 0 0.466474 -0.00128581 -0.00181383
538 0 0 0 0.473847 0.0994003 -0.00184143 0 0 0 0.472238 -0.00130397 -0.00183284
539 0 0 0 0.486118 0.0995363 -0.00188133 0 0 0 0.484464 -0.00134295 -0.0018725
540 0 0 0 0.491535 0.0997017 -0.00189928 0 0 0 0.48986 -0.00135993 -0.00189034
541 0 0 0 0.485099 0.0999177 -0.00187927 0 0 0 0.483449 -0.00133887 -0.00187046
542 0 0 0 0.474115 0.100153 -0.0018447 0 0 0 0.472506 -0.00130323 -0.00183611
543 0 0 0 0.473204 0.100346 -0.00184238 0 0 0 0.471599 -0.0012999 -0.00183381
544 0 0 0 0.482668 0.100494 -0.00187329 0 0 0 0.481028 -0.00132987 -0.00186454
545 0 0 0 0.494632 0.100631 -0.00191221 0 0 0 0.492948 -0.00136785 -0.00190322
546 0 0 0 0.494154 0.100822 -0.00191128 0 0 0 0.492472 -0.00136592 -0.0019023
547 0 0 0 0.483335 0.101056 -0.00187723 0 0 0 0.481693 -0.0013308 -0.00186847
548 0 0 0 0.475488 0.101279 -0.0018527 0 0 0 0.473876 -0.00130522 -0.0018441
549 0 0 0 0.48057 0.101445 -0.00186958 0 0 0 0.478939 -0.00132112 -0.00186088
550 0 0 0 0.493612 0.101578 -0.00191195 0 0 0 0.491933 -0.00136257 -0.00190299
551 0 0 0 0.499817 0.10174 -0.00193243 0 0 0 0.498114 -0.00138207 -0.00192334
552 0 0 0 0.493561 0.101955 -0.00191299 0 0 0 0.491882 -0.0013616 -0.00190404
553 0 0 0 0.482135 0.102193 -0.001877 0 0 0 0.480499 -0.00132453 -0.00186827
554 0 0 0 0.479317 0.102393 -0.00186858 0 0 0 0.477692 -0.00131509 -0.00185991
555 0 0 0 0.48894 0.102541 -0.0019 0 0 0 0.48728 -0.00134557 -0.00189114
556 0 0 0 0.501691 0.102675 -0.00194144 0 0 0 0.499984 -0.00138608 -0.00193233
557 0 0 0 0.503491 0.102855 -0.00194781 0 0 0 0.501777 -0.00139145 -0.00193866
558 0 0 0 0.493695 0.103086 -0.00191704 0 0 0 0.492018 -0.00135962 -0.00190808
559 0 0 0 0.483653 0.103317 -0.00188548 0 0 0 0.482014 -0.00132699 -0.00187673
560 0 0 0 0.486794 0.103492 -0.00189614 0 0 0 0.485143 -0.00133667 -0.00188733
561 0 0 0 0.498713 0.10363 -0.00193491 0 0 0 0.497018 -0.00137451 -0.00192587
562 0 0 0 0.508144 0.103778 -0.00196572 0 0 0 0.506414 -0.00140437 -0.00195648
563 0 0 0 0.503762 0.103985 -0.00195228 0 0 0 0.502048 -0.0013899 -0.00194314
564 0 0 0 0.491955 0.104225 -0.00191508 0 0 0 0.490287 -0.00135162 -0.00190617
565 0 0 0 0.487423 0.104432 -0.00190116 0 0 0 0.485771 -0.00133667 -0.00189235
566 0 0 0 0.496364 0.104583 -0.0019304 0 0 0 0.49468 -0.00136496 -0.00192141
567 0 0 0 0.509297 0.104716 -0.00197242 0 0 0 0.507564 -0.00140606 -0.00196317
568 0 0 0 0.511064 0.104897 -0.00197868 0 0 0 0.509325 -0.00141133 -0.0019694
569 0 0 0 0.501404 0.105127 -0.00194835 0 0 0 0.499701 -0.00137992 -0.00193926
570 0 0 0 0.491527 0.105357 -0.00191732 0 0 0 0.489862 -0.00134783 -0.00190843
571 0 0 0 0.494595 0.105533 -0.00192774 0 0 0 0.492918 -0.00135727 -0.00191879
572 0 0 0 0.507844 0.105665 -0.00197078 0 0 0 0.506119 -0.00139938 -0.00196157
573 0 0 0 0.516056 0.105818 -0.00199768 0 0 0 0.514299 -0.00142533 -0.0019883
574 0 0 0 0.510569 0.10603 -0.00198071 0 0 0 0.508833 -0.00140732 -0.00197145
575 0 0 0 0.498559 0.10627 -0.00194285 0 0 0 0.496869 -0.00136838 -0.00193383
576 0 0 0 0.495125 0.106473 -0.00193245 0 0 0 0.493448 -0.00135696 -0.0019235
577 0 0 0 0.505088 0.106619 -0.00196496 0 0 0 0.503374 -0.00138853 -0.00195581
578 0 0 0 0.517867 0.106753 -0.00200649 0 0 0 0.516106 -0.00142913 -0.00199709
579 0 0 0 0.518723 0.106938 -0.00200983 0 0 0 0.516959 -0.00143148 -0.00200042
580 0 0 0 0.508375 0.107171 -0.00197729 0 0 0 0.50665 -0.00139787 -0.00196809
581 0 0 0 0.499197 0.107398 -0.0019485 0 0 0 0.497507 -0.00136802 -0.00193948
582 0 0 0 0.503252 0.10757 -0.00196209 0 0 0 0.501546 -0.00138062 -0.00195299
583 0 0 0 0.516028 0.107704 -0.00200361 0 0 0 0.514275 -0.00142122 -0.00199425
584 0 0 0 0.523477 0.10786 -0.00202807 0 0 0 0.521696 -0.00144472 -0.00201856
585 0 0 0 0.518275 0.108071 -0.00201201 0 0 0 0.516514 -0.00142762 -0.00200261
586 0 0 0 0.506297 0.108311 -0.00197425 0 0 0 0.504581 -0.00138878 -0.00196509
587 0 0 0 0.503474 0.108511 -0.00196581 0 0 0 0.501769 -0.00137933 -0.00195671
588 0 0 0 0.512249 0.108662 -0.00199452 0 0 0 0.510512 -0.00140708 -0.00198525
589 0 0 0 0.525376 0.108795 -0.00203716 0 0 0 0.52359 -0.0014488 -0.00202763
590 0 0 0 0.527289 0.108975 -0.00204389 0 0 0 0.525496 -0.00145454 -0.00203432
591 0 0 0 0.517504 0.109205 -0.00201315 0 0 0 0.515748 -0.00142273 -0.00200378
592 0 0 0 0.506727 0.10944 -0.00197924 0 0 0 0.505011 -0.00138775 -0.00197009
593 0 0 0 0.510009 0.109615 -0.00199035 0 0 0 0.508281 -0.00139788 -0.00198113
594 0 0 0 0.523185 0.109747 -0.00203315 0 0 0 0.521409 -0.00143976 -0.00202367
595 0 0 0 0.532084 0.109897 -0.00206225 0 0 0 0.530274 -0.00146791 -0.0020526
596 0 0 0 0.526763 0.110108 -0.00204581 0 0 0 0.524973 -0.00145043 -0.00203626
597 0 0 0 0.513913 0.110352 -0.00200526 0 0 0 0.512172 -0.0014088 -0.00199597
598 0 0 0 0.510501 0.110555 -0.00199494 0 0 0 0.508773 -0.00139745 -0.00198572
599 0 0 0 0.519686 0.110704 -0.00202496 0 0 0 0.517924 -0.00142652 -0.00201555
600 0 0 0 0.533248 0.110835 -0.00206899 0 0 0 0.531436 -0.00146963 -0.00205932
601 0 0 0 0.535253 0.111015 -0.00207602 0 0 0 0.533434 -0.00147566 -0.00206631
602 0 0 0 0.524955 0.111247 -0.00204364 0 0 0 0.523174 -0.00144222 -0.00203413
603 0 0 0 0.514829 0.111479 -0.00201181 0 0 0 0.513086 -0.00140932 -0.00200251
604 0 0 0 0.517831 0.111655 -0.00202203 0 0 0 0.516077 -0.00141855 -0.00201267
605 0 0 0 0.531196 0.111786 -0.00206543 0 0 0 0.529393 -0.00146103 -0.00205581
606 0 0 0 0.540035 0.111937 -0.00209434 0 0 0 0.538199 -0.001489 -0.00208454
607 0 0 0 0.534407 0.11215 -0.00207692 0 0 0 0.532592 -0.00147053 -0.00206723
608 0 0 0 0.522599 0.112389 -0.00203971 0 0 0 0.520829 -0.00143224 -0.00203026
609 0 0 0 0.519219 0.112592 -0.00202948 0 0 0 0.517462 -0.00142099 -0.0020201
610 0 0 0 0.529061 0.112738 -0.0020616 0 0 0 0.527267 -0.00145217 -0.00205203
611 0 0 0 0.54173 0.112872 -0.00210278 0 0 0 0.53989 -0.00149242 -0.00209296
612 0 0 0 0.542339 0.113058 -0.00210533 0 0 0 0.540496 -0.00149397 -0.0020955
613 0 0 0 0.53146 0.113293 -0.00207109 0 0 0 0.529658 -0.00145866 -0.00206148
614 0 0 0 0.522413 0.113521 -0.00204272 0 0 0 0.520645 -0.00142923 -0.00203329
615 0 0 0 0.527499 0.113687 -0.00205961 0 0 0 0.525712 -0.00144515 -0.00205008
616 0 0 0 0.540541 0.11382 -0.00210198 0 0 0 0.538707 -0.0014866 -0.00209219
617 0 0 0 0.54827 0.113976 -0.00212734 0 0 0 0.546407 -0.00151099 -0.00211739
618 0 0 0 0.541541 0.114193 -0.00210639 0 0 0 0.539703 -0.001489 -0.00209658
619 0 0 0 0.529343 0.114434 -0.00206792 0 0 0 0.527551 -0.00144945 -0.00205836
620 0 0 0 0.527884 0.114628 -0.00206385 0 0 0 0.526098 -0.00144437 -0.00205432
621 0 0 0 0.539749 0.114766 -0.00210245 0 0 0 0.537918 -0.00148204 -0.00209269
622 0 0 0 0.551085 0.114906 -0.00213936 0 0 0 0.549212 -0.00151801 -0.00212937
623 0 0 0 0.548069 0.115108 -0.00213031 0 0 0 0.546208 -0.00150793 -0.00212037
624 0 0 0 0.535944 0.115348 -0.00209208 0 0 0 0.534129 -0.00146862 -0.00208239
625 0 0 0 0.529977 0.115562 -0.00207357 0 0 0 0.528184 -0.00144907 -0.002064
626 0 0 0 0.537869 0.115717 -0.00209944 0 0 0 0.536047 -0.001474 -0.00208972
627 0 0 0 0.551242 0.115848 -0.00214287 0 0 0 0.54937 -0.0015165 -0.00213289
628 0 0 0 0.554758 0.116022 -0.00215474 0 0 0 0.552873 -0.00152738 -0.00214468
629 0 0 0 0.545472 0.11625 -0.0021256 0 0 0 0.543622 -0.00149718 -0.00211573
630 0 0 0 0.534676 0.116484 -0.00209163 0 0 0 0.532867 -0.00146214 -0.00208197
631 0 0 0 0.53602 0.116667 -0.00209653 0 0 0 0.534207 -0.00146605 -0.00208686
632 0 0 0 0.547638 0.116806 -0.00213434 0 0 0 0.545781 -0.00150293 -0.00212443
633 0 0 0 0.558401 0.116949 -0.00216941 0 0 0 0.556505 -0.00153706 -0.00215929
634 0 0 0 0.555307 0.11715 -0.00216011 0 0 0 0.553423 -0.00152673 -0.00215005
635 0 0 0 0.544079 0.117387 -0.00212475 0 0 0 0.542237 -0.0014903 -0.00211492
636 0 0 0 0.537632 0.117603 -0.00210471 0 0 0 0.535814 -0.00146921 -0.002095
637 0 0 0 0.545111 0.11776 -0.00212926 0 0 0 0.543265 -0.00149281 -0.00211941
638 0 0 0 0.558502 0.117891 -0.00217275 0 0 0 0.556607 -0.00153538 -0.00216263
639 0 0 0 0.56201 0.118064 -0.00218459 0 0 0 0.560102 -0.00154623 -0.0021744
640 0 0 0 0.553745 0.118288 -0.00215872 0 0 0 0.551868 -0.0015193 -0.0021487
641 0 0 0 0.542645 0.118524 -0.00212377 0 0 0 0.54081 -0.00148329 -0.00211398
642 0 0 0 0.543459 0.118709 -0.00212698 0 0 0 0.541621 -0.00148549 -0.00211717
643 0 0 0 0.554707 0.11885 -0.0021636 0 0 0 0.552827 -0.00152118 -0.00215357
644 0 0 0 0.566667 0.118987 -0.00220251 0 0 0 0.564743 -0.00155916 -0.00219224
645 0 0 0 0.564393 0.119185 -0.00219583 0 0 0 0.562477 -0.00155146 -0.00218561
646 0 0 0 0.55221 0.119426 -0.00215741 0 0 0 0.550341 -0.00151197 -0.00214744
647 0 0 0 0.545412 0.119644 -0.00213625 0 0 0 0.543569 -0.00148975 -0.00212641
648 0 0 0 0.553194 0.119799 -0.00216177 0 0 0 0.551321 -0.00151432 -0.00215178
649 0 0 0 0.5667 0.11993 -0.00220563 0 0 0 0.564778 -0.00155725 -0.00219537
650 0 0 0 0.569676 0.120105 -0.00221576 0 0 0 0.567742 -0.0015664 -0.00220544
651 0 0 0 0.561028 0.120331 -0.00218866 0 0 0 0.559127 -0.00153825 -0.00217852
652 0 0 0 0.550228 0.120566 -0.00215468 0 0 0 0.548368 -0.00150319 -0.00214475
653 0 0 0 0.551929 0.120747 -0.00216073 0 0 0 0.550063 -0.00150825 -0.00215077
654 0 0 0 0.563677 0.120885 -0.00219895 0 0 0 0.561767 -0.00154554 -0.00218876
655 0 0 0 0.573642 0.121031 -0.00223147 0 0 0 0.571696 -0.00157712 -0.00222108
656 0 0 0 0.570663 0.121232 -0.00222253 0 0 0 0.568728 -0.00156715 -0.0022122
657 0 0 0 0.558566 0.121473 -0.00218439 0 0 0 0.556676 -0.00152793 -0.00217431
658 0 0 0 0.553079 0.121685 -0.00216742 0 0 0 0.55121 -0.00150992 -0.00215745
659 0 0 0 0.56163 0.121836 -0.00219541 0 0 0 0.55973 -0.00153696 -0.00218527
660 0 0 0 0.575052 0.121968 -0.002239 0 0 0 0.573101 -0.00157963 -0.00222859
661 0 0 0 0.577507 0.122146 -0.00224746 0 0 0 0.575547 -0.0015871 -0.002237
662 0 0 0 0.567605 0.122376 -0.00221635 0 0 0 0.565683 -0.00155493 -0.00220609
663 0 0 0 0.557403 0.122609 -0.00218428 0 0 0 0.55552 -0.00152179 -0.00217423
664 0 0 0 0.56029 0.122785 -0.00219413 0 0 0 0.558396 -0.00153065 -0.00218402
665 0 0 0 0.57297 0.122919 -0.00223534 0 0 0 0.571028 -0.00157093 -0.00222498
666 0 0 0 0.582205 0.123068 -0.00226552 0 0 0 0.58023 -0.00160017 -0.00225497
667 0 0 0 0.576719 0.12328 -0.00224855 0 0 0 0.574764 -0.00158216 -0.00223812
668 0 0 0 0.565188 0.123518 -0.00221222 0 0 0 0.563277 -0.00154476 -0.00220202
669 0 0 0 0.560568 0.123726 -0.00219803 0 0 0 0.558674 -0.00152953 -0.00218792
670 0 0 0 0.568824 0.123879 -0.00222507 0 0 0 0.5669 -0.00155562 -0.0022148
671 0 0 0 0.58211 0.124011 -0.00226822 0 0 0 0.580137 -0.00159785 -0.00225769
672 0 0 0 0.585538 0.124185 -0.0022798 0 0 0 0.583551 -0.00160844 -0.0022692
673 0 0 0 0.576694 0.124411 -0.00225208 0 0 0 0.574742 -0.00157967 -0.00224166
674 0 0 0 0.566297 0.124644 -0.00221939 0 0 0 0.564384 -0.0015459 -0.00220917
675 0 0 0 0.566359 0.124833 -0.00222019 0 0 0 0.564446 -0.0015457 -0.00220997
676 0 0 0 0.576647 0.124977 -0.00225374 0 0 0 0.574695 -0.0015783 -0.00224332
677 0 0 0 0.588572 0.125115 -0.00229253 0 0 0 0.586576 -0.00161617 -0.00228188
678 0 0 0 0.587901 0.125306 -0.00229098 0 0 0 0.585908 -0.00161361 -0.00228035
679 0 0 0 0.576357 0.125544 -0.00225461 0 0 0 0.574407 -0.00157617 -0.00224421
680 0 0 0 0.568602 0.125766 -0.00223038 0 0 0 0.566681 -0.00155088 -0.00222013
681 0 0 0 0.574886 0.125927 -0.00225111 0 0 0 0.572942 -0.00157064 -0.00224073
682 0 0 0 0.588131 0.126059 -0.00229413 0 0 0 0.586138 -0.00161274 -0.00228349
683 0 0 0 0.59404 0.126222 -0.00231365 0 0 0 0.592026 -0.0016313 -0.0023029
684 0 0 0 0.585953 0.126446 -0.00228835 0 0 0 0.583969 -0.00160495 -0.00227777
685 0 0 0 0.574234 0.126684 -0.00225143 0 0 0 0.572294 -0.00156694 -0.00224107
686 0 0 0 0.5733 0.126877 -0.00224904 0 0 0 0.571364 -0.00156354 -0.00223871
687 0 0 0 0.583734 0.127021 -0.00228306 0 0 0 0.581759 -0.00159662 -0.00227252
688 0 0 0 0.596149 0.127156 -0.00232342 0 0 0 0.594128 -0.00163605 -0.00231263
689 0 0 0 0.596071 0.127345 -0.00232377 0 0 0 0.59405 -0.0016354 -0.00231299
690 0 0 0 0.58573 0.127578 -0.00229125 0 0 0 0.583749 -0.00160182 -0.00228068
691 0 0 0 0.576273 0.127807 -0.00226157 0 0 0 0.574328 -0.00157107 -0.00225119
692 0 0 0 0.58094 0.127975 -0.00227712 0 0 0 0.578977 -0.00158564 -0.00226664
693 0 0 0 0.594033 0.128108 -0.00231965 0 0 0 0.592022 -0.00162725 -0.00230892
694 0 0 0 0.60105 0.128266 -0.00234273 0 0 0 0.599013 -0.00164937 -0.00233185
695 0 0 0 0.595188 0.12848 -0.00232455 0 0 0 0.593173 -0.00163015 -0.0023138
696 0 0 0 0.583897 0.128717 -0.002289 0 0 0 0.581925 -0.00159352 -0.00227847
697 0 0 0 0.581327 0.128916 -0.00228137 0 0 0 0.579364 -0.00158487 -0.00227089
698 0 0 0 0.591344 0.129062 -0.00231405 0 0 0 0.589344 -0.00161661 -0.00230338
699 0 0 0 0.604226 0.129195 -0.00235591 0 0 0 0.602178 -0.00165754 -0.00234498
700 0 0 0 0.603919 0.129385 -0.00235552 0 0 0 0.601872 -0.00165616 -0.0023446
701 0 0 0 0.593291 0.129619 -0.00232209 0 0 0 0.591285 -0.00162165 -0.00231138
702 0 0 0 0.584207 0.129847 -0.0022936 0 0 0 0.582235 -0.0015921 -0.00228308
703 0 0 0 0.589448 0.130013 -0.00231099 0 0 0 0.587457 -0.00160852 -0.00230036
704 0 0 0 0.602388 0.130146 -0.00235303 0 0 0 0.600348 -0.00164963 -0.00234215
705 0 0 0 0.609083 0.130306 -0.00237507 0 0 0 0.607018 -0.00167071 -0.00236406
706 0 0 0 0.602644 0.130522 -0.00235505 0 0 0 0.600604 -0.00164965 -0.00234417
707 0 0 0 0.591186 0.130759 -0.00231896 0 0 0 0.589189 -0.00161248 -0.00230831
708 0 0 0 0.589588 0.130955 -0.00231445 0 0 0 0.587597 -0.00160695 -0.00230382
709 0 0 0 0.60039 0.131097 -0.00234964 0 0 0 0.598359 -0.00164121 -0.00233881
710 0 0 0 0.612461 0.131234 -0.0023889 0 0 0 0.610385 -0.00167954 -0.00237783
711 0 0 0 0.61076 0.13143 -0.00238406 0 0 0 0.608691 -0.00167368 -0.00237302
712 0 0 0 0.598676 0.13167 -0.00234596 0 0 0 0.596653 -0.00163451 -0.00233516
713 0 0 0 0.591484 0.131889 -0.00232353 0 0 0 0.589488 -0.00161102 -0.00231288
714 0 0 0 0.599292 0.132044 -0.00234914 0 0 0 0.597267 -0.00163568 -0.00233833
715 0 0 0 0.612988 0.132174 -0.0023936 0 0 0 0.610912 -0.00167922 -0.00238252
716 0 0 0 0.616361 0.132348 -0.002405 0 0 0 0.614273 -0.00168964 -0.00239386
717 0 0 0 0.60702 0.132577 -0.00237569 0 0 0 0.604967 -0.00165927 -0.00236474
718 0 0 0 0.596182 0.132812 -0.00234159 0 0 0 0.59417 -0.00162409 -0.00233085
719 0 0 0 0.597921 0.132993 -0.00234776 0 0 0 0.595903 -0.00162927 -0.00233699
720 0 0 0 0.610828 0.133126 -0.00238969 0 0 0 0.608762 -0.00167028 -0.00237867
721 0 0 0 0.620482 0.133273 -0.00242121 0 0 0 0.61838 -0.00170085 -0.00240999
722 0 0 0 0.616404 0.133479 -0.00240876 0 0 0 0.614318 -0.00168737 -0.00239762
723 0 0 0 0.604512 0.133719 -0.00237127 0 0 0 0.602471 -0.00164881 -0.00236038
724 0 0 0 0.599176 0.13393 -0.00235478 0 0 0 0.597154 -0.00163128 -0.002344
725 0 0 0 0.608613 0.134078 -0.00238561 0 0 0 0.606556 -0.00166116 -0.00237463
726 0 0 0 0.621534 0.134211 -0.00242759 0 0 0 0.619429 -0.00170222 -0.00241636
727 0 0 0 0.623758 0.13439 -0.00243532 0 0 0 0.621645 -0.00170895 -0.00242404
728 0 0 0 0.613413 0.134623 -0.00240279 0 0 0 0.61134 -0.00167535 -0.00239172
729 0 0 0 0.603302 0.134855 -0.00237101 0 0 0 0.601266 -0.00164251 -0.00236015
730 0 0 0 0.606151 0.135031 -0.00238074 0 0 0 0.604105 -0.00165125 -0.00236982
731 0 0 0 0.618833 0.135166 -0.00242195 0 0 0 0.616741 -0.00169154 -0.00241078
732 0 0 0 0.628393 0.135313 -0.00245317 0 0 0 0.626264 -0.00172181 -0.00244181
733 0 0 0 0.622823 0.135526 -0.00243594 0 0 0 0.620716 -0.00170354 -0.00242469
734 0 0 0 0.610108 0.135769 -0.00239582 0 0 0 0.608049 -0.00166233 -0.00238483
735 0 0 0 0.605953 0.135975 -0.00238311 0 0 0 0.60391 -0.0016486 -0.00237221
736 0 0 0 0.615707 0.136122 -0.00241495 0 0 0 0.613628 -0.0016795 -0.00240385
737 0 0 0 0.630278 0.136248 -0.00246222 0 0 0 0.628144 -0.00172585 -0.00245083
738 0 0 0 0.631972 0.136429 -0.00246825 0 0 0 0.629833 -0.00173088 -0.00245683
739 0 0 0 0.62113 0.136664 -0.00243412 0 0 0 0.619031 -0.00169569 -0.00242292
740 0 0 0 0.610119 0.1369 -0.00239946 0 0 0 0.608061 -0.00165996 -0.00238848
741 0 0 0 0.613403 0.137074 -0.00241058 0 0 0 0.611334 -0.00167009 -0.00239954
742 0 0 0 0.627409 0.137203 -0.00245604 0 0 0 0.625287 -0.00171463 -0.00244472
743 0 0 0 0.636444 0.137353 -0.00248558 0 0 0 0.634289 -0.00174322 -0.00247408
744 0 0 0 0.630456 0.137567 -0.002467 0 0 0 0.628324 -0.0017236 -0.00245562
745 0 0 0 0.617437 0.137811 -0.00242591 0 0 0 0.615354 -0.00168143 -0.00241479
746 0 0 0 0.614262 0.138013 -0.00241634 0 0 0 0.61219 -0.00167083 -0.00240529
747 0 0 0 0.625358 0.138154 -0.00245248 0 0 0 0.623246 -0.00170604 -0.00244121
748 0 0 0 0.638212 0.138288 -0.00249425 0 0 0 0.636052 -0.00174688 -0.00248272
749 0 0 0 0.637941 0.138477 -0.00249398 0 0 0 0.635782 -0.00174561 -0.00248246
750 0 0 0 0.626163 0.138716 -0.00245687 0 0 0 0.624048 -0.00170741 -0.00244558
751 0 0 0 0.6176 0.138941 -0.00243004 0 0 0 0.615518 -0.00167953 -0.00241893
752 0 0 0 0.622532 0.139109 -0.00244644 0 0 0 0.620432 -0.00169496 -0.00243523
753 0 0 0 0.636145 0.139239 -0.00249064 0 0 0 0.633994 -0.00173824 -0.00247916
754 0 0 0 0.643759 0.139395 -0.00251563 0 0 0 0.64158 -0.00176227 -0.002504
755 0 0 0 0.636545 0.139615 -0.00249313 0 0 0 0.634393 -0.00173871 -0.00248164
756 0 0 0 0.624492 0.139855 -0.00245513 0 0 0 0.622385 -0.00169964 -0.00244388
757 0 0 0 0.62149 0.140056 -0.00244611 0 0 0 0.619395 -0.0016896 -0.00243493
758 0 0 0 0.630986 0.140204 -0.00247713 0 0 0 0.628856 -0.00171967 -0.00246576
759 0 0 0 0.644354 0.140335 -0.00252054 0 0 0 0.642174 -0.00176216 -0.00250891
760 0 0 0 0.646481 0.140515 -0.00252796 0 0 0 0.644293 -0.00176858 -0.00251628
761 0 0 0 0.635675 0.140749 -0.00249395 0 0 0 0.633528 -0.00173351 -0.00248249
762 0 0 0 0.624917 0.140984 -0.0024601 0 0 0 0.622811 -0.00169859 -0.00244886
763 0 0 0 0.628264 0.141158 -0.00247142 0 0 0 0.626145 -0.00170892 -0.00246011
764 0 0 0 0.641391 0.141291 -0.00251406 0 0 0 0.639224 -0.00175064 -0.0025025
765 0 0 0 0.651799 0.141435 -0.002548 0 0 0 0.649593 -0.00178364 -0.00253623
766 0 0 0 0.64676 0.141645 -0.00253246 0 0 0 0.644574 -0.00176707 -0.00252079
767 0 0 0 0.633064 0.141892 -0.0024892 0 0 0 0.630929 -0.00172272 -0.00247781
768 0 0 0 0.629287 0.142096 -0.00247771 0 0 0 0.627166 -0.00171019 -0.00246639
769 0 0 0 0.640868 0.142235 -0.0025154 0 0 0 0.638704 -0.00174695 -0.00250385
770 0 0 0 0.654432 0.142366 -0.00255944 0 0 0 0.652217 -0.00179007 -0.00254762
771 0 0 0 0.653779 0.142557 -0.00255795 0 0 0 0.651568 -0.00178758 -0.00254615
772 0 0 0 0.640717 0.142802 -0.00251672 0 0 0 0.638555 -0.00174526 -0.00250518
773 0 0 0 0.632429 0.143026 -0.00249078 0 0 0 0.630299 -0.00171827 -0.00247941
774 0 0 0 0.639451 0.143184 -0.00251387 0 0 0 0.637294 -0.00174039 -0.00250236
775 0 0 0 0.653907 0.143311 -0.00256077 0 0 0 0.651696 -0.00178638 -0.00254897
776 0 0 0 0.658128 0.143481 -0.00257489 0 0 0 0.655902 -0.00179952 -0.00256301
777 0 0 0 0.648842 0.143709 -0.00254575 0 0 0 0.646651 -0.00176932 -0.00253406
778 0 0 0 0.637269 0.143948 -0.00250929 0 0 0 0.635121 -0.00173178 -0.00249783
779 0 0 0 0.63884 0.144129 -0.00251492 0 0 0 0.636686 -0.00173642 -0.00250343
780 0 0 0 0.651882 0.144262 -0.0025573 0 0 0 0.649681 -0.00177787 -0.00254555
781 0 0 0 0.661819 0.144408 -0.00258972 0 0 0 0.65958 -0.00180935 -0.00257777
782 0 0 0 0.657003 0.144617 -0.0025749 0 0 0 0.654783 -0.0017935 -0.00256305
783 0 0 0 0.644393 0.14486 -0.00253512 0 0 0 0.642221 -0.00175263 -0.00252352
784 0 0 0 0.640613 0.145064 -0.00252361 0 0 0 0.638455 -0.0017401 -0.0025121
785 0 0 0 0.651208 0.145208 -0.00255815 0 0 0 0.64901 -0.00177369 -0.00254642
786 0 0 0 0.664317 0.14534 -0.00260073 0 0 0 0.662071 -0.00181535 -0.00258874
787 0 0 0 0.663753 0.145531 -0.00259953 0 0 0 0.66151 -0.00181314 -0.00258755
788 0 0 0 0.652327 0.145768 -0.00256354 0 0 0 0.650126 -0.00177608 -0.00255179
789 0 0 0 0.644112 0.145992 -0.00253783 0 0 0 0.641942 -0.00174931 -0.00252625
790 0 0 0 0.651836 0.146148 -0.00256317 0 0 0 0.649637 -0.0017737 -0.00255143
791 0 0 0 0.665355 0.146278 -0.00260707 0 0 0 0.663106 -0.00181667 -0.00259506
792 0 0 0 0.668367 0.146454 -0.00261731 0 0 0 0.666108 -0.00182594 -0.00260526
793 0 0 0 0.659092 0.146682 -0.00258821 0 0 0 0.656867 -0.00179577 -0.00257634
794 0 0 0 0.648294 0.146917 -0.00255423 0 0 0 0.64611 -0.00176072 -0.00254258
795 0 0 0 0.650158 0.147097 -0.0025608 0 0 0 0.647967 -0.0017663 -0.00254911
796 0 0 0 0.662149 0.147235 -0.00259981 0 0 0 0.659914 -0.00180437 -0.00258788
797 0 0 0 0.673185 0.147376 -0.00263575 0 0 0 0.670909 -0.00183938 -0.00262361
798 0 0 0 0.669861 0.147579 -0.00262571 0 0 0 0.667598 -0.00182832 -0.00261363
799 0 0 0 0.656885 0.147823 -0.00258476 0 0 0 0.65467 -0.00178628 -0.00257294
800 0 0 0 0.651495 0.148034 -0.0025681 0 0 0 0.649301 -0.00176858 -0.00255639
801 0 0 0 0.66116 0.148181 -0.00259965 0 0 0 0.65893 -0.00179919 -0.00258775
802 0 0 0 0.674411 0.148313 -0.00264269 0 0 0 0.672132 -0.00184131 -0.00263053
803 0 0 0 0.675328 0.148498 -0.00264623 0 0 0 0.673046 -0.00184384 -0.00263405
804 0 0 0 0.664205 0.148734 -0.00261121 0 0 0 0.661964 -0.00180775 -0.00259925
805 0 0 0 0.654664 0.148963 -0.00258125 0 0 0 0.652459 -0.00177673 -0.00256949
806 0 0 0 0.66095 0.149125 -0.00260199 0 0 0 0.658722 -0.0017965 -0.0025901
807 0 0 0 0.674697 0.149255 -0.00264662 0 0 0 0.672418 -0.00184021 -0.00263446
808 0 0 0 0.680717 0.149417 -0.0026665 0 0 0 0.678416 -0.00185913 -0.00265422
809 0 0 0 0.67241 0.149642 -0.0026405 0 0 0 0.67014 -0.00183207 -0.00262838
810 0 0 0 0.660402 0.149881 -0.00260264 0 0 0 0.658177 -0.00179313 -0.00259077
811 0 0 0 0.659407 0.150074 -0.00260006 0 0 0 0.657187 -0.00178954 -0.00258821
812 0 0 0 0.671657 0.15021 -0.00263989 0 0 0 0.669391 -0.00182845 -0.0026278
813 0 0 0 0.6841 0.150346 -0.00268034 0 0 0 0.681788 -0.00186797 -0.00266801
814 0 0 0 0.68254 0.150541 -0.00267595 0 0 0 0.680234 -0.00186256 -0.00266364
815 0 0 0 0.670311 0.150782 -0.00263738 0 0 0 0.668051 -0.00182292 -0.00262532
816 0 0 0 0.662044 0.151006 -0.00261151 0 0 0 0.659815 -0.00179599 -0.00259962
817 0 0 0 0.669547 0.151162 -0.00263614 0 0 0 0.66729 -0.00181966 -0.0026241
818 0 0 0 0.683631 0.15129 -0.00268185 0 0 0 0.681323 -0.00186445 -0.00266953
819 0 0 0 0.687597 0.151462 -0.00269515 0 0 0 0.685274 -0.00187678 -0.00268276
820 0 0 0 0.677381 0.151694 -0.00266304 0 0 0 0.675096 -0.00184359 -0.00265084
821 0 0 0 0.665713 0.151932 -0.00262627 0 0 0 0.663472 -0.00180575 -0.00261431
822 0 0 0 0.669474 0.152105 -0.00263892 0 0 0 0.66722 -0.00181742 -0.00262689
823 0 0 0 0.683165 0.152235 -0.00268337 0 0 0 0.680859 -0.00186094 -0.00267106
824 0 0 0 0.692332 0.152384 -0.00271333 0 0 0 0.689992 -0.00188996 -0.00270084
825 0 0 0 0.685864 0.1526 -0.00269322 0 0 0 0.683549 -0.0018688 -0.00268086
826 0 0 0 0.67272 0.152845 -0.00265172 0 0 0 0.670455 -0.00182622 -0.00263963
827 0 0 0 0.669944 0.153046 -0.00264343 0 0 0 0.667689 -0.00181691 -0.0026314
828 0 0 0 0.682009 0.153182 -0.00268268 0 0 0 0.679709 -0.00185522 -0.0026704
829 0 0 0 0.695692 0.153312 -0.0027271 0 0 0 0.693342 -0.00189873 -0.00271456
830 0 0 0 0.693111 0.153512 -0.00271943 0 0 0 0.69077 -0.00189004 -0.00270694
831 0 0 0 0.679724 0.153758 -0.00267716 0 0 0 0.677433 -0.00184668 -0.00266494
832 0 0 0 0.673008 0.153975 -0.00265626 0 0 0 0.670743 -0.00182473 -0.00264417
833 0 0 0 0.681455 0.154127 -0.00268391 0 0 0 0.679159 -0.00185143 -0.00267166
834 0 0 0 0.695953 0.154254 -0.00273094 0 0 0 0.693603 -0.00189755 -0.0027184
835 0 0 0 0.69862 0.154431 -0.00274009 0 0 0 0.69626 -0.00190571 -0.0027275
836 0 0 0 0.688201 0.154664 -0.00270732 0 0 0 0.685881 -0.00187187 -0.00269494
837 0 0 0 0.677944 0.154897 -0.00267508 0 0 0 0.675662 -0.00183856 -0.0026629
838 0 0 0 0.68189 0.155068 -0.00268832 0 0 0 0.679594 -0.00185082 -0.00267606
839 0 0 0 0.694581 0.155202 -0.00272956 0 0 0 0.692237 -0.00189114 -0.00271706
840 0 0 0 0.702533 0.155357 -0.00275563 0 0 0 0.700161 -0.00191625 -0.00274297
841 0 0 0 0.696675 0.155571 -0.00273747 0 0 0 0.694324 -0.00189705 -0.00272493
842 0 0 0 0.684539 0.155811 -0.00269921 0 0 0 0.682234 -0.00185771 -0.00268691
843 0 0 0 0.681638 0.156012 -0.00269052 0 0 0 0.679344 -0.001848 -0.00267828
844 0 0 0 0.692695 0.156153 -0.00272653 0 0 0 0.69036 -0.00188307 -0.00271407
845 0 0 0 0.705987 0.156285 -0.0027697 0 0 0 0.703603 -0.00192532 -0.00275698
846 0 0 0 0.705068 0.156477 -0.00276736 0 0 0 0.702688 -0.00192197 -0.00275466
847 0 0 0 0.692587 0.156719 -0.00272799 0 0 0 0.690253 -0.00188152 -0.00271554
848 0 0 0 0.684633 0.156942 -0.00270312 0 0 0 0.682329 -0.00185559 -0.00269083
849 0 0 0 0.692487 0.157097 -0.00272888 0 0 0 0.690154 -0.00188039 -0.00271643
850 0 0 0 0.70653 0.157225 -0.00277445 0 0 0 0.704145 -0.00192505 -0.00276173
851 0 0 0 0.70974 0.1574 -0.00278533 0 0 0 0.707343 -0.00193495 -0.00277254
852 0 0 0 0.700159 0.157629 -0.00275525 0 0 0 0.697799 -0.00190381 -0.00274266
853 0 0 0 0.688943 0.157866 -0.00271993 0 0 0 0.686625 -0.00186741 -0.00270756
854 0 0 0 0.691032 0.158046 -0.00272723 0 0 0 0.688707 -0.00187371 -0.00271482
855 0 0 0 0.704074 0.158178 -0.0027696 0 0 0 0.7017 -0.00191516 -0.00275693
856 0 0 0 0.713982 0.158324 -0.00280193 0 0 0 0.711571 -0.00194655 -0.00278906
857 0 0 0 0.709329 0.158533 -0.00278763 0 0 0 0.706936 -0.00193122 -0.00277486
858 0 0 0 0.696573 0.158776 -0.00274738 0 0 0 0.694228 -0.00188988 -0.00273486
859 0 0 0 0.692612 0.158981 -0.0027353 0 0 0 0.690282 -0.00187677 -0.00272286
860 0 0 0 0.702796 0.159126 -0.00276851 0 0 0 0.700428 -0.00190905 -0.00275588
861 0 0 0 0.71626 0.159257 -0.00281224 0 0 0 0.713842 -0.00195185 -0.00279933
862 0 0 0 0.716554 0.159445 -0.00281378 0 0 0 0.714136 -0.00195239 -0.00280087
863 0 0 0 0.704755 0.159684 -0.00277659 0 0 0 0.702381 -0.00191413 -0.00276392
864 0 0 0 0.695962 0.15991 -0.00274904 0 0 0 0.693621 -0.00188551 -0.00273654
865 0 0 0 0.701838 0.160073 -0.00276846 0 0 0 0.699475 -0.00190396 -0.00275585
866 0 0 0 0.71606 0.160201 -0.0028146 0 0 0 0.713644 -0.00194919 -0.00280171
867 0 0 0 0.721956 0.160364 -0.00283409 0 0 0 0.719519 -0.00196771 -0.00282108
868 0 0 0 0.713417 0.160589 -0.00280734 0 0 0 0.711012 -0.00193991 -0.00279451
869 0 0 0 0.701494 0.160829 -0.00276976 0 0 0 0.699134 -0.00190125 -0.00275717
870 0 0 0 0.701109 0.161019 -0.00276913 0 0 0 0.698751 -0.00189961 -0.00275655
871 0 0 0 0.712588 0.161158 -0.0028065 0 0 0 0.710187 -0.00193604 -0.00279368
872 0 0 0 0.72551 0.161292 -0.00284848 0 0 0 0.72306 -0.0019771 -0.00283541
873 0 0 0 0.724167 0.161486 -0.00284478 0 0 0 0.721723 -0.00197239 -0.00283174
874 0 0 0 0.710951 0.161731 -0.00280306 0 0 0 0.708557 -0.00192958 -0.00279028
875 0 0 0 0.703572 0.161951 -0.00278003 0 0 0 0.701206 -0.0019055 -0.0027674
876 0 0 0 0.712416 0.162102 -0.00280895 0 0 0 0.710017 -0.00193348 -0.00279615
877 0 0 0 0.726807 0.162229 -0.00285565 0 0 0 0.724355 -0.00197925 -0.00284256
878 0 0 0 0.728597 0.162409 -0.00286198 0 0 0 0.726138 -0.00198459 -0.00284886
879 0 0 0 0.7168 0.162648 -0.0028248 0 0 0 0.714386 -0.00194634 -0.00281192
880 0 0 0 0.706968 0.162879 -0.00279392 0 0 0 0.704591 -0.00191439 -0.00278123
881 0 0 0 0.711733 0.163047 -0.00280978 0 0 0 0.709338 -0.00192927 -0.002797
882 0 0 0 0.726321 0.163173 -0.0028571 0 0 0 0.723872 -0.00197568 -0.00284403
883 0 0 0 0.732618 0.163335 -0.00287787 0 0 0 0.730145 -0.00199548 -0.00286467
884 0 0 0 0.724183 0.16356 -0.00285146 0 0 0 0.721742 -0.00196802 -0.00283843
885 0 0 0 0.712324 0.163799 -0.00281408 0 0 0 0.709928 -0.00192956 -0.00280129
886 0 0 0 0.711756 0.16399 -0.00281286 0 0 0 0.709363 -0.00192734 -0.00280009
887 0 0 0 0.724223 0.164125 -0.00285339 0 0 0 0.721783 -0.00196694 -0.00284037
888 0 0 0 0.736027 0.164263 -0.0028918 0 0 0 0.733544 -0.00200441 -0.00287854
889 0 0 0 0.733734 0.164461 -0.00288505 0 0 0 0.731259 -0.00199665 -0.00287185
890 0 0 0 0.720822 0.164705 -0.0028443 0 0 0 0.718396 -0.00195481 -0.00283136
891 0 0 0 0.714123 0.164922 -0.00282345 0 0 0 0.711723 -0.00193292 -0.00281064
892 0 0 0 0.723558 0.16507 -0.00285427 0 0 0 0.721123 -0.00196279 -0.00284127
893 0 0 0 0.737353 0.1652 -0.00289905 0 0 0 0.734866 -0.00200665 -0.00288578
894 0 0 0 0.739567 0.165379 -0.00290674 0 0 0 0.737072 -0.00201335 -0.00289343
895 0 0 0 0.728432 0.165615 -0.00287168 0 0 0 0.725978 -0.00197722 -0.00285859
896 0 0 0 0.718521 0.165846 -0.00284055 0 0 0 0.716106 -0.00194502 -0.00282766
897 0 0 0 0.72417 0.16601 -0.00285924 0 0 0 0.721734 -0.00196274 -0.00284624
898 0 0 0 0.737632 0.166141 -0.00290296 0 0 0 0.735146 -0.00200554 -0.00288969
899 0 0 0 0.744052 0.166302 -0.00292412 0 0 0 0.741542 -0.00202573 -0.00291072
900 0 0 0 0.736065 0.166525 -0.00289914 0 0 0 0.733585 -0.0019997 -0.00288591
901 0 0 0 0.724564 0.166763 -0.00286291 0 0 0 0.722128 -0.0019624 -0.00284991
902 0 0 0 0.722444 0.16696 -0.00285672 0 0 0 0.720015 -0.00195519 -0.00284376
903 0 0 0 0.734293 0.167098 -0.00289527 0 0 0 0.73182 -0.00199281 -0.00288208
904 0 0 0 0.747619 0.16723 -0.00293855 0 0 0 0.745097 -0.00203517 -0.00292509
905 0 0 0 0.745929 0.167426 -0.00293374 0 0 0 0.743414 -0.00202934 -0.00292032
906 0 0 0 0.734122 0.167665 -0.00289653 0 0 0 0.731651 -0.00199105 -0.00288334
907 0 0 0 0.725524 0.16789 -0.0028696 0 0 0 0.723085 -0.00196306 -0.00285658
908 0 0 0 0.731919 0.168051 -0.00289068 0 0 0 0.729457 -0.00198318 -0.00287754
909 0 0 0 0.746121 0.168179 -0.00293676 0 0 0 0.743606 -0.00202835 -0.00292334
910 0 0 0 0.751505 0.168344 -0.00295461 0 0 0 0.74897 -0.00204522 -0.00294108
911 0 0 0 0.742535 0.168571 -0.00292648 0 0 0 0.740034 -0.00201604 -0.00291314
912 0 0 0 0.730506 0.168811 -0.00288856 0 0 0 0.72805 -0.00197704 -0.00287546
913 0 0 0 0.731077 0.168997 -0.00289099 0 0 0 0.728619 -0.00197847 -0.00287788
914 0 0 0 0.742837 0.169136 -0.00292926 0 0 0 0.740336 -0.0020158 -0.00291591
915 0 0 0 0.756057 0.169268 -0.0029722 0 0 0 0.753506 -0.00205782 -0.00295859
916 0 0 0 0.7541 0.169464 -0.00296653 0 0 0 0.751557 -0.00205113 -0.00295296
917 0 0 0 0.739833 0.169714 -0.00292144 0 0 0 0.737344 -0.00200495 -0.00290816
918 0 0 0 0.732403 0.169934 -0.00289825 0 0 0 0.729942 -0.00198071 -0.00288512
919 0 0 0 0.741676 0.170083 -0.00292855 0 0 0 0.73918 -0.00201006 -0.00291523
920 0 0 0 0.756234 0.170209 -0.00297578 0 0 0 0.753685 -0.00205637 -0.00296217
921 0 0 0 0.759693 0.170383 -0.00298745 0 0 0 0.757131 -0.00206707 -0.00297378
922 0 0 0 0.749168 0.170617 -0.00295435 0 0 0 0.746645 -0.00203289 -0.00294089
923 0 0 0 0.738339 0.170851 -0.00292027 0 0 0 0.735857 -0.00199774 -0.00290703
924 0 0 0 0.742722 0.171021 -0.00293491 0 0 0 0.740225 -0.00201141 -0.00292158
925 0 0 0 0.75607 0.171153 -0.00297826 0 0 0 0.753522 -0.00205383 -0.00296467
926 0 0 0 0.762861 0.171312 -0.00300061 0 0 0 0.760288 -0.00207522 -0.00298688
927 0 0 0 0.755475 0.171532 -0.00297756 0 0 0 0.752931 -0.00205112 -0.00296398
928 0 0 0 0.744049 0.17177 -0.00294157 0 0 0 0.741547 -0.00201405 -0.00292822
929 0 0 0 0.742648 0.171964 -0.00293768 0 0 0 0.740152 -0.00200916 -0.00292436
930 0 0 0 0.752114 0.172112 -0.0029686 0 0 0 0.749583 -0.00203913 -0.00295509
931 0 0 0 0.765235 0.172245 -0.00301122 0 0 0 0.762655 -0.00208083 -0.00299746
932 0 0 0 0.765335 0.172433 -0.00301215 0 0 0 0.762755 -0.00208075 -0.00299838
933 0 0 0 0.754106 0.172669 -0.00297679 0 0 0 0.751568 -0.00204431 -0.00296324
934 0 0 0 0.74476 0.172898 -0.00294746 0 0 0 0.742258 -0.00201392 -0.0029341
935 0 0 0 0.750195 0.173063 -0.00296547 0 0 0 0.747673 -0.00203096 -0.00295201
936 0 0 0 0.763836 0.173193 -0.00300976 0 0 0 0.761263 -0.00207433 -0.00299602
937 0 0 0 0.77061 0.173353 -0.00303205 0 0 0 0.768012 -0.00209566 -0.00301819
938 0 0 0 0.763399 0.173572 -0.00300956 0 0 0 0.760829 -0.00207212 -0.00299584
939 0 0 0 0.751388 0.173812 -0.0029717 0 0 0 0.748863 -0.00203318 -0.00295822
940 0 0 0 0.748987 0.174011 -0.00296461 0 0 0 0.746471 -0.00202507 -0.00295118
941 0 0 0 0.758998 0.174157 -0.00299727 0 0 0 0.756445 -0.00205679 -0.00298364
942 0 0 0 0.772992 0.174285 -0.00304269 0 0 0 0.770387 -0.00210129 -0.00302878
943 0 0 0 0.773521 0.174472 -0.00304499 0 0 0 0.770914 -0.00210259 -0.00303107
944 0 0 0 0.761268 0.174712 -0.00300635 0 0 0 0.758707 -0.00206287 -0.00299268
945 0 0 0 0.751578 0.174942 -0.00297592 0 0 0 0.749054 -0.00203137 -0.00296244
946 0 0 0 0.757421 0.175106 -0.00299523 0 0 0 0.754875 -0.00204972 -0.00298164
947 0 0 0 0.771827 0.175233 -0.00304197 0 0 0 0.769227 -0.00209554 -0.00302809
948 0 0 0 0.777813 0.175396 -0.00306174 0 0 0 0.775192 -0.00211435 -0.00304775
949 0 0 0 0.769031 0.175622 -0.00303422 0 0 0 0.766443 -0.00208577 -0.00302041
950 0 0 0 0.75797 0.175858 -0.0029994 0 0 0 0.755423 -0.00204987 -0.0029858
951 0 0 0 0.757662 0.176048 -0.00299901 0 0 0 0.755116 -0.00204848 -0.00298543
952 0 0 0 0.769296 0.176186 -0.00303687 0 0 0 0.766707 -0.00208541 -0.00302306
953 0 0 0 0.780894 0.176325 -0.00307462 0 0 0 0.778262 -0.00212222 -0.00306057
954 0 0 0 0.778529 0.176524 -0.00306765 0 0 0 0.775906 -0.00211423 -0.00305365
955 0 0 0 0.766102 0.176766 -0.00302845 0 0 0 0.763526 -0.00207395 -0.0030147
956 0 0 0 0.759868 0.176981 -0.00300909 0 0 0 0.757316 -0.00205355 -0.00299547
957 0 0 0 0.768632 0.177132 -0.00303776 0 0 0 0.766048 -0.00208127 -0.00302396
958 0 0 0 0.781931 0.177263 -0.00308095 0 0 0 0.779297 -0.00212354 -0.00306689
959 0 0 0 0.784129 0.177443 -0.00308859 0 0 0 0.781488 -0.00213019 -0.00307449
960 0 0 0 0.773935 0.177675 -0.00305655 0 0 0 0.771332 -0.00209708 -0.00304265
961 0 0 0 0.763688 0.177907 -0.00302433 0 0 0 0.761123 -0.00206379 -0.00301064
962 0 0 0 0.768119 0.178077 -0.00303912 0 0 0 0.765538 -0.00207761 -0.00302535
963 0 0 0 0.781651 0.178207 -0.00308306 0 0 0 0.77902 -0.00212063 -0.00306902
964 0 0 0 0.788785 0.178365 -0.00310651 0 0 0 0.786127 -0.00214312 -0.00309233
965 0 0 0 0.781809 0.178584 -0.00308477 0 0 0 0.779177 -0.00212033 -0.00307073
966 0 0 0 0.769956 0.178823 -0.00304741 0 0 0 0.767369 -0.00208189 -0.00303361
967 0 0 0 0.768442 0.179018 -0.00304317 0 0 0 0.765861 -0.00207663 -0.0030294
968 0 0 0 0.780034 0.179157 -0.00308089 0 0 0 0.77741 -0.00211343 -0.00306689
969 0 0 0 0.792796 0.179291 -0.00312237 0 0 0 0.790125 -0.00215397 -0.00310811
970 0 0 0 0.791338 0.179486 -0.0031183 0 0 0 0.788672 -0.00214889 -0.00310407
971 0 0 0 0.777945 0.179731 -0.00307601 0 0 0 0.775329 -0.00210551 -0.00306205
972 0 0 0 0.770677 0.179951 -0.00305334 0 0 0 0.768089 -0.00208179 -0.00303953
973 0 0 0 0.778788 0.180105 -0.00307992 0 0 0 0.776171 -0.00210742 -0.00306595
974 0 0 0 0.793089 0.180232 -0.00312632 0 0 0 0.790418 -0.0021529 -0.00311206
975 0 0 0 0.795718 0.180409 -0.00313534 0 0 0 0.793038 -0.00216094 -0.00312103
976 0 0 0 0.786201 0.180639 -0.00310546 0 0 0 0.783556 -0.00212999 -0.00309135
977 0 0 0 0.775318 0.180874 -0.00307121 0 0 0 0.772714 -0.00209467 -0.00305731
978 0 0 0 0.778165 0.18105 -0.00308093 0 0 0 0.775551 -0.0021034 -0.00306698
979 0 0 0 0.791564 0.181181 -0.00312444 0 0 0 0.7889 -0.002146 -0.00311023
980 0 0 0 0.800674 0.181331 -0.00315422 0 0 0 0.797976 -0.00217483 -0.00313982
981 0 0 0 0.794586 0.181545 -0.00313532 0 0 0 0.791911 -0.00215489 -0.00312105
982 0 0 0 0.782124 0.181787 -0.00309602 0 0 0 0.779496 -0.0021145 -0.00308199
983 0 0 0 0.779145 0.181988 -0.00308708 0 0 0 0.776529 -0.00210454 -0.00307312
984 0 0 0 0.790706 0.182128 -0.00312471 0 0 0 0.788047 -0.00214123 -0.00311052
985 0 0 0 0.802757 0.182265 -0.0031639 0 0 0 0.800054 -0.0021795 -0.00314947
986 0 0 0 0.801277 0.182459 -0.00315976 0 0 0 0.798579 -0.00217435 -0.00314537
987 0 0 0 0.78961 0.182698 -0.003123 0 0 0 0.786956 -0.00213651 -0.00310884
988 0 0 0 0.782502 0.182917 -0.00310084 0 0 0 0.779874 -0.0021133 -0.00308682
989 0 0 0 0.790915 0.183069 -0.00312838 0 0 0 0.788257 -0.00213989 -0.0031142
990 0 0 0 0.804237 0.183201 -0.00317165 0 0 0 0.801529 -0.00218223 -0.0031572
991 0 0 0 0.806927 0.183378 -0.00318087 0 0 0 0.80421 -0.00219047 -0.00316637
992 0 0 0 0.797157 0.183608 -0.00315018 0 0 0 0.794476 -0.00215871 -0.00313588
993 0 0 0 0.787375 0.183839 -0.00311946 0 0 0 0.784732 -0.00212692 -0.00310535
994 0 0 0 0.791147 0.184011 -0.00313214 0 0 0 0.788489 -0.00213862 -0.00311796
995 0 0 0 0.80349 0.184147 -0.00317227 0 0 0 0.800786 -0.00217783 -0.00315784
996 0 0 0 0.811637 0.1843 -0.00319896 0 0 0 0.808903 -0.00220357 -0.00318437
997 0 0 0 0.805581 0.184515 -0.00318017 0 0 0 0.80287 -0.00218373 -0.0031657
998 0 0 0 0.794448 0.184751 -0.00314512 0 0 0 0.791779 -0.0021476 -0.00313087
999 0 0 0 0.791366 0.184953 -0.00313585 0 0 0 0.788709 -0.00213731 -0.00312167
1000 0 0 0 0.800882 0.1851 -0.00316693 0 0 0 0.79819 -0.00216745 -0.00315256
