0 -0.0409822 0.0409822 0 0.0409822 -0.0409822 0
1 -0.0100305 0.0100305 0 0.0100305 -0.0100305 0
2 -0.0164639 0.0164639 0 0.0164639 -0.0164639 0
3 -0.0320593 0.0320593 0 0.0320593 -0.0320593 0
4 -0.00187315 0.00187315 0 0.00187315 -0.00187315 0
5 -0.0375909 0.0375909 0 0.0375909 -0.0375909 0
6 0.00886014 -0.00886014 0 -0.00886014 0.00886014 0
7 -0.0129804 0.0129804 0 0.0129804 -0.0129804 0
8 -0.00277675 0.00277675 0 0.00277675 -0.00277675 0
9 0.00881873 -0.00881873 0 -0.00881873 0.00881873 0
10 0.00061294 -0.00061294 0 -0.00061294 0.00061294 0
11 0.0400114 -0.0400114 0 -0.0400114 0.0400114 0
12 0.0569874 -0.0569874 0 -0.0569874 0.0569874 0
13 0.091483 -0.091483 0 -0.091483 0.091483 0
14 0.145086 -0.145086 0 -0.145086 0.145086 0
15 0.4722 -0.4722 0 -0.4722 0.4722 0
16 2.36077 -2.36077 0 -2.36077 2.36077 0
17 1.67374 -1.67374 0 -1.67374 1.67374 0
18 0.557528 -0.557528 0 -0.557528 0.557528 0
19 0.40919 -0.40919 0 -0.40919 0.40919 0
20 0.604972 -0.604972 0 -0.604972 0.604972 0
21 0.748213 -0.748213 0 -0.748213 0.748213 0
22 0.931008 -0.931008 0 -0.931008 0.931008 0
23 0.989001 -0.989001 0 -0.989001 0.989001 0
24 1.04889 -1.04889 0 -1.04889 1.04889 0
25 0.986022 -0.986022 0 -0.986022 0.986022 0
26 0.965299 -0.965299 0 -0.965299 0.965299 0
27 0.847921 -0.847921 0 -0.847921 0.847921 0
28 0.819429 -0.819429 0 -0.819429 0.819429 0
29 0.819256 -0.819256 0 -0.819256 0.819256 0
30 0.831425 -0.831425 0 -0.831425 0.831425 0
31 1.07946 -1.07946 0 -1.07946 1.07946 0
32 1.26119 -1.26119 0 -1.26119 1.26119 0
33 1.42002 -1.42002 0 -1.42002 1.42002 0
34 1.54947 -1.54947 0 -1.54947 1.54947 0
35 1.50346 -1.50346 0 -1.50346 1.50346 0
36 1.41083 -1.41083 0 -1.41083 1.41083 0
37 1.21024 -1.21024 0 -1.21024 1.21024 0
38 1.12026 -1.12026 0 -1.12026 1.12026 0
39 1.09241 -1.09241 0 -1.09241 1.09241 0
40 1.29607 -1.29607 0 -1.29607 1.29607 0
41 1.55251 -1.55251 0 -1.55251 1.55251 0
42 1.80238 -1.80238 0 -1.80238 1.80238 0
43 1.99433 -1.99433 0 -1.99433 1.99433 0
44 1.90798 -1.90798 0 -1.90798 1.90798 0
45 1.65536 -1.65536 0 -1.65536 1.65536 0
46 1.40554 -1.40554 0 -1.40554 1.40554 0
47 1.32641 -1.32641 0 -1.32641 1.32641 0
48 1.59434 -1.59434 0 -1.59434 1.59434 0
49 1.86267 -1.86267 0 -1.86267 1.86267 0
50 2.15925 -2.15925 0 -2.15925 2.15925 0
51 2.28273 -2.28273 0 -2.28273 2.28273 0
52 2.20425 -2.20425 0 -2.20425 2.20425 0
53 1.89322 -1.89322 0 -1.89322 1.89322 0
54 1.63135 -1.63135 0 -1.63135 1.63135 0
55 1.64988 -1.64988 0 -1.64988 1.64988 0
56 1.96741 -1.96741 0 -1.96741 1.96741 0
57 2.36868 -2.36868 0 -2.36868 2.36868 0
58 2.6003 -2.6003 0 -2.6003 2.6003 0
59 2.5888 -2.5888 0 -2.5888 2.5888 0
60 2.16821 -2.16821 0 -2.16821 2.16821 0
61 1.89692 -1.89692 0 -1.89692 1.89692 0
62 1.90762 -1.90762 0 -1.90762 1.90762 0
63 2.21811 -2.21811 0 -2.21811 2.21811 0
64 2.59629 -2.59629 0 -2.59629 2.59629 0
65 2.80296 -2.80296 0 -2.80296 2.80296 0
66 2.91458 -2.91458 0 -2.91458 2.91458 0
67 2.59724 -2.59724 0 -2.59724 2.59724 0
68 2.27638 -2.27638 0 -2.27638 2.27638 0
69 2.09563 -2.09563 0 -2.09563 2.09563 0
70 2.27372 -2.27372 0 -2.27372 2.27372 0
71 2.76996 -2.76996 0 -2.76996 2.76996 0
72 3.13893 -3.13893 0 -3.13893 3.13893 0
73 3.33188 -3.33188 0 -3.33188 3.33188 0
74 2.90777 -2.90777 0 -2.90777 2.90777 0
75 2.48217 -2.48217 0 -2.48217 2.48217 0
76 2.28831 -2.28831 0 -2.28831 2.28831 0
77 2.6579 -2.6579 0 -2.6579 2.6579 0
78 3.11994 -3.11994 0 -3.11994 3.11994 0
79 3.48445 -3.48445 0 -3.48445 3.48445 0
80 3.50586 -3.50586 0 -3.50586 3.50586 0
81 2.97662 -2.97662 0 -2.97662 2.97662 0
82 2.60663 -2.60663 0 -2.60663 2.60663 0
83 2.73259 -2.73259 0 -2.73259 2.73259 0
84 3.17475 -3.17475 0 -3.17475 3.17475 0
85 3.59632 -3.59632 0 -3.59632 3.59632 0
86 3.7659 -3.7659 0 -3.7659 3.7659 0
87 3.43395 -3.43395 0 -3.43395 3.43395 0
88 3.04293 -3.04293 0 -3.04293 3.04293 0
89 2.84475 -2.84475 0 -2.84475 2.84475 0
90 3.1627 -3.1627 0 -3.1627 3.1627 0
91 3.56467 -3.56467 0 -3.56467 3.56467 0
92 3.92614 -3.92614 0 -3.92614 3.92614 0
93 4.01926 -4.01926 0 -4.01926 4.01926 0
94 3.64936 -3.64936 0 -3.64936 3.64936 0
95 3.25402 -3.25402 0 -3.25402 3.25402 0
96 3.10846 -3.10846 0 -3.10846 3.10846 0
97 3.49105 -3.49105 0 -3.49105 3.49105 0
98 3.87652 -3.87652 0 -3.87652 3.87652 0
99 4.23562 -4.23562 0 -4.23562 4.23562 0
100 4.26273 -4.26273 0 -4.26273 4.26273 0
101 3.86722 -3.86722 0 -3.86722 3.86722 0
102 3.48139 -3.48139 0 -3.48139 3.48139 0
103 3.40068 -3.40068 0 -3.40068 3.40068 0
104 3.81269 -3.81269 0 -3.81269 3.81269 0
105 4.1606 -4.1606 0 -4.1606 4.1606 0
106 4.48139 -4.48139 0 -4.48139 4.48139 0
107 4.52364 -4.52364 0 -4.52364 4.52364 0
108 4.17484 -4.17484 0 -4.17484 4.17484 0
109 3.8471 -3.8471 0 -3.8471 3.8471 0
110 3.61796 -3.61796 0 -3.61796 3.61796 0
111 3.93965 -3.93965 0 -3.93965 3.93965 0
112 4.40211 -4.40211 0 -4.40211 4.40211 0
113 4.80861 -4.80861 0 -4.80861 4.80861 0
114 4.85661 -4.85661 0 -4.85661 4.85661 0
115 4.39579 -4.39579 0 -4.39579 4.39579 0
116 3.99633 -3.99633 0 -3.99633 3.99633 0
117 3.89726 -3.89726 0 -3.89726 3.89726 0
118 4.34497 -4.34497 0 -4.34497 4.34497 0
119 4.79277 -4.79277 0 -4.79277 4.79277 0
120 5.07227 -5.07227 0 -5.07227 5.07227 0
121 5.09862 -5.09862 0 -5.09862 5.09862 0
122 4.50443 -4.50443 0 -4.50443 4.50443 0
123 4.11229 -4.11229 0 -4.11229 4.11229 0
124 4.31349 -4.31349 0 -4.31349 4.31349 0
125 4.78005 -4.78005 0 -4.78005 4.78005 0
126 5.18443 -5.18443 0 -5.18443 5.18443 0
127 5.38916 -5.38916 0 -5.38916 5.38916 0
128 5.06384 -5.06384 0 -5.06384 5.06384 0
129 4.59644 -4.59644 0 -4.59644 4.59644 0
130 4.35932 -4.35932 0 -4.35932 4.35932 0
131 4.76063 -4.76063 0 -4.76063 4.76063 0
132 5.24914 -5.24914 0 -5.24914 5.24914 0
133 5.60628 -5.60628 0 -5.60628 5.60628 0
134 5.62706 -5.62706 0 -5.62706 5.62706 0
135 4.95761 -4.95761 0 -4.95761 4.95761 0
136 4.63008 -4.63008 0 -4.63008 4.63008 0
137 4.8132 -4.8132 0 -4.8132 4.8132 0
138 5.33548 -5.33548 0 -5.33548 5.33548 0
139 5.70784 -5.70784 0 -5.70784 5.70784 0
140 5.87398 -5.87398 0 -5.87398 5.87398 0
141 5.55158 -5.55158 0 -5.55158 5.55158 0
142 5.02225 -5.02225 0 -5.02225 5.02225 0
143 4.88604 -4.88604 0 -4.88604 4.88604 0
144 5.30799 -5.30799 0 -5.30799 5.30799 0
145 5.74906 -5.74906 0 -5.74906 5.74906 0
146 6.08179 -6.08179 0 -6.08179 6.08179 0
147 6.1043 -6.1043 0 -6.1043 6.1043 0
148 5.5683 -5.5683 0 -5.5683 5.5683 0
149 5.22133 -5.22133 0 -5.22133 5.22133 0
150 5.1711 -5.1711 0 -5.1711 5.1711 0
151 5.68918 -5.68918 0 -5.68918 5.68918 0
152 6.11051 -6.11051 0 -6.11051 6.11051 0
153 6.41975 -6.41975 0 -6.41975 6.41975 0
154 6.2808 -6.2808 0 -6.2808 6.2808 0
155 5.67814 -5.67814 0 -5.67814 5.67814 0
156 5.36362 -5.36362 0 -5.36362 5.36362 0
157 5.61322 -5.61322 0 -5.61322 5.61322 0
158 6.15243 -6.15243 0 -6.15243 6.15243 0
159 6.52376 -6.52376 0 -6.52376 6.52376 0
160 6.68795 -6.68795 0 -6.68795 6.68795 0
161 6.26883 -6.26883 0 -6.26883 6.26883 0
162 5.78488 -5.78488 0 -5.78488 5.78488 0
163 5.66601 -5.66601 0 -5.66601 5.66601 0
164 6.04141 -6.04141 0 -6.04141 6.04141 0
165 6.56669 -6.56669 0 -6.56669 6.56669 0
166 6.89858 -6.89858 0 -6.89858 6.89858 0
167 6.87186 -6.87186 0 -6.87186 6.87186 0
168 6.32416 -6.32416 0 -6.32416 6.32416 0
169 5.89803 -5.89803 0 -5.89803 5.89803 0
170 6.04242 -6.04242 0 -6.04242 6.04242 0
171 6.58959 -6.58959 0 -6.58959 6.58959 0
172 7.04908 -7.04908 0 -7.04908 7.04908 0
173 7.1807 -7.1807 0 -7.1807 7.1807 0
174 6.7885 -6.7885 0 -6.7885 6.7885 0
175 6.33807 -6.33807 0 -6.33807 6.33807 0
176 6.13529 -6.13529 0 -6.13529 6.13529 0
177 6.53995 -6.53995 0 -6.53995 6.53995 0
178 7.01859 -7.01859 0 -7.01859 7.01859 0
179 7.42724 -7.42724 0 -7.42724 7.42724 0
180 7.39298 -7.39298 0 -7.39298 7.39298 0
181 6.79466 -6.79466 0 -6.79466 6.79466 0
182 6.37692 -6.37692 0 -6.37692 6.37692 0
183 6.48938 -6.48938 0 -6.48938 6.48938 0
184 7.12978 -7.12978 0 -7.12978 7.12978 0
185 7.60358 -7.60358 0 -7.60358 7.60358 0
186 7.75997 -7.75997 0 -7.75997 7.75997 0
187 7.2301 -7.2301 0 -7.2301 7.2301 0
188 6.74374 -6.74374 0 -6.74374 6.74374 0
189 6.62273 -6.62273 0 -6.62273 6.62273 0
190 7.09494 -7.09494 0 -7.09494 7.09494 0
191 7.72636 -7.72636 0 -7.72636 7.72636 0
192 8.01531 -8.01531 0 -8.01531 8.01531 0
193 7.68173 -7.68173 0 -7.68173 7.68173 0
194 7.08671 -7.08671 0 -7.08671 7.08671 0
195 6.80582 -6.80582 0 -6.80582 6.80582 0
196 7.25562 -7.25562 0 -7.25562 7.25562 0
197 7.80897 -7.80897 0 -7.80897 7.80897 0
198 8.25181 -8.25181 0 -8.25181 8.25181 0
199 8.0446 -8.0446 0 -8.0446 8.0446 0
200 7.40033 -7.40033 0 -7.40033 7.40033 0
201 7.08583 -7.08583 0 -7.08583 7.08583 0
202 7.36344 -7.36344 0 -7.36344 7.36344 0
203 7.99773 -7.99773 0 -7.99773 7.99773 0
204 8.41103 -8.41103 0 -8.41103 8.41103 0
205 8.31909 -8.31909 0 -8.31909 8.31909 0
206 7.72006 -7.72006 0 -7.72006 7.72006 0
207 7.30964 -7.30964 0 -7.30964 7.30964 0
208 7.58009 -7.58009 0 -7.58009 7.58009 0
209 8.19815 -8.19815 0 -8.19815 8.19815 0
210 8.69173 -8.69173 0 -8.69173 8.69173 0
211 8.52784 -8.52784 0 -8.52784 8.52784 0
212 7.9831 -7.9831 0 -7.9831 7.9831 0
213 7.61537 -7.61537 0 -7.61537 7.61537 0
214 7.75469 -7.75469 0 -7.75469 7.75469 0
215 8.3584 -8.3584 0 -8.3584 8.3584 0
216 8.79802 -8.79802 0 -8.79802 8.79802 0
217 8.84335 -8.84335 0 -8.84335 8.84335 0
218 8.31632 -8.31632 0 -8.31632 8.31632 0
219 7.87491 -7.87491 0 -7.87491 7.87491 0
220 7.93707 -7.93707 0 -7.93707 7.93707 0
221 8.54036 -8.54036 0 -8.54036 8.54036 0
222 9.00715 -9.00715 0 -9.00715 9.00715 0
223 9.09952 -9.09952 0 -9.09952 9.09952 0
224 8.7256 -8.7256 0 -8.7256 8.7256 0
225 8.23874 -8.23874 0 -8.23874 8.23874 0
226 8.09406 -8.09406 0 -8.09406 8.09406 0
227 8.50144 -8.50144 0 -8.50144 8.50144 0
228 9.04495 -9.04495 0 -9.04495 9.04495 0
229 9.39051 -9.39051 0 -9.39051 9.39051 0
230 9.21068 -9.21068 0 -9.21068 9.21068 0
231 8.70646 -8.70646 0 -8.70646 8.70646 0
232 8.31158 -8.31158 0 -8.31158 8.31158 0
233 8.44559 -8.44559 0 -8.44559 8.44559 0
234 9.09105 -9.09105 0 -9.09105 9.09105 0
235 9.52945 -9.52945 0 -9.52945 9.52945 0
236 9.64203 -9.64203 0 -9.64203 9.64203 0
237 9.14095 -9.14095 0 -9.14095 9.14095 0
238 8.75333 -8.75333 0 -8.75333 8.75333 0
239 8.56759 -8.56759 0 -8.56759 8.56759 0
240 9.0133 -9.0133 0 -9.0133 9.0133 0
241 9.61146 -9.61146 0 -9.61146 9.61146 0
242 9.91518 -9.91518 0 -9.91518 9.91518 0
243 9.6921 -9.6921 0 -9.6921 9.6921 0
244 9.06911 -9.06911 0 -9.06911 9.06911 0
245 8.79345 -8.79345 0 -8.79345 8.79345 0
246 9.0642 -9.0642 0 -9.0642 9.0642 0
247 9.66906 -9.66906 0 -9.66906 9.66906 0
248 10.1609 -10.1609 0 -10.1609 10.1609 0
249 10.0235 -10.0235 0 -10.0235 10.0235 0
250 9.51413 -9.51413 0 -9.51413 9.51413 0
251 9.16474 -9.16474 0 -9.16474 9.16474 0
252 9.11632 -9.11632 0 -9.11632 9.11632 0
253 9.71968 -9.71968 0 -9.71968 9.71968 0
254 10.2125 -10.2125 0 -10.2125 10.2125 0
255 10.4106 -10.4106 0 -10.4106 10.4106 0
256 10.0331 -10.0331 0 -10.0331 10.0331 0
257 9.51079 -9.51079 0 -9.51079 9.51079 0
258 9.28227 -9.28227 0 -9.28227 9.28227 0
259 9.63584 -9.63584 0 -9.63584 9.63584 0
260 10.265 -10.265 0 -10.265 10.265 0
261 10.6422 -10.6422 0 -10.6422 10.6422 0
262 10.5523 -10.5523 0 -10.5523 10.5523 0
263 9.88699 -9.88699 0 -9.88699 9.88699 0
264 9.54824 -9.54824 0 -9.54824 9.54824 0
265 9.74668 -9.74668 0 -9.74668 9.74668 0
266 10.3522 -10.3522 0 -10.3522 10.3522 0
267 10.8193 -10.8193 0 -10.8193 10.8193 0
268 10.8284 -10.8284 0 -10.8284 10.8284 0
269 10.2873 -10.2873 0 -10.2873 10.2873 0
270 9.84794 -9.84794 0 -9.84794 9.84794 0
271 9.85146 -9.85146 0 -9.85146 9.85146 0
272 10.4972 -10.4972 0 -10.4972 10.4972 0
273 10.9655 -10.9655 0 -10.9655 10.9655 0
274 11.193 -11.193 0 -11.193 11.193 0
275 10.6988 -10.6988 0 -10.6988 10.6988 0
276 10.2026 -10.2026 0 -10.2026 10.2026 0
277 10.0096 -10.0096 0 -10.0096 10.0096 0
278 10.4817 -10.4817 0 -10.4817 10.4817 0
279 11.0917 -11.0917 0 -11.0917 11.0917 0
280 11.4021 -11.4021 0 -11.4021 11.4021 0
281 11.2113 -11.2113 0 -11.2113 11.2113 0
282 10.5477 -10.5477 0 -10.5477 10.5477 0
283 10.1895 -10.1895 0 -10.1895 10.1895 0
284 10.5007 -10.5007 0 -10.5007 10.5007 0
285 11.2031 -11.2031 0 -11.2031 11.2031 0
286 11.7842 -11.7842 0 -11.7842 11.7842 0
287 11.5196 -11.5196 0 -11.5196 11.5196 0
288 10.7337 -10.7337 0 -10.7337 10.7337 0
289 10.4251 -10.4251 0 -10.4251 10.4251 0
290 10.7886 -10.7886 0 -10.7886 10.7886 0
291 11.522 -11.522 0 -11.522 11.522 0
292 11.9613 -11.9613 0 -11.9613 11.9613 0
293 11.6892 -11.6892 0 -11.6892 11.6892 0
294 10.9333 -10.9333 0 -10.9333 10.9333 0
295 10.5986 -10.5986 0 -10.5986 10.5986 0
296 11.119 -11.119 0 -11.119 11.119 0
297 11.825 -11.825 0 -11.825 11.825 0
298 12.2109 -12.2109 0 -12.2109 12.2109 0
299 11.8473 -11.8473 0 -11.8473 11.8473 0
300 11.2128 -11.2128 0 -11.2128 11.2128 0
301 10.8668 -10.8668 0 -10.8668 10.8668 0
302 11.2511 -11.2511 0 -11.2511 11.2511 0
303 12.0499 -12.0499 0 -12.0499 12.0499 0
304 12.4812 -12.4812 0 -12.4812 12.4812 0
305 12.0683 -12.0683 0 -12.0683 12.0683 0
306 11.4586 -11.4586 0 -11.4586 11.4586 0
307 11.0749 -11.0749 0 -11.0749 11.0749 0
308 11.5249 -11.5249 0 -11.5249 11.5249 0
309 12.373 -12.373 0 -12.373 12.373 0
310 12.7124 -12.7124 0 -12.7124 12.7124 0
311 12.2354 -12.2354 0 -12.2354 12.2354 0
312 11.6164 -11.6164 0 -11.6164 11.6164 0
313 11.3342 -11.3342 0 -11.3342 11.3342 0
314 11.7795 -11.7795 0 -11.7795 11.7795 0
315 12.5501 -12.5501 0 -12.5501 12.5501 0
316 12.9199 -12.9199 0 -12.9199 12.9199 0
317 12.5417 -12.5417 0 -12.5417 12.5417 0
318 11.9182 -11.9182 0 -11.9182 11.9182 0
319 11.5101 -11.5101 0 -11.5101 11.5101 0
320 11.9541 -11.9541 0 -11.9541 11.9541 0
321 12.7757 -12.7757 0 -12.7757 12.7757 0
322 13.1702 -13.1702 0 -13.1702 13.1702 0
323 12.7836 -12.7836 0 -12.7836 12.7836 0
324 12.0318 -12.0318 0 -12.0318 12.0318 0
325 11.7739 -11.7739 0 -11.7739 11.7739 0
326 12.3342 -12.3342 0 -12.3342 12.3342 0
327 13.0987 -13.0987 0 -13.0987 13.0987 0
328 13.4076 -13.4076 0 -13.4076 13.4076 0
329 12.8471 -12.8471 0 -12.8471 12.8471 0
330 12.3069 -12.3069 0 -12.3069 12.3069 0
331 12.0424 -12.0424 0 -12.0424 12.0424 0
332 12.5248 -12.5248 0 -12.5248 12.5248 0
333 13.3304 -13.3304 0 -13.3304 13.3304 0
334 13.6083 -13.6083 0 -13.6083 13.6083 0
335 13.1754 -13.1754 0 -13.1754 13.1754 0
336 12.5206 -12.5206 0 -12.5206 12.5206 0
337 12.2516 -12.2516 0 -12.2516 12.2516 0
338 12.7739 -12.7739 0 -12.7739 12.7739 0
339 13.5583 -13.5583 0 -13.5583 13.5583 0
340 13.8551 -13.8551 0 -13.8551 13.8551 0
341 13.3666 -13.3666 0 -13.3666 13.3666 0
342 12.7866 -12.7866 0 -12.7866 12.7866 0
343 12.4279 -12.4279 0 -12.4279 12.4279 0
344 12.985 -12.985 0 -12.985 12.985 0
345 13.8824 -13.8824 0 -13.8824 13.8824 0
346 14.1278 -14.1278 0 -14.1278 14.1278 0
347 13.5498 -13.5498 0 -13.5498 13.5498 0
348 12.9389 -12.9389 0 -12.9389 12.9389 0
349 12.6647 -12.6647 0 -12.6647 12.6647 0
350 13.3086 -13.3086 0 -13.3086 13.3086 0
351 14.0696 -14.0696 0 -14.0696 14.0696 0
352 14.3959 -14.3959 0 -14.3959 14.3959 0
353 13.8152 -13.8152 0 -13.8152 13.8152 0
354 13.1642 -13.1642 0 -13.1642 13.1642 0
355 12.9169 -12.9169 0 -12.9169 12.9169 0
356 13.5118 -13.5118 0 -13.5118 13.5118 0
357 14.3593 -14.3593 0 -14.3593 14.3593 0
358 14.5745 -14.5745 0 -14.5745 14.5745 0
359 13.9621 -13.9621 0 -13.9621 13.9621 0
360 13.3669 -13.3669 0 -13.3669 13.3669 0
361 13.1515 -13.1515 0 -13.1515 13.1515 0
362 13.9072 -13.9072 0 -13.9072 13.9072 0
363 14.6316 -14.6316 0 -14.6316 14.6316 0
364 14.771 -14.771 0 -14.771 14.771 0
365 14.0501 -14.0501 0 -14.0501 14.0501 0
366 13.5124 -13.5124 0 -13.5124 13.5124 0
367 13.4018 -13.4018 0 -13.4018 13.4018 0
368 14.2513 -14.2513 0 -14.2513 14.2513 0
369 14.9483 -14.9483 0 -14.9483 14.9483 0
370 14.9551 -14.9551 0 -14.9551 14.9551 0
371 14.2121 -14.2121 0 -14.2121 14.2121 0
372 13.6236 -13.6236 0 -13.6236 13.6236 0
373 13.7633 -13.7633 0 -13.7633 13.7633 0
374 14.6633 -14.6633 0 -14.6633 14.6633 0
375 15.2802 -15.2802 0 -15.2802 15.2802 0
376 15.026 -15.026 0 -15.026 15.026 0
377 14.1742 -14.1742 0 -14.1742 14.1742 0
378 13.7921 -13.7921 0 -13.7921 13.7921 0
379 14.3349 -14.3349 0 -14.3349 14.3349 0
380 15.1376 -15.1376 0 -15.1376 15.1376 0
381 15.4899 -15.4899 0 -15.4899 15.4899 0
382 14.9158 -14.9158 0 -14.9158 14.9158 0
383 14.3442 -14.3442 0 -14.3442 14.3442 0
384 14.0502 -14.0502 0 -14.0502 14.0502 0
385 14.6896 -14.6896 0 -14.6896 14.6896 0
386 15.4879 -15.4879 0 -15.4879 15.4879 0
387 15.7134 -15.7134 0 -15.7134 15.7134 0
388 15.0432 -15.0432 0 -15.0432 15.0432 0
389 14.3729 -14.3729 0 -14.3729 14.3729 0
390 14.3054 -14.3054 0 -14.3054 14.3054 0
391 15.1325 -15.1325 0 -15.1325 15.1325 0
392 15.8817 -15.8817 0 -15.8817 15.8817 0
393 15.8542 -15.8542 0 -15.8542 15.8542 0
394 15.0068 -15.0068 0 -15.0068 15.0068 0
395 14.4928 -14.4928 0 -14.4928 14.4928 0
396 14.7386 -14.7386 0 -14.7386 14.7386 0
397 15.6524 -15.6524 0 -15.6524 15.6524 0
398 16.1943 -16.1943 0 -16.1943 16.1943 0
399 15.8521 -15.8521 0 -15.8521 15.8521 0
400 15.0419 -15.0419 0 -15.0419 15.0419 0
401 14.6395 -14.6395 0 -14.6395 14.6395 0
402 15.2507 -15.2507 0 -15.2507 15.2507 0
403 16.0473 -16.0473 0 -16.0473 16.0473 0
404 16.3711 -16.3711 0 -16.3711 16.3711 0
405 15.923 -15.923 0 -15.923 15.923 0
406 15.2233 -15.2233 0 -15.2233 15.2233 0
407 14.9117 -14.9117 0 -14.9117 14.9117 0
408 15.5232 -15.5232 0 -15.5232 15.5232 0
409 16.3989 -16.3989 0 -16.3989 16.3989 0
410 16.6301 -16.6301 0 -16.6301 16.6301 0
411 16.0062 -16.0062 0 -16.0062 16.0062 0
412 15.3619 -15.3619 0 -15.3619 15.3619 0
413 15.1136 -15.1136 0 -15.1136 15.1136 0
414 15.982 -15.982 0 -15.982 15.982 0
415 16.7876 -16.7876 0 -16.7876 16.7876 0
416 16.6928 -16.6928 0 -16.6928 16.6928 0
417 15.9222 -15.9222 0 -15.9222 15.9222 0
418 15.3634 -15.3634 0 -15.3634 15.3634 0
419 15.7188 -15.7188 0 -15.7188 15.7188 0
420 16.5814 -16.5814 0 -16.5814 16.5814 0
421 17.1354 -17.1354 0 -17.1354 17.1354 0
422 16.6588 -16.6588 0 -16.6588 16.6588 0
423 15.7642 -15.7642 0 -15.7642 15.7642 0
424 15.5586 -15.5586 0 -15.5586 15.5586 0
425 16.2859 -16.2859 0 -16.2859 16.2859 0
426 17.0982 -17.0982 0 -17.0982 17.0982 0
427 17.2721 -17.2721 0 -17.2721 17.2721 0
428 16.5139 -16.5139 0 -16.5139 16.5139 0
429 15.8931 -15.8931 0 -15.8931 15.8931 0
430 15.9309 -15.9309 0 -15.9309 15.9309 0
431 16.8485 -16.8485 0 -16.8485 16.8485 0
432 17.488 -17.488 0 -17.488 17.488 0
433 17.2636 -17.2636 0 -17.2636 17.2636 0
434 16.4354 -16.4354 0 -16.4354 16.4354 0
435 15.9527 -15.9527 0 -15.9527 15.9527 0
436 16.5089 -16.5089 0 -16.5089 16.5089 0
437 17.3361 -17.3361 0 -17.3361 17.3361 0
438 17.735 -17.735 0 -17.735 17.735 0
439 17.246 -17.246 0 -17.246 17.246 0
440 16.5672 -16.5672 0 -16.5672 16.5672 0
441 16.2427 -16.2427 0 -16.2427 16.2427 0
442 16.8098 -16.8098 0 -16.8098 16.8098 0
443 17.6799 -17.6799 0 -17.6799 17.6799 0
444 17.9394 -17.9394 0 -17.9394 17.9394 0
445 17.4199 -17.4199 0 -17.4199 17.4199 0
446 16.7092 -16.7092 0 -16.7092 16.7092 0
447 16.4638 -16.4638 0 -16.4638 16.4638 0
448 17.1042 -17.1042 0 -17.1042 17.1042 0
449 17.9474 -17.9474 0 -17.9474 17.9474 0
450 18.2387 -18.2387 0 -18.2387 18.2387 0
451 17.5359 -17.5359 0 -17.5359 17.5359 0
452 16.8709 -16.8709 0 -16.8709 16.8709 0
453 16.6911 -16.6911 0 -16.6911 16.6911 0
454 17.5146 -17.5146 0 -17.5146 17.5146 0
455 18.2629 -18.2629 0 -18.2629 18.2629 0
456 18.4485 -18.4485 0 -18.4485 18.4485 0
457 17.6652 -17.6652 0 -17.6652 17.6652 0
458 16.9867 -16.9867 0 -16.9867 16.9867 0
459 17.0034 -17.0034 0 -17.0034 17.0034 0
460 17.9062 -17.9062 0 -17.9062 17.9062 0
461 18.6541 -18.6541 0 -18.6541 18.6541 0
462 18.4502 -18.4502 0 -18.4502 18.4502 0
463 17.5232 -17.5232 0 -17.5232 17.5232 0
464 17.0628 -17.0628 0 -17.0628 17.0628 0
465 17.6255 -17.6255 0 -17.6255 17.6255 0
466 18.5522 -18.5522 0 -18.5522 18.5522 0
467 18.8834 -18.8834 0 -18.8834 18.8834 0
468 18.3668 -18.3668 0 -18.3668 18.3668 0
469 17.6179 -17.6179 0 -17.6179 17.6179 0
470 17.3315 -17.3315 0 -17.3315 17.3315 0
471 18.0734 -18.0734 0 -18.0734 18.0734 0
472 18.8786 -18.8786 0 -18.8786 18.8786 0
473 19.0574 -19.0574 0 -19.0574 19.0574 0
474 18.4115 -18.4115 0 -18.4115 18.4115 0
475 17.7288 -17.7288 0 -17.7288 17.7288 0
476 17.6397 -17.6397 0 -17.6397 17.6397 0
477 18.4408 -18.4408 0 -18.4408 18.4408 0
478 19.2041 -19.2041 0 -19.2041 19.2041 0
479 19.2548 -19.2548 0 -19.2548 19.2548 0
480 18.3476 -18.3476 0 -18.3476 18.3476 0
481 17.8052 -17.8052 0 -17.8052 17.8052 0
482 18.1259 -18.1259 0 -18.1259 18.1259 0
483 19.072 -19.072 0 -19.072 19.072 0
484 19.5843 -19.5843 0 -19.5843 19.5843 0
485 19.091 -19.091 0 -19.091 19.091 0
486 18.3177 -18.3177 0 -18.3177 18.3177 0
487 17.9819 -17.9819 0 -17.9819 17.9819 0
488 18.6988 -18.6988 0 -18.6988 18.6988 0
489 19.5107 -19.5107 0 -19.5107 19.5107 0
490 19.7327 -19.7327 0 -19.7327 19.7327 0
491 19.1076 -19.1076 0 -19.1076 19.1076 0
492 18.3966 -18.3966 0 -18.3966 18.3966 0
493 18.2394 -18.2394 0 -18.2394 18.2394 0
494 19.1333 -19.1333 0 -19.1333 19.1333 0
495 19.9192 -19.9192 0 -19.9192 19.9192 0
496 19.8981 -19.8981 0 -19.8981 19.8981 0
497 18.9625 -18.9625 0 -18.9625 18.9625 0
498 18.4671 -18.4671 0 -18.4671 18.4671 0
499 18.8603 -18.8603 0 -18.8603 18.8603 0
500 19.7986 -19.7986 0 -19.7986 19.7986 0
501 20.175 -20.175 0 -20.175 20.175 0
502 19.7207 -19.7207 0 -19.7207 19.7207 0
503 19.0232 -19.0232 0 -19.0232 19.0232 0
504 18.6544 -18.6544 0 -18.6544 18.6544 0
505 19.3026 -19.3026 0 -19.3026 19.3026 0
506 20.1415 -20.1415 0 -20.1415 20.1415 0
507 20.4241 -20.4241 0 -20.4241 20.4241 0
508 19.7899 -19.7899 0 -19.7899 19.7899 0
509 19.0698 -19.0698 0 -19.0698 19.0698 0
510 18.9563 -18.9563 0 -18.9563 18.9563 0
511 19.7499 -19.7499 0 -19.7499 19.7499 0
512 20.53 -20.53 0 -20.53 20.53 0
513 20.6126 -20.6126 0 -20.6126 20.6126 0
514 19.6715 -19.6715 0 -19.6715 19.6715 0
515 19.109 -19.109 0 -19.109 19.109 0
516 19.4237 -19.4237 0 -19.4237 19.4237 0
517 20.4069 -20.4069 0 -20.4069 20.4069 0
518 20.9033 -20.9033 0 -20.9033 20.9033 0
519 20.406 -20.406 0 -20.406 20.406 0
520 19.6683 -19.6683 0 -19.6683 19.6683 0
521 19.3126 -19.3126 0 -19.3126 19.3126 0
522 20.0005 -20.0005 0 -20.0005 20.0005 0
523 20.8353 -20.8353 0 -20.8353 20.8353 0
524 21.0502 -21.0502 0 -21.0502 21.0502 0
525 20.4548 -20.4548 0 -20.4548 20.4548 0
526 19.7905 -19.7905 0 -19.7905 19.7905 0
527 19.6053 -19.6053 0 -19.6053 19.6053 0
528 20.2734 -20.2734 0 -20.2734 20.2734 0
529 21.1342 -21.1342 0 -21.1342 21.1342 0
530 21.2948 -21.2948 0 -21.2948 21.2948 0
531 20.522 -20.522 0 -20.522 20.522 0
532 19.9579 -19.9579 0 -19.9579 19.9579 0
533 19.8949 -19.8949 0 -19.8949 19.8949 0
534 20.821 -20.821 0 -20.821 20.821 0
535 21.4657 -21.4657 0 -21.4657 21.4657 0
536 21.3311 -21.3311 0 -21.3311 21.3311 0
537 20.4421 -20.4421 0 -20.4421 20.4421 0
538 20.0067 -20.0067 0 -20.0067 20.0067 0
539 20.5201 -20.5201 0 -20.5201 20.5201 0
540 21.4037 -21.4037 0 -21.4037 21.4037 0
541 21.781 -21.781 0 -21.781 21.781 0
542 21.1145 -21.1145 0 -21.1145 21.1145 0
543 20.4102 -20.4102 0 -20.4102 20.4102 0
544 20.2555 -20.2555 0 -20.2555 20.2555 0
545 21.1711 -21.1711 0 -21.1711 21.1711 0
546 21.9554 -21.9554 0 -21.9554 21.9554 0
547 21.7991 -21.7991 0 -21.7991 21.7991 0
548 20.9222 -20.9222 0 -20.9222 20.9222 0
549 20.382 -20.382 0 -20.382 20.382 0
550 20.893 -20.893 0 -20.893 20.893 0
551 21.819 -21.819 0 -21.819 21.819 0
552 22.2408 -22.2408 0 -22.2408 22.2408 0
553 21.6802 -21.6802 0 -21.6802 21.6802 0
554 20.8304 -20.8304 0 -20.8304 20.8304 0
555 20.6304 -20.6304 0 -20.6304 20.6304 0
556 21.4375 -21.4375 0 -21.4375 21.4375 0
557 22.3085 -22.3085 0 -22.3085 22.3085 0
558 22.3818 -22.3818 0 -22.3818 22.3818 0
559 21.4902 -21.4902 0 -21.4902 21.4902 0
560 20.8943 -20.8943 0 -20.8943 20.8943 0
561 21.0944 -21.0944 0 -21.0944 21.0944 0
562 22.1125 -22.1125 0 -22.1125 22.1125 0
563 22.6933 -22.6933 0 -22.6933 22.6933 0
564 22.2293 -22.2293 0 -22.2293 22.2293 0
565 21.308 -21.308 0 -21.308 21.308 0
566 21.047 -21.047 0 -21.047 21.047 0
567 21.8692 -21.8692 0 -21.8692 21.8692 0
568 22.7281 -22.7281 0 -22.7281 22.7281 0
569 22.7991 -22.7991 0 -22.7991 22.7991 0
570 21.9244 -21.9244 0 -21.9244 21.9244 0
571 21.2276 -21.2276 0 -21.2276 21.2276 0
572 21.6089 -21.6089 0 -21.6089 21.6089 0
573 22.6207 -22.6207 0 -22.6207 22.6207 0
574 23.1385 -23.1385 0 -23.1385 23.1385 0
575 22.5812 -22.5812 0 -22.5812 22.5812 0
576 21.6637 -21.6637 0 -21.6637 21.6637 0
577 21.4856 -21.4856 0 -21.4856 21.4856 0
578 22.3625 -22.3625 0 -22.3625 22.3625 0
579 23.2067 -23.2067 0 -23.2067 23.2067 0
580 23.1792 -23.1792 0 -23.1792 23.1792 0
581 22.2826 -22.2826 0 -22.2826 22.2826 0
582 21.6893 -21.6893 0 -21.6893 21.6893 0
583 22.0921 -22.0921 0 -22.0921 22.0921 0
584 23.0299 -23.0299 0 -23.0299 23.0299 0
585 23.5654 -23.5654 0 -23.5654 23.5654 0
586 22.9664 -22.9664 0 -22.9664 22.9664 0
587 22.1772 -22.1772 0 -22.1772 22.1772 0
588 21.8906 -21.8906 0 -21.8906 21.8906 0
589 22.716 -22.716 0 -22.716 22.716 0
590 23.5941 -23.5941 0 -23.5941 23.5941 0
591 23.721 -23.721 0 -23.721 23.721 0
592 22.7676 -22.7676 0 -22.7676 22.7676 0
593 22.0912 -22.0912 0 -22.0912 22.0912 0
594 22.4179 -22.4179 0 -22.4179 22.4179 0
595 23.4662 -23.4662 0 -23.4662 23.4662 0
596 24.0559 -24.0559 0 -24.0559 24.0559 0
597 23.438 -23.438 0 -23.438 23.438 0
598 22.5781 -22.5781 0 -22.5781 22.5781 0
599 22.2889 -22.2889 0 -22.2889 22.2889 0
600 23.1383 -23.1383 0 -23.1383 23.1383 0
601 24.0597 -24.0597 0 -24.0597 24.0597 0
602 24.1038 -24.1038 0 -24.1038 24.1038 0
603 23.2163 -23.2163 0 -23.2163 23.2163 0
604 22.5066 -22.5066 0 -22.5066 22.5066 0
605 22.8508 -22.8508 0 -22.8508 22.8508 0
606 23.917 -23.917 0 -23.917 23.917 0
607 24.4103 -24.4103 0 -24.4103 24.4103 0
608 23.8634 -23.8634 0 -23.8634 23.8634 0
609 22.9584 -22.9584 0 -22.9584 22.9584 0
610 22.7795 -22.7795 0 -22.7795 22.7795 0
611 23.6666 -23.6666 0 -23.6666 23.6666 0
612 24.5316 -24.5316 0 -24.5316 24.5316 0
613 24.4573 -24.4573 0 -24.4573 24.4573 0
614 23.4958 -23.4958 0 -23.4958 23.4958 0
615 22.9558 -22.9558 0 -22.9558 22.9558 0
616 23.3573 -23.3573 0 -23.3573 23.3573 0
617 24.4244 -24.4244 0 -24.4244 24.4244 0
618 24.8684 -24.8684 0 -24.8684 24.8684 0
619 24.1559 -24.1559 0 -24.1559 24.1559 0
620 23.2405 -23.2405 0 -23.2405 23.2405 0
621 23.2998 -23.2998 0 -23.2998 23.2998 0
622 24.3536 -24.3536 0 -24.3536 24.3536 0
623 25.0535 -25.0535 0 -25.0535 25.0535 0
624 24.6702 -24.6702 0 -24.6702 24.6702 0
625 23.7235 -23.7235 0 -23.7235 23.7235 0
626 23.357 -23.357 0 -23.357 23.357 0
627 24.0845 -24.0845 0 -24.0845 24.0845 0
628 25.0394 -25.0394 0 -25.0394 25.0394 0
629 25.2028 -25.2028 0 -25.2028 25.2028 0
630 24.3873 -24.3873 0 -24.3873 24.3873 0
631 23.6868 -23.6868 0 -23.6868 23.6868 0
632 23.7699 -23.7699 0 -23.7699 23.7699 0
633 24.7891 -24.7891 0 -24.7891 24.7891 0
634 25.4188 -25.4188 0 -25.4188 25.4188 0
635 25.1332 -25.1332 0 -25.1332 25.1332 0
636 24.1824 -24.1824 0 -24.1824 24.1824 0
637 23.7856 -23.7856 0 -23.7856 23.7856 0
638 24.515 -24.515 0 -24.515 24.515 0
639 25.3959 -25.3959 0 -25.3959 25.3959 0
640 25.6529 -25.6529 0 -25.6529 25.6529 0
641 24.8542 -24.8542 0 -24.8542 24.8542 0
642 24.1429 -24.1429 0 -24.1429 24.1429 0
643 24.114 -24.114 0 -24.114 24.114 0
644 25.1584 -25.1584 0 -25.1584 25.1584 0
645 25.9144 -25.9144 0 -25.9144 25.9144 0
646 25.5868 -25.5868 0 -25.5868 25.5868 0
647 24.5897 -24.5897 0 -24.5897 24.5897 0
648 24.2059 -24.2059 0 -24.2059 24.2059 0
649 24.9816 -24.9816 0 -24.9816 24.9816 0
650 25.8526 -25.8526 0 -25.8526 25.8526 0
651 26.0612 -26.0612 0 -26.0612 26.0612 0
652 25.2198 -25.2198 0 -25.2198 25.2198 0
653 24.535 -24.535 0 -24.535 24.535 0
654 24.6845 -24.6845 0 -24.6845 24.6845 0
655 25.6394 -25.6394 0 -25.6394 25.6394 0
656 26.3397 -26.3397 0 -26.3397 26.3397 0
657 25.9239 -25.9239 0 -25.9239 25.9239 0
658 24.9636 -24.9636 0 -24.9636 24.9636 0
659 24.64 -24.64 0 -24.64 24.64 0
660 25.4472 -25.4472 0 -25.4472 25.4472 0
661 26.3717 -26.3717 0 -26.3717 26.3717 0
662 26.4491 -26.4491 0 -26.4491 26.4491 0
663 25.5645 -25.5645 0 -25.5645 25.5645 0
664 24.8961 -24.8961 0 -24.8961 24.8961 0
665 25.1636 -25.1636 0 -25.1636 25.1636 0
666 26.2475 -26.2475 0 -26.2475 26.2475 0
667 26.7308 -26.7308 0 -26.7308 26.7308 0
668 26.2925 -26.2925 0 -26.2925 26.2925 0
669 25.4143 -25.4143 0 -25.4143 25.4143 0
670 25.0797 -25.0797 0 -25.0797 25.0797 0
671 25.8074 -25.8074 0 -25.8074 25.8074 0
672 26.7242 -26.7242 0 -26.7242 26.7242 0
673 26.8901 -26.8901 0 -26.8901 26.8901 0
674 26.1949 -26.1949 0 -26.1949 26.1949 0
675 25.4998 -25.4998 0 -25.4998 25.4998 0
676 25.4058 -25.4058 0 -25.4058 25.4058 0
677 26.3326 -26.3326 0 -26.3326 26.3326 0
678 27.1554 -27.1554 0 -27.1554 27.1554 0
679 26.9415 -26.9415 0 -26.9415 26.9415 0
680 25.9847 -25.9847 0 -25.9847 25.9847 0
681 25.5144 -25.5144 0 -25.5144 25.5144 0
682 26.0608 -26.0608 0 -26.0608 26.0608 0
683 27.0978 -27.0978 0 -27.0978 27.0978 0
684 27.4119 -27.4119 0 -27.4119 27.4119 0
685 26.6952 -26.6952 0 -26.6952 26.6952 0
686 25.9197 -25.9197 0 -25.9197 25.9197 0
687 25.8008 -25.8008 0 -25.8008 25.8008 0
688 26.7193 -26.7193 0 -26.7193 26.7193 0
689 27.4973 -27.4973 0 -27.4973 27.4973 0
690 27.4903 -27.4903 0 -27.4903 27.4903 0
691 26.5302 -26.5302 0 -26.5302 26.5302 0
692 25.9571 -25.9571 0 -25.9571 25.9571 0
693 26.4132 -26.4132 0 -26.4132 26.4132 0
694 27.3681 -27.3681 0 -27.3681 27.3681 0
695 27.8078 -27.8078 0 -27.8078 27.8078 0
696 27.239 -27.239 0 -27.239 27.239 0
697 26.3783 -26.3783 0 -26.3783 26.3783 0
698 26.1966 -26.1966 0 -26.1966 26.1966 0
699 27.1643 -27.1643 0 -27.1643 27.1643 0
700 27.9469 -27.9469 0 -27.9469 27.9469 0
701 27.8929 -27.8929 0 -27.8929 27.8929 0
702 26.9177 -26.9177 0 -26.9177 26.9177 0
703 26.396 -26.396 0 -26.396 26.396 0
704 26.8645 -26.8645 0 -26.8645 26.8645 0
705 27.8382 -27.8382 0 -27.8382 27.8382 0
706 28.2494 -28.2494 0 -28.2494 28.2494 0
707 27.5989 -27.5989 0 -27.5989 27.5989 0
708 26.7501 -26.7501 0 -26.7501 26.7501 0
709 26.6818 -26.6818 0 -26.6818 26.6818 0
710 27.6929 -27.6929 0 -27.6929 27.6929 0
711 28.4821 -28.4821 0 -28.4821 28.4821 0
712 28.1898 -28.1898 0 -28.1898 28.1898 0
713 27.163 -27.163 0 -27.163 27.163 0
714 26.7674 -26.7674 0 -26.7674 26.7674 0
715 27.5279 -27.5279 0 -27.5279 27.5279 0
716 28.4767 -28.4767 0 -28.4767 28.4767 0
717 28.6392 -28.6392 0 -28.6392 28.6392 0
718 27.7924 -27.7924 0 -27.7924 27.7924 0
719 27.027 -27.027 0 -27.027 27.027 0
720 27.2804 -27.2804 0 -27.2804 27.2804 0
721 28.2924 -28.2924 0 -28.2924 28.2924 0
722 28.9007 -28.9007 0 -28.9007 28.9007 0
723 28.4885 -28.4885 0 -28.4885 28.4885 0
724 27.4751 -27.4751 0 -27.4751 27.4751 0
725 27.2497 -27.2497 0 -27.2497 27.2497 0
726 28.0383 -28.0383 0 -28.0383 28.0383 0
727 28.9785 -28.9785 0 -28.9785 28.9785 0
728 29.0182 -29.0182 0 -29.0182 29.0182 0
729 28.1427 -28.1427 0 -28.1427 28.1427 0
730 27.4714 -27.4714 0 -27.4714 27.4714 0
731 27.7159 -27.7159 0 -27.7159 27.7159 0
732 28.8284 -28.8284 0 -28.8284 28.8284 0
733 29.3911 -29.3911 0 -29.3911 29.3911 0
734 28.8361 -28.8361 0 -28.8361 28.8361 0
735 27.8829 -27.8829 0 -27.8829 27.8829 0
736 27.5613 -27.5613 0 -27.5613 27.5613 0
737 28.5039 -28.5039 0 -28.5039 28.5039 0
738 29.4426 -29.4426 0 -29.4426 29.4426 0
739 29.512 -29.512 0 -29.512 29.512 0
740 28.542 -28.542 0 -28.542 28.542 0
741 27.8062 -27.8062 0 -27.8062 27.8062 0
742 28.1814 -28.1814 0 -28.1814 28.1814 0
743 29.2871 -29.2871 0 -29.2871 29.2871 0
744 29.8422 -29.8422 0 -29.8422 29.8422 0
745 29.1954 -29.1954 0 -29.1954 29.1954 0
746 28.2146 -28.2146 0 -28.2146 28.2146 0
747 28.1107 -28.1107 0 -28.1107 28.1107 0
748 29.074 -29.074 0 -29.074 29.074 0
749 29.9418 -29.9418 0 -29.9418 29.9418 0
750 29.7695 -29.7695 0 -29.7695 29.7695 0
751 28.8531 -28.8531 0 -28.8531 28.8531 0
752 28.2613 -28.2613 0 -28.2613 28.2613 0
753 28.711 -28.711 0 -28.711 28.711 0
754 29.805 -29.805 0 -29.805 29.805 0
755 30.2046 -30.2046 0 -30.2046 30.2046 0
756 29.6131 -29.6131 0 -29.6131 29.6131 0
757 28.7595 -28.7595 0 -28.7595 28.7595 0
758 28.5063 -28.5063 0 -28.5063 28.5063 0
759 29.3332 -29.3332 0 -29.3332 29.3332 0
760 30.2997 -30.2997 0 -30.2997 30.2997 0
761 30.3536 -30.3536 0 -30.3536 30.3536 0
762 29.3968 -29.3968 0 -29.3968 29.3968 0
763 28.7285 -28.7285 0 -28.7285 28.7285 0
764 28.9432 -28.9432 0 -28.9432 28.9432 0
765 30.0773 -30.0773 0 -30.0773 30.0773 0
766 30.7479 -30.7479 0 -30.7479 30.7479 0
767 30.0966 -30.0966 0 -30.0966 30.0966 0
768 29.0387 -29.0387 0 -29.0387 29.0387 0
769 28.9179 -28.9179 0 -28.9179 28.9179 0
770 29.9584 -29.9584 0 -29.9584 29.9584 0
771 30.8917 -30.8917 0 -30.8917 30.8917 0
772 30.6093 -30.6093 0 -30.6093 30.6093 0
773 29.5621 -29.5621 0 -29.5621 29.5621 0
774 29.0566 -29.0566 0 -29.0566 29.0566 0
775 29.8095 -29.8095 0 -29.8095 29.8095 0
776 30.814 -30.814 0 -30.814 30.814 0
777 31.0333 -31.0333 0 -31.0333 31.0333 0
778 30.1469 -30.1469 0 -30.1469 30.1469 0
779 29.3598 -29.3598 0 -29.3598 29.3598 0
780 29.6025 -29.6025 0 -29.6025 29.6025 0
781 30.6874 -30.6874 0 -30.6874 30.6874 0
782 31.2955 -31.2955 0 -31.2955 31.2955 0
783 30.7209 -30.7209 0 -30.7209 30.7209 0
784 29.7336 -29.7336 0 -29.7336 29.7336 0
785 29.5762 -29.5762 0 -29.5762 29.5762 0
786 30.5784 -30.5784 0 -30.5784 30.5784 0
787 31.4003 -31.4003 0 -31.4003 31.4003 0
788 31.2277 -31.2277 0 -31.2277 31.2277 0
789 30.1351 -30.1351 0 -30.1351 30.1351 0
790 29.7463 -29.7463 0 -29.7463 29.7463 0
791 30.5203 -30.5203 0 -30.5203 30.5203 0
792 31.439 -31.439 0 -31.439 31.439 0
793 31.6033 -31.6033 0 -31.6033 31.6033 0
794 30.7503 -30.7503 0 -30.7503 30.7503 0
795 30.0595 -30.0595 0 -30.0595 30.0595 0
796 30.1492 -30.1492 0 -30.1492 30.1492 0
797 31.2041 -31.2041 0 -31.2041 31.2041 0
798 31.9434 -31.9434 0 -31.9434 31.9434 0
799 31.4588 -31.4588 0 -31.4588 31.4588 0
800 30.4252 -30.4252 0 -30.4252 30.4252 0
801 30.1922 -30.1922 0 -30.1922 30.1922 0
802 31.098 -31.098 0 -31.098 31.098 0
803 32.0022 -32.0022 0 -32.0022 32.0022 0
804 31.9462 -31.9462 0 -31.9462 31.9462 0
805 30.8637 -30.8637 0 -30.8637 30.8637 0
806 30.3575 -30.3575 0 -30.3575 30.3575 0
807 30.9313 -30.9313 0 -30.9313 30.9313 0
808 31.9918 -31.9918 0 -31.9918 31.9918 0
809 32.3112 -32.3112 0 -32.3112 32.3112 0
810 31.5787 -31.5787 0 -31.5787 31.5787 0
811 30.6682 -30.6682 0 -30.6682 30.6682 0
812 30.675 -30.675 0 -30.675 30.675 0
813 31.7021 -31.7021 0 -31.7021 31.7021 0
814 32.5116 -32.5116 0 -32.5116 32.5116 0
815 32.2863 -32.2863 0 -32.2863 32.2863 0
816 31.206 -31.206 0 -31.206 31.206 0
817 30.761 -30.761 0 -30.761 30.761 0
818 31.5061 -31.5061 0 -31.5061 31.5061 0
819 32.5595 -32.5595 0 -32.5595 32.5595 0
820 32.7202 -32.7202 0 -32.7202 32.7202 0
821 31.6697 -31.6697 0 -31.6697 31.6697 0
822 30.9901 -30.9901 0 -30.9901 30.9901 0
823 31.3336 -31.3336 0 -31.3336 31.3336 0
824 32.4831 -32.4831 0 -32.4831 32.4831 0
825 33.0135 -33.0135 0 -33.0135 33.0135 0
826 32.3292 -32.3292 0 -32.3292 32.3292 0
827 31.3068 -31.3068 0 -31.3068 31.3068 0
828 31.2114 -31.2114 0 -31.2114 31.2114 0
829 32.3991 -32.3991 0 -32.3991 32.3991 0
830 33.2201 -33.2201 0 -33.2201 33.2201 0
831 32.8019 -32.8019 0 -32.8019 32.8019 0
832 31.7627 -31.7627 0 -31.7627 31.7627 0
833 31.3544 -31.3544 0 -31.3544 31.3544 0
834 32.2219 -32.2219 0 -32.2219 32.2219 0
835 33.1986 -33.1986 0 -33.1986 33.1986 0
836 33.2437 -33.2437 0 -33.2437 33.2437 0
837 32.279 -32.279 0 -32.279 32.279 0
838 31.6843 -31.6843 0 -31.6843 31.6843 0
839 32.0448 -32.0448 0 -32.0448 32.0448 0
840 33.0652 -33.0652 0 -33.0652 33.0652 0
841 33.5659 -33.5659 0 -33.5659 33.5659 0
842 32.9614 -32.9614 0 -32.9614 32.9614 0
843 32.0027 -32.0027 0 -32.0027 32.0027 0
844 31.8646 -31.8646 0 -31.8646 31.8646 0
845 32.9052 -32.9052 0 -32.9052 32.9052 0
846 33.778 -33.778 0 -33.778 33.778 0
847 33.5125 -33.5125 0 -33.5125 33.5125 0
848 32.4289 -32.4289 0 -32.4289 32.4289 0
849 32.0116 -32.0116 0 -32.0116 32.0116 0
850 32.8082 -32.8082 0 -32.8082 32.8082 0
851 33.7627 -33.7627 0 -33.7627 33.7627 0
852 33.9357 -33.9357 0 -33.9357 33.9357 0
853 33.0371 -33.0371 0 -33.0371 33.0371 0
854 32.2866 -32.2866 0 -32.2866 32.2866 0
855 32.5312 -32.5312 0 -32.5312 32.5312 0
856 33.6024 -33.6024 0 -33.6024 33.6024 0
857 34.2324 -34.2324 0 -34.2324 34.2324 0
858 33.6605 -33.6605 0 -33.6605 33.6605 0
859 32.6901 -32.6901 0 -32.6901 32.6901 0
860 32.4783 -32.4783 0 -32.4783 32.4783 0
861 33.4437 -33.4437 0 -33.4437 33.4437 0
862 34.3528 -34.3528 0 -34.3528 34.3528 0
863 34.1956 -34.1956 0 -34.1956 34.1956 0
864 33.1951 -33.1951 0 -33.1951 33.1951 0
865 32.6259 -32.6259 0 -32.6259 32.6259 0
866 33.242 -33.242 0 -33.242 33.242 0
867 34.3105 -34.3105 0 -34.3105 34.3105 0
868 34.6074 -34.6074 0 -34.6074 34.6074 0
869 33.8371 -33.8371 0 -33.8371 33.8371 0
870 33.0249 -33.0249 0 -33.0249 33.0249 0
871 32.9431 -32.9431 0 -32.9431 32.9431 0
872 33.9881 -33.9881 0 -33.9881 33.9881 0
873 34.8839 -34.8839 0 -34.8839 34.8839 0
874 34.5255 -34.5255 0 -34.5255 34.5255 0
875 33.4111 -33.4111 0 -33.4111 33.4111 0
876 33.0383 -33.0383 0 -33.0383 33.0383 0
877 33.9615 -33.9615 0 -33.9615 33.9615 0
878 34.9755 -34.9755 0 -34.9755 34.9755 0
879 34.8931 -34.8931 0 -34.8931 34.8931 0
880 33.8996 -33.8996 0 -33.8996 33.8996 0
881 33.2259 -33.2259 0 -33.2259 33.2259 0
882 33.8389 -33.8389 0 -33.8389 33.8389 0
883 34.9281 -34.9281 0 -34.9281 34.9281 0
884 35.2278 -35.2278 0 -35.2278 35.2278 0
885 34.475 -34.475 0 -34.475 34.475 0
886 33.579 -33.579 0 -33.579 33.579 0
887 33.6469 -33.6469 0 -33.6469 33.6469 0
888 34.6818 -34.6818 0 -34.6818 34.6818 0
889 35.489 -35.489 0 -35.489 35.489 0
890 35.1029 -35.1029 0 -35.1029 35.1029 0
891 33.9939 -33.9939 0 -33.9939 33.9939 0
892 33.7056 -33.7056 0 -33.7056 33.7056 0
893 34.5563 -34.5563 0 -34.5563 34.5563 0
894 35.5526 -35.5526 0 -35.5526 35.5526 0
895 35.5223 -35.5223 0 -35.5223 35.5223 0
896 34.4597 -34.4597 0 -34.4597 34.4597 0
897 33.9291 -33.9291 0 -33.9291 33.9291 0
898 34.4542 -34.4542 0 -34.4542 34.4542 0
899 35.5198 -35.5198 0 -35.5198 35.5198 0
900 35.8251 -35.8251 0 -35.8251 35.8251 0
901 35.2093 -35.2093 0 -35.2093 35.2093 0
902 34.2485 -34.2485 0 -34.2485 34.2485 0
903 34.1636 -34.1636 0 -34.1636 34.1636 0
904 35.262 -35.262 0 -35.262 35.262 0
905 36.0322 -36.0322 0 -36.0322 36.0322 0
906 35.8604 -35.8604 0 -35.8604 35.8604 0
907 34.8363 -34.8363 0 -34.8363 34.8363 0
908 34.3051 -34.3051 0 -34.3051 34.3051 0
909 34.9565 -34.9565 0 -34.9565 34.9565 0
910 36.02 -36.02 0 -36.02 36.02 0
911 36.2943 -36.2943 0 -36.2943 36.2943 0
912 35.4477 -35.4477 0 -35.4477 35.4477 0
913 34.6825 -34.6825 0 -34.6825 34.6825 0
914 34.5991 -34.5991 0 -34.5991 34.5991 0
915 35.7092 -35.7092 0 -35.7092 35.7092 0
916 36.6374 -36.6374 0 -36.6374 36.6374 0
917 36.2087 -36.2087 0 -36.2087 36.2087 0
918 35.0599 -35.0599 0 -35.0599 35.0599 0
919 34.7053 -34.7053 0 -34.7053 34.7053 0
920 35.5202 -35.5202 0 -35.5202 35.5202 0
921 36.5601 -36.5601 0 -36.5601 36.5601 0
922 36.6389 -36.6389 0 -36.6389 36.6389 0
923 35.6026 -35.6026 0 -35.6026 35.6026 0
924 34.9913 -34.9913 0 -34.9913 34.9913 0
925 35.4816 -35.4816 0 -35.4816 35.4816 0
926 36.5301 -36.5301 0 -36.5301 36.5301 0
927 36.8724 -36.8724 0 -36.8724 36.8724 0
928 36.21 -36.21 0 -36.21 36.21 0
929 35.4711 -35.4711 0 -35.4711 35.4711 0
930 35.2335 -35.2335 0 -35.2335 35.2335 0
931 36.1888 -36.1888 0 -36.1888 36.1888 0
932 37.0432 -37.0432 0 -37.0432 37.0432 0
933 36.9658 -36.9658 0 -36.9658 36.9658 0
934 35.9582 -35.9582 0 -35.9582 35.9582 0
935 35.3998 -35.3998 0 -35.3998 35.3998 0
936 35.9119 -35.9119 0 -35.9119 35.9119 0
937 36.9466 -36.9466 0 -36.9466 36.9466 0
938 37.3433 -37.3433 0 -37.3433 37.3433 0
939 36.7117 -36.7117 0 -36.7117 36.7117 0
940 35.8633 -35.8633 0 -35.8633 35.8633 0
941 35.6012 -35.6012 0 -35.6012 35.6012 0
942 36.587 -36.587 0 -36.587 36.587 0
943 37.5452 -37.5452 0 -37.5452 37.5452 0
944 37.4206 -37.4206 0 -37.4206 37.4206 0
945 36.3594 -36.3594 0 -36.3594 36.3594 0
946 35.7747 -35.7747 0 -35.7747 35.7747 0
947 36.3972 -36.3972 0 -36.3972 36.3972 0
948 37.4895 -37.4895 0 -37.4895 37.4895 0
949 37.7074 -37.7074 0 -37.7074 37.7074 0
950 36.9921 -36.9921 0 -36.9921 36.9921 0
951 36.1742 -36.1742 0 -36.1742 36.1742 0
952 36.1984 -36.1984 0 -36.1984 36.1984 0
953 37.224 -37.224 0 -37.224 37.224 0
954 37.9912 -37.9912 0 -37.9912 37.9912 0
955 37.6058 -37.6058 0 -37.6058 37.6058 0
956 36.5776 -36.5776 0 -36.5776 36.5776 0
957 36.2779 -36.2779 0 -36.2779 36.2779 0
958 37.0948 -37.0948 0 -37.0948 37.0948 0
959 38.0224 -38.0224 0 -38.0224 38.0224 0
960 38.0825 -38.0825 0 -38.0825 38.0825 0
961 37.0838 -37.0838 0 -37.0838 37.0838 0
962 36.4626 -36.4626 0 -36.4626 36.4626 0
963 36.9411 -36.9411 0 -36.9411 36.9411 0
964 37.9843 -37.9843 0 -37.9843 37.9843 0
965 38.3861 -38.3861 0 -38.3861 38.3861 0
966 37.7018 -37.7018 0 -37.7018 37.7018 0
967 36.8022 -36.8022 0 -36.8022 36.8022 0
968 36.7397 -36.7397 0 -36.7397 36.7397 0
969 37.7819 -37.7819 0 -37.7819 37.7819 0
970 38.6823 -38.6823 0 -38.6823 38.6823 0
971 38.3034 -38.3034 0 -38.3034 38.3034 0
972 37.2495 -37.2495 0 -37.2495 37.2495 0
973 36.8317 -36.8317 0 -36.8317 36.8317 0
974 37.6882 -37.6882 0 -37.6882 37.6882 0
975 38.5974 -38.5974 0 -38.5974 38.5974 0
976 38.7508 -38.7508 0 -38.7508 38.7508 0
977 37.8212 -37.8212 0 -37.8212 37.8212 0
978 37.0982 -37.0982 0 -37.0982 37.0982 0
979 37.4254 -37.4254 0 -37.4254 37.4254 0
980 38.5436 -38.5436 0 -38.5436 38.5436 0
981 39.0516 -39.0516 0 -39.0516 39.0516 0
982 38.4298 -38.4298 0 -38.4298 38.4298 0
983 37.4294 -37.4294 0 -37.4294 37.4294 0
984 37.4159 -37.4159 0 -37.4159 37.4159 0
985 38.4097 -38.4097 0 -38.4097 38.4097 0
986 39.1845 -39.1845 0 -39.1845 39.1845 0
987 38.9154 -38.9154 0 -38.9154 38.9154 0
988 37.851 -37.851 0 -37.851 37.851 0
989 37.5249 -37.5249 0 -37.5249 37.5249 0
990 38.3081 -38.3081 0 -38.3081 38.3081 0
991 39.2397 -39.2397 0 -39.2397 39.2397 0
992 39.2962 -39.2962 0 -39.2962 39.2962 0
993 38.3776 -38.3776 0 -38.3776 38.3776 0
994 37.7956 -37.7956 0 -37.7956 37.7956 0
995 38.1177 -38.1177 0 -38.1177 38.1177 0
996 39.1659 -39.1659 0 -39.1659 39.1659 0
997 39.5807 -39.5807 0 -39.5807 39.5807 0
998 39.0597 -39.0597 0 -39.0597 39.0597 0
999 38.199 -38.199 0 -38.199 38.199 0
1000 37.9623 -37.9623 0 -37.9623 37.9623 0
