0 -0.0579576 0 0 0.0579576 0 0
1 -0.0141852 0 0 0.0141852 0 0
2 -0.0232835 0 0 0.0232835 0 0
3 -0.0453386 0 0 0.0453386 0 0
4 -0.00264903 0 0 0.00264903 0 0
5 -0.0531615 0 0 0.0531615 0 0
6 0.0125301 0 0 -0.0125301 0 0
7 -0.0183571 0 0 0.0183571 0 0
8 -0.00392692 0 0 0.00392692 0 0
9 0.0124716 0 0 -0.0124716 0 0
10 0.000866828 0 0 -0.000866828 0 0
11 0.0565847 0 0 -0.0565847 0 0
12 0.0805923 0 0 -0.0805923 0 0
13 0.129377 0 0 -0.129377 0 0
14 0.205183 0 0 -0.205183 0 0
15 0.667791 0 0 -0.667791 0 0
16 3.33863 0 0 -3.33863 0 0
17 2.36703 0 0 -2.36703 0 0
18 0.788463 0 0 -0.788463 0 0
19 0.578682 0 0 -0.578682 0 0
20 0.85556 0 0 -0.85556 0 0
21 1.05813 0 0 -1.05813 0 0
22 1.31664 0 0 -1.31664 0 0
23 1.39866 0 0 -1.39866 0 0
24 1.48335 0 0 -1.48335 0 0
25 1.39445 0 0 -1.39445 0 0
26 1.36514 0 0 -1.36514 0 0
27 1.19914 0 0 -1.19914 0 0
28 1.15885 0 0 -1.15885 0 0
29 1.1586 0 0 -1.1586 0 0
30 1.17581 0 0 -1.17581 0 0
31 1.52659 0 0 -1.52659 0 0
32 1.78359 0 0 -1.78359 0 0
33 2.00821 0 0 -2.00821 0 0
34 2.19128 0 0 -2.19128 0 0
35 2.12621 0 0 -2.12621 0 0
36 1.99522 0 0 -1.99522 0 0
37 1.71154 0 0 -1.71154 0 0
38 1.58429 0 0 -1.58429 0 0
39 1.5449 0 0 -1.5449 0 0
40 1.83292 0 0 -1.83292 0 0
41 2.19559 0 0 -2.19559 0 0
42 2.54895 0 0 -2.54895 0 0
43 2.82041 0 0 -2.82041 0 0
44 2.69829 0 0 -2.69829 0 0
45 2.34104 0 0 -2.34104 0 0
46 1.98774 0 0 -1.98774 0 0
47 1.87582 0 0 -1.87582 0 0
48 2.25474 0 0 -2.25474 0 0
49 2.63421 0 0 -2.63421 0 0
50 3.05364 0 0 -3.05364 0 0
51 3.22827 0 0 -3.22827 0 0
52 3.11728 0 0 -3.11728 0 0
53 2.67741 0 0 -2.67741 0 0
54 2.30707 0 0 -2.30707 0 0
55 2.33328 0 0 -2.33328 0 0
56 2.78234 0 0 -2.78234 0 0
57 3.34982 0 0 -3.34982 0 0
58 3.67737 0 0 -3.67737 0 0
59 3.66111 0 0 -3.66111 0 0
60 3.06631 0 0 -3.06631 0 0
61 2.68266 0 0 -2.68266 0 0
62 2.69778 0 0 -2.69778 0 0
63 3.13688 0 0 -3.13688 0 0
64 3.67171 0 0 -3.67171 0 0
65 3.96399 0 0 -3.96399 0 0
66 4.12184 0 0 -4.12184 0 0
67 3.67306 0 0 -3.67306 0 0
68 3.21929 0 0 -3.21929 0 0
69 2.96366 0 0 -2.96366 0 0
70 3.21553 0 0 -3.21553 0 0
71 3.91731 0 0 -3.91731 0 0
72 4.43911 0 0 -4.43911 0 0
73 4.71198 0 0 -4.71198 0 0
74 4.11221 0 0 -4.11221 0 0
75 3.51032 0 0 -3.51032 0 0
76 3.23616 0 0 -3.23616 0 0
77 3.75884 0 0 -3.75884 0 0
78 4.41227 0 0 -4.41227 0 0
79 4.92775 0 0 -4.92775 0 0
80 4.95804 0 0 -4.95804 0 0
81 4.20957 0 0 -4.20957 0 0
82 3.68634 0 0 -3.68634 0 0
83 3.86446 0 0 -3.86446 0 0
84 4.48977 0 0 -4.48977 0 0
85 5.08597 0 0 -5.08597 0 0
86 5.32578 0 0 -5.32578 0 0
87 4.85633 0 0 -4.85633 0 0
88 4.30336 0 0 -4.30336 0 0
89 4.02309 0 0 -4.02309 0 0
90 4.47274 0 0 -4.47274 0 0
91 5.0412 0 0 -5.0412 0 0
92 5.5524 0 0 -5.5524 0 0
93 5.68409 0 0 -5.68409 0 0
94 5.16097 0 0 -5.16097 0 0
95 4.60189 0 0 -4.60189 0 0
96 4.39602 0 0 -4.39602 0 0
97 4.93709 0 0 -4.93709 0 0
98 5.48223 0 0 -5.48223 0 0
99 5.99007 0 0 -5.99007 0 0
100 6.0284 0 0 -6.0284 0 0
101 5.46907 0 0 -5.46907 0 0
102 4.92342 0 0 -4.92342 0 0
103 4.80929 0 0 -4.80929 0 0
104 5.39195 0 0 -5.39195 0 0
105 5.88398 0 0 -5.88398 0 0
106 6.33764 0 0 -6.33764 0 0
107 6.39739 0 0 -6.39739 0 0
108 5.90412 0 0 -5.90412 0 0
109 5.44063 0 0 -5.44063 0 0
110 5.11657 0 0 -5.11657 0 0
111 5.5715 0 0 -5.5715 0 0
112 6.22553 0 0 -6.22553 0 0
113 6.8004 0 0 -6.8004 0 0
114 6.86828 0 0 -6.86828 0 0
115 6.21658 0 0 -6.21658 0 0
116 5.65166 0 0 -5.65166 0 0
117 5.51156 0 0 -5.51156 0 0
118 6.14471 0 0 -6.14471 0 0
119 6.778 0 0 -6.778 0 0
120 7.17327 0 0 -7.17327 0 0
121 7.21053 0 0 -7.21053 0 0
122 6.37023 0 0 -6.37023 0 0
123 5.81565 0 0 -5.81565 0 0
124 6.1002 0 0 -6.1002 0 0
125 6.76001 0 0 -6.76001 0 0
126 7.33189 0 0 -7.33189 0 0
127 7.62142 0 0 -7.62142 0 0
128 7.16135 0 0 -7.16135 0 0
129 6.50035 0 0 -6.50035 0 0
130 6.16501 0 0 -6.16501 0 0
131 6.73255 0 0 -6.73255 0 0
132 7.42341 0 0 -7.42341 0 0
133 7.92847 0 0 -7.92847 0 0
134 7.95787 0 0 -7.95787 0 0
135 7.01113 0 0 -7.01113 0 0
136 6.54792 0 0 -6.54792 0 0
137 6.8069 0 0 -6.8069 0 0
138 7.54551 0 0 -7.54551 0 0
139 8.07211 0 0 -8.07211 0 0
140 8.30707 0 0 -8.30707 0 0
141 7.85112 0 0 -7.85112 0 0
142 7.10253 0 0 -7.10253 0 0
143 6.9099 0 0 -6.9099 0 0
144 7.50663 0 0 -7.50663 0 0
145 8.1304 0 0 -8.1304 0 0
146 8.60096 0 0 -8.60096 0 0
147 8.63279 0 0 -8.63279 0 0
148 7.87477 0 0 -7.87477 0 0
149 7.38407 0 0 -7.38407 0 0
150 7.31304 0 0 -7.31304 0 0
151 8.04571 0 0 -8.04571 0 0
152 8.64156 0 0 -8.64156 0 0
153 9.0789 0 0 -9.0789 0 0
154 8.88239 0 0 -8.88239 0 0
155 8.0301 0 0 -8.0301 0 0
156 7.5853 0 0 -7.5853 0 0
157 7.9383 0 0 -7.9383 0 0
158 8.70085 0 0 -8.70085 0 0
159 9.22599 0 0 -9.22599 0 0
160 9.4582 0 0 -9.4582 0 0
161 8.86547 0 0 -8.86547 0 0
162 8.18105 0 0 -8.18105 0 0
163 8.01295 0 0 -8.01295 0 0
164 8.54384 0 0 -8.54384 0 0
165 9.2867 0 0 -9.2867 0 0
166 9.75607 0 0 -9.75607 0 0
167 9.71828 0 0 -9.71828 0 0
168 8.94371 0 0 -8.94371 0 0
169 8.34107 0 0 -8.34107 0 0
170 8.54528 0 0 -8.54528 0 0
171 9.31908 0 0 -9.31908 0 0
172 9.9689 0 0 -9.9689 0 0
173 10.155 0 0 -10.155 0 0
174 9.60039 0 0 -9.60039 0 0
175 8.96339 0 0 -8.96339 0 0
176 8.67661 0 0 -8.67661 0 0
177 9.24889 0 0 -9.24889 0 0
178 9.92579 0 0 -9.92579 0 0
179 10.5037 0 0 -10.5037 0 0
180 10.4552 0 0 -10.4552 0 0
181 9.60911 0 0 -9.60911 0 0
182 9.01833 0 0 -9.01833 0 0
183 9.17736 0 0 -9.17736 0 0
184 10.083 0 0 -10.083 0 0
185 10.7531 0 0 -10.7531 0 0
186 10.9743 0 0 -10.9743 0 0
187 10.2249 0 0 -10.2249 0 0
188 9.53709 0 0 -9.53709 0 0
189 9.36595 0 0 -9.36595 0 0
190 10.0338 0 0 -10.0338 0 0
191 10.9267 0 0 -10.9267 0 0
192 11.3354 0 0 -11.3354 0 0
193 10.8636 0 0 -10.8636 0 0
194 10.0221 0 0 -10.0221 0 0
195 9.62488 0 0 -9.62488 0 0
196 10.261 0 0 -10.261 0 0
197 11.0436 0 0 -11.0436 0 0
198 11.6698 0 0 -11.6698 0 0
199 11.3768 0 0 -11.3768 0 0
200 10.4657 0 0 -10.4657 0 0
201 10.0209 0 0 -10.0209 0 0
202 10.4135 0 0 -10.4135 0 0
203 11.3105 0 0 -11.3105 0 0
204 11.895 0 0 -11.895 0 0
205 11.765 0 0 -11.765 0 0
206 10.9178 0 0 -10.9178 0 0
207 10.3374 0 0 -10.3374 0 0
208 10.7199 0 0 -10.7199 0 0
209 11.5939 0 0 -11.5939 0 0
210 12.292 0 0 -12.292 0 0
211 12.0602 0 0 -12.0602 0 0
212 11.2898 0 0 -11.2898 0 0
213 10.7698 0 0 -10.7698 0 0
214 10.9668 0 0 -10.9668 0 0
215 11.8206 0 0 -11.8206 0 0
216 12.4423 0 0 -12.4423 0 0
217 12.5064 0 0 -12.5064 0 0
218 11.7611 0 0 -11.7611 0 0
219 11.1368 0 0 -11.1368 0 0
220 11.2247 0 0 -11.2247 0 0
221 12.0779 0 0 -12.0779 0 0
222 12.738 0 0 -12.738 0 0
223 12.8687 0 0 -12.8687 0 0
224 12.3399 0 0 -12.3399 0 0
225 11.6513 0 0 -11.6513 0 0
226 11.4467 0 0 -11.4467 0 0
227 12.0229 0 0 -12.0229 0 0
228 12.7915 0 0 -12.7915 0 0
229 13.2802 0 0 -13.2802 0 0
230 13.0259 0 0 -13.0259 0 0
231 12.3128 0 0 -12.3128 0 0
232 11.7543 0 0 -11.7543 0 0
233 11.9439 0 0 -11.9439 0 0
234 12.8567 0 0 -12.8567 0 0
235 13.4767 0 0 -13.4767 0 0
236 13.6359 0 0 -13.6359 0 0
237 12.9273 0 0 -12.9273 0 0
238 12.3791 0 0 -12.3791 0 0
239 12.1164 0 0 -12.1164 0 0
240 12.7467 0 0 -12.7467 0 0
241 13.5927 0 0 -13.5927 0 0
242 14.0222 0 0 -14.0222 0 0
243 13.7067 0 0 -13.7067 0 0
244 12.8257 0 0 -12.8257 0 0
245 12.4358 0 0 -12.4358 0 0
246 12.8187 0 0 -12.8187 0 0
247 13.6741 0 0 -13.6741 0 0
248 14.3696 0 0 -14.3696 0 0
249 14.1754 0 0 -14.1754 0 0
250 13.455 0 0 -13.455 0 0
251 12.9609 0 0 -12.9609 0 0
252 12.8924 0 0 -12.8924 0 0
253 13.7457 0 0 -13.7457 0 0
254 14.4426 0 0 -14.4426 0 0
255 14.7228 0 0 -14.7228 0 0
256 14.1889 0 0 -14.1889 0 0
257 13.4503 0 0 -13.4503 0 0
258 13.1271 0 0 -13.1271 0 0
259 13.6271 0 0 -13.6271 0 0
260 14.5169 0 0 -14.5169 0 0
261 15.0503 0 0 -15.0503 0 0
262 14.9231 0 0 -14.9231 0 0
263 13.9823 0 0 -13.9823 0 0
264 13.5033 0 0 -13.5033 0 0
265 13.7839 0 0 -13.7839 0 0
266 14.6402 0 0 -14.6402 0 0
267 15.3008 0 0 -15.3008 0 0
268 15.3136 0 0 -15.3136 0 0
269 14.5484 0 0 -14.5484 0 0
270 13.9271 0 0 -13.9271 0 0
271 13.9321 0 0 -13.9321 0 0
272 14.8452 0 0 -14.8452 0 0
273 15.5075 0 0 -15.5075 0 0
274 15.8293 0 0 -15.8293 0 0
275 15.1304 0 0 -15.1304 0 0
276 14.4286 0 0 -14.4286 0 0
277 14.1557 0 0 -14.1557 0 0
278 14.8233 0 0 -14.8233 0 0
279 15.6861 0 0 -15.6861 0 0
280 16.125 0 0 -16.125 0 0
281 15.8551 0 0 -15.8551 0 0
282 14.9167 0 0 -14.9167 0 0
283 14.4101 0 0 -14.4101 0 0
284 14.8502 0 0 -14.8502 0 0
285 15.8435 0 0 -15.8435 0 0
286 16.6654 0 0 -16.6654 0 0
287 16.2912 0 0 -16.2912 0 0
288 15.1798 0 0 -15.1798 0 0
289 14.7434 0 0 -14.7434 0 0
290 15.2574 0 0 -15.2574 0 0
291 16.2945 0 0 -16.2945 0 0
292 16.9159 0 0 -16.9159 0 0
293 16.531 0 0 -16.531 0 0
294 15.462 0 0 -15.462 0 0
295 14.9886 0 0 -14.9886 0 0
296 15.7246 0 0 -15.7246 0 0
297 16.7231 0 0 -16.7231 0 0
298 17.2688 0 0 -17.2688 0 0
299 16.7546 0 0 -16.7546 0 0
300 15.8573 0 0 -15.8573 0 0
301 15.368 0 0 -15.368 0 0
302 15.9115 0 0 -15.9115 0 0
303 17.0412 0 0 -17.0412 0 0
304 17.6511 0 0 -17.6511 0 0
305 17.0672 0 0 -17.0672 0 0
306 16.2049 0 0 -16.2049 0 0
307 15.6623 0 0 -15.6623 0 0
308 16.2987 0 0 -16.2987 0 0
309 17.498 0 0 -17.498 0 0
310 17.978 0 0 -17.978 0 0
311 17.3035 0 0 -17.3035 0 0
312 16.428 0 0 -16.428 0 0
313 16.029 0 0 -16.029 0 0
314 16.6587 0 0 -16.6587 0 0
315 17.7485 0 0 -17.7485 0 0
316 18.2715 0 0 -18.2715 0 0
317 17.7367 0 0 -17.7367 0 0
318 16.8549 0 0 -16.8549 0 0
319 16.2777 0 0 -16.2777 0 0
320 16.9056 0 0 -16.9056 0 0
321 18.0676 0 0 -18.0676 0 0
322 18.6255 0 0 -18.6255 0 0
323 18.0788 0 0 -18.0788 0 0
324 17.0155 0 0 -17.0155 0 0
325 16.6508 0 0 -16.6508 0 0
326 17.4432 0 0 -17.4432 0 0
327 18.5243 0 0 -18.5243 0 0
328 18.9612 0 0 -18.9612 0 0
329 18.1685 0 0 -18.1685 0 0
330 17.4045 0 0 -17.4045 0 0
331 17.0306 0 0 -17.0306 0 0
332 17.7127 0 0 -17.7127 0 0
333 18.852 0 0 -18.852 0 0
334 19.245 0 0 -19.245 0 0
335 18.6329 0 0 -18.6329 0 0
336 17.7067 0 0 -17.7067 0 0
337 17.3263 0 0 -17.3263 0 0
338 18.065 0 0 -18.065 0 0
339 19.1744 0 0 -19.1744 0 0
340 19.5941 0 0 -19.5941 0 0
341 18.9032 0 0 -18.9032 0 0
342 18.0829 0 0 -18.0829 0 0
343 17.5758 0 0 -17.5758 0 0
344 18.3636 0 0 -18.3636 0 0
345 19.6326 0 0 -19.6326 0 0
346 19.9797 0 0 -19.9797 0 0
347 19.1623 0 0 -19.1623 0 0
348 18.2983 0 0 -18.2983 0 0
349 17.9107 0 0 -17.9107 0 0
350 18.8212 0 0 -18.8212 0 0
351 19.8974 0 0 -19.8974 0 0
352 20.3589 0 0 -20.3589 0 0
353 19.5377 0 0 -19.5377 0 0
354 18.6169 0 0 -18.6169 0 0
355 18.2673 0 0 -18.2673 0 0
356 19.1085 0 0 -19.1085 0 0
357 20.3071 0 0 -20.3071 0 0
358 20.6115 0 0 -20.6115 0 0
359 19.7453 0 0 -19.7453 0 0
360 18.9037 0 0 -18.9037 0 0
361 18.5991 0 0 -18.5991 0 0
362 19.6677 0 0 -19.6677 0 0
363 20.6922 0 0 -20.6922 0 0
364 20.8893 0 0 -20.8893 0 0
365 19.8699 0 0 -19.8699 0 0
366 19.1095 0 0 -19.1095 0 0
367 18.953 0 0 -18.953 0 0
368 20.1544 0 0 -20.1544 0 0
369 21.14 0 0 -21.14 0 0
370 21.1497 0 0 -21.1497 0 0
371 20.099 0 0 -20.099 0 0
372 19.2667 0 0 -19.2667 0 0
373 19.4642 0 0 -19.4642 0 0
374 20.737 0 0 -20.737 0 0
375 21.6094 0 0 -21.6094 0 0
376 21.2499 0 0 -21.2499 0 0
377 20.0454 0 0 -20.0454 0 0
378 19.5049 0 0 -19.5049 0 0
379 20.2726 0 0 -20.2726 0 0
380 21.4077 0 0 -21.4077 0 0
381 21.9061 0 0 -21.9061 0 0
382 21.0941 0 0 -21.0941 0 0
383 20.2858 0 0 -20.2858 0 0
384 19.8699 0 0 -19.8699 0 0
385 20.7743 0 0 -20.7743 0 0
386 21.9032 0 0 -21.9032 0 0
387 22.2221 0 0 -22.2221 0 0
388 21.2743 0 0 -21.2743 0 0
389 20.3264 0 0 -20.3264 0 0
390 20.2308 0 0 -20.2308 0 0
391 21.4005 0 0 -21.4005 0 0
392 22.4601 0 0 -22.4601 0 0
393 22.4213 0 0 -22.4213 0 0
394 21.2228 0 0 -21.2228 0 0
395 20.4959 0 0 -20.4959 0 0
396 20.8436 0 0 -20.8436 0 0
397 22.1358 0 0 -22.1358 0 0
398 22.9021 0 0 -22.9021 0 0
399 22.4183 0 0 -22.4183 0 0
400 21.2724 0 0 -21.2724 0 0
401 20.7034 0 0 -20.7034 0 0
402 21.5677 0 0 -21.5677 0 0
403 22.6943 0 0 -22.6943 0 0
404 23.1523 0 0 -23.1523 0 0
405 22.5186 0 0 -22.5186 0 0
406 21.5289 0 0 -21.5289 0 0
407 21.0884 0 0 -21.0884 0 0
408 21.9531 0 0 -21.9531 0 0
409 23.1915 0 0 -23.1915 0 0
410 23.5185 0 0 -23.5185 0 0
411 22.6361 0 0 -22.6361 0 0
412 21.725 0 0 -21.725 0 0
413 21.3739 0 0 -21.3739 0 0
414 22.602 0 0 -22.602 0 0
415 23.7412 0 0 -23.7412 0 0
416 23.6072 0 0 -23.6072 0 0
417 22.5173 0 0 -22.5173 0 0
418 21.7272 0 0 -21.7272 0 0
419 22.2298 0 0 -22.2298 0 0
420 23.4496 0 0 -23.4496 0 0
421 24.2331 0 0 -24.2331 0 0
422 23.5591 0 0 -23.5591 0 0
423 22.294 0 0 -22.294 0 0
424 22.0033 0 0 -22.0033 0 0
425 23.0317 0 0 -23.0317 0 0
426 24.1804 0 0 -24.1804 0 0
427 24.4264 0 0 -24.4264 0 0
428 23.3542 0 0 -23.3542 0 0
429 22.4762 0 0 -22.4762 0 0
430 22.5296 0 0 -22.5296 0 0
431 23.8274 0 0 -23.8274 0 0
432 24.7317 0 0 -24.7317 0 0
433 24.4144 0 0 -24.4144 0 0
434 23.2432 0 0 -23.2432 0 0
435 22.5605 0 0 -22.5605 0 0
436 23.3472 0 0 -23.3472 0 0
437 24.517 0 0 -24.517 0 0
438 25.081 0 0 -25.081 0 0
439 24.3895 0 0 -24.3895 0 0
440 23.4295 0 0 -23.4295 0 0
441 22.9707 0 0 -22.9707 0 0
442 23.7727 0 0 -23.7727 0 0
443 25.0031 0 0 -25.0031 0 0
444 25.3701 0 0 -25.3701 0 0
445 24.6355 0 0 -24.6355 0 0
446 23.6303 0 0 -23.6303 0 0
447 23.2834 0 0 -23.2834 0 0
448 24.189 0 0 -24.189 0 0
449 25.3815 0 0 -25.3815 0 0
450 25.7934 0 0 -25.7934 0 0
451 24.7995 0 0 -24.7995 0 0
452 23.8591 0 0 -23.8591 0 0
453 23.6048 0 0 -23.6048 0 0
454 24.7693 0 0 -24.7693 0 0
455 25.8276 0 0 -25.8276 0 0
456 26.0901 0 0 -26.0901 0 0
457 24.9824 0 0 -24.9824 0 0
458 24.0228 0 0 -24.0228 0 0
459 24.0464 0 0 -24.0464 0 0
460 25.3232 0 0 -25.3232 0 0
461 26.3809 0 0 -26.3809 0 0
462 26.0925 0 0 -26.0925 0 0
463 24.7815 0 0 -24.7815 0 0
464 24.1304 0 0 -24.1304 0 0
465 24.9262 0 0 -24.9262 0 0
466 26.2368 0 0 -26.2368 0 0
467 26.7052 0 0 -26.7052 0 0
468 25.9746 0 0 -25.9746 0 0
469 24.9155 0 0 -24.9155 0 0
470 24.5104 0 0 -24.5104 0 0
471 25.5596 0 0 -25.5596 0 0
472 26.6984 0 0 -26.6984 0 0
473 26.9513 0 0 -26.9513 0 0
474 26.0377 0 0 -26.0377 0 0
475 25.0723 0 0 -25.0723 0 0
476 24.9463 0 0 -24.9463 0 0
477 26.0792 0 0 -26.0792 0 0
478 27.1587 0 0 -27.1587 0 0
479 27.2303 0 0 -27.2303 0 0
480 25.9475 0 0 -25.9475 0 0
481 25.1804 0 0 -25.1804 0 0
482 25.6339 0 0 -25.6339 0 0
483 26.9718 0 0 -26.9718 0 0
484 27.6963 0 0 -27.6963 0 0
485 26.9987 0 0 -26.9987 0 0
486 25.9051 0 0 -25.9051 0 0
487 25.4303 0 0 -25.4303 0 0
488 26.4441 0 0 -26.4441 0 0
489 27.5923 0 0 -27.5923 0 0
490 27.9062 0 0 -27.9062 0 0
491 27.0223 0 0 -27.0223 0 0
492 26.0168 0 0 -26.0168 0 0
493 25.7945 0 0 -25.7945 0 0
494 27.0585 0 0 -27.0585 0 0
495 28.17 0 0 -28.17 0 0
496 28.1402 0 0 -28.1402 0 0
497 26.817 0 0 -26.817 0 0
498 26.1164 0 0 -26.1164 0 0
499 26.6724 0 0 -26.6724 0 0
500 27.9994 0 0 -27.9994 0 0
501 28.5317 0 0 -28.5317 0 0
502 27.8892 0 0 -27.8892 0 0
503 26.9029 0 0 -26.9029 0 0
504 26.3814 0 0 -26.3814 0 0
505 27.298 0 0 -27.298 0 0
506 28.4843 0 0 -28.4843 0 0
507 28.8841 0 0 -28.8841 0 0
508 27.9872 0 0 -27.9872 0 0
509 26.9688 0 0 -26.9688 0 0
510 26.8083 0 0 -26.8083 0 0
511 27.9306 0 0 -27.9306 0 0
512 29.0338 0 0 -29.0338 0 0
513 29.1507 0 0 -29.1507 0 0
514 27.8197 0 0 -27.8197 0 0
515 27.0242 0 0 -27.0242 0 0
516 27.4693 0 0 -27.4693 0 0
517 28.8597 0 0 -28.8597 0 0
518 29.5618 0 0 -29.5618 0 0
519 28.8584 0 0 -28.8584 0 0
520 27.8151 0 0 -27.8151 0 0
521 27.3121 0 0 -27.3121 0 0
522 28.2849 0 0 -28.2849 0 0
523 29.4656 0 0 -29.4656 0 0
524 29.7695 0 0 -29.7695 0 0
525 28.9275 0 0 -28.9275 0 0
526 27.988 0 0 -27.988 0 0
527 27.7261 0 0 -27.7261 0 0
528 28.671 0 0 -28.671 0 0
529 29.8882 0 0 -29.8882 0 0
530 30.1154 0 0 -30.1154 0 0
531 29.0225 0 0 -29.0225 0 0
532 28.2248 0 0 -28.2248 0 0
533 28.1356 0 0 -28.1356 0 0
534 29.4453 0 0 -29.4453 0 0
535 30.3571 0 0 -30.3571 0 0
536 30.1667 0 0 -30.1667 0 0
537 28.9095 0 0 -28.9095 0 0
538 28.2938 0 0 -28.2938 0 0
539 29.0199 0 0 -29.0199 0 0
540 30.2694 0 0 -30.2694 0 0
541 30.803 0 0 -30.803 0 0
542 29.8604 0 0 -29.8604 0 0
543 28.8644 0 0 -28.8644 0 0
544 28.6457 0 0 -28.6457 0 0
545 29.9405 0 0 -29.9405 0 0
546 31.0497 0 0 -31.0497 0 0
547 30.8286 0 0 -30.8286 0 0
548 29.5885 0 0 -29.5885 0 0
549 28.8245 0 0 -28.8245 0 0
550 29.5471 0 0 -29.5471 0 0
551 30.8567 0 0 -30.8567 0 0
552 31.4532 0 0 -31.4532 0 0
553 30.6605 0 0 -30.6605 0 0
554 29.4587 0 0 -29.4587 0 0
555 29.1758 0 0 -29.1758 0 0
556 30.3173 0 0 -30.3173 0 0
557 31.5489 0 0 -31.5489 0 0
558 31.6527 0 0 -31.6527 0 0
559 30.3918 0 0 -30.3918 0 0
560 29.5489 0 0 -29.5489 0 0
561 29.8319 0 0 -29.8319 0 0
562 31.2718 0 0 -31.2718 0 0
563 32.0931 0 0 -32.0931 0 0
564 31.4369 0 0 -31.4369 0 0
565 30.1341 0 0 -30.1341 0 0
566 29.7649 0 0 -29.7649 0 0
567 30.9277 0 0 -30.9277 0 0
568 32.1423 0 0 -32.1423 0 0
569 32.2428 0 0 -32.2428 0 0
570 31.0057 0 0 -31.0057 0 0
571 30.0204 0 0 -30.0204 0 0
572 30.5596 0 0 -30.5596 0 0
573 31.9905 0 0 -31.9905 0 0
574 32.7228 0 0 -32.7228 0 0
575 31.9347 0 0 -31.9347 0 0
576 30.6371 0 0 -30.6371 0 0
577 30.3852 0 0 -30.3852 0 0
578 31.6253 0 0 -31.6253 0 0
579 32.8193 0 0 -32.8193 0 0
580 32.7803 0 0 -32.7803 0 0
581 31.5124 0 0 -31.5124 0 0
582 30.6734 0 0 -30.6734 0 0
583 31.243 0 0 -31.243 0 0
584 32.5691 0 0 -32.5691 0 0
585 33.3265 0 0 -33.3265 0 0
586 32.4793 0 0 -32.4793 0 0
587 31.3634 0 0 -31.3634 0 0
588 30.9579 0 0 -30.9579 0 0
589 32.1253 0 0 -32.1253 0 0
590 33.3671 0 0 -33.3671 0 0
591 33.5466 0 0 -33.5466 0 0
592 32.1983 0 0 -32.1983 0 0
593 31.2417 0 0 -31.2417 0 0
594 31.7037 0 0 -31.7037 0 0
595 33.1862 0 0 -33.1862 0 0
596 34.0202 0 0 -34.0202 0 0
597 33.1464 0 0 -33.1464 0 0
598 31.9302 0 0 -31.9302 0 0
599 31.5212 0 0 -31.5212 0 0
600 32.7225 0 0 -32.7225 0 0
601 34.0255 0 0 -34.0255 0 0
602 34.0879 0 0 -34.0879 0 0
603 32.8328 0 0 -32.8328 0 0
604 31.8292 0 0 -31.8292 0 0
605 32.316 0 0 -32.316 0 0
606 33.8237 0 0 -33.8237 0 0
607 34.5214 0 0 -34.5214 0 0
608 33.7479 0 0 -33.7479 0 0
609 32.468 0 0 -32.468 0 0
610 32.2151 0 0 -32.2151 0 0
611 33.4696 0 0 -33.4696 0 0
612 34.6929 0 0 -34.6929 0 0
613 34.5878 0 0 -34.5878 0 0
614 33.2281 0 0 -33.2281 0 0
615 32.4645 0 0 -32.4645 0 0
616 33.0322 0 0 -33.0322 0 0
617 34.5414 0 0 -34.5414 0 0
618 35.1693 0 0 -35.1693 0 0
619 34.1617 0 0 -34.1617 0 0
620 32.8671 0 0 -32.8671 0 0
621 32.9509 0 0 -32.9509 0 0
622 34.4413 0 0 -34.4413 0 0
623 35.4309 0 0 -35.4309 0 0
624 34.8889 0 0 -34.8889 0 0
625 33.55 0 0 -33.55 0 0
626 33.0318 0 0 -33.0318 0 0
627 34.0606 0 0 -34.0606 0 0
628 35.411 0 0 -35.411 0 0
629 35.6421 0 0 -35.6421 0 0
630 34.4889 0 0 -34.4889 0 0
631 33.4982 0 0 -33.4982 0 0
632 33.6156 0 0 -33.6156 0 0
633 35.057 0 0 -35.057 0 0
634 35.9477 0 0 -35.9477 0 0
635 35.5437 0 0 -35.5437 0 0
636 34.1991 0 0 -34.1991 0 0
637 33.6379 0 0 -33.6379 0 0
638 34.6694 0 0 -34.6694 0 0
639 35.9152 0 0 -35.9152 0 0
640 36.2786 0 0 -36.2786 0 0
641 35.1492 0 0 -35.1492 0 0
642 34.1433 0 0 -34.1433 0 0
643 34.1023 0 0 -34.1023 0 0
644 35.5794 0 0 -35.5794 0 0
645 36.6486 0 0 -36.6486 0 0
646 36.1853 0 0 -36.1853 0 0
647 34.7751 0 0 -34.7751 0 0
648 34.2323 0 0 -34.2323 0 0
649 35.3293 0 0 -35.3293 0 0
650 36.561 0 0 -36.561 0 0
651 36.8561 0 0 -36.8561 0 0
652 35.6661 0 0 -35.6661 0 0
653 34.6977 0 0 -34.6977 0 0
654 34.9092 0 0 -34.9092 0 0
655 36.2596 0 0 -36.2596 0 0
656 37.25 0 0 -37.25 0 0
657 36.662 0 0 -36.662 0 0
658 35.3038 0 0 -35.3038 0 0
659 34.8462 0 0 -34.8462 0 0
660 35.9877 0 0 -35.9877 0 0
661 37.2952 0 0 -37.2952 0 0
662 37.4047 0 0 -37.4047 0 0
663 36.1537 0 0 -36.1537 0 0
664 35.2084 0 0 -35.2084 0 0
665 35.5868 0 0 -35.5868 0 0
666 37.1195 0 0 -37.1195 0 0
667 37.803 0 0 -37.803 0 0
668 37.1832 0 0 -37.1832 0 0
669 35.9412 0 0 -35.9412 0 0
670 35.468 0 0 -35.468 0 0
671 36.4972 0 0 -36.4972 0 0
672 37.7938 0 0 -37.7938 0 0
673 38.0284 0 0 -38.0284 0 0
674 37.0452 0 0 -37.0452 0 0
675 36.0622 0 0 -36.0622 0 0
676 35.9293 0 0 -35.9293 0 0
677 37.2399 0 0 -37.2399 0 0
678 38.4036 0 0 -38.4036 0 0
679 38.101 0 0 -38.101 0 0
680 36.7479 0 0 -36.7479 0 0
681 36.0828 0 0 -36.0828 0 0
682 36.8556 0 0 -36.8556 0 0
683 38.3221 0 0 -38.3221 0 0
684 38.7662 0 0 -38.7662 0 0
685 37.7527 0 0 -37.7527 0 0
686 36.6559 0 0 -36.6559 0 0
687 36.4879 0 0 -36.4879 0 0
688 37.7868 0 0 -37.7868 0 0
689 38.8871 0 0 -38.8871 0 0
690 38.8772 0 0 -38.8772 0 0
691 37.5194 0 0 -37.5194 0 0
692 36.7089 0 0 -36.7089 0 0
693 37.3539 0 0 -37.3539 0 0
694 38.7043 0 0 -38.7043 0 0
695 39.3261 0 0 -39.3261 0 0
696 38.5217 0 0 -38.5217 0 0
697 37.3045 0 0 -37.3045 0 0
698 37.0475 0 0 -37.0475 0 0
699 38.4161 0 0 -38.4161 0 0
700 39.5229 0 0 -39.5229 0 0
701 39.4465 0 0 -39.4465 0 0
702 38.0673 0 0 -38.0673 0 0
703 37.3296 0 0 -37.3296 0 0
704 37.9921 0 0 -37.9921 0 0
705 39.3691 0 0 -39.3691 0 0
706 39.9506 0 0 -39.9506 0 0
707 39.0307 0 0 -39.0307 0 0
708 37.8304 0 0 -37.8304 0 0
709 37.7338 0 0 -37.7338 0 0
710 39.1636 0 0 -39.1636 0 0
711 40.2797 0 0 -40.2797 0 0
712 39.8664 0 0 -39.8664 0 0
713 38.4142 0 0 -38.4142 0 0
714 37.8549 0 0 -37.8549 0 0
715 38.9303 0 0 -38.9303 0 0
716 40.2721 0 0 -40.2721 0 0
717 40.5019 0 0 -40.5019 0 0
718 39.3045 0 0 -39.3045 0 0
719 38.2219 0 0 -38.2219 0 0
720 38.5804 0 0 -38.5804 0 0
721 40.0114 0 0 -40.0114 0 0
722 40.8718 0 0 -40.8718 0 0
723 40.2888 0 0 -40.2888 0 0
724 38.8556 0 0 -38.8556 0 0
725 38.5369 0 0 -38.5369 0 0
726 39.6521 0 0 -39.6521 0 0
727 40.9817 0 0 -40.9817 0 0
728 41.038 0 0 -41.038 0 0
729 39.7998 0 0 -39.7998 0 0
730 38.8505 0 0 -38.8505 0 0
731 39.1962 0 0 -39.1962 0 0
732 40.7696 0 0 -40.7696 0 0
733 41.5653 0 0 -41.5653 0 0
734 40.7804 0 0 -40.7804 0 0
735 39.4323 0 0 -39.4323 0 0
736 38.9775 0 0 -38.9775 0 0
737 40.3106 0 0 -40.3106 0 0
738 41.6381 0 0 -41.6381 0 0
739 41.7363 0 0 -41.7363 0 0
740 40.3645 0 0 -40.3645 0 0
741 39.3239 0 0 -39.3239 0 0
742 39.8545 0 0 -39.8545 0 0
743 41.4183 0 0 -41.4183 0 0
744 42.2033 0 0 -42.2033 0 0
745 41.2886 0 0 -41.2886 0 0
746 39.9015 0 0 -39.9015 0 0
747 39.7545 0 0 -39.7545 0 0
748 41.1169 0 0 -41.1169 0 0
749 42.344 0 0 -42.344 0 0
750 42.1004 0 0 -42.1004 0 0
751 40.8044 0 0 -40.8044 0 0
752 39.9675 0 0 -39.9675 0 0
753 40.6035 0 0 -40.6035 0 0
754 42.1507 0 0 -42.1507 0 0
755 42.7157 0 0 -42.7157 0 0
756 41.8793 0 0 -41.8793 0 0
757 40.6721 0 0 -40.6721 0 0
758 40.314 0 0 -40.314 0 0
759 41.4834 0 0 -41.4834 0 0
760 42.8503 0 0 -42.8503 0 0
761 42.9264 0 0 -42.9264 0 0
762 41.5734 0 0 -41.5734 0 0
763 40.6283 0 0 -40.6283 0 0
764 40.9319 0 0 -40.9319 0 0
765 42.5357 0 0 -42.5357 0 0
766 43.484 0 0 -43.484 0 0
767 42.5631 0 0 -42.5631 0 0
768 41.0669 0 0 -41.0669 0 0
769 40.896 0 0 -40.896 0 0
770 42.3676 0 0 -42.3676 0 0
771 43.6875 0 0 -43.6875 0 0
772 43.2882 0 0 -43.2882 0 0
773 41.8072 0 0 -41.8072 0 0
774 41.0923 0 0 -41.0923 0 0
775 42.157 0 0 -42.157 0 0
776 43.5775 0 0 -43.5775 0 0
777 43.8877 0 0 -43.8877 0 0
778 42.6342 0 0 -42.6342 0 0
779 41.5211 0 0 -41.5211 0 0
780 41.8643 0 0 -41.8643 0 0
781 43.3985 0 0 -43.3985 0 0
782 44.2585 0 0 -44.2585 0 0
783 43.4459 0 0 -43.4459 0 0
784 42.0497 0 0 -42.0497 0 0
785 41.827 0 0 -41.827 0 0
786 43.2444 0 0 -43.2444 0 0
787 44.4068 0 0 -44.4068 0 0
788 44.1627 0 0 -44.1627 0 0
789 42.6175 0 0 -42.6175 0 0
790 42.0677 0 0 -42.0677 0 0
791 43.1622 0 0 -43.1622 0 0
792 44.4614 0 0 -44.4614 0 0
793 44.6939 0 0 -44.6939 0 0
794 43.4876 0 0 -43.4876 0 0
795 42.5105 0 0 -42.5105 0 0
796 42.6375 0 0 -42.6375 0 0
797 44.1293 0 0 -44.1293 0 0
798 45.1748 0 0 -45.1748 0 0
799 44.4895 0 0 -44.4895 0 0
800 43.0278 0 0 -43.0278 0 0
801 42.6982 0 0 -42.6982 0 0
802 43.9791 0 0 -43.9791 0 0
803 45.2579 0 0 -45.2579 0 0
804 45.1788 0 0 -45.1788 0 0
805 43.6479 0 0 -43.6479 0 0
806 42.932 0 0 -42.932 0 0
807 43.7434 0 0 -43.7434 0 0
808 45.2433 0 0 -45.2433 0 0
809 45.6949 0 0 -45.6949 0 0
810 44.659 0 0 -44.659 0 0
811 43.3714 0 0 -43.3714 0 0
812 43.381 0 0 -43.381 0 0
813 44.8335 0 0 -44.8335 0 0
814 45.9784 0 0 -45.9784 0 0
815 45.6597 0 0 -45.6597 0 0
816 44.1319 0 0 -44.1319 0 0
817 43.5026 0 0 -43.5026 0 0
818 44.5564 0 0 -44.5564 0 0
819 46.0461 0 0 -46.0461 0 0
820 46.2734 0 0 -46.2734 0 0
821 44.7878 0 0 -44.7878 0 0
822 43.8266 0 0 -43.8266 0 0
823 44.3124 0 0 -44.3124 0 0
824 45.9381 0 0 -45.9381 0 0
825 46.6881 0 0 -46.6881 0 0
826 45.7204 0 0 -45.7204 0 0
827 44.2745 0 0 -44.2745 0 0
828 44.1396 0 0 -44.1396 0 0
829 45.8192 0 0 -45.8192 0 0
830 46.9803 0 0 -46.9803 0 0
831 46.3889 0 0 -46.3889 0 0
832 44.9193 0 0 -44.9193 0 0
833 44.3418 0 0 -44.3418 0 0
834 45.5687 0 0 -45.5687 0 0
835 46.9499 0 0 -46.9499 0 0
836 47.0137 0 0 -47.0137 0 0
837 45.6494 0 0 -45.6494 0 0
838 44.8083 0 0 -44.8083 0 0
839 45.3182 0 0 -45.3182 0 0
840 46.7612 0 0 -46.7612 0 0
841 47.4694 0 0 -47.4694 0 0
842 46.6145 0 0 -46.6145 0 0
843 45.2587 0 0 -45.2587 0 0
844 45.0634 0 0 -45.0634 0 0
845 46.535 0 0 -46.535 0 0
846 47.7694 0 0 -47.7694 0 0
847 47.3939 0 0 -47.3939 0 0
848 45.8613 0 0 -45.8613 0 0
849 45.2712 0 0 -45.2712 0 0
850 46.3978 0 0 -46.3978 0 0
851 47.7476 0 0 -47.7476 0 0
852 47.9923 0 0 -47.9923 0 0
853 46.7215 0 0 -46.7215 0 0
854 45.6601 0 0 -45.6601 0 0
855 46.006 0 0 -46.006 0 0
856 47.5209 0 0 -47.5209 0 0
857 48.412 0 0 -48.412 0 0
858 47.6032 0 0 -47.6032 0 0
859 46.2308 0 0 -46.2308 0 0
860 45.9312 0 0 -45.9312 0 0
861 47.2966 0 0 -47.2966 0 0
862 48.5822 0 0 -48.5822 0 0
863 48.3598 0 0 -48.3598 0 0
864 46.945 0 0 -46.945 0 0
865 46.14 0 0 -46.14 0 0
866 47.0113 0 0 -47.0113 0 0
867 48.5223 0 0 -48.5223 0 0
868 48.9423 0 0 -48.9423 0 0
869 47.8528 0 0 -47.8528 0 0
870 46.7042 0 0 -46.7042 0 0
871 46.5886 0 0 -46.5886 0 0
872 48.0664 0 0 -48.0664 0 0
873 49.3333 0 0 -49.3333 0 0
874 48.8264 0 0 -48.8264 0 0
875 47.2504 0 0 -47.2504 0 0
876 46.7232 0 0 -46.7232 0 0
877 48.0288 0 0 -48.0288 0 0
878 49.4628 0 0 -49.4628 0 0
879 49.3463 0 0 -49.3463 0 0
880 47.9413 0 0 -47.9413 0 0
881 46.9885 0 0 -46.9885 0 0
882 47.8555 0 0 -47.8555 0 0
883 49.3957 0 0 -49.3957 0 0
884 49.8196 0 0 -49.8196 0 0
885 48.755 0 0 -48.755 0 0
886 47.4879 0 0 -47.4879 0 0
887 47.584 0 0 -47.584 0 0
888 49.0474 0 0 -49.0474 0 0
889 50.189 0 0 -50.189 0 0
890 49.643 0 0 -49.643 0 0
891 48.0746 0 0 -48.0746 0 0
892 47.6669 0 0 -47.6669 0 0
893 48.87 0 0 -48.87 0 0
894 50.2789 0 0 -50.2789 0 0
895 50.2361 0 0 -50.2361 0 0
896 48.7333 0 0 -48.7333 0 0
897 47.9831 0 0 -47.9831 0 0
898 48.7255 0 0 -48.7255 0 0
899 50.2325 0 0 -50.2325 0 0
900 50.6644 0 0 -50.6644 0 0
901 49.7934 0 0 -49.7934 0 0
902 48.4346 0 0 -48.4346 0 0
903 48.3146 0 0 -48.3146 0 0
904 49.868 0 0 -49.868 0 0
905 50.9572 0 0 -50.9572 0 0
906 50.7142 0 0 -50.7142 0 0
907 49.266 0 0 -49.266 0 0
908 48.5147 0 0 -48.5147 0 0
909 49.4359 0 0 -49.4359 0 0
910 50.94 0 0 -50.94 0 0
911 51.3278 0 0 -51.3278 0 0
912 50.1307 0 0 -50.1307 0 0
913 49.0485 0 0 -49.0485 0 0
914 48.9305 0 0 -48.9305 0 0
915 50.5005 0 0 -50.5005 0 0
916 51.8131 0 0 -51.8131 0 0
917 51.2068 0 0 -51.2068 0 0
918 49.5822 0 0 -49.5822 0 0
919 49.0807 0 0 -49.0807 0 0
920 50.2332 0 0 -50.2332 0 0
921 51.7039 0 0 -51.7039 0 0
922 51.8152 0 0 -51.8152 0 0
923 50.3497 0 0 -50.3497 0 0
924 49.4852 0 0 -49.4852 0 0
925 50.1786 0 0 -50.1786 0 0
926 51.6613 0 0 -51.6613 0 0
927 52.1455 0 0 -52.1455 0 0
928 51.2087 0 0 -51.2087 0 0
929 50.1638 0 0 -50.1638 0 0
930 49.8277 0 0 -49.8277 0 0
931 51.1786 0 0 -51.1786 0 0
932 52.387 0 0 -52.387 0 0
933 52.2775 0 0 -52.2775 0 0
934 50.8526 0 0 -50.8526 0 0
935 50.0628 0 0 -50.0628 0 0
936 50.7871 0 0 -50.7871 0 0
937 52.2504 0 0 -52.2504 0 0
938 52.8114 0 0 -52.8114 0 0
939 51.9181 0 0 -51.9181 0 0
940 50.7183 0 0 -50.7183 0 0
941 50.3477 0 0 -50.3477 0 0
942 51.7419 0 0 -51.7419 0 0
943 53.0969 0 0 -53.0969 0 0
944 52.9207 0 0 -52.9207 0 0
945 51.42 0 0 -51.42 0 0
946 50.5931 0 0 -50.5931 0 0
947 51.4734 0 0 -51.4734 0 0
948 53.0182 0 0 -53.0182 0 0
949 53.3264 0 0 -53.3264 0 0
950 52.3148 0 0 -52.3148 0 0
951 51.1581 0 0 -51.1581 0 0
952 51.1923 0 0 -51.1923 0 0
953 52.6426 0 0 -52.6426 0 0
954 53.7276 0 0 -53.7276 0 0
955 53.1827 0 0 -53.1827 0 0
956 51.7286 0 0 -51.7286 0 0
957 51.3047 0 0 -51.3047 0 0
958 52.46 0 0 -52.46 0 0
959 53.7718 0 0 -53.7718 0 0
960 53.8568 0 0 -53.8568 0 0
961 52.4444 0 0 -52.4444 0 0
962 51.5658 0 0 -51.5658 0 0
963 52.2427 0 0 -52.2427 0 0
964 53.7179 0 0 -53.7179 0 0
965 54.2861 0 0 -54.2861 0 0
966 53.3183 0 0 -53.3183 0 0
967 52.0462 0 0 -52.0462 0 0
968 51.9578 0 0 -51.9578 0 0
969 53.4316 0 0 -53.4316 0 0
970 54.705 0 0 -54.705 0 0
971 54.1691 0 0 -54.1691 0 0
972 52.6787 0 0 -52.6787 0 0
973 52.088 0 0 -52.088 0 0
974 53.2992 0 0 -53.2992 0 0
975 54.585 0 0 -54.585 0 0
976 54.8019 0 0 -54.8019 0 0
977 53.4872 0 0 -53.4872 0 0
978 52.4648 0 0 -52.4648 0 0
979 52.9275 0 0 -52.9275 0 0
980 54.5088 0 0 -54.5088 0 0
981 55.2273 0 0 -55.2273 0 0
982 54.3479 0 0 -54.3479 0 0
983 52.9332 0 0 -52.9332 0 0
984 52.9141 0 0 -52.9141 0 0
985 54.3195 0 0 -54.3195 0 0
986 55.4152 0 0 -55.4152 0 0
987 55.0347 0 0 -55.0347 0 0
988 53.5294 0 0 -53.5294 0 0
989 53.0682 0 0 -53.0682 0 0
990 54.1759 0 0 -54.1759 0 0
991 55.4934 0 0 -55.4934 0 0
992 55.5733 0 0 -55.5733 0 0
993 54.2741 0 0 -54.2741 0 0
994 53.451 0 0 -53.451 0 0
995 53.9065 0 0 -53.9065 0 0
996 55.389 0 0 -55.389 0 0
997 55.9755 0 0 -55.9755 0 0
998 55.2387 0 0 -55.2387 0 0
999 54.0216 0 0 -54.0216 0 0
1000 53.6868 0 0 -53.6868 0 0
