0 -0.000401586
1 -0.000371784
2 -0.000527781
3 -0.000533555
4 -0.00188127
5 -0.000586361
6 -0.00099577
7 -0.00114534
8 -0.000565127
9 -0.000421237
10 -0.000589434
11 -0.00157338
12 -0.00173645
13 -0.00308398
14 -0.00421535
15 -0.0101551
16 -0.0486625
17 -0.0384064
18 -0.0141235
19 -0.0102322
20 -0.0149155
21 -0.0212542
22 -0.0233414
23 -0.0249109
24 -0.0262165
25 -0.0254625
26 -0.0220902
27 -0.0210282
28 -0.0185861
29 -0.0199256
30 -0.022262
31 -0.0266101
32 -0.0306027
33 -0.0337748
34 -0.0355599
35 -0.0351181
36 -0.032306
37 -0.0285191
38 -0.0266161
39 -0.0272286
40 -0.0314426
41 -0.0362411
42 -0.041082
43 -0.0438388
44 -0.041519
45 -0.0362789
46 -0.0324412
47 -0.0308356
48 -0.0375861
49 -0.0428743
50 -0.0467862
51 -0.049045
52 -0.0463018
53 -0.0417765
54 -0.0376342
55 -0.0365889
56 -0.0448328
57 -0.0500455
58 -0.0547624
59 -0.0532826
60 -0.0460968
61 -0.0426699
62 -0.041658
63 -0.0498813
64 -0.0535439
65 -0.0570739
66 -0.057769
67 -0.0542011
68 -0.0480524
69 -0.0452508
70 -0.0496501
71 -0.0568178
72 -0.0623172
73 -0.0637512
74 -0.0594334
75 -0.051548
76 -0.0492462
77 -0.0554794
78 -0.061812
79 -0.0665666
80 -0.0662712
81 -0.0592353
82 -0.0524222
83 -0.0577143
84 -0.0630179
85 -0.0684242
86 -0.0713699
87 -0.0651063
88 -0.0604165
89 -0.0570518
90 -0.0632393
91 -0.0672732
92 -0.0724047
93 -0.0750523
94 -0.0677127
95 -0.0626335
96 -0.0617699
97 -0.0673185
98 -0.0729299
99 -0.0772853
100 -0.0789278
101 -0.0712175
102 -0.066575
103 -0.0667819
104 -0.0734214
105 -0.0765315
106 -0.0804408
107 -0.0821242
108 -0.0756666
109 -0.0719295
110 -0.0692866
111 -0.0744952
112 -0.0809237
113 -0.0863587
114 -0.0865377
115 -0.0799232
116 -0.0745106
117 -0.072339
118 -0.0792857
119 -0.0866516
120 -0.0904935
121 -0.089977
122 -0.0823365
123 -0.0766508
124 -0.0808938
125 -0.0868062
126 -0.0916199
127 -0.0943767
128 -0.0886768
129 -0.0814795
130 -0.0802192
131 -0.0865328
132 -0.0928841
133 -0.0982928
134 -0.0947987
135 -0.0885477
136 -0.0828145
137 -0.0865019
138 -0.0933368
139 -0.0984749
140 -0.100566
141 -0.09581
142 -0.0895224
143 -0.087152
144 -0.0940953
145 -0.100226
146 -0.103144
147 -0.102715
148 -0.0959471
149 -0.092914
150 -0.0922508
151 -0.0980597
152 -0.104688
153 -0.108869
154 -0.105141
155 -0.0975158
156 -0.0941395
157 -0.0988597
158 -0.105033
159 -0.109725
160 -0.1115
161 -0.105789
162 -0.0990302
163 -0.0956847
164 -0.103666
165 -0.110146
166 -0.113572
167 -0.113157
168 -0.107751
169 -0.101309
170 -0.105121
171 -0.110471
172 -0.116213
173 -0.118379
174 -0.11159
175 -0.106211
176 -0.103935
177 -0.110803
178 -0.117457
179 -0.120958
180 -0.120198
181 -0.111642
182 -0.106726
183 -0.10991
184 -0.116515
185 -0.123514
186 -0.12431
187 -0.11719
188 -0.111826
189 -0.109497
190 -0.11749
191 -0.123621
192 -0.127878
193 -0.122694
194 -0.115805
195 -0.112836
196 -0.119073
197 -0.125446
198 -0.132006
199 -0.12749
200 -0.120487
201 -0.116342
202 -0.121067
203 -0.128578
204 -0.133737
205 -0.131334
206 -0.123505
207 -0.119462
208 -0.12311
209 -0.132115
210 -0.137504
211 -0.13306
212 -0.127086
213 -0.121238
214 -0.126963
215 -0.132994
216 -0.138088
217 -0.137705
218 -0.131514
219 -0.125072
220 -0.128375
221 -0.135294
222 -0.14118
223 -0.142429
224 -0.136566
225 -0.131581
226 -0.12883
227 -0.135754
228 -0.141234
229 -0.145874
230 -0.141959
231 -0.13655
232 -0.132466
233 -0.135243
234 -0.142117
235 -0.147825
236 -0.149311
237 -0.142084
238 -0.136314
239 -0.136119
240 -0.141351
241 -0.148006
242 -0.150949
243 -0.148412
244 -0.141535
245 -0.137952
246 -0.143205
247 -0.150716
248 -0.15619
249 -0.152581
250 -0.146919
251 -0.142414
252 -0.142421
253 -0.150825
254 -0.15553
255 -0.159347
256 -0.153413
257 -0.147848
258 -0.143038
259 -0.150447
260 -0.156295
261 -0.160367
262 -0.158903
263 -0.151371
264 -0.147748
265 -0.15277
266 -0.158613
267 -0.162288
268 -0.164951
269 -0.156256
270 -0.1511
271 -0.152023
272 -0.160333
273 -0.165723
274 -0.167201
275 -0.162027
276 -0.156
277 -0.15326
278 -0.159106
279 -0.166879
280 -0.171707
281 -0.16576
282 -0.159929
283 -0.155278
284 -0.162194
285 -0.168413
286 -0.174026
287 -0.171181
288 -0.161474
289 -0.15821
290 -0.164836
291 -0.171105
292 -0.177733
293 -0.17249
294 -0.163848
295 -0.161239
296 -0.168119
297 -0.173943
298 -0.179141
299 -0.17358
300 -0.167863
301 -0.163757
302 -0.169796
303 -0.178286
304 -0.18219
305 -0.176517
306 -0.170073
307 -0.166613
308 -0.172818
309 -0.180489
310 -0.184025
311 -0.177734
312 -0.171838
313 -0.167856
314 -0.174979
315 -0.183317
316 -0.186359
317 -0.181552
318 -0.174135
319 -0.171249
320 -0.177588
321 -0.18562
322 -0.189396
323 -0.184113
324 -0.175808
325 -0.173746
326 -0.180765
327 -0.190224
328 -0.191312
329 -0.185197
330 -0.179718
331 -0.176659
332 -0.182987
333 -0.191719
334 -0.193926
335 -0.18946
336 -0.18078
337 -0.179307
338 -0.186
339 -0.193013
340 -0.196137
341 -0.191875
342 -0.183456
343 -0.182639
344 -0.18714
345 -0.19623
346 -0.198925
347 -0.191944
348 -0.186867
349 -0.184226
350 -0.190267
351 -0.19958
352 -0.202124
353 -0.194926
354 -0.188419
355 -0.18741
356 -0.193553
357 -0.203332
358 -0.202929
359 -0.197175
360 -0.19033
361 -0.188603
362 -0.197
363 -0.205144
364 -0.205693
365 -0.198209
366 -0.19199
367 -0.191329
368 -0.200898
369 -0.208872
370 -0.207016
371 -0.198955
372 -0.192994
373 -0.196723
374 -0.205568
375 -0.211701
376 -0.208207
377 -0.198861
378 -0.195743
379 -0.202842
380 -0.209769
381 -0.213783
382 -0.205354
383 -0.19936
384 -0.198584
385 -0.206366
386 -0.213769
387 -0.214936
388 -0.207848
389 -0.203901
390 -0.199855
391 -0.210785
392 -0.217263
393 -0.215906
394 -0.20746
395 -0.202407
396 -0.207553
397 -0.215536
398 -0.219882
399 -0.216852
400 -0.207937
401 -0.204849
402 -0.212564
403 -0.220415
404 -0.222475
405 -0.216658
406 -0.209958
407 -0.206916
408 -0.214039
409 -0.223248
410 -0.225774
411 -0.217344
412 -0.213165
413 -0.208445
414 -0.2188
415 -0.226899
416 -0.223895
417 -0.218487
418 -0.21273
419 -0.217181
420 -0.224644
421 -0.230679
422 -0.223402
423 -0.215552
424 -0.213597
425 -0.222535
426 -0.22978
427 -0.23078
428 -0.223899
429 -0.21767
430 -0.220207
431 -0.228023
432 -0.233016
433 -0.229614
434 -0.223041
435 -0.219175
436 -0.225048
437 -0.232626
438 -0.236335
439 -0.230689
440 -0.224198
441 -0.220265
442 -0.228362
443 -0.234888
444 -0.23801
445 -0.231344
446 -0.224933
447 -0.223514
448 -0.229793
449 -0.238628
450 -0.24034
451 -0.233615
452 -0.227273
453 -0.225775
454 -0.233635
455 -0.242286
456 -0.242404
457 -0.235232
458 -0.227305
459 -0.228093
460 -0.239456
461 -0.245029
462 -0.242569
463 -0.234018
464 -0.229437
465 -0.237071
466 -0.242359
467 -0.247142
468 -0.240987
469 -0.234201
470 -0.231413
471 -0.239685
472 -0.248617
473 -0.248608
474 -0.241371
475 -0.237695
476 -0.23584
477 -0.245046
478 -0.250061
479 -0.250459
480 -0.242137
481 -0.234584
482 -0.241351
483 -0.249667
484 -0.255818
485 -0.249377
486 -0.240597
487 -0.238516
488 -0.247165
489 -0.254612
490 -0.255598
491 -0.248884
492 -0.242848
493 -0.242983
494 -0.252286
495 -0.257441
496 -0.254834
497 -0.248466
498 -0.243785
499 -0.248678
500 -0.257432
501 -0.261083
502 -0.255945
503 -0.248726
504 -0.24619
505 -0.251969
506 -0.26062
507 -0.263617
508 -0.257317
509 -0.249692
510 -0.249429
511 -0.258171
512 -0.264464
513 -0.263402
514 -0.255773
515 -0.249642
516 -0.255592
517 -0.263267
518 -0.26825
519 -0.261733
520 -0.254776
521 -0.252119
522 -0.258301
523 -0.268141
524 -0.269587
525 -0.26198
526 -0.25756
527 -0.255834
528 -0.262925
529 -0.270869
530 -0.271328
531 -0.264356
532 -0.258739
533 -0.258829
534 -0.267539
535 -0.273658
536 -0.270568
537 -0.26249
538 -0.257926
539 -0.26495
540 -0.273821
541 -0.277052
542 -0.269199
543 -0.261037
544 -0.262378
545 -0.270554
546 -0.278194
547 -0.276473
548 -0.266894
549 -0.262325
550 -0.268989
551 -0.277596
552 -0.280646
553 -0.273431
554 -0.267933
555 -0.264866
556 -0.274151
557 -0.281911
558 -0.281821
559 -0.272993
560 -0.267435
561 -0.27221
562 -0.2802
563 -0.285126
564 -0.280881
565 -0.271922
566 -0.270335
567 -0.278444
568 -0.285783
569 -0.286133
570 -0.278343
571 -0.271325
572 -0.276326
573 -0.284954
574 -0.290242
575 -0.283242
576 -0.276402
577 -0.273093
578 -0.283251
579 -0.290843
580 -0.287624
581 -0.281222
582 -0.275927
583 -0.280719
584 -0.288749
585 -0.29334
586 -0.286387
587 -0.280167
588 -0.27856
589 -0.286285
590 -0.294953
591 -0.295176
592 -0.286209
593 -0.279887
594 -0.282883
595 -0.293204
596 -0.298586
597 -0.291278
598 -0.283667
599 -0.282137
600 -0.290717
601 -0.298186
602 -0.29611
603 -0.289454
604 -0.283256
605 -0.287674
606 -0.297002
607 -0.302835
608 -0.295114
609 -0.287453
610 -0.286332
611 -0.295895
612 -0.302351
613 -0.300065
614 -0.292348
615 -0.288589
616 -0.293479
617 -0.301525
618 -0.305709
619 -0.297638
620 -0.290262
621 -0.292089
622 -0.302421
623 -0.308105
624 -0.303039
625 -0.294841
626 -0.292407
627 -0.299666
628 -0.308784
629 -0.308891
630 -0.300298
631 -0.295281
632 -0.296678
633 -0.305577
634 -0.311082
635 -0.307007
636 -0.298632
637 -0.295876
638 -0.303269
639 -0.311812
640 -0.313285
641 -0.306469
642 -0.299317
643 -0.299785
644 -0.309621
645 -0.316442
646 -0.311907
647 -0.302996
648 -0.299531
649 -0.307532
650 -0.315818
651 -0.316435
652 -0.308204
653 -0.302581
654 -0.306169
655 -0.313641
656 -0.319602
657 -0.315094
658 -0.305263
659 -0.303934
660 -0.312746
661 -0.31986
662 -0.320317
663 -0.311246
664 -0.306491
665 -0.309532
666 -0.318725
667 -0.322969
668 -0.317178
669 -0.31107
670 -0.308357
671 -0.315873
672 -0.3232
673 -0.325167
674 -0.31626
675 -0.312075
676 -0.311379
677 -0.32072
678 -0.32777
679 -0.325994
680 -0.316052
681 -0.3108
682 -0.319122
683 -0.327869
684 -0.329159
685 -0.322245
686 -0.315697
687 -0.31478
688 -0.324822
689 -0.330285
690 -0.328309
691 -0.320497
692 -0.315804
693 -0.321823
694 -0.329256
695 -0.334114
696 -0.32698
697 -0.319074
698 -0.319097
699 -0.32796
700 -0.335034
701 -0.332859
702 -0.325601
703 -0.318845
704 -0.326182
705 -0.334277
706 -0.338356
707 -0.330968
708 -0.323527
709 -0.324239
710 -0.332931
711 -0.339265
712 -0.335725
713 -0.326917
714 -0.323089
715 -0.331092
716 -0.338577
717 -0.341772
718 -0.331433
719 -0.326073
720 -0.328762
721 -0.339765
722 -0.34272
723 -0.338306
724 -0.330358
725 -0.327682
726 -0.335749
727 -0.344334
728 -0.343466
729 -0.335972
730 -0.329818
731 -0.332548
732 -0.343252
733 -0.347989
734 -0.342165
735 -0.333659
736 -0.332715
737 -0.340024
738 -0.348148
739 -0.348475
740 -0.339679
741 -0.333506
742 -0.337342
743 -0.347898
744 -0.3524
745 -0.344838
746 -0.33721
747 -0.337236
748 -0.345693
749 -0.352843
750 -0.350395
751 -0.342611
752 -0.337717
753 -0.344153
754 -0.350762
755 -0.355262
756 -0.349016
757 -0.342105
758 -0.339517
759 -0.348429
760 -0.357179
761 -0.355333
762 -0.347217
763 -0.342497
764 -0.344945
765 -0.354602
766 -0.360222
767 -0.35352
768 -0.344452
769 -0.345489
770 -0.353037
771 -0.361756
772 -0.357987
773 -0.348898
774 -0.344238
775 -0.352513
776 -0.360376
777 -0.3617
778 -0.354277
779 -0.346368
780 -0.350525
781 -0.359485
782 -0.366073
783 -0.358899
784 -0.350761
785 -0.349521
786 -0.359592
787 -0.367894
788 -0.363191
789 -0.355423
790 -0.351711
791 -0.359741
792 -0.366303
793 -0.367369
794 -0.359515
795 -0.354175
796 -0.356348
797 -0.365027
798 -0.370653
799 -0.366542
800 -0.356059
801 -0.35541
802 -0.36454
803 -0.37158
804 -0.369711
805 -0.360035
806 -0.35683
807 -0.363352
808 -0.371512
809 -0.375246
810 -0.366364
811 -0.358954
812 -0.361321
813 -0.37077
814 -0.375273
815 -0.372095
816 -0.364671
817 -0.360513
818 -0.367557
819 -0.377762
820 -0.377656
821 -0.368506
822 -0.36197
823 -0.36617
824 -0.376772
825 -0.381186
826 -0.373781
827 -0.366306
828 -0.366516
829 -0.375615
830 -0.382547
831 -0.377346
832 -0.368268
833 -0.366001
834 -0.375045
835 -0.382061
836 -0.379896
837 -0.374077
838 -0.369396
839 -0.373413
840 -0.382336
841 -0.385129
842 -0.379211
843 -0.370682
844 -0.372621
845 -0.379937
846 -0.388735
847 -0.385041
848 -0.37522
849 -0.372414
850 -0.379193
851 -0.387859
852 -0.389328
853 -0.378215
854 -0.373241
855 -0.378388
856 -0.386607
857 -0.392934
858 -0.386261
859 -0.378037
860 -0.376349
861 -0.387372
862 -0.393806
863 -0.389748
864 -0.38249
865 -0.378029
866 -0.384588
867 -0.392662
868 -0.395992
869 -0.388177
870 -0.381564
871 -0.38192
872 -0.39066
873 -0.398645
874 -0.392995
875 -0.384352
876 -0.38092
877 -0.390921
878 -0.399161
879 -0.396614
880 -0.388791
881 -0.38271
882 -0.389578
883 -0.398665
884 -0.401284
885 -0.393164
886 -0.387773
887 -0.389168
888 -0.397948
889 -0.403712
890 -0.399186
891 -0.390157
892 -0.390313
893 -0.395527
894 -0.404017
895 -0.403329
896 -0.393266
897 -0.390709
898 -0.395736
899 -0.40316
900 -0.407143
901 -0.399802
902 -0.392303
903 -0.393001
904 -0.402459
905 -0.409731
906 -0.405139
907 -0.397442
908 -0.393249
909 -0.39976
910 -0.409389
911 -0.410909
912 -0.40203
913 -0.396812
914 -0.39657
915 -0.405691
916 -0.413879
917 -0.409599
918 -0.399259
919 -0.397105
920 -0.405993
921 -0.414841
922 -0.414528
923 -0.403599
924 -0.398949
925 -0.405867
926 -0.41347
927 -0.417106
928 -0.410082
929 -0.402373
930 -0.401989
931 -0.411245
932 -0.417155
933 -0.416387
934 -0.408254
935 -0.403582
936 -0.407896
937 -0.417771
938 -0.419821
939 -0.414946
940 -0.408421
941 -0.406139
942 -0.413653
943 -0.424081
944 -0.421099
945 -0.411416
946 -0.407257
947 -0.413829
948 -0.421897
949 -0.4243
950 -0.41731
951 -0.410157
952 -0.413025
953 -0.420643
954 -0.428055
955 -0.422216
956 -0.416303
957 -0.41124
958 -0.419215
959 -0.42722
960 -0.42637
961 -0.418859
962 -0.413303
963 -0.418883
964 -0.428153
965 -0.430397
966 -0.422862
967 -0.416871
968 -0.416627
969 -0.426307
970 -0.433543
971 -0.428733
972 -0.420054
973 -0.418041
974 -0.425755
975 -0.43169
976 -0.434817
977 -0.425048
978 -0.419852
979 -0.424543
980 -0.431882
981 -0.437234
982 -0.430511
983 -0.423116
984 -0.42254
985 -0.431799
986 -0.439014
987 -0.435024
988 -0.425661
989 -0.424254
990 -0.431461
991 -0.439132
992 -0.438594
993 -0.430553
994 -0.426421
995 -0.430633
996 -0.438154
997 -0.441893
998 -0.43547
999 -0.428291
1000 -0.427966
