0 0.0579576
1 0.0141852
2 0.0232835
3 0.0453386
4 0.00264903
5 0.0531615
6 -0.0125301
7 0.0183571
8 0.00392692
9 -0.0124716
10 -0.000866828
11 -0.0565847
12 -0.0805923
13 -0.129377
14 -0.205183
15 -0.667791
16 -3.33863
17 -2.36703
18 -0.788463
19 -0.578682
20 -0.85556
21 -1.05813
22 -1.31664
23 -1.39866
24 -1.48335
25 -1.39445
26 -1.36514
27 -1.19914
28 -1.15885
29 -1.1586
30 -1.17581
31 -1.52659
32 -1.78359
33 -2.00821
34 -2.19128
35 -2.12621
36 -1.99522
37 -1.71154
38 -1.58429
39 -1.5449
40 -1.83292
41 -2.19559
42 -2.54895
43 -2.82041
44 -2.69829
45 -2.34104
46 -1.98774
47 -1.87582
48 -2.25474
49 -2.63421
50 -3.05364
51 -3.22827
52 -3.11728
53 -2.67741
54 -2.30707
55 -2.33328
56 -2.78234
57 -3.34982
58 -3.67737
59 -3.66111
60 -3.06631
61 -2.68266
62 -2.69778
63 -3.13688
64 -3.67171
65 -3.96399
66 -4.12184
67 -3.67306
68 -3.21929
69 -2.96366
70 -3.21553
71 -3.91731
72 -4.43911
73 -4.71198
74 -4.11221
75 -3.51032
76 -3.23616
77 -3.75884
78 -4.41227
79 -4.92775
80 -4.95804
81 -4.20957
82 -3.68634
83 -3.86446
84 -4.48977
85 -5.08597
86 -5.32578
87 -4.85633
88 -4.30336
89 -4.02309
90 -4.47274
91 -5.0412
92 -5.5524
93 -5.68409
94 -5.16097
95 -4.60189
96 -4.39602
97 -4.93709
98 -5.48223
99 -5.99007
100 -6.0284
101 -5.46907
102 -4.92342
103 -4.80929
104 -5.39195
105 -5.88398
106 -6.33764
107 -6.39739
108 -5.90412
109 -5.44063
110 -5.11657
111 -5.5715
112 -6.22553
113 -6.8004
114 -6.86828
115 -6.21658
116 -5.65166
117 -5.51156
118 -6.14471
119 -6.778
120 -7.17327
121 -7.21053
122 -6.37023
123 -5.81565
124 -6.1002
125 -6.76001
126 -7.33189
127 -7.62142
128 -7.16135
129 -6.50035
130 -6.16501
131 -6.73255
132 -7.42341
133 -7.92847
134 -7.95787
135 -7.01113
136 -6.54792
137 -6.8069
138 -7.54551
139 -8.07211
140 -8.30707
141 -7.85112
142 -7.10253
143 -6.9099
144 -7.50663
145 -8.1304
146 -8.60096
147 -8.63279
148 -7.87477
149 -7.38407
150 -7.31304
151 -8.04571
152 -8.64156
153 -9.0789
154 -8.88239
155 -8.0301
156 -7.5853
157 -7.9383
158 -8.70085
159 -9.22599
160 -9.4582
161 -8.86547
162 -8.18105
163 -8.01295
164 -8.54384
165 -9.2867
166 -9.75607
167 -9.71828
168 -8.94371
169 -8.34107
170 -8.54528
171 -9.31908
172 -9.9689
173 -10.155
174 -9.60039
175 -8.96339
176 -8.67661
177 -9.24889
178 -9.92579
179 -10.5037
180 -10.4552
181 -9.60911
182 -9.01833
183 -9.17736
184 -10.083
185 -10.7531
186 -10.9743
187 -10.2249
188 -9.53709
189 -9.36595
190 -10.0338
191 -10.9267
192 -11.3354
193 -10.8636
194 -10.0221
195 -9.62488
196 -10.261
197 -11.0436
198 -11.6698
199 -11.3768
200 -10.4657
201 -10.0209
202 -10.4135
203 -11.3105
204 -11.895
205 -11.765
206 -10.9178
207 -10.3374
208 -10.7199
209 -11.5939
210 -12.292
211 -12.0602
212 -11.2898
213 -10.7698
214 -10.9668
215 -11.8206
216 -12.4423
217 -12.5064
218 -11.7611
219 -11.1368
220 -11.2247
221 -12.0779
222 -12.738
223 -12.8687
224 -12.3399
225 -11.6513
226 -11.4467
227 -12.0229
228 -12.7915
229 -13.2802
230 -13.0259
231 -12.3128
232 -11.7543
233 -11.9439
234 -12.8567
235 -13.4767
236 -13.6359
237 -12.9273
238 -12.3791
239 -12.1164
240 -12.7467
241 -13.5927
242 -14.0222
243 -13.7067
244 -12.8257
245 -12.4358
246 -12.8187
247 -13.6741
248 -14.3696
249 -14.1754
250 -13.455
251 -12.9609
252 -12.8924
253 -13.7457
254 -14.4426
255 -14.7228
256 -14.1889
257 -13.4503
258 -13.1271
259 -13.6271
260 -14.5169
261 -15.0503
262 -14.9231
263 -13.9823
264 -13.5033
265 -13.7839
266 -14.6402
267 -15.3008
268 -15.3136
269 -14.5484
270 -13.9271
271 -13.9321
272 -14.8452
273 -15.5075
274 -15.8293
275 -15.1304
276 -14.4286
277 -14.1557
278 -14.8233
279 -15.6861
280 -16.125
281 -15.8551
282 -14.9167
283 -14.4101
284 -14.8502
285 -15.8435
286 -16.6654
287 -16.2912
288 -15.1798
289 -14.7434
290 -15.2574
291 -16.2945
292 -16.9159
293 -16.531
294 -15.462
295 -14.9886
296 -15.7246
297 -16.7231
298 -17.2688
299 -16.7546
300 -15.8573
301 -15.368
302 -15.9115
303 -17.0412
304 -17.6511
305 -17.0672
306 -16.2049
307 -15.6623
308 -16.2987
309 -17.498
310 -17.978
311 -17.3035
312 -16.428
313 -16.029
314 -16.6587
315 -17.7485
316 -18.2715
317 -17.7367
318 -16.8549
319 -16.2777
320 -16.9056
321 -18.0676
322 -18.6255
323 -18.0788
324 -17.0155
325 -16.6508
326 -17.4432
327 -18.5243
328 -18.9612
329 -18.1685
330 -17.4045
331 -17.0306
332 -17.7127
333 -18.852
334 -19.245
335 -18.6329
336 -17.7067
337 -17.3263
338 -18.065
339 -19.1744
340 -19.5941
341 -18.9032
342 -18.0829
343 -17.5758
344 -18.3636
345 -19.6326
346 -19.9797
347 -19.1623
348 -18.2983
349 -17.9107
350 -18.8212
351 -19.8974
352 -20.3589
353 -19.5377
354 -18.6169
355 -18.2673
356 -19.1085
357 -20.3071
358 -20.6115
359 -19.7453
360 -18.9037
361 -18.5991
362 -19.6677
363 -20.6922
364 -20.8893
365 -19.8699
366 -19.1095
367 -18.953
368 -20.1544
369 -21.14
370 -21.1497
371 -20.099
372 -19.2667
373 -19.4642
374 -20.737
375 -21.6094
376 -21.2499
377 -20.0454
378 -19.5049
379 -20.2726
380 -21.4077
381 -21.9061
382 -21.0941
383 -20.2858
384 -19.8699
385 -20.7743
386 -21.9032
387 -22.2221
388 -21.2743
389 -20.3264
390 -20.2308
391 -21.4005
392 -22.4601
393 -22.4213
394 -21.2228
395 -20.4959
396 -20.8436
397 -22.1358
398 -22.9021
399 -22.4183
400 -21.2724
401 -20.7034
402 -21.5677
403 -22.6943
404 -23.1523
405 -22.5186
406 -21.5289
407 -21.0884
408 -21.9531
409 -23.1915
410 -23.5185
411 -22.6361
412 -21.725
413 -21.3739
414 -22.602
415 -23.7412
416 -23.6072
417 -22.5173
418 -21.7272
419 -22.2298
420 -23.4496
421 -24.2331
422 -23.5591
423 -22.294
424 -22.0033
425 -23.0317
426 -24.1804
427 -24.4264
428 -23.3542
429 -22.4762
430 -22.5296
431 -23.8274
432 -24.7317
433 -24.4144
434 -23.2432
435 -22.5605
436 -23.3472
437 -24.517
438 -25.081
439 -24.3895
440 -23.4295
441 -22.9707
442 -23.7727
443 -25.0031
444 -25.3701
445 -24.6355
446 -23.6303
447 -23.2834
448 -24.189
449 -25.3815
450 -25.7934
451 -24.7995
452 -23.8591
453 -23.6048
454 -24.7693
455 -25.8276
456 -26.0901
457 -24.9824
458 -24.0228
459 -24.0464
460 -25.3232
461 -26.3809
462 -26.0925
463 -24.7815
464 -24.1304
465 -24.9262
466 -26.2368
467 -26.7052
468 -25.9746
469 -24.9155
470 -24.5104
471 -25.5596
472 -26.6984
473 -26.9513
474 -26.0377
475 -25.0723
476 -24.9463
477 -26.0792
478 -27.1587
479 -27.2303
480 -25.9475
481 -25.1804
482 -25.6339
483 -26.9718
484 -27.6963
485 -26.9987
486 -25.9051
487 -25.4303
488 -26.4441
489 -27.5923
490 -27.9062
491 -27.0223
492 -26.0168
493 -25.7945
494 -27.0585
495 -28.17
496 -28.1402
497 -26.817
498 -26.1164
499 -26.6724
500 -27.9994
501 -28.5317
502 -27.8892
503 -26.9029
504 -26.3814
505 -27.298
506 -28.4843
507 -28.8841
508 -27.9872
509 -26.9688
510 -26.8083
511 -27.9306
512 -29.0338
513 -29.1507
514 -27.8197
515 -27.0242
516 -27.4693
517 -28.8597
518 -29.5618
519 -28.8584
520 -27.8151
521 -27.3121
522 -28.2849
523 -29.4656
524 -29.7695
525 -28.9275
526 -27.988
527 -27.7261
528 -28.671
529 -29.8882
530 -30.1154
531 -29.0225
532 -28.2248
533 -28.1356
534 -29.4453
535 -30.3571
536 -30.1667
537 -28.9095
538 -28.2938
539 -29.0199
540 -30.2694
541 -30.803
542 -29.8604
543 -28.8644
544 -28.6457
545 -29.9405
546 -31.0497
547 -30.8286
548 -29.5885
549 -28.8245
550 -29.5471
551 -30.8567
552 -31.4532
553 -30.6605
554 -29.4587
555 -29.1758
556 -30.3173
557 -31.5489
558 -31.6527
559 -30.3918
560 -29.5489
561 -29.8319
562 -31.2718
563 -32.0931
564 -31.4369
565 -30.1341
566 -29.7649
567 -30.9277
568 -32.1423
569 -32.2428
570 -31.0057
571 -30.0204
572 -30.5596
573 -31.9905
574 -32.7228
575 -31.9347
576 -30.6371
577 -30.3852
578 -31.6253
579 -32.8193
580 -32.7803
581 -31.5124
582 -30.6734
583 -31.243
584 -32.5691
585 -33.3265
586 -32.4793
587 -31.3634
588 -30.9579
589 -32.1253
590 -33.3671
591 -33.5466
592 -32.1983
593 -31.2417
594 -31.7037
595 -33.1862
596 -34.0202
597 -33.1464
598 -31.9302
599 -31.5212
600 -32.7225
601 -34.0255
602 -34.0879
603 -32.8328
604 -31.8292
605 -32.316
606 -33.8237
607 -34.5214
608 -33.7479
609 -32.468
610 -32.2151
611 -33.4696
612 -34.6929
613 -34.5878
614 -33.2281
615 -32.4645
616 -33.0322
617 -34.5414
618 -35.1693
619 -34.1617
620 -32.8671
621 -32.9509
622 -34.4413
623 -35.4309
624 -34.8889
625 -33.55
626 -33.0318
627 -34.0606
628 -35.411
629 -35.6421
630 -34.4889
631 -33.4982
632 -33.6156
633 -35.057
634 -35.9477
635 -35.5437
636 -34.1991
637 -33.6379
638 -34.6694
639 -35.9152
640 -36.2786
641 -35.1492
642 -34.1433
643 -34.1023
644 -35.5794
645 -36.6486
646 -36.1853
647 -34.7751
648 -34.2323
649 -35.3293
650 -36.561
651 -36.8561
652 -35.6661
653 -34.6977
654 -34.9092
655 -36.2596
656 -37.25
657 -36.662
658 -35.3038
659 -34.8462
660 -35.9877
661 -37.2952
662 -37.4047
663 -36.1537
664 -35.2084
665 -35.5868
666 -37.1195
667 -37.803
668 -37.1832
669 -35.9412
670 -35.468
671 -36.4972
672 -37.7938
673 -38.0284
674 -37.0452
675 -36.0622
676 -35.9293
677 -37.2399
678 -38.4036
679 -38.101
680 -36.7479
681 -36.0828
682 -36.8556
683 -38.3221
684 -38.7662
685 -37.7527
686 -36.6559
687 -36.4879
688 -37.7868
689 -38.8871
690 -38.8772
691 -37.5194
692 -36.7089
693 -37.3539
694 -38.7043
695 -39.3261
696 -38.5217
697 -37.3045
698 -37.0475
699 -38.4161
700 -39.5229
701 -39.4465
702 -38.0673
703 -37.3296
704 -37.9921
705 -39.3691
706 -39.9506
707 -39.0307
708 -37.8304
709 -37.7338
710 -39.1636
711 -40.2797
712 -39.8664
713 -38.4142
714 -37.8549
715 -38.9303
716 -40.2721
717 -40.5019
718 -39.3045
719 -38.2219
720 -38.5804
721 -40.0114
722 -40.8718
723 -40.2888
724 -38.8556
725 -38.5369
726 -39.6521
727 -40.9817
728 -41.038
729 -39.7998
730 -38.8505
731 -39.1962
732 -40.7696
733 -41.5653
734 -40.7804
735 -39.4323
736 -38.9775
737 -40.3106
738 -41.6381
739 -41.7363
740 -40.3645
741 -39.3239
742 -39.8545
743 -41.4183
744 -42.2033
745 -41.2886
746 -39.9015
747 -39.7545
748 -41.1169
749 -42.344
750 -42.1004
751 -40.8044
752 -39.9675
753 -40.6035
754 -42.1507
755 -42.7157
756 -41.8793
757 -40.6721
758 -40.314
759 -41.4834
760 -42.8503
761 -42.9264
762 -41.5734
763 -40.6283
764 -40.9319
765 -42.5357
766 -43.484
767 -42.5631
768 -41.0669
769 -40.896
770 -42.3676
771 -43.6875
772 -43.2882
773 -41.8072
774 -41.0923
775 -42.157
776 -43.5775
777 -43.8877
778 -42.6342
779 -41.5211
780 -41.8643
781 -43.3985
782 -44.2585
783 -43.4459
784 -42.0497
785 -41.827
786 -43.2444
787 -44.4068
788 -44.1627
789 -42.6175
790 -42.0677
791 -43.1622
792 -44.4614
793 -44.6939
794 -43.4876
795 -42.5105
796 -42.6375
797 -44.1293
798 -45.1748
799 -44.4895
800 -43.0278
801 -42.6982
802 -43.9791
803 -45.2579
804 -45.1788
805 -43.6479
806 -42.932
807 -43.7434
808 -45.2433
809 -45.6949
810 -44.659
811 -43.3714
812 -43.381
813 -44.8335
814 -45.9784
815 -45.6597
816 -44.1319
817 -43.5026
818 -44.5564
819 -46.0461
820 -46.2734
821 -44.7878
822 -43.8266
823 -44.3124
824 -45.9381
825 -46.6881
826 -45.7204
827 -44.2745
828 -44.1396
829 -45.8192
830 -46.9803
831 -46.3889
832 -44.9193
833 -44.3418
834 -45.5687
835 -46.9499
836 -47.0137
837 -45.6494
838 -44.8083
839 -45.3182
840 -46.7612
841 -47.4694
842 -46.6145
843 -45.2587
844 -45.0634
845 -46.535
846 -47.7694
847 -47.3939
848 -45.8613
849 -45.2712
850 -46.3978
851 -47.7476
852 -47.9923
853 -46.7215
854 -45.6601
855 -46.006
856 -47.5209
857 -48.412
858 -47.6032
859 -46.2308
860 -45.9312
861 -47.2966
862 -48.5822
863 -48.3598
864 -46.945
865 -46.14
866 -47.0113
867 -48.5223
868 -48.9423
869 -47.8528
870 -46.7042
871 -46.5886
872 -48.0664
873 -49.3333
874 -48.8264
875 -47.2504
876 -46.7232
877 -48.0288
878 -49.4628
879 -49.3463
880 -47.9413
881 -46.9885
882 -47.8555
883 -49.3957
884 -49.8196
885 -48.755
886 -47.4879
887 -47.584
888 -49.0474
889 -50.189
890 -49.643
891 -48.0746
892 -47.6669
893 -48.87
894 -50.2789
895 -50.2361
896 -48.7333
897 -47.9831
898 -48.7255
899 -50.2325
900 -50.6644
901 -49.7934
902 -48.4346
903 -48.3146
904 -49.868
905 -50.9572
906 -50.7142
907 -49.266
908 -48.5147
909 -49.4359
910 -50.94
911 -51.3278
912 -50.1307
913 -49.0485
914 -48.9305
915 -50.5005
916 -51.8131
917 -51.2068
918 -49.5822
919 -49.0807
920 -50.2332
921 -51.7039
922 -51.8152
923 -50.3497
924 -49.4852
925 -50.1786
926 -51.6613
927 -52.1455
928 -51.2087
929 -50.1638
930 -49.8277
931 -51.1786
932 -52.387
933 -52.2775
934 -50.8526
935 -50.0628
936 -50.7871
937 -52.2504
938 -52.8114
939 -51.9181
940 -50.7183
941 -50.3477
942 -51.7419
943 -53.0969
944 -52.9207
945 -51.42
946 -50.5931
947 -51.4734
948 -53.0182
949 -53.3264
950 -52.3148
951 -51.1581
952 -51.1923
953 -52.6426
954 -53.7276
955 -53.1827
956 -51.7286
957 -51.3047
958 -52.46
959 -53.7718
960 -53.8568
961 -52.4444
962 -51.5658
963 -52.2427
964 -53.7179
965 -54.2861
966 -53.3183
967 -52.0462
968 -51.9578
969 -53.4316
970 -54.705
971 -54.1691
972 -52.6787
973 -52.088
974 -53.2992
975 -54.585
976 -54.8019
977 -53.4872
978 -52.4648
979 -52.9275
980 -54.5088
981 -55.2273
982 -54.3479
983 -52.9332
984 -52.9141
985 -54.3195
986 -55.4152
987 -55.0347
988 -53.5294
989 -53.0682
990 -54.1759
991 -55.4934
992 -55.5733
993 -54.2741
994 -53.451
995 -53.9065
996 -55.389
997 -55.9755
998 -55.2387
999 -54.0216
1000 -53.6868
