0.1 -6.40233e-07 -3.56996e-08 3.79294e-09 6.35956e-25
0.2 -1.28045e-06 -7.13992e-08 7.58587e-09 2.48866e-24
0.3 -1.92065e-06 -1.07099e-07 1.13788e-08 -5.26976e-22
0.4 -2.56083e-06 -1.42798e-07 1.51717e-08 -6.34889e-22
0.5 -3.20099e-06 -1.78497e-07 1.89646e-08 1.01798e-21
0.6 -3.84113e-06 -2.14197e-07 2.27575e-08 -1.94135e-22
0.7 -4.48126e-06 -2.49896e-07 2.65504e-08 3.61151e-22
0.8 -5.12137e-06 -2.85595e-07 3.03433e-08 1.03672e-22
0.9 -5.76146e-06 -3.21294e-07 3.41362e-08 -1.11632e-21
1 -6.40154e-06 -3.56992e-07 3.79291e-08 -1.39554e-21
117.544 3.8926e-05 1.01975e-05 3.79296e-08 2.71622e-21
159.617 6.06594e-05 1.51782e-05 3.16773e-08 -1.04327e-21
169.445 0.000244767 2.04806e-05 1.07178e-07 2.45607e-21
172.235 0.000527886 3.75803e-05 3.08383e-07 2.66282e-21
173.062 0.000839264 5.87348e-05 3.08518e-07 1.44547e-21
173.501 0.00118473 7.97147e-05 3.0859e-07 4.99973e-21
173.827 0.00152366 0.000103088 3.08639e-07 3.82301e-21
174.117 0.00188086 0.00012627 3.08689e-07 6.07667e-21
174.357 0.00229757 0.000148153 3.08677e-07 3.78705e-21
174.61 0.00271544 0.000170088 3.08675e-07 3.99248e-21
174.849 0.0031332 0.000192031 3.08674e-07 3.68432e-21
175.031 0.00347444 0.000209956 3.08664e-07 3.87589e-21
175.204 0.00380393 0.000227258 3.08654e-07 7.78627e-21
175.378 0.00413332 0.000244551 3.08644e-07 5.73388e-21
175.553 0.00446262 0.000261833 3.08634e-07 6.04492e-21
175.722 0.0047842 0.000279242 3.08688e-07 9.38084e-21
175.886 0.00505674 0.000295652 3.08678e-07 4.11767e-21
176.033 0.00538944 0.000310727 3.08733e-07 4.6032e-21
176.166 0.00576025 0.000325737 3.08725e-07 7.0068e-21
176.301 0.00613099 0.000340741 3.08717e-07 6.20755e-21
176.436 0.00650166 0.000355738 3.08709e-07 5.41368e-21
176.568 0.00687425 0.000370814 3.08701e-07 1.86869e-21
176.701 0.00724694 0.000385891 3.08693e-07 2.47207e-21
176.834 0.00761956 0.000400961 3.08685e-07 2.69167e-21
176.968 0.00799211 0.000416024 3.08677e-07 4.46588e-21
177.102 0.00836459 0.00043108 3.08669e-07 1.01465e-21
177.237 0.00873699 0.000446129 3.08661e-07 4.80256e-21
177.372 0.00910932 0.000461172 3.08653e-07 1.10984e-20
177.508 0.00948158 0.000476207 3.08644e-07 7.55832e-21
177.644 0.00985377 0.000491236 3.08636e-07 4.28454e-21
177.78 0.0102259 0.000506258 3.08628e-07 5.00481e-21
177.917 0.0105979 0.000521272 3.0862e-07 -2.3649e-21
178.054 0.0109698 0.000536276 3.08612e-07 2.79255e-21
178.19 0.0113415 0.000551268 3.08603e-07 -1.45727e-21
178.189 0.0116625 0.000564213 3.0858e-07 1.87272e-20
177.992 0.0119384 0.000575336 3.08566e-07 -1.61883e-20
177.646 0.012183 0.000585193 3.08553e-07 -9.4344e-22
177.246 0.0124101 0.000594345 3.08548e-07 -8.452e-21
176.834 0.0126155 0.000602619 3.08543e-07 -1.17023e-20
176.396 0.0128106 0.000610477 3.08539e-07 -1.39217e-20
175.958 0.0130056 0.000618332 3.08535e-07 -9.98175e-21
175.522 0.0131988 0.000626108 3.08531e-07 -7.31409e-21
175.092 0.0133844 0.000633583 3.08526e-07 -1.62123e-20
174.684 0.013565 0.000640853 3.08523e-07 -6.05738e-21
174.266 0.013742 0.000647974 3.08519e-07 3.41977e-20
173.854 0.0139123 0.000654832 3.08526e-07 2.43666e-20
173.435 0.0140752 0.00066139 3.08522e-07 2.43198e-20
173.023 0.0142335 0.00066776 3.08519e-07 6.21668e-21
172.619 0.0143896 0.000674043 3.08515e-07 1.69364e-21
172.215 0.0145441 0.00068026 3.08512e-07 -8.07465e-22
171.813 0.0146934 0.000686269 3.08508e-07 3.02157e-21
171.396 0.0148376 0.00069207 3.08506e-07 7.49019e-21
170.971 0.0149802 0.000697806 3.08503e-07 6.76087e-21
170.544 0.015122 0.000703509 3.085e-07 6.2595e-21
170.115 0.0152634 0.000709196 3.08497e-07 3.96577e-21
169.684 0.0154046 0.000714872 3.08494e-07 7.6336e-23
169.251 0.0155451 0.000720523 3.08491e-07 4.70675e-21
168.761 0.0156847 0.000726134 3.08488e-07 1.65919e-20
168.257 0.0158235 0.000731713 3.08486e-07 -4.88234e-21
167.759 0.0159607 0.000737229 3.08483e-07 -7.272e-21
167.268 0.0160979 0.000742742 3.0848e-07 -1.4676e-21
166.798 0.0162351 0.000748254 3.08477e-07 -4.06158e-22
166.341 0.0163723 0.000753767 3.08475e-07 1.60372e-20
165.897 0.0165096 0.000759282 3.08472e-07 1.22766e-21
165.475 0.016647 0.0007648 3.08469e-07 -5.96805e-22
165.055 0.0167845 0.000770322 3.08466e-07 2.09887e-21
164.638 0.0169222 0.000775851 3.08464e-07 6.67856e-21
164.224 0.0170601 0.000781385 3.08461e-07 -5.31777e-22
163.797 0.017197 0.000786879 3.08458e-07 -4.66128e-22
163.371 0.0173337 0.000792367 3.08455e-07 1.13383e-20
162.947 0.0174705 0.000797854 3.08452e-07 7.6192e-23
162.528 0.0176074 0.000803343 3.0845e-07 9.87326e-22
162.113 0.0177444 0.000808837 3.08447e-07 -7.21428e-21
161.701 0.0178816 0.000814338 3.08444e-07 -7.67538e-21
161.291 0.018019 0.000819845 3.08441e-07 3.12071e-21
161.189 0.0180533 0.000821223 3.0844e-07 2.02605e-22
161.087 0.0180877 0.000822602 3.0844e-07 3.67634e-21
160.988 0.0181401 0.00082442 3.11747e-07 -1.30217e-21
160.886 0.0181962 0.000826235 3.11744e-07 1.0149e-20
