0.1
0.2
0.3
0.4
0.5
0.6
0.7
0.8
0.9
1
117.544
159.617
169.445
172.235
173.062
173.501
173.827
174.117
174.357
174.61
174.849
175.031
175.204
175.378
175.553
175.722
175.886
176.033
176.166
176.301
176.436
176.568
176.701
176.834
176.968
177.102
177.237
177.372
177.508
177.644
177.78
177.917
178.054
178.19
178.189
177.992
177.646
177.246
176.834
176.396
175.958
175.522
175.092
174.684
174.266
173.854
173.435
173.023
172.619
172.215
171.813
171.396
170.971
170.544
170.115
169.684
169.251
168.761
168.257
167.759
167.268
166.798
166.341
165.897
165.475
165.055
164.638
164.224
163.797
163.371
162.947
162.528
162.113
161.701
161.291
161.189
161.087
160.988
160.886
