0.1 -2.05295e-17 -2.05295e-17 -1.79857e-17 -1.79857e-17 -1.92576e-17
0.2 5.0057e-18 5.0057e-18 1.49603e-17 1.49603e-17 9.98302e-18
0.3 4.84115e-15 4.84115e-15 2.73325e-15 2.73325e-15 3.7872e-15
0.4 -2.76732e-16 -2.76732e-16 -2.81629e-15 -2.81629e-15 -1.54651e-15
0.5 -5.37363e-15 -5.37363e-15 -1.30172e-15 -1.30172e-15 -3.33767e-15
0.6 3.27358e-15 3.27358e-15 2.49704e-15 2.49704e-15 2.88531e-15
0.7 -1.38238e-15 -1.38238e-15 6.22254e-17 6.22254e-17 -6.60076e-16
0.8 -3.0241e-15 -3.0241e-15 -2.60941e-15 -2.60941e-15 -2.81675e-15
0.9 3.22927e-14 3.22927e-14 2.78274e-14 2.78274e-14 3.006e-14
1 -7.1329e-15 -7.1329e-15 -1.27151e-14 -1.27151e-14 -9.92398e-15
117.544 11.8454 11.8454 11.8454 11.8454 11.8454
159.617 19.3191 19.3191 19.3191 19.3191 19.3191
169.445 24.7603 24.7603 24.7603 24.7603 24.7603
172.235 31.9452 31.9452 31.9452 31.9452 31.9452
173.062 38.2401 38.2401 38.2401 38.2401 38.2401
173.501 43.9601 43.9601 43.9601 43.9601 43.9601
173.827 49.8124 49.8124 49.8124 49.8124 49.8124
174.117 55.4858 55.4858 55.4858 55.4858 55.4858
174.357 60.5491 60.5491 60.5491 60.5491 60.5491
174.61 66.2805 66.2805 66.2805 66.2805 66.2805
174.849 72.0978 72.0978 72.0978 72.0978 72.0978
175.031 76.8718 76.8718 76.8718 76.8718 76.8718
175.204 81.4859 81.4859 81.4859 81.4859 81.4859
175.378 86.0989 86.0989 86.0989 86.0989 86.0989
175.553 90.711 90.711 90.711 90.711 90.711
175.722 95.3842 95.3842 95.3842 95.3842 95.3842
175.886 100.457 100.457 100.457 100.457 100.457
176.033 105.044 105.044 105.044 105.044 105.044
176.166 109.323 109.323 109.323 109.323 109.323
176.301 113.602 113.602 113.602 113.602 113.602
176.436 117.879 117.879 117.879 117.879 117.879
176.568 122.141 122.141 122.141 122.141 122.141
176.701 126.4 126.4 126.4 126.4 126.4
176.834 130.659 130.659 130.659 130.659 130.659
176.968 134.916 134.916 134.916 134.916 134.916
177.102 139.173 139.173 139.173 139.173 139.173
177.237 143.428 143.428 143.428 143.428 143.428
177.372 147.683 147.683 147.683 147.683 147.683
177.508 151.936 151.936 151.936 151.936 151.936
177.644 156.189 156.189 156.189 156.189 156.189
177.78 160.44 160.44 160.44 160.44 160.44
177.917 164.689 164.689 164.689 164.689 164.689
178.054 168.936 168.936 168.936 168.936 168.936
178.19 173.179 173.179 173.179 173.179 173.179
178.189 176.888 176.888 176.888 176.888 176.888
177.992 180.14 180.14 180.14 180.14 180.14
177.646 183.093 183.093 183.093 183.093 183.093
177.246 185.921 185.921 185.921 185.921 185.921
176.834 188.5 188.5 188.5 188.5 188.5
176.396 190.966 190.966 190.966 190.966 190.966
175.958 193.432 193.432 193.432 193.432 193.432
175.522 195.874 195.874 195.874 195.874 195.874
175.092 198.229 198.229 198.229 198.229 198.229
174.684 200.521 200.521 200.521 200.521 200.521
174.266 202.773 202.773 202.773 202.773 202.773
173.854 204.948 204.948 204.948 204.948 204.948
173.435 207.037 207.037 207.037 207.037 207.037
173.023 209.071 209.071 209.071 209.071 209.071
172.619 211.079 211.079 211.079 211.079 211.079
172.215 213.07 213.07 213.07 213.07 213.07
171.813 215 215 215 215 215
171.396 216.877 216.877 216.877 216.877 216.877
170.971 218.738 218.738 218.738 218.738 218.738
170.544 220.59 220.59 220.59 220.59 220.59
170.115 222.438 222.438 222.438 222.438 222.438
169.684 224.283 224.283 224.283 224.283 224.283
169.251 226.122 226.122 226.122 226.122 226.122
168.761 227.946 227.946 227.946 227.946 227.946
168.257 229.762 229.762 229.762 229.762 229.762
167.759 231.566 231.566 231.566 231.566 231.566
167.268 233.368 233.368 233.368 233.368 233.368
166.798 235.169 235.169 235.169 235.169 235.169
166.341 236.971 236.971 236.971 236.971 236.971
165.897 238.773 238.773 238.773 238.773 238.773
165.475 240.576 240.576 240.576 240.576 240.576
165.055 242.379 242.379 242.379 242.379 242.379
164.638 244.183 244.183 244.183 244.183 244.183
164.224 245.988 245.988 245.988 245.988 245.988
163.797 247.784 247.784 247.784 247.784 247.784
163.371 249.578 249.578 249.578 249.578 249.578
162.947 251.372 251.372 251.372 251.372 251.372
162.528 253.165 253.165 253.165 253.165 253.165
162.113 254.958 254.958 254.958 254.958 254.958
161.701 256.751 256.751 256.751 256.751 256.751
161.291 258.546 258.546 258.546 258.546 258.546
161.189 258.994 258.994 258.994 258.994 258.994
161.087 259.443 259.443 259.443 259.443 259.443
160.988 259.852 259.852 259.852 259.852 259.852
160.886 260.254 260.254 260.254 260.254 260.254
