0.1 0.4046 -0.0637167 -0.00219019 -6.35956e-15 1.46013 -42.4778 -0.36 0.0637167 0.00219019 6.35956e-15 2.92026 -84.9556
0.2 0.8092 -0.127434 -0.00438039 -2.48866e-14 2.92026 -84.9557 -0.72 0.127434 0.00438039 2.48866e-14 5.84052 -169.911
0.3 1.2138 -0.19115 -0.00657059 5.26976e-12 4.3804 -127.434 -1.08 0.19115 0.00657059 -5.26976e-12 8.76079 -254.867
0.4 1.6184 -0.254867 -0.0087608 6.34889e-12 5.84053 -169.912 -1.44 0.254867 0.0087608 -6.34889e-12 11.6811 -339.823
0.5 2.023 -0.318584 -0.010951 -1.01798e-11 7.30068 -212.39 -1.8 0.318584 0.010951 1.01798e-11 14.6014 -424.779
0.6 2.4276 -0.382302 -0.0131412 1.94135e-12 8.76082 -254.868 -2.16 0.382302 0.0131412 -1.94135e-12 17.5216 -509.735
0.7 2.8322 -0.446019 -0.0153315 -3.61151e-12 10.221 -297.346 -2.52 0.446019 0.0153315 3.61151e-12 20.4419 -594.692
0.8 3.2368 -0.509736 -0.0175217 -1.03672e-12 11.6811 -339.824 -2.88 0.509736 0.0175217 1.03672e-12 23.3622 -679.648
0.9 3.6414 -0.573454 -0.0197119 1.11632e-11 13.1413 -382.302 -3.24 0.573454 0.0197119 -1.11632e-11 26.2826 -764.605
1 4.046 -0.637171 -0.0219022 1.39554e-11 14.6014 -424.781 -3.6 0.637171 0.0219022 -1.39554e-11 29.2029 -849.561
117.544 -21.0692 28.768 -0.0218996 -2.71622e-11 14.5997 33271.4 21.5152 -28.768 0.0218996 2.71622e-11 29.1994 24264.5
159.617 -32.8368 39.5423 -0.0122509 7.52989e-12 0.117104 42971.3 33.2828 -39.5423 0.0122509 -7.52989e-12 24.3847 36113.4
169.445 -37.4879 42.2163 -0.0104359 -1.01964e-11 0.0927903 43233.3 37.9339 -42.2163 0.0104359 1.01964e-11 20.779 41199.3
172.235 -38.7537 43.0318 -0.000172945 -4.0557e-11 0.00154709 43346.4 39.1997 -43.0318 0.000172945 4.0557e-11 0.344343 42717.2
173.062 -39.0694 43.2367 -0.000167015 -2.8229e-11 0.00147155 43416.7 39.5154 -43.2367 0.000167015 2.8229e-11 0.332558 43056.7
173.501 -39.2192 43.3383 -0.000164326 -4.31494e-11 0.00145424 43472.5 39.6652 -43.3383 0.000164326 4.31494e-11 0.327198 43204.1
173.827 -39.3143 43.4085 -0.000161693 -3.82301e-11 0.00143739 43530.8 39.7603 -43.4085 0.000161693 3.82301e-11 0.321948 43286.1
174.117 -39.3926 43.4726 -0.000159063 -4.75003e-11 0.00142021 43587.8 39.8386 -43.4726 0.000159063 4.75003e-11 0.316707 43357.5
174.357 -39.4525 43.52 -0.000159601 -3.6592e-11 0.00143058 43638.9 39.8985 -43.52 0.000159601 3.6592e-11 0.317772 43401.1
174.61 -39.5125 43.5691 -0.000160135 -3.99248e-11 0.00141332 43693.4 39.9585 -43.5691 0.000160135 3.99248e-11 0.318857 43444.8
174.849 -39.5641 43.6188 -0.000160686 -3.96698e-11 0.00142501 43748.8 40.0101 -43.6188 0.000160686 3.96698e-11 0.319947 43488.9
175.031 -39.6037 43.6551 -0.000161119 -3.87589e-11 0.00140522 43785.1 40.0497 -43.6551 0.000161119 3.87589e-11 0.320832 43525
175.204 -39.642 43.6883 -0.000161552 -5.27455e-11 0.00141385 43816.6 40.088 -43.6883 0.000161552 5.27455e-11 0.32169 43559.9
175.378 -39.6805 43.7216 -0.000161986 -4.59361e-11 0.00142253 43848.2 40.1265 -43.7216 0.000161986 4.59361e-11 0.32255 43594.9
175.553 -39.719 43.7549 -0.000162422 -4.03193e-11 0.00143127 43879.9 40.165 -43.7549 0.000162422 4.03193e-11 0.323413 43630
175.722 -39.7577 43.7884 -0.000159617 -5.92741e-11 0.0014109 43912.1 40.2037 -43.7884 0.000159617 5.92741e-11 0.317823 43664.8
175.886 -39.7965 43.8216 -0.000160053 -4.11767e-11 0.00142012 43947.3 40.2425 -43.8216 0.000160053 4.11767e-11 0.318686 43695.9
176.033 -39.8301 43.8501 -0.000157182 -4.6032e-11 0.00139886 43979.2 40.2761 -43.8501 0.000157182 4.6032e-11 0.312965 43721.1
176.166 -39.8599 43.8752 -0.00015753 -5.31208e-11 0.00140645 44009.1 40.3059 -43.8752 0.00015753 5.31208e-11 0.313654 43741.3
176.301 -39.8898 43.9004 -0.00015788 -4.41384e-11 0.00141409 44039.1 40.3358 -43.9004 0.00015788 4.41384e-11 0.314345 43761.7
176.436 -39.9197 43.9256 -0.00015823 -4.33207e-11 0.00142177 44069.1 40.3657 -43.9256 0.00015823 4.33207e-11 0.315038 43782
176.568 -39.9484 43.9509 -0.000158583 -2.80803e-11 0.00142949 44099.2 40.3944 -43.9509 0.000158583 2.80803e-11 0.315737 43802.6
176.701 -39.977 43.9763 -0.000158937 -3.28662e-11 0.00143727 44129.4 40.423 -43.9763 0.000158937 3.28662e-11 0.316437 43823.2
176.834 -40.0056 44.0017 -0.000159292 -2.86602e-11 0.00144508 44159.6 40.4516 -44.0017 0.000159292 2.86602e-11 0.317139 43843.8
176.968 -40.0343 44.0272 -0.000159648 -4.21634e-11 0.00145294 44189.9 40.4803 -44.0272 0.000159648 4.21634e-11 0.317843 43864.4
177.102 -40.0631 44.0527 -0.000160005 -2.78642e-11 0.00146085 44220.3 40.5091 -44.0527 0.000160005 2.78642e-11 0.318548 43885.1
177.237 -40.0919 44.0783 -0.000160362 -4.54607e-11 0.0014688 44250.7 40.5379 -44.0783 0.000160362 4.54607e-11 0.319255 43905.8
177.372 -40.1207 44.1039 -0.00016072 -6.27209e-11 0.0014768 44281.3 40.5667 -44.1039 0.00016072 6.27209e-11 0.319964 43926.6
177.508 -40.1496 44.1297 -0.00016108 -4.78196e-11 0.00148484 44311.9 40.5956 -44.1297 0.00016108 4.78196e-11 0.320674 43947.4
177.644 -40.1786 44.1554 -0.00016144 -4.05751e-11 0.00149293 44342.6 40.6246 -44.1554 0.00016144 4.05751e-11 0.321386 43968.2
177.78 -40.2076 44.1812 -0.0001618 -4.4959e-11 0.00150106 44373.4 40.6536 -44.1812 0.0001618 4.4959e-11 0.3221 43989
177.917 -40.2367 44.2071 -0.000162162 -1.28217e-11 0.00150925 44404.3 40.6827 -44.2071 0.000162162 1.28217e-11 0.322815 44009.9
178.054 -40.2658 44.233 -0.000162525 -3.60289e-11 0.00151751 44435.2 40.7118 -44.233 0.000162525 3.60289e-11 0.323532 44030.8
178.19 -40.295 44.259 -0.000162888 -1.79386e-11 0.00152586 44466.2 40.741 -44.259 0.000162888 1.79386e-11 0.32425 44051.8
178.189 -40.3203 44.2215 -0.000161353 -2.48863e-10 -0.00214772 44373.2 40.7663 -44.2215 0.000161353 2.48863e-10 0.324854 44069.9
177.992 -40.3424 44.091 -0.000160681 1.17594e-10 -0.00401856 44096.5 40.7884 -44.091 0.000160681 -1.17594e-10 0.325381 44085.4
177.646 -40.3622 43.8891 -0.000159966 2.28214e-11 -0.00591456 43678.9 40.8082 -43.8891 0.000159966 -2.28214e-11 0.325847 44099.3
177.246 -40.3807 43.6615 -0.000160213 5.43933e-11 -0.00586388 43210.8 40.8267 -43.6615 0.000160213 -5.43933e-11 0.326289 44112.1
176.834 -40.3976 43.4308 -0.000160429 7.02848e-11 -0.00583141 42737.9 40.8436 -43.4308 0.000160429 -7.02848e-11 0.32669 44123.7
176.396 -40.4137 43.1885 -0.000160641 7.10595e-11 -0.00578758 42242.2 40.8597 -43.1885 0.000160641 -7.10595e-11 0.32707 44134.8
175.958 -40.4297 42.9462 -0.000160854 7.02649e-11 -0.00574338 41746.5 40.8757 -42.9462 0.000160854 -7.02649e-11 0.327452 44145.8
175.522 -40.4457 42.7053 -0.000161065 4.41359e-11 -0.0056997 41253.9 40.8917 -42.7053 0.000161065 -4.41359e-11 0.32783 44156.8
175.092 -40.461 42.4656 -0.000161268 1.22465e-10 -0.00565664 40763.8 40.907 -42.4656 0.000161268 -1.22465e-10 0.328193 44167.3
174.684 -40.4761 42.2262 -0.000161467 6.36348e-11 -0.00561394 40274.9 40.9221 -42.2262 0.000161467 -6.36348e-11 0.328548 44177.6
174.266 -40.4908 41.9827 -0.000161662 -3.41977e-10 -0.00557192 39777.7 40.9368 -41.9827 0.000161662 3.41977e-10 0.328895 44187.7
173.854 -40.5044 41.7342 -0.000161856 -3.02105e-10 -0.00553035 39270.9 40.9504 -41.7342 0.000161856 3.02105e-10 0.329242 44197.4
173.435 -40.5173 41.4861 -0.000162037 -3.27074e-10 -0.00548918 38765.6 40.9633 -41.4861 0.000162037 3.27074e-10 0.329563 44206.7
173.023 -40.5298 41.2387 -0.000162213 -4.9677e-11 -0.00544841 38261.7 40.9758 -41.2387 0.000162213 4.9677e-11 0.329875 44215.7
172.619 -40.5422 40.9909 -0.000162388 -3.25329e-11 -0.00540785 37757.2 40.9882 -40.9909 0.000162388 3.25329e-11 0.330183 44224.7
172.215 -40.5545 40.7433 -0.00016256 -3.44384e-11 -0.00536748 37253 41.0005 -40.7433 0.00016256 3.44384e-11 0.330488 44233.5
171.813 -40.5664 40.4958 -0.000162728 -2.15102e-11 -0.00532765 36749.6 41.0124 -40.4958 0.000162728 2.15102e-11 0.330784 44242.1
171.396 -40.578 40.2372 -0.000162916 -2.72277e-11 -0.00523786 36224.1 41.024 -40.2372 0.000162916 2.72277e-11 0.331069 44250.3
170.971 -40.5894 39.9748 -0.000163101 -3.94959e-11 -0.00514931 35691.1 41.0354 -39.9748 0.000163101 3.94959e-11 0.331352 44258.5
170.544 -40.6008 39.7113 -0.000163286 -2.89458e-11 -0.00506158 35156 41.0468 -39.7113 0.000163286 2.89458e-11 0.331634 44266.6
170.115 -40.6122 39.447 -0.000163481 -2.2683e-11 -0.004952 34619.3 41.0582 -39.447 0.000163481 2.2683e-11 0.331915 44274.7
169.684 -40.6236 39.1824 -0.000163676 -9.54583e-12 -0.00484274 34081.9 41.0696 -39.1824 0.000163676 9.54583e-12 0.332196 44282.8
169.251 -40.6349 38.9167 -0.000163871 -3.36325e-11 -0.00473431 33542.4 41.0809 -38.9167 0.000163871 3.36325e-11 0.332476 44290.9
168.761 -40.6462 38.6485 -0.000164063 -7.3006e-11 -0.0046274 32998 41.0922 -38.6485 0.000164063 7.3006e-11 0.332754 44298.9
168.257 -40.6573 38.3784 -0.000164255 1.05172e-11 -0.00452169 32449.8 41.1033 -38.3784 0.000164255 -1.05172e-11 0.333031 44306.9
167.759 -40.6684 38.0998 -0.000164444 1.09623e-11 -0.00441711 31884.8 41.1144 -38.0998 0.000164444 -1.09623e-11 0.333306 44314.8
167.268 -40.6795 37.8221 -0.00016464 -1.50976e-11 -0.00429978 31321.4 41.1255 -37.8221 0.00016464 1.50976e-11 0.333581 44322.7
166.798 -40.6907 37.5453 -0.000164837 -1.66485e-11 -0.00418234 30759.9 41.1367 -37.5453 0.000164837 1.66485e-11 0.333856 44330.6
166.341 -40.7018 37.2697 -0.000165034 -6.94845e-11 -0.00406468 30200.7 41.1478 -37.2697 0.000165034 6.94845e-11 0.334132 44338.6
165.897 -40.713 36.9953 -0.000165231 2.28811e-12 -0.00394672 29644.2 41.159 -36.9953 0.000165231 -2.28811e-12 0.33441 44346.5
165.475 -40.7242 36.7224 -0.00016543 -7.10106e-12 -0.00382844 29090.3 41.1702 -36.7224 0.00016543 7.10106e-12 0.334688 44354.4
165.055 -40.7354 36.4508 -0.000165628 -1.09552e-11 -0.00370974 28539.3 41.1814 -36.4508 0.000165628 1.09552e-11 0.334967 44362.4
164.638 -40.7467 36.1808 -0.000165828 -3.76953e-11 -0.00359057 27991.3 41.1927 -36.1808 0.000165828 3.76953e-11 0.335247 44370.3
164.224 -40.7579 35.9123 -0.000166029 3.98668e-12 -0.00347093 27446.4 41.2039 -35.9123 0.000166029 -3.98668e-12 0.335529 44378.3
163.797 -40.7692 35.6379 -0.000166228 4.66128e-12 -0.0033522 26889.6 41.2152 -35.6379 0.000166228 -4.66128e-12 0.335809 44386.2
163.371 -40.7804 35.3642 -0.000166429 -4.37467e-11 -0.0032333 26334.3 41.2264 -35.3642 0.000166429 4.37467e-11 0.33609 44394.1
162.947 -40.7916 35.0918 -0.000166629 -1.21917e-11 -0.00311412 25781.6 41.2376 -35.0918 0.000166629 1.21917e-11 0.336373 44402
162.528 -40.8028 34.821 -0.000166831 -4.56101e-12 -0.00299452 25232 41.2488 -34.821 0.000166831 4.56101e-12 0.336656 44410
162.113 -40.814 34.5517 -0.000167033 2.1608e-11 -0.00287438 24685.5 41.26 -34.5517 0.000167033 -2.1608e-11 0.336941 44417.9
161.701 -40.8253 34.2841 -0.000167237 6.7944e-12 -0.00275363 24142.2 41.2713 -34.2841 0.000167237 -6.7944e-12 0.337228 44425.9
161.291 -40.8365 34.0181 -0.000167442 -1.25319e-11 -0.00263221 23602.4 41.2825 -34.0181 0.000167442 1.25319e-11 0.337516 44433.8
161.189 -40.8394 33.9519 -0.000167493 -2.02605e-12 -0.00260174 23468 41.2854 -33.9519 0.000167493 2.02605e-12 0.337588 44435.8
161.087 -40.8422 33.8858 -0.000167545 -3.67634e-11 -0.00257123 23333.7 41.2882 -33.8858 0.000167545 3.67634e-11 0.337661 44437.8
160.988 -40.8413 33.8226 0.000112813 7.13257e-12 -0.159196 23212.5 41.2873 -33.8226 -0.000112813 -7.13257e-12 -0.0664299 44432.7
160.886 -40.8378 33.7583 0.000112539 -4.83433e-11 -0.159042 23094.2 41.2838 -33.7583 -0.000112539 4.83433e-11 -0.066037 44422.3
