0.1 -0.4046 42.4778 -1.46013 6.35956e-15
0.2 -0.8092 84.9557 -2.92026 2.48866e-14
0.3 -1.2138 127.434 -4.3804 -5.26976e-12
0.4 -1.6184 169.912 -5.84053 -6.34889e-12
0.5 -2.023 212.39 -7.30068 1.01798e-11
0.6 -2.4276 254.868 -8.76082 -1.94135e-12
0.7 -2.8322 297.346 -10.221 3.61151e-12
0.8 -3.2368 339.824 -11.6811 1.03672e-12
0.9 -3.6414 382.302 -13.1413 -1.11632e-11
1 -4.046 424.781 -14.6014 -1.39554e-11
117.544 21.0692 -33271.4 -14.5997 2.71622e-11
159.617 32.8368 -42971.3 -0.117104 -1.04327e-11
169.445 37.4879 -43233.3 -0.0927903 2.45607e-11
172.235 38.7537 -43346.4 -0.00154709 2.66282e-11
173.062 39.0694 -43416.7 -0.00147155 1.44547e-11
173.501 39.2192 -43472.5 -0.00145424 4.99973e-11
173.827 39.3143 -43530.8 -0.00143739 3.82301e-11
174.117 39.3926 -43587.8 -0.00142021 6.07667e-11
174.357 39.4525 -43638.9 -0.00143058 3.78705e-11
174.61 39.5125 -43693.4 -0.00141332 3.99248e-11
174.849 39.5641 -43748.8 -0.00142501 3.68432e-11
175.031 39.6037 -43785.1 -0.00140522 3.87589e-11
175.204 39.642 -43816.6 -0.00141385 7.78627e-11
175.378 39.6805 -43848.2 -0.00142253 5.73388e-11
175.553 39.719 -43879.9 -0.00143127 6.04492e-11
175.722 39.7577 -43912.1 -0.0014109 9.38084e-11
175.886 39.7965 -43947.3 -0.00142012 4.11767e-11
176.033 39.8301 -43979.2 -0.00139886 4.6032e-11
176.166 39.8599 -44009.1 -0.00140645 7.0068e-11
176.301 39.8898 -44039.1 -0.00141409 6.20755e-11
176.436 39.9197 -44069.1 -0.00142177 5.41368e-11
176.568 39.9484 -44099.2 -0.00142949 1.86869e-11
176.701 39.977 -44129.4 -0.00143727 2.47207e-11
176.834 40.0056 -44159.6 -0.00144508 2.69167e-11
176.968 40.0343 -44189.9 -0.00145294 4.46588e-11
177.102 40.0631 -44220.3 -0.00146085 1.01465e-11
177.237 40.0919 -44250.7 -0.0014688 4.80256e-11
177.372 40.1207 -44281.3 -0.0014768 1.10984e-10
177.508 40.1496 -44311.9 -0.00148484 7.55832e-11
177.644 40.1786 -44342.6 -0.00149293 4.28454e-11
177.78 40.2076 -44373.4 -0.00150106 5.00481e-11
177.917 40.2367 -44404.3 -0.00150925 -2.3649e-11
178.054 40.2658 -44435.2 -0.00151751 2.79255e-11
178.19 40.295 -44466.2 -0.00152586 -1.45727e-11
178.189 40.3203 -44373.2 0.00214772 1.87272e-10
177.992 40.3424 -44096.5 0.00401856 -1.61883e-10
177.646 40.3622 -43678.9 0.00591456 -9.4344e-12
177.246 40.3807 -43210.8 0.00586388 -8.452e-11
176.834 40.3976 -42737.9 0.00583141 -1.17023e-10
176.396 40.4137 -42242.2 0.00578758 -1.39217e-10
175.958 40.4297 -41746.5 0.00574338 -9.98175e-11
175.522 40.4457 -41253.9 0.0056997 -7.31409e-11
175.092 40.461 -40763.8 0.00565664 -1.62123e-10
174.684 40.4761 -40274.9 0.00561394 -6.05738e-11
174.266 40.4908 -39777.7 0.00557192 3.41977e-10
173.854 40.5044 -39270.9 0.00553035 2.43666e-10
173.435 40.5173 -38765.6 0.00548918 2.43198e-10
173.023 40.5298 -38261.7 0.00544841 6.21668e-11
172.619 40.5422 -37757.2 0.00540785 1.69364e-11
172.215 40.5545 -37253 0.00536748 -8.07465e-12
171.813 40.5664 -36749.6 0.00532765 3.02157e-11
171.396 40.578 -36224.1 0.00523787 7.49019e-11
170.971 40.5894 -35691.1 0.00514931 6.76087e-11
170.544 40.6008 -35156 0.00506158 6.2595e-11
170.115 40.6122 -34619.3 0.004952 3.96577e-11
169.684 40.6236 -34081.9 0.00484274 7.6336e-13
169.251 40.6349 -33542.4 0.00473431 4.70675e-11
168.761 40.6462 -32998 0.0046274 1.65919e-10
168.257 40.6573 -32449.8 0.00452169 -4.88234e-11
167.759 40.6684 -31884.8 0.00441711 -7.272e-11
167.268 40.6795 -31321.4 0.00429978 -1.4676e-11
166.798 40.6907 -30759.9 0.00418234 -4.06158e-12
166.341 40.7018 -30200.7 0.00406468 1.60372e-10
165.897 40.713 -29644.2 0.00394672 1.22766e-11
165.475 40.7242 -29090.3 0.00382844 -5.96805e-12
165.055 40.7354 -28539.3 0.00370974 2.09887e-11
164.638 40.7467 -27991.3 0.00359057 6.67856e-11
164.224 40.7579 -27446.4 0.00347093 -5.31777e-12
163.797 40.7692 -26889.6 0.0033522 -4.66128e-12
163.371 40.7804 -26334.3 0.0032333 1.13383e-10
162.947 40.7916 -25781.6 0.00311412 7.6192e-13
162.528 40.8028 -25232 0.00299452 9.87326e-12
162.113 40.814 -24685.5 0.00287438 -7.21428e-11
161.701 40.8253 -24142.2 0.00275363 -7.67538e-11
161.291 40.8365 -23602.4 0.00263221 3.12071e-11
161.189 40.8393 -23468 0.00260174 2.02605e-12
161.087 40.8422 -23333.7 0.00257123 3.67634e-11
160.988 40.8413 -23212.5 0.159196 -1.30217e-11
160.886 40.8378 -23094.2 0.159042 1.0149e-10
