0.1 0.0637167 -0.0637167 0.0637167 -0.0637167
0.2 0.127434 -0.127434 0.127434 -0.127434
0.3 0.19115 -0.19115 0.19115 -0.19115
0.4 0.254867 -0.254867 0.254867 -0.254867
0.5 0.318584 -0.318584 0.318584 -0.318584
0.6 0.382302 -0.382302 0.382302 -0.382302
0.7 0.446019 -0.446019 0.446019 -0.446019
0.8 0.509736 -0.509736 0.509736 -0.509736
0.9 0.573454 -0.573454 0.573454 -0.573454
1 0.637171 -0.637171 0.637171 -0.637171
117.544 -28.8954 -29.8767 -28.8954 -29.8767
159.617 -39.8638 -39.9448 -39.8638 -39.9448
169.445 -42.686 -42.0363 -42.686 -42.0363
172.235 -43.6579 -42.4597 -43.6579 -42.4597
173.062 -43.9922 -42.5388 -43.9922 -42.5388
173.501 -44.2101 -42.5401 -44.2101 -42.5401
173.827 -44.3988 -42.5147 -44.3988 -42.5147
174.117 -44.5779 -42.4806 -44.5779 -42.4806
174.357 -44.7279 -42.4504 -44.7279 -42.4504
174.61 -44.8934 -42.4116 -44.8934 -42.4116
174.849 -45.0612 -42.3633 -45.0612 -42.3633
175.031 -45.1944 -42.3212 -45.1944 -42.3212
175.204 -45.3216 -42.2806 -45.3216 -42.2806
175.378 -45.449 -42.2401 -45.449 -42.2401
175.553 -45.5766 -42.1997 -45.5766 -42.1997
175.722 -45.7058 -42.155 -45.7058 -42.155
175.886 -45.8429 -42.1002 -45.8429 -42.1002
176.033 -45.9655 -42.0508 -45.9655 -42.0508
176.166 -46.0784 -42.0048 -46.0784 -42.0048
176.301 -46.1915 -41.9589 -46.1915 -41.9589
176.436 -46.3047 -41.9131 -46.3047 -41.9131
176.568 -46.4178 -41.8662 -46.4178 -41.8662
176.701 -46.531 -41.8194 -46.531 -41.8194
176.834 -46.6444 -41.7726 -46.6444 -41.7726
176.968 -46.7579 -41.726 -46.7579 -41.726
177.102 -46.8716 -41.6794 -46.8716 -41.6794
177.237 -46.9854 -41.6329 -46.9854 -41.6329
177.372 -47.0995 -41.5865 -47.0995 -41.5865
177.508 -47.2136 -41.5402 -47.2136 -41.5402
177.644 -47.328 -41.494 -47.328 -41.494
177.78 -47.4425 -41.4477 -47.4425 -41.4477
177.917 -47.5571 -41.4013 -47.5571 -41.4013
178.054 -47.6719 -41.3549 -47.6719 -41.3549
178.19 -47.7867 -41.3083 -47.7867 -41.3083
178.189 -47.8271 -41.2674 -47.8271 -41.2674
177.992 -47.7648 -41.2313 -47.7648 -41.2313
177.646 -47.6249 -41.1982 -47.6249 -41.1982
177.246 -47.4567 -41.1661 -47.4567 -41.1661
176.834 -47.2803 -41.1365 -47.2803 -41.1365
176.396 -47.0899 -41.1081 -47.0899 -41.1081
175.958 -46.8995 -41.0794 -46.8995 -41.0794
175.522 -46.7101 -41.0508 -46.7101 -41.0508
175.092 -46.52 -41.0261 -46.52 -41.0261
174.684 -46.3291 -41.0129 -46.3291 -41.0129
174.266 -46.1331 -41 -46.1331 -41
173.854 -45.9305 -40.9963 -45.9305 -40.9963
173.435 -45.7266 -40.9909 -45.7266 -40.9909
173.023 -45.5221 -40.9892 -45.5221 -40.9892
172.619 -45.3168 -40.9927 -45.3168 -40.9927
172.215 -45.1112 -40.9962 -45.1112 -40.9962
171.813 -44.9047 -41.0019 -44.9047 -41.0019
171.396 -44.6858 -41.0124 -44.6858 -41.0124
170.971 -44.4628 -41.0229 -44.4628 -41.0229
170.544 -44.2386 -41.0333 -44.2386 -41.0333
170.115 -44.0135 -41.0438 -44.0135 -41.0438
169.684 -43.788 -41.0542 -43.788 -41.0542
169.251 -43.5613 -41.064 -43.5613 -41.064
168.761 -43.3319 -41.0488 -43.3319 -41.0488
168.257 -43.1004 -41.0279 -43.1004 -41.0279
167.759 -42.8602 -41.0195 -42.8602 -41.0195
167.268 -42.6207 -41.0133 -42.6207 -41.0133
166.798 -42.3823 -41.0168 -42.3823 -41.0168
166.341 -42.1451 -41.0253 -42.1451 -41.0253
165.897 -41.9092 -41.0392 -41.9092 -41.0392
165.475 -41.6746 -41.0628 -41.6746 -41.0628
165.055 -41.4416 -41.0861 -41.4416 -41.0861
164.638 -41.2101 -41.1091 -41.2101 -41.1091
164.224 -40.9802 -41.1319 -40.9802 -41.1319
163.797 -40.7441 -41.1543 -40.7441 -41.1543
163.371 -40.5088 -41.1765 -40.5088 -41.1765
162.947 -40.2748 -41.1985 -40.2748 -41.1985
162.528 -40.0423 -41.2216 -40.0423 -41.2216
162.113 -39.8115 -41.2452 -39.8115 -41.2452
161.701 -39.5823 -41.2682 -39.5823 -41.2682
161.291 -39.3548 -41.2907 -39.3548 -41.2907
161.189 -39.2982 -41.2962 -39.2982 -41.2962
161.087 -39.2418 -41.3017 -39.2418 -41.3017
160.988 -39.1869 -41.307 -39.1869 -41.307
160.886 -39.1304 -41.3128 -39.1304 -41.3128
