0.1 -0.000157916 -7.8958e-07
0.2 -0.000315829 -1.57914e-06
0.3 -0.000473739 -2.36869e-06
0.4 -0.000631646 -3.15821e-06
0.5 -0.000789549 -3.94772e-06
0.6 -0.000947449 -4.73721e-06
0.7 -0.00110535 -5.52669e-06
0.8 -0.00126324 -6.31614e-06
0.9 -0.00142113 -7.10558e-06
1 -0.00157902 -7.895e-06
117.544 0.0166405 8.32127e-05
159.617 0.0253033 0.000126541
169.445 0.0667179 0.000333757
172.235 0.138124 0.000691338
173.062 0.218536 0.00109447
173.501 0.25 0.00153094
173.827 0.25 0.00197126
174.117 0.25 0.002429
174.357 0.25 0.00294063
174.61 0.25 0.00345365
174.849 0.25 0.00396659
175.031 0.25 0.00438557
175.204 0.25 0.00479011
175.378 0.25 0.00519451
175.553 0.25 0.00559877
175.722 0.25 0.00599585
175.886 0.25 0.00633957
176.033 0.25 0.00673766
176.166 0.25 0.00717359
176.301 0.25 0.00760941
176.436 0.25 0.00804512
176.568 0.25 0.0084831
176.701 0.25 0.00892119
176.834 0.25 0.00935918
176.968 0.25 0.00979706
177.102 0.25 0.0102348
177.237 0.25 0.0106725
177.372 0.25 0.0111101
177.508 0.25 0.0115476
177.644 0.25 0.011985
177.78 0.25 0.0124222
177.917 0.25 0.0128594
178.054 0.25 0.0132963
178.19 0.25 0.013733
178.189 0.25 0.0141102
177.992 0.25 0.0144344
177.646 0.25 0.0147217
177.246 0.25 0.0149885
176.834 0.25 0.0152298
176.396 0.25 0.015459
175.958 0.25 0.0156881
175.522 0.25 0.015915
175.092 0.25 0.016133
174.684 0.25 0.0163452
174.266 0.25 0.016553
173.854 0.25 0.0167531
173.435 0.25 0.0169444
173.023 0.25 0.0171303
172.619 0.25 0.0173137
172.215 0.25 0.0174951
171.813 0.25 0.0176706
171.396 0.25 0.0178399
170.971 0.25 0.0180074
170.544 0.25 0.0181739
170.115 0.25 0.01834
169.684 0.25 0.0185058
169.251 0.25 0.0186708
168.761 0.25 0.0188347
168.257 0.25 0.0189977
167.759 0.25 0.0191589
167.268 0.25 0.01932
166.798 0.25 0.0194811
166.341 0.25 0.0196422
165.897 0.25 0.0198034
165.475 0.25 0.0199647
165.055 0.25 0.0201262
164.638 0.25 0.0202879
164.224 0.25 0.0204498
163.797 0.25 0.0206105
163.371 0.25 0.0207711
162.947 0.25 0.0209316
162.528 0.25 0.0210923
162.113 0.25 0.0212532
161.701 0.25 0.0214142
161.291 0.25 0.0215755
161.189 0.25 0.0216158
161.087 0.25 0.0216562
160.988 0.25 0.0217165
160.886 0.25 0.0217805
