0.1 -0.000128977 -6.44884e-07
0.2 -0.000257953 -1.28976e-06
0.3 -0.000386928 -1.93463e-06
0.4 -0.000515902 -2.5795e-06
0.5 -0.000644876 -3.22436e-06
0.6 -0.000773849 -3.86922e-06
0.7 -0.00090282 -4.51407e-06
0.8 -0.00103179 -5.15892e-06
0.9 -0.00116076 -5.80376e-06
1 -0.00128973 -6.44859e-06
117.544 -0.00439295 -2.1964e-05
159.617 0.0683383 0.000341867
169.445 0.152173 0.000761734
172.235 0.234385 0.00117399
173.062 0.25 0.00161455
173.501 0.25 0.00203988
173.827 0.25 0.00247105
174.117 0.25 0.00288843
174.357 0.25 0.00326023
174.61 0.25 0.00361641
174.849 0.25 0.00397112
175.031 0.25 0.00442522
175.204 0.25 0.00489453
175.378 0.25 0.00536396
175.553 0.25 0.00583351
175.722 0.25 0.00630945
175.886 0.25 0.00682581
176.033 0.25 0.00729272
176.166 0.25 0.00772831
176.301 0.25 0.008164
176.436 0.25 0.00859977
176.568 0.25 0.00903402
176.701 0.25 0.00946821
176.834 0.25 0.00990249
176.968 0.25 0.0103369
177.102 0.25 0.0107713
177.237 0.25 0.0112059
177.372 0.25 0.0116405
177.508 0.25 0.0120753
177.644 0.25 0.0125101
177.78 0.25 0.012945
177.917 0.25 0.0133801
178.054 0.25 0.0138154
178.19 0.25 0.014251
178.189 0.25 0.0147476
177.992 0.25 0.0152976
177.646 0.25 0.015884
177.246 0.25 0.0164902
176.834 0.25 0.0171234
176.396 0.25 0.0177693
175.958 0.25 0.0184151
175.522 0.25 0.0190635
175.092 0.25 0.0197212
174.684 0.25 0.0203854
174.266 0.25 0.021054
173.854 0.25 0.0217309
173.435 0.25 0.0224171
173.023 0.25 0.0231091
172.619 0.25 0.0238038
172.215 0.25 0.0245006
171.813 0.25 0.0252038
171.396 0.25 0.0259131
170.971 0.25 0.0266243
170.544 0.25 0.0273365
170.115 0.25 0.0280491
169.684 0.25 0.028762
169.251 0.25 0.0294757
168.761 0.25 0.0301905
168.257 0.25 0.0309063
167.759 0.25 0.0316238
167.268 0.25 0.0323413
166.798 0.25 0.0330589
166.341 0.25 0.0337765
165.897 0.25 0.034494
165.475 0.25 0.0352114
165.055 0.25 0.0359286
164.638 0.25 0.0366458
164.224 0.25 0.0373627
163.797 0.25 0.0380807
163.371 0.25 0.0387989
162.947 0.25 0.0395171
162.528 0.25 0.0402353
162.113 0.25 0.0409533
161.701 0.25 0.0416712
161.291 0.25 0.0423889
161.189 0.25 0.0425683
161.087 0.25 0.0427476
160.988 0.25 0.0429102
160.886 0.25 0.0430693
